[4.937s] Invoking command in '/home/sara/myagv_ros2/src/myagv_ros2_odometry': PYTHONPATH=/home/sara/myagv_ros2/build/myagv_ros2_odometry/prefix_override:/usr/lib/python3/dist-packages/colcon_core/task/python/colcon_distutils_commands:/home/sara/myagv_ros2/install/myagv_ros2_odometry/lib/python3.10/site-packages:${PYTHONPATH} /usr/bin/python3 -W ignore:setup.py install is deprecated setup.py egg_info --egg-base ../../build/myagv_ros2_odometry build --build-base /home/sara/myagv_ros2/build/myagv_ros2_odometry/build install --record /home/sara/myagv_ros2/build/myagv_ros2_odometry/install.log --single-version-externally-managed install_data
[6.555s] running egg_info
[6.560s] writing ../../build/myagv_ros2_odometry/myagv_ros2_odometry.egg-info/PKG-INFO
[6.561s] writing dependency_links to ../../build/myagv_ros2_odometry/myagv_ros2_odometry.egg-info/dependency_links.txt
[6.562s] writing entry points to ../../build/myagv_ros2_odometry/myagv_ros2_odometry.egg-info/entry_points.txt
[6.563s] writing requirements to ../../build/myagv_ros2_odometry/myagv_ros2_odometry.egg-info/requires.txt
[6.564s] writing top-level names to ../../build/myagv_ros2_odometry/myagv_ros2_odometry.egg-info/top_level.txt
[6.574s] reading manifest file '../../build/myagv_ros2_odometry/myagv_ros2_odometry.egg-info/SOURCES.txt'
[6.577s] adding license file 'LICENSE'
[6.579s] writing manifest file '../../build/myagv_ros2_odometry/myagv_ros2_odometry.egg-info/SOURCES.txt'
[6.580s] running build
[6.580s] running build_py
[6.582s] running install
[6.583s] running install_lib
[6.592s] running install_data
[6.593s] running install_egg_info
[6.602s] removing '/home/sara/myagv_ros2/install/myagv_ros2_odometry/lib/python3.10/site-packages/myagv_ros2_odometry-0.0.0-py3.10.egg-info' (and everything under it)
[6.604s] Copying ../../build/myagv_ros2_odometry/myagv_ros2_odometry.egg-info to /home/sara/myagv_ros2/install/myagv_ros2_odometry/lib/python3.10/site-packages/myagv_ros2_odometry-0.0.0-py3.10.egg-info
[6.613s] running install_scripts
[6.724s] Installing myagv_bringup script to /home/sara/myagv_ros2/install/myagv_ros2_odometry/lib/myagv_ros2_odometry
[6.726s] Installing myagv_encoder script to /home/sara/myagv_ros2/install/myagv_ros2_odometry/lib/myagv_ros2_odometry
[6.728s] Installing myagv_odom script to /home/sara/myagv_ros2/install/myagv_ros2_odometry/lib/myagv_ros2_odometry
[6.731s] Installing myagv_odometry script to /home/sara/myagv_ros2/install/myagv_ros2_odometry/lib/myagv_ros2_odometry
[6.734s] writing list of installed files to '/home/sara/myagv_ros2/build/myagv_ros2_odometry/install.log'
[6.969s] Invoked command in '/home/sara/myagv_ros2/src/myagv_ros2_odometry' returned '0': PYTHONPATH=/home/sara/myagv_ros2/build/myagv_ros2_odometry/prefix_override:/usr/lib/python3/dist-packages/colcon_core/task/python/colcon_distutils_commands:/home/sara/myagv_ros2/install/myagv_ros2_odometry/lib/python3.10/site-packages:${PYTHONPATH} /usr/bin/python3 -W ignore:setup.py install is deprecated setup.py egg_info --egg-base ../../build/myagv_ros2_odometry build --build-base /home/sara/myagv_ros2/build/myagv_ros2_odometry/build install --record /home/sara/myagv_ros2/build/myagv_ros2_odometry/install.log --single-version-externally-managed install_data
