[5.081s] Invoking command in '/home/sara/myagv_ros2/src/myagv_ros2_debug': PYTHONPATH=/home/sara/myagv_ros2/build/myagv_ros2_debug/prefix_override:/usr/lib/python3/dist-packages/colcon_core/task/python/colcon_distutils_commands:/home/sara/myagv_ros2/install/myagv_ros2_debug/lib/python3.10/site-packages:${PYTHONPATH} /usr/bin/python3 -W ignore:setup.py install is deprecated setup.py egg_info --egg-base ../../build/myagv_ros2_debug build --build-base /home/sara/myagv_ros2/build/myagv_ros2_debug/build install --record /home/sara/myagv_ros2/build/myagv_ros2_debug/install.log --single-version-externally-managed install_data
[6.702s] running egg_info
[6.706s] writing ../../build/myagv_ros2_debug/myagv_ros2_debug.egg-info/PKG-INFO
[6.707s] writing dependency_links to ../../build/myagv_ros2_debug/myagv_ros2_debug.egg-info/dependency_links.txt
[6.709s] writing entry points to ../../build/myagv_ros2_debug/myagv_ros2_debug.egg-info/entry_points.txt
[6.710s] writing requirements to ../../build/myagv_ros2_debug/myagv_ros2_debug.egg-info/requires.txt
[6.711s] writing top-level names to ../../build/myagv_ros2_debug/myagv_ros2_debug.egg-info/top_level.txt
[6.721s] reading manifest file '../../build/myagv_ros2_debug/myagv_ros2_debug.egg-info/SOURCES.txt'
[6.723s] adding license file 'LICENSE'
[6.727s] writing manifest file '../../build/myagv_ros2_debug/myagv_ros2_debug.egg-info/SOURCES.txt'
[6.728s] running build
[6.729s] running build_py
[6.733s] running install
[6.734s] running install_lib
[6.740s] running install_data
[6.741s] running install_egg_info
[6.751s] removing '/home/sara/myagv_ros2/install/myagv_ros2_debug/lib/python3.10/site-packages/myagv_ros2_debug-0.0.0-py3.10.egg-info' (and everything under it)
[6.752s] Copying ../../build/myagv_ros2_debug/myagv_ros2_debug.egg-info to /home/sara/myagv_ros2/install/myagv_ros2_debug/lib/python3.10/site-packages/myagv_ros2_debug-0.0.0-py3.10.egg-info
[6.762s] running install_scripts
[6.869s] Installing myagv_encoder script to /home/sara/myagv_ros2/install/myagv_ros2_debug/lib/myagv_ros2_debug
[6.871s] writing list of installed files to '/home/sara/myagv_ros2/build/myagv_ros2_debug/install.log'
[7.092s] Invoked command in '/home/sara/myagv_ros2/src/myagv_ros2_debug' returned '0': PYTHONPATH=/home/sara/myagv_ros2/build/myagv_ros2_debug/prefix_override:/usr/lib/python3/dist-packages/colcon_core/task/python/colcon_distutils_commands:/home/sara/myagv_ros2/install/myagv_ros2_debug/lib/python3.10/site-packages:${PYTHONPATH} /usr/bin/python3 -W ignore:setup.py install is deprecated setup.py egg_info --egg-base ../../build/myagv_ros2_debug build --build-base /home/sara/myagv_ros2/build/myagv_ros2_debug/build install --record /home/sara/myagv_ros2/build/myagv_ros2_debug/install.log --single-version-externally-managed install_data
