[0.056s] Invoking command in '/home/sara/myagv_ros2/build/ydlidar_ros2_driver': CMAKE_PREFIX_PATH=${CMAKE_PREFIX_PATH}:/home/sara/myagv_ros2/install/myagv_ros2_ydlidar:/home/sara/myagv_ros2/install/myagv_ros2_odometry:/home/sara/myagv_ros2/install/myagv_ros2_debug:/opt/ros/humble /usr/bin/cmake --build /home/sara/myagv_ros2/build/ydlidar_ros2_driver -- -j4 -l4
[0.382s] [ 50%] Built target ydlidar_ros2_driver_node
[0.458s] [100%] Built target ydlidar_ros2_driver_client
[0.516s] Invoked command in '/home/sara/myagv_ros2/build/ydlidar_ros2_driver' returned '0': CMAKE_PREFIX_PATH=${CMAKE_PREFIX_PATH}:/home/sara/myagv_ros2/install/myagv_ros2_ydlidar:/home/sara/myagv_ros2/install/myagv_ros2_odometry:/home/sara/myagv_ros2/install/myagv_ros2_debug:/opt/ros/humble /usr/bin/cmake --build /home/sara/myagv_ros2/build/ydlidar_ros2_driver -- -j4 -l4
[0.708s] Invoking command in '/home/sara/myagv_ros2/build/ydlidar_ros2_driver': CMAKE_PREFIX_PATH=${CMAKE_PREFIX_PATH}:/home/sara/myagv_ros2/install/myagv_ros2_ydlidar:/home/sara/myagv_ros2/install/myagv_ros2_odometry:/home/sara/myagv_ros2/install/myagv_ros2_debug:/opt/ros/humble /usr/bin/cmake --install /home/sara/myagv_ros2/build/ydlidar_ros2_driver
[0.743s] -- Install configuration: ""
[0.753s] -- Execute custom install script
[0.756s] -- Up-to-date symlink: /home/sara/myagv_ros2/install/ydlidar_ros2_driver/lib/ydlidar_ros2_driver/ydlidar_ros2_driver_node
[0.758s] -- Up-to-date symlink: /home/sara/myagv_ros2/install/ydlidar_ros2_driver/lib/ydlidar_ros2_driver/ydlidar_ros2_driver_client
[0.761s] -- Up-to-date symlink: /home/sara/myagv_ros2/install/ydlidar_ros2_driver/share/ydlidar_ros2_driver/launch/ydlidar.py
[0.763s] -- Up-to-date symlink: /home/sara/myagv_ros2/install/ydlidar_ros2_driver/share/ydlidar_ros2_driver/launch/ydlidar_launch.py
[0.765s] -- Up-to-date symlink: /home/sara/myagv_ros2/install/ydlidar_ros2_driver/share/ydlidar_ros2_driver/launch/ydlidar_launch_view.py
[0.769s] -- Up-to-date symlink: /home/sara/myagv_ros2/install/ydlidar_ros2_driver/share/ydlidar_ros2_driver/params/G1.yaml
[0.771s] -- Up-to-date symlink: /home/sara/myagv_ros2/install/ydlidar_ros2_driver/share/ydlidar_ros2_driver/params/G2.yaml
[0.773s] -- Up-to-date symlink: /home/sara/myagv_ros2/install/ydlidar_ros2_driver/share/ydlidar_ros2_driver/params/G6.yaml
[0.775s] -- Up-to-date symlink: /home/sara/myagv_ros2/install/ydlidar_ros2_driver/share/ydlidar_ros2_driver/params/GS2.yaml
[0.777s] -- Up-to-date symlink: /home/sara/myagv_ros2/install/ydlidar_ros2_driver/share/ydlidar_ros2_driver/params/TEA.yaml
[0.779s] -- Up-to-date symlink: /home/sara/myagv_ros2/install/ydlidar_ros2_driver/share/ydlidar_ros2_driver/params/TG.yaml
[0.781s] -- Up-to-date symlink: /home/sara/myagv_ros2/install/ydlidar_ros2_driver/share/ydlidar_ros2_driver/params/TminiPro.yaml
[0.783s] -- Up-to-date symlink: /home/sara/myagv_ros2/install/ydlidar_ros2_driver/share/ydlidar_ros2_driver/params/X2.yaml
[0.785s] -- Up-to-date symlink: /home/sara/myagv_ros2/install/ydlidar_ros2_driver/share/ydlidar_ros2_driver/params/X4-Pro.yaml
[0.787s] -- Up-to-date symlink: /home/sara/myagv_ros2/install/ydlidar_ros2_driver/share/ydlidar_ros2_driver/params/X4.yaml
[0.789s] -- Up-to-date symlink: /home/sara/myagv_ros2/install/ydlidar_ros2_driver/share/ydlidar_ros2_driver/params/ydlidar.yaml
[0.792s] -- Up-to-date symlink: /home/sara/myagv_ros2/install/ydlidar_ros2_driver/share/ydlidar_ros2_driver/startup/initenv.sh
[0.795s] -- Up-to-date symlink: /home/sara/myagv_ros2/install/ydlidar_ros2_driver/share/ydlidar_ros2_driver/config/ydlidar.rviz
[0.798s] -- Up-to-date symlink: /home/sara/myagv_ros2/install/ydlidar_ros2_driver/share/ament_index/resource_index/package_run_dependencies/ydlidar_ros2_driver
[0.801s] -- Up-to-date symlink: /home/sara/myagv_ros2/install/ydlidar_ros2_driver/share/ament_index/resource_index/parent_prefix_path/ydlidar_ros2_driver
[0.803s] -- Up-to-date symlink: /home/sara/myagv_ros2/install/ydlidar_ros2_driver/share/ydlidar_ros2_driver/environment/ament_prefix_path.sh
[0.806s] -- Up-to-date symlink: /home/sara/myagv_ros2/install/ydlidar_ros2_driver/share/ydlidar_ros2_driver/environment/ament_prefix_path.dsv
[0.810s] -- Up-to-date symlink: /home/sara/myagv_ros2/install/ydlidar_ros2_driver/share/ydlidar_ros2_driver/environment/path.sh
[0.812s] -- Up-to-date symlink: /home/sara/myagv_ros2/install/ydlidar_ros2_driver/share/ydlidar_ros2_driver/environment/path.dsv
[0.815s] -- Up-to-date symlink: /home/sara/myagv_ros2/install/ydlidar_ros2_driver/share/ydlidar_ros2_driver/local_setup.bash
[0.817s] -- Up-to-date symlink: /home/sara/myagv_ros2/install/ydlidar_ros2_driver/share/ydlidar_ros2_driver/local_setup.sh
[0.820s] -- Up-to-date symlink: /home/sara/myagv_ros2/install/ydlidar_ros2_driver/share/ydlidar_ros2_driver/local_setup.zsh
[0.822s] -- Up-to-date symlink: /home/sara/myagv_ros2/install/ydlidar_ros2_driver/share/ydlidar_ros2_driver/local_setup.dsv
[0.824s] -- Symlinking: /home/sara/myagv_ros2/install/ydlidar_ros2_driver/share/ydlidar_ros2_driver/package.dsv
[0.872s] -- Up-to-date symlink: /home/sara/myagv_ros2/install/ydlidar_ros2_driver/share/ament_index/resource_index/packages/ydlidar_ros2_driver
[0.872s] -- Up-to-date symlink: /home/sara/myagv_ros2/install/ydlidar_ros2_driver/share/ydlidar_ros2_driver/cmake/ydlidar_ros2_driverConfig.cmake
[0.877s] -- Up-to-date symlink: /home/sara/myagv_ros2/install/ydlidar_ros2_driver/share/ydlidar_ros2_driver/cmake/ydlidar_ros2_driverConfig-version.cmake
[0.880s] -- Up-to-date symlink: /home/sara/myagv_ros2/install/ydlidar_ros2_driver/share/ydlidar_ros2_driver/package.xml
[0.894s] Invoked command in '/home/sara/myagv_ros2/build/ydlidar_ros2_driver' returned '0': CMAKE_PREFIX_PATH=${CMAKE_PREFIX_PATH}:/home/sara/myagv_ros2/install/myagv_ros2_ydlidar:/home/sara/myagv_ros2/install/myagv_ros2_odometry:/home/sara/myagv_ros2/install/myagv_ros2_debug:/opt/ros/humble /usr/bin/cmake --install /home/sara/myagv_ros2/build/ydlidar_ros2_driver
