[4.895s] Invoking command in '/home/sara/myagv_ros2/src/myagv_ros2_ydlidar': PYTHONPATH=/home/sara/myagv_ros2/build/myagv_ros2_ydlidar/prefix_override:/usr/lib/python3/dist-packages/colcon_core/task/python/colcon_distutils_commands:/home/sara/myagv_ros2/install/myagv_ros2_ydlidar/lib/python3.10/site-packages:${PYTHONPATH} /usr/bin/python3 -W ignore:setup.py install is deprecated setup.py egg_info --egg-base ../../build/myagv_ros2_ydlidar build --build-base /home/sara/myagv_ros2/build/myagv_ros2_ydlidar/build install --record /home/sara/myagv_ros2/build/myagv_ros2_ydlidar/install.log --single-version-externally-managed install_data
[6.139s] running egg_info
[6.142s] writing ../../build/myagv_ros2_ydlidar/myagv_ros2_ydlidar.egg-info/PKG-INFO
[6.144s] writing dependency_links to ../../build/myagv_ros2_ydlidar/myagv_ros2_ydlidar.egg-info/dependency_links.txt
[6.146s] writing entry points to ../../build/myagv_ros2_ydlidar/myagv_ros2_ydlidar.egg-info/entry_points.txt
[6.147s] writing requirements to ../../build/myagv_ros2_ydlidar/myagv_ros2_ydlidar.egg-info/requires.txt
[6.148s] writing top-level names to ../../build/myagv_ros2_ydlidar/myagv_ros2_ydlidar.egg-info/top_level.txt
[6.157s] reading manifest file '../../build/myagv_ros2_ydlidar/myagv_ros2_ydlidar.egg-info/SOURCES.txt'
[6.160s] adding license file 'LICENSE'
[6.163s] writing manifest file '../../build/myagv_ros2_ydlidar/myagv_ros2_ydlidar.egg-info/SOURCES.txt'
[6.164s] running build
[6.165s] running build_py
[6.168s] running install
[6.169s] running install_lib
[6.179s] running install_data
[6.179s] running install_egg_info
[6.187s] removing '/home/sara/myagv_ros2/install/myagv_ros2_ydlidar/lib/python3.10/site-packages/myagv_ros2_ydlidar-0.0.0-py3.10.egg-info' (and everything under it)
[6.189s] Copying ../../build/myagv_ros2_ydlidar/myagv_ros2_ydlidar.egg-info to /home/sara/myagv_ros2/install/myagv_ros2_ydlidar/lib/python3.10/site-packages/myagv_ros2_ydlidar-0.0.0-py3.10.egg-info
[6.198s] running install_scripts
[6.292s] writing list of installed files to '/home/sara/myagv_ros2/build/myagv_ros2_ydlidar/install.log'
[6.465s] Invoked command in '/home/sara/myagv_ros2/src/myagv_ros2_ydlidar' returned '0': PYTHONPATH=/home/sara/myagv_ros2/build/myagv_ros2_ydlidar/prefix_override:/usr/lib/python3/dist-packages/colcon_core/task/python/colcon_distutils_commands:/home/sara/myagv_ros2/install/myagv_ros2_ydlidar/lib/python3.10/site-packages:${PYTHONPATH} /usr/bin/python3 -W ignore:setup.py install is deprecated setup.py egg_info --egg-base ../../build/myagv_ros2_ydlidar build --build-base /home/sara/myagv_ros2/build/myagv_ros2_ydlidar/build install --record /home/sara/myagv_ros2/build/myagv_ros2_ydlidar/install.log --single-version-externally-managed install_data
