[0.457s] DEBUG:colcon:Command line arguments: ['/usr/bin/colcon', 'build']
[0.458s] DEBUG:colcon:Parsed command line arguments: Namespace(log_base=None, log_level=None, verb_name='build', build_base='build', install_base='install', merge_install=False, symlink_install=False, test_result_base=None, continue_on_error=False, executor='parallel', parallel_workers=4, event_handlers=None, ignore_user_meta=False, metas=['./colcon.meta'], base_paths=['.'], packages_ignore=None, packages_ignore_regex=None, paths=None, packages_up_to=None, packages_up_to_regex=None, packages_above=None, packages_above_and_dependencies=None, packages_above_depth=None, packages_select_by_dep=None, packages_skip_by_dep=None, packages_skip_up_to=None, packages_select_build_failed=False, packages_skip_build_finished=False, packages_select_test_failures=False, packages_skip_test_passed=False, packages_select=None, packages_skip=None, packages_select_regex=None, packages_skip_regex=None, packages_start=None, packages_end=None, allow_overriding=[], cmake_args=None, cmake_target=None, cmake_target_skip_unavailable=False, cmake_clean_cache=False, cmake_clean_first=False, cmake_force_configure=False, ament_cmake_args=None, catkin_cmake_args=None, catkin_skip_building_tests=False, mixin_files=None, mixin=None, verb_parser=<colcon_mixin.mixin.mixin_argument.MixinArgumentDecorator object at 0xffff9ed42290>, verb_extension=<colcon_core.verb.build.BuildVerb object at 0xffff9ee52890>, main=<bound method BuildVerb.main of <colcon_core.verb.build.BuildVerb object at 0xffff9ee52890>>, mixin_verb=('build',))
[1.274s] Level 1:colcon.colcon_core.package_discovery:discover_packages(colcon_meta) check parameters
[1.275s] Level 1:colcon.colcon_core.package_discovery:discover_packages(recursive) check parameters
[1.275s] Level 1:colcon.colcon_core.package_discovery:discover_packages(ignore) check parameters
[1.275s] Level 1:colcon.colcon_core.package_discovery:discover_packages(path) check parameters
[1.275s] Level 1:colcon.colcon_core.package_discovery:discover_packages(colcon_meta) discover
[1.275s] Level 1:colcon.colcon_core.package_discovery:discover_packages(recursive) discover
[1.275s] INFO:colcon.colcon_core.package_discovery:Crawling recursively for packages in '/home/sara/myagv_ros2'
[1.276s] Level 1:colcon.colcon_core.package_identification:_identify(.) by extensions ['ignore', 'ignore_ament_install']
[1.276s] Level 1:colcon.colcon_core.package_identification:_identify(.) by extension 'ignore'
[1.276s] Level 1:colcon.colcon_core.package_identification:_identify(.) by extension 'ignore_ament_install'
[1.277s] Level 1:colcon.colcon_core.package_identification:_identify(.) by extensions ['colcon_pkg']
[1.277s] Level 1:colcon.colcon_core.package_identification:_identify(.) by extension 'colcon_pkg'
[1.277s] Level 1:colcon.colcon_core.package_identification:_identify(.) by extensions ['colcon_meta']
[1.277s] Level 1:colcon.colcon_core.package_identification:_identify(.) by extension 'colcon_meta'
[1.277s] Level 1:colcon.colcon_core.package_identification:_identify(.) by extensions ['ros']
[1.277s] Level 1:colcon.colcon_core.package_identification:_identify(.) by extension 'ros'
[1.323s] Level 1:colcon.colcon_core.package_identification:_identify(.) by extensions ['cmake', 'python']
[1.323s] Level 1:colcon.colcon_core.package_identification:_identify(.) by extension 'cmake'
[1.323s] Level 1:colcon.colcon_core.package_identification:_identify(.) by extension 'python'
[1.323s] Level 1:colcon.colcon_core.package_identification:_identify(.) by extensions ['python_setup_py']
[1.324s] Level 1:colcon.colcon_core.package_identification:_identify(.) by extension 'python_setup_py'
[1.324s] Level 1:colcon.colcon_core.package_identification:_identify(build) by extensions ['ignore', 'ignore_ament_install']
[1.324s] Level 1:colcon.colcon_core.package_identification:_identify(build) by extension 'ignore'
[1.325s] Level 1:colcon.colcon_core.package_identification:_identify(build) ignored
[1.325s] Level 1:colcon.colcon_core.package_identification:_identify(install) by extensions ['ignore', 'ignore_ament_install']
[1.326s] Level 1:colcon.colcon_core.package_identification:_identify(install) by extension 'ignore'
[1.326s] Level 1:colcon.colcon_core.package_identification:_identify(install) ignored
[1.326s] Level 1:colcon.colcon_core.package_identification:_identify(log) by extensions ['ignore', 'ignore_ament_install']
[1.327s] Level 1:colcon.colcon_core.package_identification:_identify(log) by extension 'ignore'
[1.327s] Level 1:colcon.colcon_core.package_identification:_identify(log) ignored
[1.327s] Level 1:colcon.colcon_core.package_identification:_identify(src) by extensions ['ignore', 'ignore_ament_install']
[1.327s] Level 1:colcon.colcon_core.package_identification:_identify(src) by extension 'ignore'
[1.328s] Level 1:colcon.colcon_core.package_identification:_identify(src) by extension 'ignore_ament_install'
[1.328s] Level 1:colcon.colcon_core.package_identification:_identify(src) by extensions ['colcon_pkg']
[1.328s] Level 1:colcon.colcon_core.package_identification:_identify(src) by extension 'colcon_pkg'
[1.328s] Level 1:colcon.colcon_core.package_identification:_identify(src) by extensions ['colcon_meta']
[1.328s] Level 1:colcon.colcon_core.package_identification:_identify(src) by extension 'colcon_meta'
[1.328s] Level 1:colcon.colcon_core.package_identification:_identify(src) by extensions ['ros']
[1.328s] Level 1:colcon.colcon_core.package_identification:_identify(src) by extension 'ros'
[1.329s] Level 1:colcon.colcon_core.package_identification:_identify(src) by extensions ['cmake', 'python']
[1.329s] Level 1:colcon.colcon_core.package_identification:_identify(src) by extension 'cmake'
[1.329s] Level 1:colcon.colcon_core.package_identification:_identify(src) by extension 'python'
[1.329s] Level 1:colcon.colcon_core.package_identification:_identify(src) by extensions ['python_setup_py']
[1.329s] Level 1:colcon.colcon_core.package_identification:_identify(src) by extension 'python_setup_py'
[1.330s] Level 1:colcon.colcon_core.package_identification:_identify(src/myagv_ros2_odometry) by extensions ['ignore', 'ignore_ament_install']
[1.330s] Level 1:colcon.colcon_core.package_identification:_identify(src/myagv_ros2_odometry) by extension 'ignore'
[1.330s] Level 1:colcon.colcon_core.package_identification:_identify(src/myagv_ros2_odometry) by extension 'ignore_ament_install'
[1.330s] Level 1:colcon.colcon_core.package_identification:_identify(src/myagv_ros2_odometry) by extensions ['colcon_pkg']
[1.331s] Level 1:colcon.colcon_core.package_identification:_identify(src/myagv_ros2_odometry) by extension 'colcon_pkg'
[1.331s] Level 1:colcon.colcon_core.package_identification:_identify(src/myagv_ros2_odometry) by extensions ['colcon_meta']
[1.331s] Level 1:colcon.colcon_core.package_identification:_identify(src/myagv_ros2_odometry) by extension 'colcon_meta'
[1.331s] Level 1:colcon.colcon_core.package_identification:_identify(src/myagv_ros2_odometry) by extensions ['ros']
[1.331s] Level 1:colcon.colcon_core.package_identification:_identify(src/myagv_ros2_odometry) by extension 'ros'
[1.339s] DEBUG:colcon.colcon_core.package_identification:Package 'src/myagv_ros2_odometry' with type 'ros.ament_python' and name 'myagv_ros2_odometry'
[1.340s] Level 1:colcon.colcon_core.package_identification:_identify(src/myagv_ros2_ydlidar) by extensions ['ignore', 'ignore_ament_install']
[1.340s] Level 1:colcon.colcon_core.package_identification:_identify(src/myagv_ros2_ydlidar) by extension 'ignore'
[1.341s] Level 1:colcon.colcon_core.package_identification:_identify(src/myagv_ros2_ydlidar) by extension 'ignore_ament_install'
[1.341s] Level 1:colcon.colcon_core.package_identification:_identify(src/myagv_ros2_ydlidar) by extensions ['colcon_pkg']
[1.341s] Level 1:colcon.colcon_core.package_identification:_identify(src/myagv_ros2_ydlidar) by extension 'colcon_pkg'
[1.341s] Level 1:colcon.colcon_core.package_identification:_identify(src/myagv_ros2_ydlidar) by extensions ['colcon_meta']
[1.341s] Level 1:colcon.colcon_core.package_identification:_identify(src/myagv_ros2_ydlidar) by extension 'colcon_meta'
[1.341s] Level 1:colcon.colcon_core.package_identification:_identify(src/myagv_ros2_ydlidar) by extensions ['ros']
[1.342s] Level 1:colcon.colcon_core.package_identification:_identify(src/myagv_ros2_ydlidar) by extension 'ros'
[1.344s] DEBUG:colcon.colcon_core.package_identification:Package 'src/myagv_ros2_ydlidar' with type 'ros.ament_python' and name 'myagv_ros2_ydlidar'
[1.345s] Level 1:colcon.colcon_core.package_identification:_identify(src/ydlidar_ros2_driver) by extensions ['ignore', 'ignore_ament_install']
[1.345s] Level 1:colcon.colcon_core.package_identification:_identify(src/ydlidar_ros2_driver) by extension 'ignore'
[1.345s] Level 1:colcon.colcon_core.package_identification:_identify(src/ydlidar_ros2_driver) by extension 'ignore_ament_install'
[1.346s] Level 1:colcon.colcon_core.package_identification:_identify(src/ydlidar_ros2_driver) by extensions ['colcon_pkg']
[1.346s] Level 1:colcon.colcon_core.package_identification:_identify(src/ydlidar_ros2_driver) by extension 'colcon_pkg'
[1.346s] Level 1:colcon.colcon_core.package_identification:_identify(src/ydlidar_ros2_driver) by extensions ['colcon_meta']
[1.346s] Level 1:colcon.colcon_core.package_identification:_identify(src/ydlidar_ros2_driver) by extension 'colcon_meta'
[1.346s] Level 1:colcon.colcon_core.package_identification:_identify(src/ydlidar_ros2_driver) by extensions ['ros']
[1.346s] Level 1:colcon.colcon_core.package_identification:_identify(src/ydlidar_ros2_driver) by extension 'ros'
[1.349s] DEBUG:colcon.colcon_core.package_identification:Package 'src/ydlidar_ros2_driver' with type 'ros.ament_cmake' and name 'ydlidar_ros2_driver'
[1.349s] Level 1:colcon.colcon_core.package_discovery:discover_packages(recursive) using defaults
[1.349s] Level 1:colcon.colcon_core.package_discovery:discover_packages(ignore) discover
[1.349s] Level 1:colcon.colcon_core.package_discovery:discover_packages(ignore) using defaults
[1.350s] Level 1:colcon.colcon_core.package_discovery:discover_packages(path) discover
[1.350s] Level 1:colcon.colcon_core.package_discovery:discover_packages(path) using defaults
[1.468s] Level 1:colcon.colcon_core.package_discovery:discover_packages(prefix_path) check parameters
[1.468s] Level 1:colcon.colcon_core.package_discovery:discover_packages(prefix_path) discover
[1.476s] DEBUG:colcon.colcon_installed_package_information.package_discovery:Found 3 installed packages in /home/sara/myagv_ros2/install
[1.485s] DEBUG:colcon.colcon_installed_package_information.package_discovery:Found 270 installed packages in /opt/ros/humble
[1.491s] Level 1:colcon.colcon_core.package_discovery:discover_packages(prefix_path) using defaults
[1.652s] Level 5:colcon.colcon_core.verb:set package 'myagv_ros2_odometry' build argument 'cmake_args' from command line to 'None'
[1.653s] Level 5:colcon.colcon_core.verb:set package 'myagv_ros2_odometry' build argument 'cmake_target' from command line to 'None'
[1.653s] Level 5:colcon.colcon_core.verb:set package 'myagv_ros2_odometry' build argument 'cmake_target_skip_unavailable' from command line to 'False'
[1.653s] Level 5:colcon.colcon_core.verb:set package 'myagv_ros2_odometry' build argument 'cmake_clean_cache' from command line to 'False'
[1.653s] Level 5:colcon.colcon_core.verb:set package 'myagv_ros2_odometry' build argument 'cmake_clean_first' from command line to 'False'
[1.653s] Level 5:colcon.colcon_core.verb:set package 'myagv_ros2_odometry' build argument 'cmake_force_configure' from command line to 'False'
[1.653s] Level 5:colcon.colcon_core.verb:set package 'myagv_ros2_odometry' build argument 'ament_cmake_args' from command line to 'None'
[1.653s] Level 5:colcon.colcon_core.verb:set package 'myagv_ros2_odometry' build argument 'catkin_cmake_args' from command line to 'None'
[1.653s] Level 5:colcon.colcon_core.verb:set package 'myagv_ros2_odometry' build argument 'catkin_skip_building_tests' from command line to 'False'
[1.653s] DEBUG:colcon.colcon_core.verb:Building package 'myagv_ros2_odometry' with the following arguments: {'ament_cmake_args': None, 'build_base': '/home/sara/myagv_ros2/build/myagv_ros2_odometry', 'catkin_cmake_args': None, 'catkin_skip_building_tests': False, 'cmake_args': None, 'cmake_clean_cache': False, 'cmake_clean_first': False, 'cmake_force_configure': False, 'cmake_target': None, 'cmake_target_skip_unavailable': False, 'install_base': '/home/sara/myagv_ros2/install/myagv_ros2_odometry', 'merge_install': False, 'path': '/home/sara/myagv_ros2/src/myagv_ros2_odometry', 'symlink_install': False, 'test_result_base': None}
[1.655s] Level 5:colcon.colcon_core.verb:set package 'myagv_ros2_ydlidar' build argument 'cmake_args' from command line to 'None'
[1.655s] Level 5:colcon.colcon_core.verb:set package 'myagv_ros2_ydlidar' build argument 'cmake_target' from command line to 'None'
[1.655s] Level 5:colcon.colcon_core.verb:set package 'myagv_ros2_ydlidar' build argument 'cmake_target_skip_unavailable' from command line to 'False'
[1.655s] Level 5:colcon.colcon_core.verb:set package 'myagv_ros2_ydlidar' build argument 'cmake_clean_cache' from command line to 'False'
[1.655s] Level 5:colcon.colcon_core.verb:set package 'myagv_ros2_ydlidar' build argument 'cmake_clean_first' from command line to 'False'
[1.656s] Level 5:colcon.colcon_core.verb:set package 'myagv_ros2_ydlidar' build argument 'cmake_force_configure' from command line to 'False'
[1.656s] Level 5:colcon.colcon_core.verb:set package 'myagv_ros2_ydlidar' build argument 'ament_cmake_args' from command line to 'None'
[1.656s] Level 5:colcon.colcon_core.verb:set package 'myagv_ros2_ydlidar' build argument 'catkin_cmake_args' from command line to 'None'
[1.656s] Level 5:colcon.colcon_core.verb:set package 'myagv_ros2_ydlidar' build argument 'catkin_skip_building_tests' from command line to 'False'
[1.656s] DEBUG:colcon.colcon_core.verb:Building package 'myagv_ros2_ydlidar' with the following arguments: {'ament_cmake_args': None, 'build_base': '/home/sara/myagv_ros2/build/myagv_ros2_ydlidar', 'catkin_cmake_args': None, 'catkin_skip_building_tests': False, 'cmake_args': None, 'cmake_clean_cache': False, 'cmake_clean_first': False, 'cmake_force_configure': False, 'cmake_target': None, 'cmake_target_skip_unavailable': False, 'install_base': '/home/sara/myagv_ros2/install/myagv_ros2_ydlidar', 'merge_install': False, 'path': '/home/sara/myagv_ros2/src/myagv_ros2_ydlidar', 'symlink_install': False, 'test_result_base': None}
[1.657s] Level 5:colcon.colcon_core.verb:set package 'ydlidar_ros2_driver' build argument 'cmake_args' from command line to 'None'
[1.657s] Level 5:colcon.colcon_core.verb:set package 'ydlidar_ros2_driver' build argument 'cmake_target' from command line to 'None'
[1.658s] Level 5:colcon.colcon_core.verb:set package 'ydlidar_ros2_driver' build argument 'cmake_target_skip_unavailable' from command line to 'False'
[1.658s] Level 5:colcon.colcon_core.verb:set package 'ydlidar_ros2_driver' build argument 'cmake_clean_cache' from command line to 'False'
[1.658s] Level 5:colcon.colcon_core.verb:set package 'ydlidar_ros2_driver' build argument 'cmake_clean_first' from command line to 'False'
[1.658s] Level 5:colcon.colcon_core.verb:set package 'ydlidar_ros2_driver' build argument 'cmake_force_configure' from command line to 'False'
[1.658s] Level 5:colcon.colcon_core.verb:set package 'ydlidar_ros2_driver' build argument 'ament_cmake_args' from command line to 'None'
[1.658s] Level 5:colcon.colcon_core.verb:set package 'ydlidar_ros2_driver' build argument 'catkin_cmake_args' from command line to 'None'
[1.658s] Level 5:colcon.colcon_core.verb:set package 'ydlidar_ros2_driver' build argument 'catkin_skip_building_tests' from command line to 'False'
[1.658s] DEBUG:colcon.colcon_core.verb:Building package 'ydlidar_ros2_driver' with the following arguments: {'ament_cmake_args': None, 'build_base': '/home/sara/myagv_ros2/build/ydlidar_ros2_driver', 'catkin_cmake_args': None, 'catkin_skip_building_tests': False, 'cmake_args': None, 'cmake_clean_cache': False, 'cmake_clean_first': False, 'cmake_force_configure': False, 'cmake_target': None, 'cmake_target_skip_unavailable': False, 'install_base': '/home/sara/myagv_ros2/install/ydlidar_ros2_driver', 'merge_install': False, 'path': '/home/sara/myagv_ros2/src/ydlidar_ros2_driver', 'symlink_install': False, 'test_result_base': None}
[1.659s] INFO:colcon.colcon_core.executor:Executing jobs using 'parallel' executor
[1.662s] DEBUG:colcon.colcon_parallel_executor.executor.parallel:run_until_complete
[1.663s] INFO:colcon.colcon_ros.task.ament_python.build:Building ROS package in '/home/sara/myagv_ros2/src/myagv_ros2_odometry' with build type 'ament_python'
[1.664s] Level 1:colcon.colcon_core.shell:create_environment_hook('myagv_ros2_odometry', 'ament_prefix_path')
[1.673s] INFO:colcon.colcon_core.plugin_system:Skipping extension 'colcon_core.shell.bat': Not used on non-Windows systems
[1.673s] INFO:colcon.colcon_core.shell:Creating environment hook '/home/sara/myagv_ros2/install/myagv_ros2_odometry/share/myagv_ros2_odometry/hook/ament_prefix_path.ps1'
[1.677s] INFO:colcon.colcon_core.shell:Creating environment descriptor '/home/sara/myagv_ros2/install/myagv_ros2_odometry/share/myagv_ros2_odometry/hook/ament_prefix_path.dsv'
[1.679s] INFO:colcon.colcon_core.shell:Creating environment hook '/home/sara/myagv_ros2/install/myagv_ros2_odometry/share/myagv_ros2_odometry/hook/ament_prefix_path.sh'
[1.683s] INFO:colcon.colcon_core.shell:Skip shell extension 'powershell' for command environment: Not usable outside of PowerShell
[1.683s] DEBUG:colcon.colcon_core.shell:Skip shell extension 'dsv' for command environment
[1.700s] INFO:colcon.colcon_ros.task.ament_python.build:Building ROS package in '/home/sara/myagv_ros2/src/myagv_ros2_ydlidar' with build type 'ament_python'
[1.701s] Level 1:colcon.colcon_core.shell:create_environment_hook('myagv_ros2_ydlidar', 'ament_prefix_path')
[1.702s] INFO:colcon.colcon_core.shell:Creating environment hook '/home/sara/myagv_ros2/install/myagv_ros2_ydlidar/share/myagv_ros2_ydlidar/hook/ament_prefix_path.ps1'
[1.705s] INFO:colcon.colcon_core.shell:Creating environment descriptor '/home/sara/myagv_ros2/install/myagv_ros2_ydlidar/share/myagv_ros2_ydlidar/hook/ament_prefix_path.dsv'
[1.707s] INFO:colcon.colcon_core.shell:Creating environment hook '/home/sara/myagv_ros2/install/myagv_ros2_ydlidar/share/myagv_ros2_ydlidar/hook/ament_prefix_path.sh'
[1.710s] INFO:colcon.colcon_core.shell:Skip shell extension 'powershell' for command environment: Not usable outside of PowerShell
[1.710s] DEBUG:colcon.colcon_core.shell:Skip shell extension 'dsv' for command environment
[1.728s] INFO:colcon.colcon_ros.task.ament_cmake.build:Building ROS package in '/home/sara/myagv_ros2/src/ydlidar_ros2_driver' with build type 'ament_cmake'
[1.729s] INFO:colcon.colcon_cmake.task.cmake.build:Building CMake package in '/home/sara/myagv_ros2/src/ydlidar_ros2_driver'
[1.730s] INFO:colcon.colcon_core.shell:Skip shell extension 'powershell' for command environment: Not usable outside of PowerShell
[1.731s] DEBUG:colcon.colcon_core.shell:Skip shell extension 'dsv' for command environment
[2.916s] INFO:colcon.colcon_core.task.python.build:Building Python package in '/home/sara/myagv_ros2/src/myagv_ros2_odometry'
[2.917s] INFO:colcon.colcon_core.shell:Skip shell extension 'powershell' for command environment: Not usable outside of PowerShell
[2.917s] DEBUG:colcon.colcon_core.shell:Skip shell extension 'dsv' for command environment
[4.092s] INFO:colcon.colcon_core.task.python.build:Building Python package in '/home/sara/myagv_ros2/src/myagv_ros2_ydlidar'
[4.093s] INFO:colcon.colcon_core.shell:Skip shell extension 'powershell' for command environment: Not usable outside of PowerShell
[4.093s] DEBUG:colcon.colcon_core.shell:Skip shell extension 'dsv' for command environment
[4.126s] DEBUG:colcon.colcon_core.event_handler.log_command:Invoking command in '/home/sara/myagv_ros2/build/ydlidar_ros2_driver': CMAKE_PREFIX_PATH=${CMAKE_PREFIX_PATH}:/home/sara/myagv_ros2/install/myagv_ros2_ydlidar:/home/sara/myagv_ros2/install/myagv_ros2_odometry:/opt/ros/humble /usr/bin/cmake --build /home/sara/myagv_ros2/build/ydlidar_ros2_driver -- -j4 -l4
[4.452s] DEBUG:colcon.colcon_core.event_handler.log_command:Invoked command in '/home/sara/myagv_ros2/build/ydlidar_ros2_driver' returned '0': CMAKE_PREFIX_PATH=${CMAKE_PREFIX_PATH}:/home/sara/myagv_ros2/install/myagv_ros2_ydlidar:/home/sara/myagv_ros2/install/myagv_ros2_odometry:/opt/ros/humble /usr/bin/cmake --build /home/sara/myagv_ros2/build/ydlidar_ros2_driver -- -j4 -l4
[4.660s] DEBUG:colcon.colcon_core.event_handler.log_command:Invoking command in '/home/sara/myagv_ros2/build/ydlidar_ros2_driver': CMAKE_PREFIX_PATH=${CMAKE_PREFIX_PATH}:/home/sara/myagv_ros2/install/myagv_ros2_ydlidar:/home/sara/myagv_ros2/install/myagv_ros2_odometry:/opt/ros/humble /usr/bin/cmake --install /home/sara/myagv_ros2/build/ydlidar_ros2_driver
[4.773s] Level 1:colcon.colcon_core.environment:create_environment_scripts_only(ydlidar_ros2_driver)
[4.775s] DEBUG:colcon.colcon_core.event_handler.log_command:Invoked command in '/home/sara/myagv_ros2/build/ydlidar_ros2_driver' returned '0': CMAKE_PREFIX_PATH=${CMAKE_PREFIX_PATH}:/home/sara/myagv_ros2/install/myagv_ros2_ydlidar:/home/sara/myagv_ros2/install/myagv_ros2_odometry:/opt/ros/humble /usr/bin/cmake --install /home/sara/myagv_ros2/build/ydlidar_ros2_driver
[4.789s] Level 1:colcon.colcon_core.environment:checking '/home/sara/myagv_ros2/install/ydlidar_ros2_driver' for CMake module files
[4.792s] Level 1:colcon.colcon_core.environment:checking '/home/sara/myagv_ros2/install/ydlidar_ros2_driver' for CMake config files
[4.797s] Level 1:colcon.colcon_core.shell:create_environment_hook('ydlidar_ros2_driver', 'cmake_prefix_path')
[4.798s] INFO:colcon.colcon_core.shell:Creating environment hook '/home/sara/myagv_ros2/install/ydlidar_ros2_driver/share/ydlidar_ros2_driver/hook/cmake_prefix_path.ps1'
[4.800s] INFO:colcon.colcon_core.shell:Creating environment descriptor '/home/sara/myagv_ros2/install/ydlidar_ros2_driver/share/ydlidar_ros2_driver/hook/cmake_prefix_path.dsv'
[4.803s] INFO:colcon.colcon_core.shell:Creating environment hook '/home/sara/myagv_ros2/install/ydlidar_ros2_driver/share/ydlidar_ros2_driver/hook/cmake_prefix_path.sh'
[4.807s] Level 1:colcon.colcon_core.environment:checking '/home/sara/myagv_ros2/install/ydlidar_ros2_driver/lib'
[4.808s] Level 1:colcon.colcon_core.environment:checking '/home/sara/myagv_ros2/install/ydlidar_ros2_driver/bin'
[4.808s] Level 1:colcon.colcon_core.environment:checking '/home/sara/myagv_ros2/install/ydlidar_ros2_driver/lib/pkgconfig/ydlidar_ros2_driver.pc'
[4.809s] Level 1:colcon.colcon_core.environment:checking '/home/sara/myagv_ros2/install/ydlidar_ros2_driver/lib/python3.10/site-packages'
[4.810s] Level 1:colcon.colcon_core.environment:checking '/home/sara/myagv_ros2/install/ydlidar_ros2_driver/bin'
[4.812s] INFO:colcon.colcon_core.shell:Creating package script '/home/sara/myagv_ros2/install/ydlidar_ros2_driver/share/ydlidar_ros2_driver/package.ps1'
[4.816s] INFO:colcon.colcon_core.shell:Creating package descriptor '/home/sara/myagv_ros2/install/ydlidar_ros2_driver/share/ydlidar_ros2_driver/package.dsv'
[4.819s] INFO:colcon.colcon_core.shell:Creating package script '/home/sara/myagv_ros2/install/ydlidar_ros2_driver/share/ydlidar_ros2_driver/package.sh'
[4.822s] INFO:colcon.colcon_core.shell:Creating package script '/home/sara/myagv_ros2/install/ydlidar_ros2_driver/share/ydlidar_ros2_driver/package.bash'
[4.826s] INFO:colcon.colcon_core.shell:Creating package script '/home/sara/myagv_ros2/install/ydlidar_ros2_driver/share/ydlidar_ros2_driver/package.zsh'
[4.829s] Level 1:colcon.colcon_core.environment:create_file_with_runtime_dependencies(/home/sara/myagv_ros2/install/ydlidar_ros2_driver/share/colcon-core/packages/ydlidar_ros2_driver)
[4.989s] Level 1:colcon.colcon_core.environment:create_environment_scripts_only(ydlidar_ros2_driver)
[4.990s] Level 1:colcon.colcon_core.environment:checking '/home/sara/myagv_ros2/install/ydlidar_ros2_driver' for CMake module files
[4.994s] Level 1:colcon.colcon_core.environment:checking '/home/sara/myagv_ros2/install/ydlidar_ros2_driver' for CMake config files
[4.998s] Level 1:colcon.colcon_core.shell:create_environment_hook('ydlidar_ros2_driver', 'cmake_prefix_path')
[5.000s] INFO:colcon.colcon_core.shell:Creating environment hook '/home/sara/myagv_ros2/install/ydlidar_ros2_driver/share/ydlidar_ros2_driver/hook/cmake_prefix_path.ps1'
[5.002s] INFO:colcon.colcon_core.shell:Creating environment descriptor '/home/sara/myagv_ros2/install/ydlidar_ros2_driver/share/ydlidar_ros2_driver/hook/cmake_prefix_path.dsv'
[5.005s] INFO:colcon.colcon_core.shell:Creating environment hook '/home/sara/myagv_ros2/install/ydlidar_ros2_driver/share/ydlidar_ros2_driver/hook/cmake_prefix_path.sh'
[5.008s] Level 1:colcon.colcon_core.environment:checking '/home/sara/myagv_ros2/install/ydlidar_ros2_driver/lib'
[5.009s] Level 1:colcon.colcon_core.environment:checking '/home/sara/myagv_ros2/install/ydlidar_ros2_driver/bin'
[5.009s] Level 1:colcon.colcon_core.environment:checking '/home/sara/myagv_ros2/install/ydlidar_ros2_driver/lib/pkgconfig/ydlidar_ros2_driver.pc'
[5.010s] Level 1:colcon.colcon_core.environment:checking '/home/sara/myagv_ros2/install/ydlidar_ros2_driver/lib/python3.10/site-packages'
[5.011s] Level 1:colcon.colcon_core.environment:checking '/home/sara/myagv_ros2/install/ydlidar_ros2_driver/bin'
[5.013s] INFO:colcon.colcon_core.shell:Creating package script '/home/sara/myagv_ros2/install/ydlidar_ros2_driver/share/ydlidar_ros2_driver/package.ps1'
[5.016s] INFO:colcon.colcon_core.shell:Creating package descriptor '/home/sara/myagv_ros2/install/ydlidar_ros2_driver/share/ydlidar_ros2_driver/package.dsv'
[5.019s] INFO:colcon.colcon_core.shell:Creating package script '/home/sara/myagv_ros2/install/ydlidar_ros2_driver/share/ydlidar_ros2_driver/package.sh'
[5.022s] INFO:colcon.colcon_core.shell:Creating package script '/home/sara/myagv_ros2/install/ydlidar_ros2_driver/share/ydlidar_ros2_driver/package.bash'
[5.024s] INFO:colcon.colcon_core.shell:Creating package script '/home/sara/myagv_ros2/install/ydlidar_ros2_driver/share/ydlidar_ros2_driver/package.zsh'
[5.027s] Level 1:colcon.colcon_core.environment:create_file_with_runtime_dependencies(/home/sara/myagv_ros2/install/ydlidar_ros2_driver/share/colcon-core/packages/ydlidar_ros2_driver)
[6.028s] DEBUG:colcon.colcon_core.event_handler.log_command:Invoking command in '/home/sara/myagv_ros2/src/myagv_ros2_odometry': PYTHONPATH=/home/sara/myagv_ros2/build/myagv_ros2_odometry/prefix_override:/usr/lib/python3/dist-packages/colcon_core/task/python/colcon_distutils_commands:/home/sara/myagv_ros2/install/myagv_ros2_odometry/lib/python3.10/site-packages:${PYTHONPATH} /usr/bin/python3 -W ignore:setup.py install is deprecated setup.py egg_info --egg-base ../../build/myagv_ros2_odometry build --build-base /home/sara/myagv_ros2/build/myagv_ros2_odometry/build install --record /home/sara/myagv_ros2/build/myagv_ros2_odometry/install.log --single-version-externally-managed install_data
[6.041s] DEBUG:colcon.colcon_core.event_handler.log_command:Invoking command in '/home/sara/myagv_ros2/src/myagv_ros2_ydlidar': PYTHONPATH=/home/sara/myagv_ros2/build/myagv_ros2_ydlidar/prefix_override:/usr/lib/python3/dist-packages/colcon_core/task/python/colcon_distutils_commands:/home/sara/myagv_ros2/install/myagv_ros2_ydlidar/lib/python3.10/site-packages:${PYTHONPATH} /usr/bin/python3 -W ignore:setup.py install is deprecated setup.py egg_info --egg-base ../../build/myagv_ros2_ydlidar build --build-base /home/sara/myagv_ros2/build/myagv_ros2_ydlidar/build install --record /home/sara/myagv_ros2/build/myagv_ros2_ydlidar/install.log --single-version-externally-managed install_data
[7.598s] Level 1:colcon.colcon_core.environment:checking '/home/sara/myagv_ros2/install/myagv_ros2_ydlidar' for CMake module files
[7.600s] DEBUG:colcon.colcon_core.event_handler.log_command:Invoked command in '/home/sara/myagv_ros2/src/myagv_ros2_ydlidar' returned '0': PYTHONPATH=/home/sara/myagv_ros2/build/myagv_ros2_ydlidar/prefix_override:/usr/lib/python3/dist-packages/colcon_core/task/python/colcon_distutils_commands:/home/sara/myagv_ros2/install/myagv_ros2_ydlidar/lib/python3.10/site-packages:${PYTHONPATH} /usr/bin/python3 -W ignore:setup.py install is deprecated setup.py egg_info --egg-base ../../build/myagv_ros2_ydlidar build --build-base /home/sara/myagv_ros2/build/myagv_ros2_ydlidar/build install --record /home/sara/myagv_ros2/build/myagv_ros2_ydlidar/install.log --single-version-externally-managed install_data
[7.601s] Level 1:colcon.colcon_core.environment:checking '/home/sara/myagv_ros2/install/myagv_ros2_ydlidar' for CMake config files
[7.605s] Level 1:colcon.colcon_core.environment:checking '/home/sara/myagv_ros2/install/myagv_ros2_ydlidar/lib'
[7.606s] Level 1:colcon.colcon_core.environment:checking '/home/sara/myagv_ros2/install/myagv_ros2_ydlidar/bin'
[7.606s] Level 1:colcon.colcon_core.environment:checking '/home/sara/myagv_ros2/install/myagv_ros2_ydlidar/lib/pkgconfig/myagv_ros2_ydlidar.pc'
[7.607s] Level 1:colcon.colcon_core.environment:checking '/home/sara/myagv_ros2/install/myagv_ros2_ydlidar/lib/python3.10/site-packages'
[7.607s] Level 1:colcon.colcon_core.shell:create_environment_hook('myagv_ros2_ydlidar', 'pythonpath')
[7.608s] INFO:colcon.colcon_core.shell:Creating environment hook '/home/sara/myagv_ros2/install/myagv_ros2_ydlidar/share/myagv_ros2_ydlidar/hook/pythonpath.ps1'
[7.610s] INFO:colcon.colcon_core.shell:Creating environment descriptor '/home/sara/myagv_ros2/install/myagv_ros2_ydlidar/share/myagv_ros2_ydlidar/hook/pythonpath.dsv'
[7.612s] INFO:colcon.colcon_core.shell:Creating environment hook '/home/sara/myagv_ros2/install/myagv_ros2_ydlidar/share/myagv_ros2_ydlidar/hook/pythonpath.sh'
[7.615s] Level 1:colcon.colcon_core.environment:checking '/home/sara/myagv_ros2/install/myagv_ros2_ydlidar/bin'
[7.615s] Level 1:colcon.colcon_core.environment:create_environment_scripts_only(myagv_ros2_ydlidar)
[7.617s] INFO:colcon.colcon_core.shell:Creating package script '/home/sara/myagv_ros2/install/myagv_ros2_ydlidar/share/myagv_ros2_ydlidar/package.ps1'
[7.619s] INFO:colcon.colcon_core.shell:Creating package descriptor '/home/sara/myagv_ros2/install/myagv_ros2_ydlidar/share/myagv_ros2_ydlidar/package.dsv'
[7.622s] INFO:colcon.colcon_core.shell:Creating package script '/home/sara/myagv_ros2/install/myagv_ros2_ydlidar/share/myagv_ros2_ydlidar/package.sh'
[7.624s] INFO:colcon.colcon_core.shell:Creating package script '/home/sara/myagv_ros2/install/myagv_ros2_ydlidar/share/myagv_ros2_ydlidar/package.bash'
[7.626s] INFO:colcon.colcon_core.shell:Creating package script '/home/sara/myagv_ros2/install/myagv_ros2_ydlidar/share/myagv_ros2_ydlidar/package.zsh'
[7.627s] Level 1:colcon.colcon_core.environment:create_file_with_runtime_dependencies(/home/sara/myagv_ros2/install/myagv_ros2_ydlidar/share/colcon-core/packages/myagv_ros2_ydlidar)
[7.631s] Level 1:colcon.colcon_core.environment:checking '/home/sara/myagv_ros2/install/myagv_ros2_odometry' for CMake module files
[7.634s] DEBUG:colcon.colcon_core.event_handler.log_command:Invoked command in '/home/sara/myagv_ros2/src/myagv_ros2_odometry' returned '0': PYTHONPATH=/home/sara/myagv_ros2/build/myagv_ros2_odometry/prefix_override:/usr/lib/python3/dist-packages/colcon_core/task/python/colcon_distutils_commands:/home/sara/myagv_ros2/install/myagv_ros2_odometry/lib/python3.10/site-packages:${PYTHONPATH} /usr/bin/python3 -W ignore:setup.py install is deprecated setup.py egg_info --egg-base ../../build/myagv_ros2_odometry build --build-base /home/sara/myagv_ros2/build/myagv_ros2_odometry/build install --record /home/sara/myagv_ros2/build/myagv_ros2_odometry/install.log --single-version-externally-managed install_data
[7.635s] Level 1:colcon.colcon_core.environment:checking '/home/sara/myagv_ros2/install/myagv_ros2_odometry' for CMake config files
[7.639s] Level 1:colcon.colcon_core.environment:checking '/home/sara/myagv_ros2/install/myagv_ros2_odometry/lib'
[7.639s] Level 1:colcon.colcon_core.environment:checking '/home/sara/myagv_ros2/install/myagv_ros2_odometry/bin'
[7.640s] Level 1:colcon.colcon_core.environment:checking '/home/sara/myagv_ros2/install/myagv_ros2_odometry/lib/pkgconfig/myagv_ros2_odometry.pc'
[7.640s] Level 1:colcon.colcon_core.environment:checking '/home/sara/myagv_ros2/install/myagv_ros2_odometry/lib/python3.10/site-packages'
[7.641s] Level 1:colcon.colcon_core.shell:create_environment_hook('myagv_ros2_odometry', 'pythonpath')
[7.642s] INFO:colcon.colcon_core.shell:Creating environment hook '/home/sara/myagv_ros2/install/myagv_ros2_odometry/share/myagv_ros2_odometry/hook/pythonpath.ps1'
[7.644s] INFO:colcon.colcon_core.shell:Creating environment descriptor '/home/sara/myagv_ros2/install/myagv_ros2_odometry/share/myagv_ros2_odometry/hook/pythonpath.dsv'
[7.646s] INFO:colcon.colcon_core.shell:Creating environment hook '/home/sara/myagv_ros2/install/myagv_ros2_odometry/share/myagv_ros2_odometry/hook/pythonpath.sh'
[7.649s] Level 1:colcon.colcon_core.environment:checking '/home/sara/myagv_ros2/install/myagv_ros2_odometry/bin'
[7.649s] Level 1:colcon.colcon_core.environment:create_environment_scripts_only(myagv_ros2_odometry)
[7.650s] INFO:colcon.colcon_core.shell:Creating package script '/home/sara/myagv_ros2/install/myagv_ros2_odometry/share/myagv_ros2_odometry/package.ps1'
[7.653s] INFO:colcon.colcon_core.shell:Creating package descriptor '/home/sara/myagv_ros2/install/myagv_ros2_odometry/share/myagv_ros2_odometry/package.dsv'
[7.655s] INFO:colcon.colcon_core.shell:Creating package script '/home/sara/myagv_ros2/install/myagv_ros2_odometry/share/myagv_ros2_odometry/package.sh'
[7.657s] INFO:colcon.colcon_core.shell:Creating package script '/home/sara/myagv_ros2/install/myagv_ros2_odometry/share/myagv_ros2_odometry/package.bash'
[7.659s] INFO:colcon.colcon_core.shell:Creating package script '/home/sara/myagv_ros2/install/myagv_ros2_odometry/share/myagv_ros2_odometry/package.zsh'
[7.661s] Level 1:colcon.colcon_core.environment:create_file_with_runtime_dependencies(/home/sara/myagv_ros2/install/myagv_ros2_odometry/share/colcon-core/packages/myagv_ros2_odometry)
[7.662s] DEBUG:colcon.colcon_parallel_executor.executor.parallel:closing loop
[7.664s] DEBUG:colcon.colcon_parallel_executor.executor.parallel:loop closed
[7.665s] DEBUG:colcon.colcon_parallel_executor.executor.parallel:run_until_complete finished with '0'
[7.665s] DEBUG:colcon.colcon_core.event_reactor:joining thread
[7.685s] INFO:colcon.colcon_core.plugin_system:Skipping extension 'colcon_notification.desktop_notification.terminal_notifier': Not used on non-Darwin systems
[7.686s] INFO:colcon.colcon_core.plugin_system:Skipping extension 'colcon_notification.desktop_notification.win32': Not used on non-Windows systems
[7.686s] INFO:colcon.colcon_notification.desktop_notification:Sending desktop notification using 'notify2'
[8.158s] DEBUG:colcon.colcon_core.event_reactor:joined thread
[8.160s] INFO:colcon.colcon_core.shell:Creating prefix script '/home/sara/myagv_ros2/install/local_setup.ps1'
[8.166s] INFO:colcon.colcon_core.shell:Creating prefix util module '/home/sara/myagv_ros2/install/_local_setup_util_ps1.py'
[8.173s] INFO:colcon.colcon_core.shell:Creating prefix chain script '/home/sara/myagv_ros2/install/setup.ps1'
[8.179s] INFO:colcon.colcon_core.shell:Creating prefix script '/home/sara/myagv_ros2/install/local_setup.sh'
[8.183s] INFO:colcon.colcon_core.shell:Creating prefix util module '/home/sara/myagv_ros2/install/_local_setup_util_sh.py'
[8.186s] INFO:colcon.colcon_core.shell:Creating prefix chain script '/home/sara/myagv_ros2/install/setup.sh'
[8.191s] INFO:colcon.colcon_core.shell:Creating prefix script '/home/sara/myagv_ros2/install/local_setup.bash'
[8.194s] INFO:colcon.colcon_core.shell:Creating prefix chain script '/home/sara/myagv_ros2/install/setup.bash'
[8.199s] INFO:colcon.colcon_core.shell:Creating prefix script '/home/sara/myagv_ros2/install/local_setup.zsh'
[8.201s] INFO:colcon.colcon_core.shell:Creating prefix chain script '/home/sara/myagv_ros2/install/setup.zsh'
