[4.604s] Invoking command in '/home/sara/myagv_ros2/build/myagv_ros2_ydlidar': PYTHONPATH=/home/sara/myagv_ros2/build/myagv_ros2_ydlidar/prefix_override:/usr/lib/python3/dist-packages/colcon_core/task/python/colcon_distutils_commands:/home/sara/myagv_ros2/install/myagv_ros2_ydlidar/lib/python3.10/site-packages:${PYTHONPATH} /usr/bin/python3 -W ignore:setup.py install is deprecated setup.py develop --uninstall --editable --build-directory /home/sara/myagv_ros2/build/myagv_ros2_ydlidar/build
[6.165s] running develop
[6.170s] /usr/lib/python3/dist-packages/setuptools/command/easy_install.py:158: EasyInstallDeprecationWarning: easy_install command is deprecated. Use build and pip and other standards-based tools.
[6.171s]   warnings.warn(
[7.398s] Removing /home/sara/myagv_ros2/install/myagv_ros2_ydlidar/lib/python3.10/site-packages/myagv-ros2-ydlidar.egg-link (link to .)
[7.553s] Invoked command in '/home/sara/myagv_ros2/build/myagv_ros2_ydlidar' returned '0': PYTHONPATH=/home/sara/myagv_ros2/build/myagv_ros2_ydlidar/prefix_override:/usr/lib/python3/dist-packages/colcon_core/task/python/colcon_distutils_commands:/home/sara/myagv_ros2/install/myagv_ros2_ydlidar/lib/python3.10/site-packages:${PYTHONPATH} /usr/bin/python3 -W ignore:setup.py install is deprecated setup.py develop --uninstall --editable --build-directory /home/sara/myagv_ros2/build/myagv_ros2_ydlidar/build
[7.564s] Invoking command in '/home/sara/myagv_ros2/src/myagv_ros2_ydlidar': PYTHONPATH=/home/sara/myagv_ros2/build/myagv_ros2_ydlidar/prefix_override:/usr/lib/python3/dist-packages/colcon_core/task/python/colcon_distutils_commands:/home/sara/myagv_ros2/install/myagv_ros2_ydlidar/lib/python3.10/site-packages:${PYTHONPATH} /usr/bin/python3 -W ignore:setup.py install is deprecated setup.py egg_info --egg-base ../../build/myagv_ros2_ydlidar build --build-base /home/sara/myagv_ros2/build/myagv_ros2_ydlidar/build install --record /home/sara/myagv_ros2/build/myagv_ros2_ydlidar/install.log --single-version-externally-managed install_data --force
[8.765s] running egg_info
[8.766s] writing ../../build/myagv_ros2_ydlidar/myagv_ros2_ydlidar.egg-info/PKG-INFO
[8.767s] writing dependency_links to ../../build/myagv_ros2_ydlidar/myagv_ros2_ydlidar.egg-info/dependency_links.txt
[8.769s] writing entry points to ../../build/myagv_ros2_ydlidar/myagv_ros2_ydlidar.egg-info/entry_points.txt
[8.771s] writing requirements to ../../build/myagv_ros2_ydlidar/myagv_ros2_ydlidar.egg-info/requires.txt
[8.774s] writing top-level names to ../../build/myagv_ros2_ydlidar/myagv_ros2_ydlidar.egg-info/top_level.txt
[8.783s] reading manifest file '../../build/myagv_ros2_ydlidar/myagv_ros2_ydlidar.egg-info/SOURCES.txt'
[8.785s] adding license file 'LICENSE'
[8.788s] writing manifest file '../../build/myagv_ros2_ydlidar/myagv_ros2_ydlidar.egg-info/SOURCES.txt'
[8.788s] running build
[8.789s] running build_py
[8.789s] creating /home/sara/myagv_ros2/build/myagv_ros2_ydlidar/build
[8.790s] creating /home/sara/myagv_ros2/build/myagv_ros2_ydlidar/build/lib
[8.790s] creating /home/sara/myagv_ros2/build/myagv_ros2_ydlidar/build/lib/myagv_ros2_ydlidar
[8.791s] copying myagv_ros2_ydlidar/close_ydlidar.py -> /home/sara/myagv_ros2/build/myagv_ros2_ydlidar/build/lib/myagv_ros2_ydlidar
[8.791s] copying myagv_ros2_ydlidar/__init__.py -> /home/sara/myagv_ros2/build/myagv_ros2_ydlidar/build/lib/myagv_ros2_ydlidar
[8.792s] copying myagv_ros2_ydlidar/start_ydlidar.py -> /home/sara/myagv_ros2/build/myagv_ros2_ydlidar/build/lib/myagv_ros2_ydlidar
[8.794s] running install
[8.796s] running install_lib
[8.800s] creating /home/sara/myagv_ros2/install/myagv_ros2_ydlidar/lib/python3.10/site-packages/myagv_ros2_ydlidar
[8.801s] copying /home/sara/myagv_ros2/build/myagv_ros2_ydlidar/build/lib/myagv_ros2_ydlidar/close_ydlidar.py -> /home/sara/myagv_ros2/install/myagv_ros2_ydlidar/lib/python3.10/site-packages/myagv_ros2_ydlidar
[8.801s] copying /home/sara/myagv_ros2/build/myagv_ros2_ydlidar/build/lib/myagv_ros2_ydlidar/__init__.py -> /home/sara/myagv_ros2/install/myagv_ros2_ydlidar/lib/python3.10/site-packages/myagv_ros2_ydlidar
[8.802s] copying /home/sara/myagv_ros2/build/myagv_ros2_ydlidar/build/lib/myagv_ros2_ydlidar/start_ydlidar.py -> /home/sara/myagv_ros2/install/myagv_ros2_ydlidar/lib/python3.10/site-packages/myagv_ros2_ydlidar
[8.805s] byte-compiling /home/sara/myagv_ros2/install/myagv_ros2_ydlidar/lib/python3.10/site-packages/myagv_ros2_ydlidar/close_ydlidar.py to close_ydlidar.cpython-310.pyc
[8.807s] byte-compiling /home/sara/myagv_ros2/install/myagv_ros2_ydlidar/lib/python3.10/site-packages/myagv_ros2_ydlidar/__init__.py to __init__.cpython-310.pyc
[8.808s] byte-compiling /home/sara/myagv_ros2/install/myagv_ros2_ydlidar/lib/python3.10/site-packages/myagv_ros2_ydlidar/start_ydlidar.py to start_ydlidar.cpython-310.pyc
[8.809s] running install_data
[8.810s] copying resource/myagv_ros2_ydlidar -> /home/sara/myagv_ros2/install/myagv_ros2_ydlidar/share/ament_index/resource_index/packages
[8.810s] copying package.xml -> /home/sara/myagv_ros2/install/myagv_ros2_ydlidar/share/myagv_ros2_ydlidar
[8.811s] running install_egg_info
[8.818s] Copying ../../build/myagv_ros2_ydlidar/myagv_ros2_ydlidar.egg-info to /home/sara/myagv_ros2/install/myagv_ros2_ydlidar/lib/python3.10/site-packages/myagv_ros2_ydlidar-0.0.0-py3.10.egg-info
[8.824s] running install_scripts
[8.909s] writing list of installed files to '/home/sara/myagv_ros2/build/myagv_ros2_ydlidar/install.log'
[9.031s] Invoked command in '/home/sara/myagv_ros2/src/myagv_ros2_ydlidar' returned '0': PYTHONPATH=/home/sara/myagv_ros2/build/myagv_ros2_ydlidar/prefix_override:/usr/lib/python3/dist-packages/colcon_core/task/python/colcon_distutils_commands:/home/sara/myagv_ros2/install/myagv_ros2_ydlidar/lib/python3.10/site-packages:${PYTHONPATH} /usr/bin/python3 -W ignore:setup.py install is deprecated setup.py egg_info --egg-base ../../build/myagv_ros2_ydlidar build --build-base /home/sara/myagv_ros2/build/myagv_ros2_ydlidar/build install --record /home/sara/myagv_ros2/build/myagv_ros2_ydlidar/install.log --single-version-externally-managed install_data --force
