[1.286s] Invoking command in '/home/sara/myagv_ros2/build/myagv_ros2_odom': CMAKE_PREFIX_PATH=${CMAKE_PREFIX_PATH}:/home/sara/myagv_ros2/install/myagv_ros2_ydlidar:/home/sara/myagv_ros2/install/myagv_ros2_odometry:/home/sara/myagv_ros2/install/myagv_ros2_debug:/opt/ros/humble /usr/bin/cmake --build /home/sara/myagv_ros2/build/myagv_ros2_odom -- -j4 -l4
[2.532s] [100%] Built target myagv_odom
[2.555s] Invoked command in '/home/sara/myagv_ros2/build/myagv_ros2_odom' returned '0': CMAKE_PREFIX_PATH=${CMAKE_PREFIX_PATH}:/home/sara/myagv_ros2/install/myagv_ros2_ydlidar:/home/sara/myagv_ros2/install/myagv_ros2_odometry:/home/sara/myagv_ros2/install/myagv_ros2_debug:/opt/ros/humble /usr/bin/cmake --build /home/sara/myagv_ros2/build/myagv_ros2_odom -- -j4 -l4
[2.757s] Invoking command in '/home/sara/myagv_ros2/build/myagv_ros2_odom': CMAKE_PREFIX_PATH=${CMAKE_PREFIX_PATH}:/home/sara/myagv_ros2/install/myagv_ros2_ydlidar:/home/sara/myagv_ros2/install/myagv_ros2_odometry:/home/sara/myagv_ros2/install/myagv_ros2_debug:/opt/ros/humble /usr/bin/cmake --install /home/sara/myagv_ros2/build/myagv_ros2_odom
[2.791s] -- Install configuration: ""
[2.793s] -- Up-to-date: /home/sara/myagv_ros2/install/myagv_ros2_odom/lib/myagv_ros2_odom/myagv_odom
[2.795s] -- Up-to-date: /home/sara/myagv_ros2/install/myagv_ros2_odom/include/
[2.796s] -- Up-to-date: /home/sara/myagv_ros2/install/myagv_ros2_odom/include//myagv_ros2_odom
[2.797s] -- Up-to-date: /home/sara/myagv_ros2/install/myagv_ros2_odom/include//myagv_ros2_odom/myagv_odom.hpp
[2.798s] -- Up-to-date: /home/sara/myagv_ros2/install/myagv_ros2_odom/share/ament_index/resource_index/package_run_dependencies/myagv_ros2_odom
[2.799s] -- Up-to-date: /home/sara/myagv_ros2/install/myagv_ros2_odom/share/ament_index/resource_index/parent_prefix_path/myagv_ros2_odom
[2.802s] -- Up-to-date: /home/sara/myagv_ros2/install/myagv_ros2_odom/share/myagv_ros2_odom/environment/ament_prefix_path.sh
[2.803s] -- Up-to-date: /home/sara/myagv_ros2/install/myagv_ros2_odom/share/myagv_ros2_odom/environment/ament_prefix_path.dsv
[2.804s] -- Up-to-date: /home/sara/myagv_ros2/install/myagv_ros2_odom/share/myagv_ros2_odom/environment/path.sh
[2.806s] -- Up-to-date: /home/sara/myagv_ros2/install/myagv_ros2_odom/share/myagv_ros2_odom/environment/path.dsv
[2.814s] -- Up-to-date: /home/sara/myagv_ros2/install/myagv_ros2_odom/share/myagv_ros2_odom/local_setup.bash
[2.816s] -- Up-to-date: /home/sara/myagv_ros2/install/myagv_ros2_odom/share/myagv_ros2_odom/local_setup.sh
[2.819s] -- Up-to-date: /home/sara/myagv_ros2/install/myagv_ros2_odom/share/myagv_ros2_odom/local_setup.zsh
[2.832s] -- Up-to-date: /home/sara/myagv_ros2/install/myagv_ros2_odom/share/myagv_ros2_odom/local_setup.dsv
[2.833s] -- Installing: /home/sara/myagv_ros2/install/myagv_ros2_odom/share/myagv_ros2_odom/package.dsv
[2.834s] -- Up-to-date: /home/sara/myagv_ros2/install/myagv_ros2_odom/share/ament_index/resource_index/packages/myagv_ros2_odom
[2.835s] -- Up-to-date: /home/sara/myagv_ros2/install/myagv_ros2_odom/share/myagv_ros2_odom/cmake/myagv_ros2_odomConfig.cmake
[2.836s] -- Up-to-date: /home/sara/myagv_ros2/install/myagv_ros2_odom/share/myagv_ros2_odom/cmake/myagv_ros2_odomConfig-version.cmake
[2.836s] -- Up-to-date: /home/sara/myagv_ros2/install/myagv_ros2_odom/share/myagv_ros2_odom/package.xml
[2.837s] Invoked command in '/home/sara/myagv_ros2/build/myagv_ros2_odom' returned '0': CMAKE_PREFIX_PATH=${CMAKE_PREFIX_PATH}:/home/sara/myagv_ros2/install/myagv_ros2_ydlidar:/home/sara/myagv_ros2/install/myagv_ros2_odometry:/home/sara/myagv_ros2/install/myagv_ros2_debug:/opt/ros/humble /usr/bin/cmake --install /home/sara/myagv_ros2/build/myagv_ros2_odom
