[1.288s] Invoking command in '/home/sara/myagv_ros2/build/myagv_ros2_odom': CMAKE_PREFIX_PATH=${CMAKE_PREFIX_PATH}:/home/sara/myagv_ros2/install/myagv_ros2_ydlidar:/home/sara/myagv_ros2/install/myagv_ros2_odometry:/home/sara/myagv_ros2/install/myagv_ros2_debug:/opt/ros/humble /usr/bin/cmake --build /home/sara/myagv_ros2/build/myagv_ros2_odom -- -j4 -l4
[2.538s] [100%] Built target myagv_odom
[2.543s] Invoked command in '/home/sara/myagv_ros2/build/myagv_ros2_odom' returned '0': CMAKE_PREFIX_PATH=${CMAKE_PREFIX_PATH}:/home/sara/myagv_ros2/install/myagv_ros2_ydlidar:/home/sara/myagv_ros2/install/myagv_ros2_odometry:/home/sara/myagv_ros2/install/myagv_ros2_debug:/opt/ros/humble /usr/bin/cmake --build /home/sara/myagv_ros2/build/myagv_ros2_odom -- -j4 -l4
[2.761s] Invoking command in '/home/sara/myagv_ros2/build/myagv_ros2_odom': CMAKE_PREFIX_PATH=${CMAKE_PREFIX_PATH}:/home/sara/myagv_ros2/install/myagv_ros2_ydlidar:/home/sara/myagv_ros2/install/myagv_ros2_odometry:/home/sara/myagv_ros2/install/myagv_ros2_debug:/opt/ros/humble /usr/bin/cmake --install /home/sara/myagv_ros2/build/myagv_ros2_odom
[2.796s] -- Install configuration: ""
[2.798s] -- Up-to-date: /home/sara/myagv_ros2/install/myagv_ros2_odom/lib/myagv_ros2_odom/myagv_odom
[2.799s] -- Up-to-date: /home/sara/myagv_ros2/install/myagv_ros2_odom/include/
[2.800s] -- Up-to-date: /home/sara/myagv_ros2/install/myagv_ros2_odom/include//myagv_ros2_odom
[2.801s] -- Up-to-date: /home/sara/myagv_ros2/install/myagv_ros2_odom/include//myagv_ros2_odom/myagv_odom.hpp
[2.802s] -- Up-to-date: /home/sara/myagv_ros2/install/myagv_ros2_odom/share/ament_index/resource_index/package_run_dependencies/myagv_ros2_odom
[2.803s] -- Up-to-date: /home/sara/myagv_ros2/install/myagv_ros2_odom/share/ament_index/resource_index/parent_prefix_path/myagv_ros2_odom
[2.804s] -- Up-to-date: /home/sara/myagv_ros2/install/myagv_ros2_odom/share/myagv_ros2_odom/environment/ament_prefix_path.sh
[2.806s] -- Up-to-date: /home/sara/myagv_ros2/install/myagv_ros2_odom/share/myagv_ros2_odom/environment/ament_prefix_path.dsv
[2.807s] -- Up-to-date: /home/sara/myagv_ros2/install/myagv_ros2_odom/share/myagv_ros2_odom/environment/path.sh
[2.807s] -- Up-to-date: /home/sara/myagv_ros2/install/myagv_ros2_odom/share/myagv_ros2_odom/environment/path.dsv
[2.808s] -- Up-to-date: /home/sara/myagv_ros2/install/myagv_ros2_odom/share/myagv_ros2_odom/local_setup.bash
[2.808s] -- Up-to-date: /home/sara/myagv_ros2/install/myagv_ros2_odom/share/myagv_ros2_odom/local_setup.sh
[2.810s] -- Up-to-date: /home/sara/myagv_ros2/install/myagv_ros2_odom/share/myagv_ros2_odom/local_setup.zsh
[2.810s] -- Up-to-date: /home/sara/myagv_ros2/install/myagv_ros2_odom/share/myagv_ros2_odom/local_setup.dsv
[2.811s] -- Installing: /home/sara/myagv_ros2/install/myagv_ros2_odom/share/myagv_ros2_odom/package.dsv
[2.812s] -- Up-to-date: /home/sara/myagv_ros2/install/myagv_ros2_odom/share/ament_index/resource_index/packages/myagv_ros2_odom
[2.813s] -- Up-to-date: /home/sara/myagv_ros2/install/myagv_ros2_odom/share/myagv_ros2_odom/cmake/myagv_ros2_odomConfig.cmake
[2.814s] -- Up-to-date: /home/sara/myagv_ros2/install/myagv_ros2_odom/share/myagv_ros2_odom/cmake/myagv_ros2_odomConfig-version.cmake
[2.814s] -- Up-to-date: /home/sara/myagv_ros2/install/myagv_ros2_odom/share/myagv_ros2_odom/package.xml
[2.839s] Invoked command in '/home/sara/myagv_ros2/build/myagv_ros2_odom' returned '0': CMAKE_PREFIX_PATH=${CMAKE_PREFIX_PATH}:/home/sara/myagv_ros2/install/myagv_ros2_ydlidar:/home/sara/myagv_ros2/install/myagv_ros2_odometry:/home/sara/myagv_ros2/install/myagv_ros2_debug:/opt/ros/humble /usr/bin/cmake --install /home/sara/myagv_ros2/build/myagv_ros2_odom
