[4.960s] Invoking command in '/home/sara/myagv_ros2/src/myagv_ros2_debug': PYTHONPATH=/home/sara/myagv_ros2/build/myagv_ros2_debug/prefix_override:/usr/lib/python3/dist-packages/colcon_core/task/python/colcon_distutils_commands:/home/sara/myagv_ros2/install/myagv_ros2_debug/lib/python3.10/site-packages:${PYTHONPATH} /usr/bin/python3 -W ignore:setup.py install is deprecated setup.py egg_info --egg-base ../../build/myagv_ros2_debug build --build-base /home/sara/myagv_ros2/build/myagv_ros2_debug/build install --record /home/sara/myagv_ros2/build/myagv_ros2_debug/install.log --single-version-externally-managed install_data
[6.590s] running egg_info
[6.595s] writing ../../build/myagv_ros2_debug/myagv_ros2_debug.egg-info/PKG-INFO
[6.596s] writing dependency_links to ../../build/myagv_ros2_debug/myagv_ros2_debug.egg-info/dependency_links.txt
[6.598s] writing entry points to ../../build/myagv_ros2_debug/myagv_ros2_debug.egg-info/entry_points.txt
[6.599s] writing requirements to ../../build/myagv_ros2_debug/myagv_ros2_debug.egg-info/requires.txt
[6.600s] writing top-level names to ../../build/myagv_ros2_debug/myagv_ros2_debug.egg-info/top_level.txt
[6.607s] reading manifest file '../../build/myagv_ros2_debug/myagv_ros2_debug.egg-info/SOURCES.txt'
[6.610s] adding license file 'LICENSE'
[6.612s] writing manifest file '../../build/myagv_ros2_debug/myagv_ros2_debug.egg-info/SOURCES.txt'
[6.614s] running build
[6.614s] running build_py
[6.616s] running install
[6.617s] running install_lib
[6.625s] running install_data
[6.626s] running install_egg_info
[6.635s] removing '/home/sara/myagv_ros2/install/myagv_ros2_debug/lib/python3.10/site-packages/myagv_ros2_debug-0.0.0-py3.10.egg-info' (and everything under it)
[6.642s] Copying ../../build/myagv_ros2_debug/myagv_ros2_debug.egg-info to /home/sara/myagv_ros2/install/myagv_ros2_debug/lib/python3.10/site-packages/myagv_ros2_debug-0.0.0-py3.10.egg-info
[6.646s] running install_scripts
[6.753s] Installing myagv_encoder script to /home/sara/myagv_ros2/install/myagv_ros2_debug/lib/myagv_ros2_debug
[6.756s] writing list of installed files to '/home/sara/myagv_ros2/build/myagv_ros2_debug/install.log'
[6.981s] Invoked command in '/home/sara/myagv_ros2/src/myagv_ros2_debug' returned '0': PYTHONPATH=/home/sara/myagv_ros2/build/myagv_ros2_debug/prefix_override:/usr/lib/python3/dist-packages/colcon_core/task/python/colcon_distutils_commands:/home/sara/myagv_ros2/install/myagv_ros2_debug/lib/python3.10/site-packages:${PYTHONPATH} /usr/bin/python3 -W ignore:setup.py install is deprecated setup.py egg_info --egg-base ../../build/myagv_ros2_debug build --build-base /home/sara/myagv_ros2/build/myagv_ros2_debug/build install --record /home/sara/myagv_ros2/build/myagv_ros2_debug/install.log --single-version-externally-managed install_data
