[3.218s] Invoking command in '/home/sara/myagv_ros2/build/myagv_ros2_ydlidar': PYTHONPATH=/home/sara/myagv_ros2/build/myagv_ros2_ydlidar/prefix_override:/usr/lib/python3/dist-packages/colcon_core/task/python/colcon_distutils_commands:/home/sara/myagv_ros2/install/myagv_ros2_ydlidar/lib/python3.10/site-packages:${PYTHONPATH} /usr/bin/python3 -W ignore:setup.py install is deprecated setup.py develop --editable --build-directory /home/sara/myagv_ros2/build/myagv_ros2_ydlidar/build --no-deps symlink_data
[4.913s] running develop
[4.919s] /usr/lib/python3/dist-packages/setuptools/command/easy_install.py:158: EasyInstallDeprecationWarning: easy_install command is deprecated. Use build and pip and other standards-based tools.
[4.920s]   warnings.warn(
[6.067s] running egg_info
[6.068s] creating myagv_ros2_ydlidar.egg-info
[6.069s] writing myagv_ros2_ydlidar.egg-info/PKG-INFO
[6.070s] writing dependency_links to myagv_ros2_ydlidar.egg-info/dependency_links.txt
[6.071s] writing entry points to myagv_ros2_ydlidar.egg-info/entry_points.txt
[6.072s] writing requirements to myagv_ros2_ydlidar.egg-info/requires.txt
[6.072s] writing top-level names to myagv_ros2_ydlidar.egg-info/top_level.txt
[6.074s] writing manifest file 'myagv_ros2_ydlidar.egg-info/SOURCES.txt'
[6.081s] reading manifest file 'myagv_ros2_ydlidar.egg-info/SOURCES.txt'
[6.084s] writing manifest file 'myagv_ros2_ydlidar.egg-info/SOURCES.txt'
[6.092s] running build_ext
[6.092s] Creating /home/sara/myagv_ros2/install/myagv_ros2_ydlidar/lib/python3.10/site-packages/myagv-ros2-ydlidar.egg-link (link to .)
[6.096s] 
[6.097s] Installed /home/sara/myagv_ros2/build/myagv_ros2_ydlidar
[6.098s] running symlink_data
[6.098s] creating /home/sara/myagv_ros2/install/myagv_ros2_ydlidar/share/ament_index
[6.099s] creating /home/sara/myagv_ros2/install/myagv_ros2_ydlidar/share/ament_index/resource_index
[6.100s] creating /home/sara/myagv_ros2/install/myagv_ros2_ydlidar/share/ament_index/resource_index/packages
[6.106s] symbolically linking /home/sara/myagv_ros2/build/myagv_ros2_ydlidar/resource/myagv_ros2_ydlidar -> /home/sara/myagv_ros2/install/myagv_ros2_ydlidar/share/ament_index/resource_index/packages
[6.107s] symbolically linking /home/sara/myagv_ros2/build/myagv_ros2_ydlidar/package.xml -> /home/sara/myagv_ros2/install/myagv_ros2_ydlidar/share/myagv_ros2_ydlidar
[6.260s] Invoked command in '/home/sara/myagv_ros2/build/myagv_ros2_ydlidar' returned '0': PYTHONPATH=/home/sara/myagv_ros2/build/myagv_ros2_ydlidar/prefix_override:/usr/lib/python3/dist-packages/colcon_core/task/python/colcon_distutils_commands:/home/sara/myagv_ros2/install/myagv_ros2_ydlidar/lib/python3.10/site-packages:${PYTHONPATH} /usr/bin/python3 -W ignore:setup.py install is deprecated setup.py develop --editable --build-directory /home/sara/myagv_ros2/build/myagv_ros2_ydlidar/build --no-deps symlink_data
