[0.466s] DEBUG:colcon:Command line arguments: ['/usr/bin/colcon', 'build']
[0.466s] DEBUG:colcon:Parsed command line arguments: Namespace(log_base=None, log_level=None, verb_name='build', build_base='build', install_base='install', merge_install=False, symlink_install=False, test_result_base=None, continue_on_error=False, executor='parallel', parallel_workers=4, event_handlers=None, ignore_user_meta=False, metas=['./colcon.meta'], base_paths=['.'], packages_ignore=None, packages_ignore_regex=None, paths=None, packages_up_to=None, packages_up_to_regex=None, packages_above=None, packages_above_and_dependencies=None, packages_above_depth=None, packages_select_by_dep=None, packages_skip_by_dep=None, packages_skip_up_to=None, packages_select_build_failed=False, packages_skip_build_finished=False, packages_select_test_failures=False, packages_skip_test_passed=False, packages_select=None, packages_skip=None, packages_select_regex=None, packages_skip_regex=None, packages_start=None, packages_end=None, allow_overriding=[], cmake_args=None, cmake_target=None, cmake_target_skip_unavailable=False, cmake_clean_cache=False, cmake_clean_first=False, cmake_force_configure=False, ament_cmake_args=None, catkin_cmake_args=None, catkin_skip_building_tests=False, mixin_files=None, mixin=None, verb_parser=<colcon_mixin.mixin.mixin_argument.MixinArgumentDecorator object at 0xffff9f29df30>, verb_extension=<colcon_core.verb.build.BuildVerb object at 0xffff9f3ca530>, main=<bound method BuildVerb.main of <colcon_core.verb.build.BuildVerb object at 0xffff9f3ca530>>, mixin_verb=('build',))
[1.288s] Level 1:colcon.colcon_core.package_discovery:discover_packages(colcon_meta) check parameters
[1.289s] Level 1:colcon.colcon_core.package_discovery:discover_packages(recursive) check parameters
[1.289s] Level 1:colcon.colcon_core.package_discovery:discover_packages(ignore) check parameters
[1.289s] Level 1:colcon.colcon_core.package_discovery:discover_packages(path) check parameters
[1.289s] Level 1:colcon.colcon_core.package_discovery:discover_packages(colcon_meta) discover
[1.289s] Level 1:colcon.colcon_core.package_discovery:discover_packages(recursive) discover
[1.289s] INFO:colcon.colcon_core.package_discovery:Crawling recursively for packages in '/home/sara/myagv_ros2'
[1.290s] Level 1:colcon.colcon_core.package_identification:_identify(.) by extensions ['ignore', 'ignore_ament_install']
[1.290s] Level 1:colcon.colcon_core.package_identification:_identify(.) by extension 'ignore'
[1.290s] Level 1:colcon.colcon_core.package_identification:_identify(.) by extension 'ignore_ament_install'
[1.291s] Level 1:colcon.colcon_core.package_identification:_identify(.) by extensions ['colcon_pkg']
[1.291s] Level 1:colcon.colcon_core.package_identification:_identify(.) by extension 'colcon_pkg'
[1.291s] Level 1:colcon.colcon_core.package_identification:_identify(.) by extensions ['colcon_meta']
[1.291s] Level 1:colcon.colcon_core.package_identification:_identify(.) by extension 'colcon_meta'
[1.291s] Level 1:colcon.colcon_core.package_identification:_identify(.) by extensions ['ros']
[1.291s] Level 1:colcon.colcon_core.package_identification:_identify(.) by extension 'ros'
[1.337s] Level 1:colcon.colcon_core.package_identification:_identify(.) by extensions ['cmake', 'python']
[1.337s] Level 1:colcon.colcon_core.package_identification:_identify(.) by extension 'cmake'
[1.337s] Level 1:colcon.colcon_core.package_identification:_identify(.) by extension 'python'
[1.337s] Level 1:colcon.colcon_core.package_identification:_identify(.) by extensions ['python_setup_py']
[1.337s] Level 1:colcon.colcon_core.package_identification:_identify(.) by extension 'python_setup_py'
[1.338s] Level 1:colcon.colcon_core.package_identification:_identify(build) by extensions ['ignore', 'ignore_ament_install']
[1.338s] Level 1:colcon.colcon_core.package_identification:_identify(build) by extension 'ignore'
[1.338s] Level 1:colcon.colcon_core.package_identification:_identify(build) ignored
[1.339s] Level 1:colcon.colcon_core.package_identification:_identify(install) by extensions ['ignore', 'ignore_ament_install']
[1.339s] Level 1:colcon.colcon_core.package_identification:_identify(install) by extension 'ignore'
[1.340s] Level 1:colcon.colcon_core.package_identification:_identify(install) ignored
[1.342s] Level 1:colcon.colcon_core.package_identification:_identify(log) by extensions ['ignore', 'ignore_ament_install']
[1.342s] Level 1:colcon.colcon_core.package_identification:_identify(log) by extension 'ignore'
[1.342s] Level 1:colcon.colcon_core.package_identification:_identify(log) ignored
[1.343s] Level 1:colcon.colcon_core.package_identification:_identify(src) by extensions ['ignore', 'ignore_ament_install']
[1.343s] Level 1:colcon.colcon_core.package_identification:_identify(src) by extension 'ignore'
[1.343s] Level 1:colcon.colcon_core.package_identification:_identify(src) by extension 'ignore_ament_install'
[1.343s] Level 1:colcon.colcon_core.package_identification:_identify(src) by extensions ['colcon_pkg']
[1.343s] Level 1:colcon.colcon_core.package_identification:_identify(src) by extension 'colcon_pkg'
[1.343s] Level 1:colcon.colcon_core.package_identification:_identify(src) by extensions ['colcon_meta']
[1.344s] Level 1:colcon.colcon_core.package_identification:_identify(src) by extension 'colcon_meta'
[1.344s] Level 1:colcon.colcon_core.package_identification:_identify(src) by extensions ['ros']
[1.344s] Level 1:colcon.colcon_core.package_identification:_identify(src) by extension 'ros'
[1.344s] Level 1:colcon.colcon_core.package_identification:_identify(src) by extensions ['cmake', 'python']
[1.344s] Level 1:colcon.colcon_core.package_identification:_identify(src) by extension 'cmake'
[1.344s] Level 1:colcon.colcon_core.package_identification:_identify(src) by extension 'python'
[1.345s] Level 1:colcon.colcon_core.package_identification:_identify(src) by extensions ['python_setup_py']
[1.345s] Level 1:colcon.colcon_core.package_identification:_identify(src) by extension 'python_setup_py'
[1.345s] Level 1:colcon.colcon_core.package_identification:_identify(src/myagv_ros2_debug) by extensions ['ignore', 'ignore_ament_install']
[1.345s] Level 1:colcon.colcon_core.package_identification:_identify(src/myagv_ros2_debug) by extension 'ignore'
[1.346s] Level 1:colcon.colcon_core.package_identification:_identify(src/myagv_ros2_debug) by extension 'ignore_ament_install'
[1.346s] Level 1:colcon.colcon_core.package_identification:_identify(src/myagv_ros2_debug) by extensions ['colcon_pkg']
[1.346s] Level 1:colcon.colcon_core.package_identification:_identify(src/myagv_ros2_debug) by extension 'colcon_pkg'
[1.346s] Level 1:colcon.colcon_core.package_identification:_identify(src/myagv_ros2_debug) by extensions ['colcon_meta']
[1.346s] Level 1:colcon.colcon_core.package_identification:_identify(src/myagv_ros2_debug) by extension 'colcon_meta'
[1.347s] Level 1:colcon.colcon_core.package_identification:_identify(src/myagv_ros2_debug) by extensions ['ros']
[1.347s] Level 1:colcon.colcon_core.package_identification:_identify(src/myagv_ros2_debug) by extension 'ros'
[1.355s] DEBUG:colcon.colcon_core.package_identification:Package 'src/myagv_ros2_debug' with type 'ros.ament_python' and name 'myagv_ros2_debug'
[1.355s] Level 1:colcon.colcon_core.package_identification:_identify(src/myagv_ros2_odom) by extensions ['ignore', 'ignore_ament_install']
[1.356s] Level 1:colcon.colcon_core.package_identification:_identify(src/myagv_ros2_odom) by extension 'ignore'
[1.356s] Level 1:colcon.colcon_core.package_identification:_identify(src/myagv_ros2_odom) by extension 'ignore_ament_install'
[1.356s] Level 1:colcon.colcon_core.package_identification:_identify(src/myagv_ros2_odom) by extensions ['colcon_pkg']
[1.356s] Level 1:colcon.colcon_core.package_identification:_identify(src/myagv_ros2_odom) by extension 'colcon_pkg'
[1.356s] Level 1:colcon.colcon_core.package_identification:_identify(src/myagv_ros2_odom) by extensions ['colcon_meta']
[1.356s] Level 1:colcon.colcon_core.package_identification:_identify(src/myagv_ros2_odom) by extension 'colcon_meta'
[1.357s] Level 1:colcon.colcon_core.package_identification:_identify(src/myagv_ros2_odom) by extensions ['ros']
[1.357s] Level 1:colcon.colcon_core.package_identification:_identify(src/myagv_ros2_odom) by extension 'ros'
[1.361s] DEBUG:colcon.colcon_core.package_identification:Package 'src/myagv_ros2_odom' with type 'ros.ament_cmake' and name 'myagv_ros2_odom'
[1.362s] Level 1:colcon.colcon_core.package_identification:_identify(src/myagv_ros2_odometry) by extensions ['ignore', 'ignore_ament_install']
[1.362s] Level 1:colcon.colcon_core.package_identification:_identify(src/myagv_ros2_odometry) by extension 'ignore'
[1.363s] Level 1:colcon.colcon_core.package_identification:_identify(src/myagv_ros2_odometry) by extension 'ignore_ament_install'
[1.363s] Level 1:colcon.colcon_core.package_identification:_identify(src/myagv_ros2_odometry) by extensions ['colcon_pkg']
[1.363s] Level 1:colcon.colcon_core.package_identification:_identify(src/myagv_ros2_odometry) by extension 'colcon_pkg'
[1.363s] Level 1:colcon.colcon_core.package_identification:_identify(src/myagv_ros2_odometry) by extensions ['colcon_meta']
[1.363s] Level 1:colcon.colcon_core.package_identification:_identify(src/myagv_ros2_odometry) by extension 'colcon_meta'
[1.363s] Level 1:colcon.colcon_core.package_identification:_identify(src/myagv_ros2_odometry) by extensions ['ros']
[1.364s] Level 1:colcon.colcon_core.package_identification:_identify(src/myagv_ros2_odometry) by extension 'ros'
[1.366s] DEBUG:colcon.colcon_core.package_identification:Package 'src/myagv_ros2_odometry' with type 'ros.ament_python' and name 'myagv_ros2_odometry'
[1.366s] Level 1:colcon.colcon_core.package_identification:_identify(src/myagv_ros2_urdf) by extensions ['ignore', 'ignore_ament_install']
[1.367s] Level 1:colcon.colcon_core.package_identification:_identify(src/myagv_ros2_urdf) by extension 'ignore'
[1.367s] Level 1:colcon.colcon_core.package_identification:_identify(src/myagv_ros2_urdf) by extension 'ignore_ament_install'
[1.367s] Level 1:colcon.colcon_core.package_identification:_identify(src/myagv_ros2_urdf) by extensions ['colcon_pkg']
[1.367s] Level 1:colcon.colcon_core.package_identification:_identify(src/myagv_ros2_urdf) by extension 'colcon_pkg'
[1.367s] Level 1:colcon.colcon_core.package_identification:_identify(src/myagv_ros2_urdf) by extensions ['colcon_meta']
[1.367s] Level 1:colcon.colcon_core.package_identification:_identify(src/myagv_ros2_urdf) by extension 'colcon_meta'
[1.368s] Level 1:colcon.colcon_core.package_identification:_identify(src/myagv_ros2_urdf) by extensions ['ros']
[1.368s] Level 1:colcon.colcon_core.package_identification:_identify(src/myagv_ros2_urdf) by extension 'ros'
[1.369s] DEBUG:colcon.colcon_core.package_identification:Package 'src/myagv_ros2_urdf' with type 'ros.ament_cmake' and name 'myagv_ros2_urdf'
[1.370s] Level 1:colcon.colcon_core.package_identification:_identify(src/myagv_ros2_ydlidar) by extensions ['ignore', 'ignore_ament_install']
[1.371s] Level 1:colcon.colcon_core.package_identification:_identify(src/myagv_ros2_ydlidar) by extension 'ignore'
[1.371s] Level 1:colcon.colcon_core.package_identification:_identify(src/myagv_ros2_ydlidar) by extension 'ignore_ament_install'
[1.371s] Level 1:colcon.colcon_core.package_identification:_identify(src/myagv_ros2_ydlidar) by extensions ['colcon_pkg']
[1.371s] Level 1:colcon.colcon_core.package_identification:_identify(src/myagv_ros2_ydlidar) by extension 'colcon_pkg'
[1.371s] Level 1:colcon.colcon_core.package_identification:_identify(src/myagv_ros2_ydlidar) by extensions ['colcon_meta']
[1.371s] Level 1:colcon.colcon_core.package_identification:_identify(src/myagv_ros2_ydlidar) by extension 'colcon_meta'
[1.372s] Level 1:colcon.colcon_core.package_identification:_identify(src/myagv_ros2_ydlidar) by extensions ['ros']
[1.372s] Level 1:colcon.colcon_core.package_identification:_identify(src/myagv_ros2_ydlidar) by extension 'ros'
[1.374s] DEBUG:colcon.colcon_core.package_identification:Package 'src/myagv_ros2_ydlidar' with type 'ros.ament_python' and name 'myagv_ros2_ydlidar'
[1.375s] Level 1:colcon.colcon_core.package_identification:_identify(src/ydlidar_ros2_driver) by extensions ['ignore', 'ignore_ament_install']
[1.375s] Level 1:colcon.colcon_core.package_identification:_identify(src/ydlidar_ros2_driver) by extension 'ignore'
[1.375s] Level 1:colcon.colcon_core.package_identification:_identify(src/ydlidar_ros2_driver) by extension 'ignore_ament_install'
[1.376s] Level 1:colcon.colcon_core.package_identification:_identify(src/ydlidar_ros2_driver) by extensions ['colcon_pkg']
[1.376s] Level 1:colcon.colcon_core.package_identification:_identify(src/ydlidar_ros2_driver) by extension 'colcon_pkg'
[1.376s] Level 1:colcon.colcon_core.package_identification:_identify(src/ydlidar_ros2_driver) by extensions ['colcon_meta']
[1.376s] Level 1:colcon.colcon_core.package_identification:_identify(src/ydlidar_ros2_driver) by extension 'colcon_meta'
[1.376s] Level 1:colcon.colcon_core.package_identification:_identify(src/ydlidar_ros2_driver) by extensions ['ros']
[1.376s] Level 1:colcon.colcon_core.package_identification:_identify(src/ydlidar_ros2_driver) by extension 'ros'
[1.379s] DEBUG:colcon.colcon_core.package_identification:Package 'src/ydlidar_ros2_driver' with type 'ros.ament_cmake' and name 'ydlidar_ros2_driver'
[1.379s] Level 1:colcon.colcon_core.package_discovery:discover_packages(recursive) using defaults
[1.379s] Level 1:colcon.colcon_core.package_discovery:discover_packages(ignore) discover
[1.379s] Level 1:colcon.colcon_core.package_discovery:discover_packages(ignore) using defaults
[1.379s] Level 1:colcon.colcon_core.package_discovery:discover_packages(path) discover
[1.380s] Level 1:colcon.colcon_core.package_discovery:discover_packages(path) using defaults
[1.498s] Level 1:colcon.colcon_core.package_discovery:discover_packages(prefix_path) check parameters
[1.498s] Level 1:colcon.colcon_core.package_discovery:discover_packages(prefix_path) discover
[1.508s] DEBUG:colcon.colcon_installed_package_information.package_discovery:Found 6 installed packages in /home/sara/myagv_ros2/install
[1.516s] DEBUG:colcon.colcon_installed_package_information.package_discovery:Found 271 installed packages in /opt/ros/humble
[1.522s] Level 1:colcon.colcon_core.package_discovery:discover_packages(prefix_path) using defaults
[1.682s] Level 5:colcon.colcon_core.verb:set package 'myagv_ros2_debug' build argument 'cmake_args' from command line to 'None'
[1.682s] Level 5:colcon.colcon_core.verb:set package 'myagv_ros2_debug' build argument 'cmake_target' from command line to 'None'
[1.682s] Level 5:colcon.colcon_core.verb:set package 'myagv_ros2_debug' build argument 'cmake_target_skip_unavailable' from command line to 'False'
[1.682s] Level 5:colcon.colcon_core.verb:set package 'myagv_ros2_debug' build argument 'cmake_clean_cache' from command line to 'False'
[1.682s] Level 5:colcon.colcon_core.verb:set package 'myagv_ros2_debug' build argument 'cmake_clean_first' from command line to 'False'
[1.682s] Level 5:colcon.colcon_core.verb:set package 'myagv_ros2_debug' build argument 'cmake_force_configure' from command line to 'False'
[1.682s] Level 5:colcon.colcon_core.verb:set package 'myagv_ros2_debug' build argument 'ament_cmake_args' from command line to 'None'
[1.683s] Level 5:colcon.colcon_core.verb:set package 'myagv_ros2_debug' build argument 'catkin_cmake_args' from command line to 'None'
[1.683s] Level 5:colcon.colcon_core.verb:set package 'myagv_ros2_debug' build argument 'catkin_skip_building_tests' from command line to 'False'
[1.683s] DEBUG:colcon.colcon_core.verb:Building package 'myagv_ros2_debug' with the following arguments: {'ament_cmake_args': None, 'build_base': '/home/sara/myagv_ros2/build/myagv_ros2_debug', 'catkin_cmake_args': None, 'catkin_skip_building_tests': False, 'cmake_args': None, 'cmake_clean_cache': False, 'cmake_clean_first': False, 'cmake_force_configure': False, 'cmake_target': None, 'cmake_target_skip_unavailable': False, 'install_base': '/home/sara/myagv_ros2/install/myagv_ros2_debug', 'merge_install': False, 'path': '/home/sara/myagv_ros2/src/myagv_ros2_debug', 'symlink_install': False, 'test_result_base': None}
[1.684s] Level 5:colcon.colcon_core.verb:set package 'myagv_ros2_odom' build argument 'cmake_args' from command line to 'None'
[1.684s] Level 5:colcon.colcon_core.verb:set package 'myagv_ros2_odom' build argument 'cmake_target' from command line to 'None'
[1.685s] Level 5:colcon.colcon_core.verb:set package 'myagv_ros2_odom' build argument 'cmake_target_skip_unavailable' from command line to 'False'
[1.685s] Level 5:colcon.colcon_core.verb:set package 'myagv_ros2_odom' build argument 'cmake_clean_cache' from command line to 'False'
[1.685s] Level 5:colcon.colcon_core.verb:set package 'myagv_ros2_odom' build argument 'cmake_clean_first' from command line to 'False'
[1.685s] Level 5:colcon.colcon_core.verb:set package 'myagv_ros2_odom' build argument 'cmake_force_configure' from command line to 'False'
[1.685s] Level 5:colcon.colcon_core.verb:set package 'myagv_ros2_odom' build argument 'ament_cmake_args' from command line to 'None'
[1.685s] Level 5:colcon.colcon_core.verb:set package 'myagv_ros2_odom' build argument 'catkin_cmake_args' from command line to 'None'
[1.685s] Level 5:colcon.colcon_core.verb:set package 'myagv_ros2_odom' build argument 'catkin_skip_building_tests' from command line to 'False'
[1.685s] DEBUG:colcon.colcon_core.verb:Building package 'myagv_ros2_odom' with the following arguments: {'ament_cmake_args': None, 'build_base': '/home/sara/myagv_ros2/build/myagv_ros2_odom', 'catkin_cmake_args': None, 'catkin_skip_building_tests': False, 'cmake_args': None, 'cmake_clean_cache': False, 'cmake_clean_first': False, 'cmake_force_configure': False, 'cmake_target': None, 'cmake_target_skip_unavailable': False, 'install_base': '/home/sara/myagv_ros2/install/myagv_ros2_odom', 'merge_install': False, 'path': '/home/sara/myagv_ros2/src/myagv_ros2_odom', 'symlink_install': False, 'test_result_base': None}
[1.687s] Level 5:colcon.colcon_core.verb:set package 'myagv_ros2_odometry' build argument 'cmake_args' from command line to 'None'
[1.687s] Level 5:colcon.colcon_core.verb:set package 'myagv_ros2_odometry' build argument 'cmake_target' from command line to 'None'
[1.687s] Level 5:colcon.colcon_core.verb:set package 'myagv_ros2_odometry' build argument 'cmake_target_skip_unavailable' from command line to 'False'
[1.687s] Level 5:colcon.colcon_core.verb:set package 'myagv_ros2_odometry' build argument 'cmake_clean_cache' from command line to 'False'
[1.687s] Level 5:colcon.colcon_core.verb:set package 'myagv_ros2_odometry' build argument 'cmake_clean_first' from command line to 'False'
[1.687s] Level 5:colcon.colcon_core.verb:set package 'myagv_ros2_odometry' build argument 'cmake_force_configure' from command line to 'False'
[1.687s] Level 5:colcon.colcon_core.verb:set package 'myagv_ros2_odometry' build argument 'ament_cmake_args' from command line to 'None'
[1.687s] Level 5:colcon.colcon_core.verb:set package 'myagv_ros2_odometry' build argument 'catkin_cmake_args' from command line to 'None'
[1.688s] Level 5:colcon.colcon_core.verb:set package 'myagv_ros2_odometry' build argument 'catkin_skip_building_tests' from command line to 'False'
[1.688s] DEBUG:colcon.colcon_core.verb:Building package 'myagv_ros2_odometry' with the following arguments: {'ament_cmake_args': None, 'build_base': '/home/sara/myagv_ros2/build/myagv_ros2_odometry', 'catkin_cmake_args': None, 'catkin_skip_building_tests': False, 'cmake_args': None, 'cmake_clean_cache': False, 'cmake_clean_first': False, 'cmake_force_configure': False, 'cmake_target': None, 'cmake_target_skip_unavailable': False, 'install_base': '/home/sara/myagv_ros2/install/myagv_ros2_odometry', 'merge_install': False, 'path': '/home/sara/myagv_ros2/src/myagv_ros2_odometry', 'symlink_install': False, 'test_result_base': None}
[1.689s] Level 5:colcon.colcon_core.verb:set package 'myagv_ros2_urdf' build argument 'cmake_args' from command line to 'None'
[1.689s] Level 5:colcon.colcon_core.verb:set package 'myagv_ros2_urdf' build argument 'cmake_target' from command line to 'None'
[1.689s] Level 5:colcon.colcon_core.verb:set package 'myagv_ros2_urdf' build argument 'cmake_target_skip_unavailable' from command line to 'False'
[1.689s] Level 5:colcon.colcon_core.verb:set package 'myagv_ros2_urdf' build argument 'cmake_clean_cache' from command line to 'False'
[1.690s] Level 5:colcon.colcon_core.verb:set package 'myagv_ros2_urdf' build argument 'cmake_clean_first' from command line to 'False'
[1.690s] Level 5:colcon.colcon_core.verb:set package 'myagv_ros2_urdf' build argument 'cmake_force_configure' from command line to 'False'
[1.690s] Level 5:colcon.colcon_core.verb:set package 'myagv_ros2_urdf' build argument 'ament_cmake_args' from command line to 'None'
[1.690s] Level 5:colcon.colcon_core.verb:set package 'myagv_ros2_urdf' build argument 'catkin_cmake_args' from command line to 'None'
[1.690s] Level 5:colcon.colcon_core.verb:set package 'myagv_ros2_urdf' build argument 'catkin_skip_building_tests' from command line to 'False'
[1.690s] DEBUG:colcon.colcon_core.verb:Building package 'myagv_ros2_urdf' with the following arguments: {'ament_cmake_args': None, 'build_base': '/home/sara/myagv_ros2/build/myagv_ros2_urdf', 'catkin_cmake_args': None, 'catkin_skip_building_tests': False, 'cmake_args': None, 'cmake_clean_cache': False, 'cmake_clean_first': False, 'cmake_force_configure': False, 'cmake_target': None, 'cmake_target_skip_unavailable': False, 'install_base': '/home/sara/myagv_ros2/install/myagv_ros2_urdf', 'merge_install': False, 'path': '/home/sara/myagv_ros2/src/myagv_ros2_urdf', 'symlink_install': False, 'test_result_base': None}
[1.691s] Level 5:colcon.colcon_core.verb:set package 'myagv_ros2_ydlidar' build argument 'cmake_args' from command line to 'None'
[1.692s] Level 5:colcon.colcon_core.verb:set package 'myagv_ros2_ydlidar' build argument 'cmake_target' from command line to 'None'
[1.692s] Level 5:colcon.colcon_core.verb:set package 'myagv_ros2_ydlidar' build argument 'cmake_target_skip_unavailable' from command line to 'False'
[1.692s] Level 5:colcon.colcon_core.verb:set package 'myagv_ros2_ydlidar' build argument 'cmake_clean_cache' from command line to 'False'
[1.692s] Level 5:colcon.colcon_core.verb:set package 'myagv_ros2_ydlidar' build argument 'cmake_clean_first' from command line to 'False'
[1.692s] Level 5:colcon.colcon_core.verb:set package 'myagv_ros2_ydlidar' build argument 'cmake_force_configure' from command line to 'False'
[1.692s] Level 5:colcon.colcon_core.verb:set package 'myagv_ros2_ydlidar' build argument 'ament_cmake_args' from command line to 'None'
[1.692s] Level 5:colcon.colcon_core.verb:set package 'myagv_ros2_ydlidar' build argument 'catkin_cmake_args' from command line to 'None'
[1.692s] Level 5:colcon.colcon_core.verb:set package 'myagv_ros2_ydlidar' build argument 'catkin_skip_building_tests' from command line to 'False'
[1.692s] DEBUG:colcon.colcon_core.verb:Building package 'myagv_ros2_ydlidar' with the following arguments: {'ament_cmake_args': None, 'build_base': '/home/sara/myagv_ros2/build/myagv_ros2_ydlidar', 'catkin_cmake_args': None, 'catkin_skip_building_tests': False, 'cmake_args': None, 'cmake_clean_cache': False, 'cmake_clean_first': False, 'cmake_force_configure': False, 'cmake_target': None, 'cmake_target_skip_unavailable': False, 'install_base': '/home/sara/myagv_ros2/install/myagv_ros2_ydlidar', 'merge_install': False, 'path': '/home/sara/myagv_ros2/src/myagv_ros2_ydlidar', 'symlink_install': False, 'test_result_base': None}
[1.694s] Level 5:colcon.colcon_core.verb:set package 'ydlidar_ros2_driver' build argument 'cmake_args' from command line to 'None'
[1.694s] Level 5:colcon.colcon_core.verb:set package 'ydlidar_ros2_driver' build argument 'cmake_target' from command line to 'None'
[1.694s] Level 5:colcon.colcon_core.verb:set package 'ydlidar_ros2_driver' build argument 'cmake_target_skip_unavailable' from command line to 'False'
[1.694s] Level 5:colcon.colcon_core.verb:set package 'ydlidar_ros2_driver' build argument 'cmake_clean_cache' from command line to 'False'
[1.694s] Level 5:colcon.colcon_core.verb:set package 'ydlidar_ros2_driver' build argument 'cmake_clean_first' from command line to 'False'
[1.694s] Level 5:colcon.colcon_core.verb:set package 'ydlidar_ros2_driver' build argument 'cmake_force_configure' from command line to 'False'
[1.694s] Level 5:colcon.colcon_core.verb:set package 'ydlidar_ros2_driver' build argument 'ament_cmake_args' from command line to 'None'
[1.695s] Level 5:colcon.colcon_core.verb:set package 'ydlidar_ros2_driver' build argument 'catkin_cmake_args' from command line to 'None'
[1.695s] Level 5:colcon.colcon_core.verb:set package 'ydlidar_ros2_driver' build argument 'catkin_skip_building_tests' from command line to 'False'
[1.695s] DEBUG:colcon.colcon_core.verb:Building package 'ydlidar_ros2_driver' with the following arguments: {'ament_cmake_args': None, 'build_base': '/home/sara/myagv_ros2/build/ydlidar_ros2_driver', 'catkin_cmake_args': None, 'catkin_skip_building_tests': False, 'cmake_args': None, 'cmake_clean_cache': False, 'cmake_clean_first': False, 'cmake_force_configure': False, 'cmake_target': None, 'cmake_target_skip_unavailable': False, 'install_base': '/home/sara/myagv_ros2/install/ydlidar_ros2_driver', 'merge_install': False, 'path': '/home/sara/myagv_ros2/src/ydlidar_ros2_driver', 'symlink_install': False, 'test_result_base': None}
[1.695s] INFO:colcon.colcon_core.executor:Executing jobs using 'parallel' executor
[1.699s] DEBUG:colcon.colcon_parallel_executor.executor.parallel:run_until_complete
[1.700s] INFO:colcon.colcon_ros.task.ament_python.build:Building ROS package in '/home/sara/myagv_ros2/src/myagv_ros2_debug' with build type 'ament_python'
[1.700s] Level 1:colcon.colcon_core.shell:create_environment_hook('myagv_ros2_debug', 'ament_prefix_path')
[1.709s] INFO:colcon.colcon_core.plugin_system:Skipping extension 'colcon_core.shell.bat': Not used on non-Windows systems
[1.711s] INFO:colcon.colcon_core.shell:Creating environment hook '/home/sara/myagv_ros2/install/myagv_ros2_debug/share/myagv_ros2_debug/hook/ament_prefix_path.ps1'
[1.714s] INFO:colcon.colcon_core.shell:Creating environment descriptor '/home/sara/myagv_ros2/install/myagv_ros2_debug/share/myagv_ros2_debug/hook/ament_prefix_path.dsv'
[1.716s] INFO:colcon.colcon_core.shell:Creating environment hook '/home/sara/myagv_ros2/install/myagv_ros2_debug/share/myagv_ros2_debug/hook/ament_prefix_path.sh'
[1.719s] INFO:colcon.colcon_core.shell:Skip shell extension 'powershell' for command environment: Not usable outside of PowerShell
[1.720s] DEBUG:colcon.colcon_core.shell:Skip shell extension 'dsv' for command environment
[1.738s] INFO:colcon.colcon_ros.task.ament_cmake.build:Building ROS package in '/home/sara/myagv_ros2/src/myagv_ros2_odom' with build type 'ament_cmake'
[1.739s] INFO:colcon.colcon_cmake.task.cmake.build:Building CMake package in '/home/sara/myagv_ros2/src/myagv_ros2_odom'
[1.740s] INFO:colcon.colcon_core.shell:Skip shell extension 'powershell' for command environment: Not usable outside of PowerShell
[1.741s] DEBUG:colcon.colcon_core.shell:Skip shell extension 'dsv' for command environment
[1.761s] INFO:colcon.colcon_ros.task.ament_python.build:Building ROS package in '/home/sara/myagv_ros2/src/myagv_ros2_odometry' with build type 'ament_python'
[1.762s] Level 1:colcon.colcon_core.shell:create_environment_hook('myagv_ros2_odometry', 'ament_prefix_path')
[1.763s] INFO:colcon.colcon_core.shell:Creating environment hook '/home/sara/myagv_ros2/install/myagv_ros2_odometry/share/myagv_ros2_odometry/hook/ament_prefix_path.ps1'
[1.766s] INFO:colcon.colcon_core.shell:Creating environment descriptor '/home/sara/myagv_ros2/install/myagv_ros2_odometry/share/myagv_ros2_odometry/hook/ament_prefix_path.dsv'
[1.768s] INFO:colcon.colcon_core.shell:Creating environment hook '/home/sara/myagv_ros2/install/myagv_ros2_odometry/share/myagv_ros2_odometry/hook/ament_prefix_path.sh'
[1.771s] INFO:colcon.colcon_core.shell:Skip shell extension 'powershell' for command environment: Not usable outside of PowerShell
[1.772s] DEBUG:colcon.colcon_core.shell:Skip shell extension 'dsv' for command environment
[1.790s] INFO:colcon.colcon_ros.task.ament_cmake.build:Building ROS package in '/home/sara/myagv_ros2/src/myagv_ros2_urdf' with build type 'ament_cmake'
[1.791s] INFO:colcon.colcon_cmake.task.cmake.build:Building CMake package in '/home/sara/myagv_ros2/src/myagv_ros2_urdf'
[1.792s] INFO:colcon.colcon_core.shell:Skip shell extension 'powershell' for command environment: Not usable outside of PowerShell
[1.793s] DEBUG:colcon.colcon_core.shell:Skip shell extension 'dsv' for command environment
[2.983s] INFO:colcon.colcon_core.task.python.build:Building Python package in '/home/sara/myagv_ros2/src/myagv_ros2_debug'
[2.985s] INFO:colcon.colcon_core.shell:Skip shell extension 'powershell' for command environment: Not usable outside of PowerShell
[2.985s] DEBUG:colcon.colcon_core.shell:Skip shell extension 'dsv' for command environment
[3.018s] DEBUG:colcon.colcon_core.event_handler.log_command:Invoking command in '/home/sara/myagv_ros2/build/myagv_ros2_odom': CMAKE_PREFIX_PATH=${CMAKE_PREFIX_PATH}:/home/sara/myagv_ros2/install/myagv_ros2_ydlidar:/home/sara/myagv_ros2/install/myagv_ros2_odometry:/home/sara/myagv_ros2/install/myagv_ros2_debug:/opt/ros/humble /usr/bin/cmake --build /home/sara/myagv_ros2/build/myagv_ros2_odom -- -j4 -l4
[4.240s] INFO:colcon.colcon_core.task.python.build:Building Python package in '/home/sara/myagv_ros2/src/myagv_ros2_odometry'
[4.242s] INFO:colcon.colcon_core.shell:Skip shell extension 'powershell' for command environment: Not usable outside of PowerShell
[4.242s] DEBUG:colcon.colcon_core.shell:Skip shell extension 'dsv' for command environment
[4.272s] DEBUG:colcon.colcon_core.event_handler.log_command:Invoked command in '/home/sara/myagv_ros2/build/myagv_ros2_odom' returned '0': CMAKE_PREFIX_PATH=${CMAKE_PREFIX_PATH}:/home/sara/myagv_ros2/install/myagv_ros2_ydlidar:/home/sara/myagv_ros2/install/myagv_ros2_odometry:/home/sara/myagv_ros2/install/myagv_ros2_debug:/opt/ros/humble /usr/bin/cmake --build /home/sara/myagv_ros2/build/myagv_ros2_odom -- -j4 -l4
[4.293s] DEBUG:colcon.colcon_core.event_handler.log_command:Invoking command in '/home/sara/myagv_ros2/build/myagv_ros2_urdf': CMAKE_PREFIX_PATH=${CMAKE_PREFIX_PATH}:/home/sara/myagv_ros2/install/myagv_ros2_ydlidar:/home/sara/myagv_ros2/install/myagv_ros2_odometry:/home/sara/myagv_ros2/install/myagv_ros2_debug:/opt/ros/humble /usr/bin/cmake --build /home/sara/myagv_ros2/build/myagv_ros2_urdf -- -j4 -l4
[4.482s] DEBUG:colcon.colcon_core.event_handler.log_command:Invoking command in '/home/sara/myagv_ros2/build/myagv_ros2_odom': CMAKE_PREFIX_PATH=${CMAKE_PREFIX_PATH}:/home/sara/myagv_ros2/install/myagv_ros2_ydlidar:/home/sara/myagv_ros2/install/myagv_ros2_odometry:/home/sara/myagv_ros2/install/myagv_ros2_debug:/opt/ros/humble /usr/bin/cmake --install /home/sara/myagv_ros2/build/myagv_ros2_odom
[4.502s] DEBUG:colcon.colcon_core.event_handler.log_command:Invoked command in '/home/sara/myagv_ros2/build/myagv_ros2_urdf' returned '0': CMAKE_PREFIX_PATH=${CMAKE_PREFIX_PATH}:/home/sara/myagv_ros2/install/myagv_ros2_ydlidar:/home/sara/myagv_ros2/install/myagv_ros2_odometry:/home/sara/myagv_ros2/install/myagv_ros2_debug:/opt/ros/humble /usr/bin/cmake --build /home/sara/myagv_ros2/build/myagv_ros2_urdf -- -j4 -l4
[4.540s] Level 1:colcon.colcon_core.environment:create_environment_scripts_only(myagv_ros2_odom)
[4.554s] DEBUG:colcon.colcon_core.event_handler.log_command:Invoked command in '/home/sara/myagv_ros2/build/myagv_ros2_odom' returned '0': CMAKE_PREFIX_PATH=${CMAKE_PREFIX_PATH}:/home/sara/myagv_ros2/install/myagv_ros2_ydlidar:/home/sara/myagv_ros2/install/myagv_ros2_odometry:/home/sara/myagv_ros2/install/myagv_ros2_debug:/opt/ros/humble /usr/bin/cmake --install /home/sara/myagv_ros2/build/myagv_ros2_odom
[4.562s] Level 1:colcon.colcon_core.environment:checking '/home/sara/myagv_ros2/install/myagv_ros2_odom' for CMake module files
[4.565s] Level 1:colcon.colcon_core.environment:checking '/home/sara/myagv_ros2/install/myagv_ros2_odom' for CMake config files
[4.569s] Level 1:colcon.colcon_core.shell:create_environment_hook('myagv_ros2_odom', 'cmake_prefix_path')
[4.570s] INFO:colcon.colcon_core.shell:Creating environment hook '/home/sara/myagv_ros2/install/myagv_ros2_odom/share/myagv_ros2_odom/hook/cmake_prefix_path.ps1'
[4.573s] INFO:colcon.colcon_core.shell:Creating environment descriptor '/home/sara/myagv_ros2/install/myagv_ros2_odom/share/myagv_ros2_odom/hook/cmake_prefix_path.dsv'
[4.576s] INFO:colcon.colcon_core.shell:Creating environment hook '/home/sara/myagv_ros2/install/myagv_ros2_odom/share/myagv_ros2_odom/hook/cmake_prefix_path.sh'
[4.580s] Level 1:colcon.colcon_core.environment:checking '/home/sara/myagv_ros2/install/myagv_ros2_odom/lib'
[4.581s] Level 1:colcon.colcon_core.environment:checking '/home/sara/myagv_ros2/install/myagv_ros2_odom/bin'
[4.582s] Level 1:colcon.colcon_core.environment:checking '/home/sara/myagv_ros2/install/myagv_ros2_odom/lib/pkgconfig/myagv_ros2_odom.pc'
[4.583s] Level 1:colcon.colcon_core.environment:checking '/home/sara/myagv_ros2/install/myagv_ros2_odom/lib/python3.10/site-packages'
[4.585s] Level 1:colcon.colcon_core.environment:checking '/home/sara/myagv_ros2/install/myagv_ros2_odom/bin'
[4.586s] INFO:colcon.colcon_core.shell:Creating package script '/home/sara/myagv_ros2/install/myagv_ros2_odom/share/myagv_ros2_odom/package.ps1'
[4.591s] INFO:colcon.colcon_core.shell:Creating package descriptor '/home/sara/myagv_ros2/install/myagv_ros2_odom/share/myagv_ros2_odom/package.dsv'
[4.596s] INFO:colcon.colcon_core.shell:Creating package script '/home/sara/myagv_ros2/install/myagv_ros2_odom/share/myagv_ros2_odom/package.sh'
[4.602s] INFO:colcon.colcon_core.shell:Creating package script '/home/sara/myagv_ros2/install/myagv_ros2_odom/share/myagv_ros2_odom/package.bash'
[4.606s] INFO:colcon.colcon_core.shell:Creating package script '/home/sara/myagv_ros2/install/myagv_ros2_odom/share/myagv_ros2_odom/package.zsh'
[4.610s] Level 1:colcon.colcon_core.environment:create_file_with_runtime_dependencies(/home/sara/myagv_ros2/install/myagv_ros2_odom/share/colcon-core/packages/myagv_ros2_odom)
[4.641s] DEBUG:colcon.colcon_core.event_handler.log_command:Invoking command in '/home/sara/myagv_ros2/build/myagv_ros2_urdf': CMAKE_PREFIX_PATH=${CMAKE_PREFIX_PATH}:/home/sara/myagv_ros2/install/myagv_ros2_ydlidar:/home/sara/myagv_ros2/install/myagv_ros2_odometry:/home/sara/myagv_ros2/install/myagv_ros2_debug:/opt/ros/humble /usr/bin/cmake --install /home/sara/myagv_ros2/build/myagv_ros2_urdf
[4.725s] Level 1:colcon.colcon_core.environment:create_environment_scripts_only(myagv_ros2_urdf)
[4.727s] Level 1:colcon.colcon_core.environment:checking '/home/sara/myagv_ros2/install/myagv_ros2_urdf' for CMake module files
[4.729s] DEBUG:colcon.colcon_core.event_handler.log_command:Invoked command in '/home/sara/myagv_ros2/build/myagv_ros2_urdf' returned '0': CMAKE_PREFIX_PATH=${CMAKE_PREFIX_PATH}:/home/sara/myagv_ros2/install/myagv_ros2_ydlidar:/home/sara/myagv_ros2/install/myagv_ros2_odometry:/home/sara/myagv_ros2/install/myagv_ros2_debug:/opt/ros/humble /usr/bin/cmake --install /home/sara/myagv_ros2/build/myagv_ros2_urdf
[4.734s] Level 1:colcon.colcon_core.environment:checking '/home/sara/myagv_ros2/install/myagv_ros2_urdf' for CMake config files
[4.736s] Level 1:colcon.colcon_core.shell:create_environment_hook('myagv_ros2_urdf', 'cmake_prefix_path')
[4.738s] INFO:colcon.colcon_core.shell:Creating environment hook '/home/sara/myagv_ros2/install/myagv_ros2_urdf/share/myagv_ros2_urdf/hook/cmake_prefix_path.ps1'
[4.741s] INFO:colcon.colcon_core.shell:Creating environment descriptor '/home/sara/myagv_ros2/install/myagv_ros2_urdf/share/myagv_ros2_urdf/hook/cmake_prefix_path.dsv'
[4.744s] INFO:colcon.colcon_core.shell:Creating environment hook '/home/sara/myagv_ros2/install/myagv_ros2_urdf/share/myagv_ros2_urdf/hook/cmake_prefix_path.sh'
[4.747s] Level 1:colcon.colcon_core.environment:checking '/home/sara/myagv_ros2/install/myagv_ros2_urdf/bin'
[4.748s] Level 1:colcon.colcon_core.environment:checking '/home/sara/myagv_ros2/install/myagv_ros2_urdf/lib/pkgconfig/myagv_ros2_urdf.pc'
[4.749s] Level 1:colcon.colcon_core.environment:checking '/home/sara/myagv_ros2/install/myagv_ros2_urdf/lib/python3.10/site-packages'
[4.750s] Level 1:colcon.colcon_core.environment:checking '/home/sara/myagv_ros2/install/myagv_ros2_urdf/bin'
[4.752s] INFO:colcon.colcon_core.shell:Creating package script '/home/sara/myagv_ros2/install/myagv_ros2_urdf/share/myagv_ros2_urdf/package.ps1'
[4.755s] INFO:colcon.colcon_core.shell:Creating package descriptor '/home/sara/myagv_ros2/install/myagv_ros2_urdf/share/myagv_ros2_urdf/package.dsv'
[4.758s] INFO:colcon.colcon_core.shell:Creating package script '/home/sara/myagv_ros2/install/myagv_ros2_urdf/share/myagv_ros2_urdf/package.sh'
[4.761s] INFO:colcon.colcon_core.shell:Creating package script '/home/sara/myagv_ros2/install/myagv_ros2_urdf/share/myagv_ros2_urdf/package.bash'
[4.763s] INFO:colcon.colcon_core.shell:Creating package script '/home/sara/myagv_ros2/install/myagv_ros2_urdf/share/myagv_ros2_urdf/package.zsh'
[4.766s] Level 1:colcon.colcon_core.environment:create_file_with_runtime_dependencies(/home/sara/myagv_ros2/install/myagv_ros2_urdf/share/colcon-core/packages/myagv_ros2_urdf)
[4.785s] Level 1:colcon.colcon_core.environment:create_environment_scripts_only(myagv_ros2_odom)
[4.787s] Level 1:colcon.colcon_core.environment:checking '/home/sara/myagv_ros2/install/myagv_ros2_odom' for CMake module files
[4.792s] Level 1:colcon.colcon_core.environment:checking '/home/sara/myagv_ros2/install/myagv_ros2_odom' for CMake config files
[4.796s] Level 1:colcon.colcon_core.shell:create_environment_hook('myagv_ros2_odom', 'cmake_prefix_path')
[4.797s] INFO:colcon.colcon_core.shell:Creating environment hook '/home/sara/myagv_ros2/install/myagv_ros2_odom/share/myagv_ros2_odom/hook/cmake_prefix_path.ps1'
[4.801s] INFO:colcon.colcon_core.shell:Creating environment descriptor '/home/sara/myagv_ros2/install/myagv_ros2_odom/share/myagv_ros2_odom/hook/cmake_prefix_path.dsv'
[4.803s] INFO:colcon.colcon_core.shell:Creating environment hook '/home/sara/myagv_ros2/install/myagv_ros2_odom/share/myagv_ros2_odom/hook/cmake_prefix_path.sh'
[4.808s] Level 1:colcon.colcon_core.environment:checking '/home/sara/myagv_ros2/install/myagv_ros2_odom/lib'
[4.809s] Level 1:colcon.colcon_core.environment:checking '/home/sara/myagv_ros2/install/myagv_ros2_odom/bin'
[4.809s] Level 1:colcon.colcon_core.environment:checking '/home/sara/myagv_ros2/install/myagv_ros2_odom/lib/pkgconfig/myagv_ros2_odom.pc'
[4.811s] Level 1:colcon.colcon_core.environment:checking '/home/sara/myagv_ros2/install/myagv_ros2_odom/lib/python3.10/site-packages'
[4.812s] Level 1:colcon.colcon_core.environment:checking '/home/sara/myagv_ros2/install/myagv_ros2_odom/bin'
[4.814s] INFO:colcon.colcon_core.shell:Creating package script '/home/sara/myagv_ros2/install/myagv_ros2_odom/share/myagv_ros2_odom/package.ps1'
[4.818s] INFO:colcon.colcon_core.shell:Creating package descriptor '/home/sara/myagv_ros2/install/myagv_ros2_odom/share/myagv_ros2_odom/package.dsv'
[4.822s] INFO:colcon.colcon_core.shell:Creating package script '/home/sara/myagv_ros2/install/myagv_ros2_odom/share/myagv_ros2_odom/package.sh'
[4.827s] INFO:colcon.colcon_core.shell:Creating package script '/home/sara/myagv_ros2/install/myagv_ros2_odom/share/myagv_ros2_odom/package.bash'
[4.830s] INFO:colcon.colcon_core.shell:Creating package script '/home/sara/myagv_ros2/install/myagv_ros2_odom/share/myagv_ros2_odom/package.zsh'
[4.833s] Level 1:colcon.colcon_core.environment:create_file_with_runtime_dependencies(/home/sara/myagv_ros2/install/myagv_ros2_odom/share/colcon-core/packages/myagv_ros2_odom)
[4.836s] INFO:colcon.colcon_ros.task.ament_python.build:Building ROS package in '/home/sara/myagv_ros2/src/myagv_ros2_ydlidar' with build type 'ament_python'
[4.837s] Level 1:colcon.colcon_core.shell:create_environment_hook('myagv_ros2_ydlidar', 'ament_prefix_path')
[4.838s] INFO:colcon.colcon_core.shell:Creating environment hook '/home/sara/myagv_ros2/install/myagv_ros2_ydlidar/share/myagv_ros2_ydlidar/hook/ament_prefix_path.ps1'
[4.842s] INFO:colcon.colcon_core.shell:Creating environment descriptor '/home/sara/myagv_ros2/install/myagv_ros2_ydlidar/share/myagv_ros2_ydlidar/hook/ament_prefix_path.dsv'
[4.846s] INFO:colcon.colcon_core.shell:Creating environment hook '/home/sara/myagv_ros2/install/myagv_ros2_ydlidar/share/myagv_ros2_ydlidar/hook/ament_prefix_path.sh'
[4.850s] INFO:colcon.colcon_core.shell:Skip shell extension 'powershell' for command environment: Not usable outside of PowerShell
[4.850s] DEBUG:colcon.colcon_core.shell:Skip shell extension 'dsv' for command environment
[6.588s] INFO:colcon.colcon_core.task.python.build:Building Python package in '/home/sara/myagv_ros2/src/myagv_ros2_ydlidar'
[6.589s] INFO:colcon.colcon_core.shell:Skip shell extension 'powershell' for command environment: Not usable outside of PowerShell
[6.589s] DEBUG:colcon.colcon_core.shell:Skip shell extension 'dsv' for command environment
[6.611s] Level 1:colcon.colcon_core.environment:create_environment_scripts_only(myagv_ros2_urdf)
[6.612s] Level 1:colcon.colcon_core.environment:checking '/home/sara/myagv_ros2/install/myagv_ros2_urdf' for CMake module files
[6.616s] Level 1:colcon.colcon_core.environment:checking '/home/sara/myagv_ros2/install/myagv_ros2_urdf' for CMake config files
[6.617s] Level 1:colcon.colcon_core.shell:create_environment_hook('myagv_ros2_urdf', 'cmake_prefix_path')
[6.618s] INFO:colcon.colcon_core.shell:Creating environment hook '/home/sara/myagv_ros2/install/myagv_ros2_urdf/share/myagv_ros2_urdf/hook/cmake_prefix_path.ps1'
[6.620s] INFO:colcon.colcon_core.shell:Creating environment descriptor '/home/sara/myagv_ros2/install/myagv_ros2_urdf/share/myagv_ros2_urdf/hook/cmake_prefix_path.dsv'
[6.622s] INFO:colcon.colcon_core.shell:Creating environment hook '/home/sara/myagv_ros2/install/myagv_ros2_urdf/share/myagv_ros2_urdf/hook/cmake_prefix_path.sh'
[6.625s] Level 1:colcon.colcon_core.environment:checking '/home/sara/myagv_ros2/install/myagv_ros2_urdf/bin'
[6.625s] Level 1:colcon.colcon_core.environment:checking '/home/sara/myagv_ros2/install/myagv_ros2_urdf/lib/pkgconfig/myagv_ros2_urdf.pc'
[6.626s] Level 1:colcon.colcon_core.environment:checking '/home/sara/myagv_ros2/install/myagv_ros2_urdf/lib/python3.10/site-packages'
[6.627s] Level 1:colcon.colcon_core.environment:checking '/home/sara/myagv_ros2/install/myagv_ros2_urdf/bin'
[6.628s] INFO:colcon.colcon_core.shell:Creating package script '/home/sara/myagv_ros2/install/myagv_ros2_urdf/share/myagv_ros2_urdf/package.ps1'
[6.630s] INFO:colcon.colcon_core.shell:Creating package descriptor '/home/sara/myagv_ros2/install/myagv_ros2_urdf/share/myagv_ros2_urdf/package.dsv'
[6.632s] INFO:colcon.colcon_core.shell:Creating package script '/home/sara/myagv_ros2/install/myagv_ros2_urdf/share/myagv_ros2_urdf/package.sh'
[6.634s] INFO:colcon.colcon_core.shell:Creating package script '/home/sara/myagv_ros2/install/myagv_ros2_urdf/share/myagv_ros2_urdf/package.bash'
[6.637s] INFO:colcon.colcon_core.shell:Creating package script '/home/sara/myagv_ros2/install/myagv_ros2_urdf/share/myagv_ros2_urdf/package.zsh'
[6.639s] Level 1:colcon.colcon_core.environment:create_file_with_runtime_dependencies(/home/sara/myagv_ros2/install/myagv_ros2_urdf/share/colcon-core/packages/myagv_ros2_urdf)
[6.661s] DEBUG:colcon.colcon_core.event_handler.log_command:Invoking command in '/home/sara/myagv_ros2/src/myagv_ros2_debug': PYTHONPATH=/home/sara/myagv_ros2/build/myagv_ros2_debug/prefix_override:/usr/lib/python3/dist-packages/colcon_core/task/python/colcon_distutils_commands:/home/sara/myagv_ros2/install/myagv_ros2_debug/lib/python3.10/site-packages:${PYTHONPATH} /usr/bin/python3 -W ignore:setup.py install is deprecated setup.py egg_info --egg-base ../../build/myagv_ros2_debug build --build-base /home/sara/myagv_ros2/build/myagv_ros2_debug/build install --record /home/sara/myagv_ros2/build/myagv_ros2_debug/install.log --single-version-externally-managed install_data
[6.666s] DEBUG:colcon.colcon_core.event_handler.log_command:Invoking command in '/home/sara/myagv_ros2/src/myagv_ros2_odometry': PYTHONPATH=/home/sara/myagv_ros2/build/myagv_ros2_odometry/prefix_override:/usr/lib/python3/dist-packages/colcon_core/task/python/colcon_distutils_commands:/home/sara/myagv_ros2/install/myagv_ros2_odometry/lib/python3.10/site-packages:${PYTHONPATH} /usr/bin/python3 -W ignore:setup.py install is deprecated setup.py egg_info --egg-base ../../build/myagv_ros2_odometry build --build-base /home/sara/myagv_ros2/build/myagv_ros2_odometry/build install --record /home/sara/myagv_ros2/build/myagv_ros2_odometry/install.log --single-version-externally-managed install_data
[6.668s] INFO:colcon.colcon_ros.task.ament_cmake.build:Building ROS package in '/home/sara/myagv_ros2/src/ydlidar_ros2_driver' with build type 'ament_cmake'
[6.669s] INFO:colcon.colcon_cmake.task.cmake.build:Building CMake package in '/home/sara/myagv_ros2/src/ydlidar_ros2_driver'
[6.671s] INFO:colcon.colcon_core.shell:Skip shell extension 'powershell' for command environment: Not usable outside of PowerShell
[6.671s] DEBUG:colcon.colcon_core.shell:Skip shell extension 'dsv' for command environment
[6.726s] DEBUG:colcon.colcon_core.event_handler.log_command:Invoking command in '/home/sara/myagv_ros2/build/ydlidar_ros2_driver': CMAKE_PREFIX_PATH=${CMAKE_PREFIX_PATH}:/home/sara/myagv_ros2/install/myagv_ros2_ydlidar:/home/sara/myagv_ros2/install/myagv_ros2_odometry:/home/sara/myagv_ros2/install/myagv_ros2_debug:/opt/ros/humble /usr/bin/cmake --build /home/sara/myagv_ros2/build/ydlidar_ros2_driver -- -j4 -l4
[7.186s] DEBUG:colcon.colcon_core.event_handler.log_command:Invoked command in '/home/sara/myagv_ros2/build/ydlidar_ros2_driver' returned '0': CMAKE_PREFIX_PATH=${CMAKE_PREFIX_PATH}:/home/sara/myagv_ros2/install/myagv_ros2_ydlidar:/home/sara/myagv_ros2/install/myagv_ros2_odometry:/home/sara/myagv_ros2/install/myagv_ros2_debug:/opt/ros/humble /usr/bin/cmake --build /home/sara/myagv_ros2/build/ydlidar_ros2_driver -- -j4 -l4
[7.377s] DEBUG:colcon.colcon_core.event_handler.log_command:Invoking command in '/home/sara/myagv_ros2/build/ydlidar_ros2_driver': CMAKE_PREFIX_PATH=${CMAKE_PREFIX_PATH}:/home/sara/myagv_ros2/install/myagv_ros2_ydlidar:/home/sara/myagv_ros2/install/myagv_ros2_odometry:/home/sara/myagv_ros2/install/myagv_ros2_debug:/opt/ros/humble /usr/bin/cmake --install /home/sara/myagv_ros2/build/ydlidar_ros2_driver
[7.558s] Level 1:colcon.colcon_core.environment:create_environment_scripts_only(ydlidar_ros2_driver)
[7.560s] Level 1:colcon.colcon_core.environment:checking '/home/sara/myagv_ros2/install/ydlidar_ros2_driver' for CMake module files
[7.564s] DEBUG:colcon.colcon_core.event_handler.log_command:Invoked command in '/home/sara/myagv_ros2/build/ydlidar_ros2_driver' returned '0': CMAKE_PREFIX_PATH=${CMAKE_PREFIX_PATH}:/home/sara/myagv_ros2/install/myagv_ros2_ydlidar:/home/sara/myagv_ros2/install/myagv_ros2_odometry:/home/sara/myagv_ros2/install/myagv_ros2_debug:/opt/ros/humble /usr/bin/cmake --install /home/sara/myagv_ros2/build/ydlidar_ros2_driver
[7.566s] Level 1:colcon.colcon_core.environment:checking '/home/sara/myagv_ros2/install/ydlidar_ros2_driver' for CMake config files
[7.571s] Level 1:colcon.colcon_core.shell:create_environment_hook('ydlidar_ros2_driver', 'cmake_prefix_path')
[7.572s] INFO:colcon.colcon_core.shell:Creating environment hook '/home/sara/myagv_ros2/install/ydlidar_ros2_driver/share/ydlidar_ros2_driver/hook/cmake_prefix_path.ps1'
[7.576s] INFO:colcon.colcon_core.shell:Creating environment descriptor '/home/sara/myagv_ros2/install/ydlidar_ros2_driver/share/ydlidar_ros2_driver/hook/cmake_prefix_path.dsv'
[7.579s] INFO:colcon.colcon_core.shell:Creating environment hook '/home/sara/myagv_ros2/install/ydlidar_ros2_driver/share/ydlidar_ros2_driver/hook/cmake_prefix_path.sh'
[7.584s] Level 1:colcon.colcon_core.environment:checking '/home/sara/myagv_ros2/install/ydlidar_ros2_driver/lib'
[7.584s] Level 1:colcon.colcon_core.environment:checking '/home/sara/myagv_ros2/install/ydlidar_ros2_driver/bin'
[7.585s] Level 1:colcon.colcon_core.environment:checking '/home/sara/myagv_ros2/install/ydlidar_ros2_driver/lib/pkgconfig/ydlidar_ros2_driver.pc'
[7.586s] Level 1:colcon.colcon_core.environment:checking '/home/sara/myagv_ros2/install/ydlidar_ros2_driver/lib/python3.10/site-packages'
[7.588s] Level 1:colcon.colcon_core.environment:checking '/home/sara/myagv_ros2/install/ydlidar_ros2_driver/bin'
[7.589s] INFO:colcon.colcon_core.shell:Creating package script '/home/sara/myagv_ros2/install/ydlidar_ros2_driver/share/ydlidar_ros2_driver/package.ps1'
[7.593s] INFO:colcon.colcon_core.shell:Creating package descriptor '/home/sara/myagv_ros2/install/ydlidar_ros2_driver/share/ydlidar_ros2_driver/package.dsv'
[7.596s] INFO:colcon.colcon_core.shell:Creating package script '/home/sara/myagv_ros2/install/ydlidar_ros2_driver/share/ydlidar_ros2_driver/package.sh'
[7.599s] INFO:colcon.colcon_core.shell:Creating package script '/home/sara/myagv_ros2/install/ydlidar_ros2_driver/share/ydlidar_ros2_driver/package.bash'
[7.602s] INFO:colcon.colcon_core.shell:Creating package script '/home/sara/myagv_ros2/install/ydlidar_ros2_driver/share/ydlidar_ros2_driver/package.zsh'
[7.604s] Level 1:colcon.colcon_core.environment:create_file_with_runtime_dependencies(/home/sara/myagv_ros2/install/ydlidar_ros2_driver/share/colcon-core/packages/ydlidar_ros2_driver)
[7.773s] Level 1:colcon.colcon_core.environment:create_environment_scripts_only(ydlidar_ros2_driver)
[7.774s] Level 1:colcon.colcon_core.environment:checking '/home/sara/myagv_ros2/install/ydlidar_ros2_driver' for CMake module files
[7.778s] Level 1:colcon.colcon_core.environment:checking '/home/sara/myagv_ros2/install/ydlidar_ros2_driver' for CMake config files
[7.783s] Level 1:colcon.colcon_core.shell:create_environment_hook('ydlidar_ros2_driver', 'cmake_prefix_path')
[7.784s] INFO:colcon.colcon_core.shell:Creating environment hook '/home/sara/myagv_ros2/install/ydlidar_ros2_driver/share/ydlidar_ros2_driver/hook/cmake_prefix_path.ps1'
[7.787s] INFO:colcon.colcon_core.shell:Creating environment descriptor '/home/sara/myagv_ros2/install/ydlidar_ros2_driver/share/ydlidar_ros2_driver/hook/cmake_prefix_path.dsv'
[7.790s] INFO:colcon.colcon_core.shell:Creating environment hook '/home/sara/myagv_ros2/install/ydlidar_ros2_driver/share/ydlidar_ros2_driver/hook/cmake_prefix_path.sh'
[7.793s] Level 1:colcon.colcon_core.environment:checking '/home/sara/myagv_ros2/install/ydlidar_ros2_driver/lib'
[7.794s] Level 1:colcon.colcon_core.environment:checking '/home/sara/myagv_ros2/install/ydlidar_ros2_driver/bin'
[7.795s] Level 1:colcon.colcon_core.environment:checking '/home/sara/myagv_ros2/install/ydlidar_ros2_driver/lib/pkgconfig/ydlidar_ros2_driver.pc'
[7.796s] Level 1:colcon.colcon_core.environment:checking '/home/sara/myagv_ros2/install/ydlidar_ros2_driver/lib/python3.10/site-packages'
[7.797s] Level 1:colcon.colcon_core.environment:checking '/home/sara/myagv_ros2/install/ydlidar_ros2_driver/bin'
[7.799s] INFO:colcon.colcon_core.shell:Creating package script '/home/sara/myagv_ros2/install/ydlidar_ros2_driver/share/ydlidar_ros2_driver/package.ps1'
[7.802s] INFO:colcon.colcon_core.shell:Creating package descriptor '/home/sara/myagv_ros2/install/ydlidar_ros2_driver/share/ydlidar_ros2_driver/package.dsv'
[7.806s] INFO:colcon.colcon_core.shell:Creating package script '/home/sara/myagv_ros2/install/ydlidar_ros2_driver/share/ydlidar_ros2_driver/package.sh'
[7.808s] INFO:colcon.colcon_core.shell:Creating package script '/home/sara/myagv_ros2/install/ydlidar_ros2_driver/share/ydlidar_ros2_driver/package.bash'
[7.811s] INFO:colcon.colcon_core.shell:Creating package script '/home/sara/myagv_ros2/install/ydlidar_ros2_driver/share/ydlidar_ros2_driver/package.zsh'
[7.814s] Level 1:colcon.colcon_core.environment:create_file_with_runtime_dependencies(/home/sara/myagv_ros2/install/ydlidar_ros2_driver/share/colcon-core/packages/ydlidar_ros2_driver)
[8.667s] Level 1:colcon.colcon_core.environment:checking '/home/sara/myagv_ros2/install/myagv_ros2_debug' for CMake module files
[8.671s] Level 1:colcon.colcon_core.environment:checking '/home/sara/myagv_ros2/install/myagv_ros2_debug' for CMake config files
[8.676s] Level 1:colcon.colcon_core.environment:checking '/home/sara/myagv_ros2/install/myagv_ros2_debug/lib'
[8.676s] Level 1:colcon.colcon_core.environment:checking '/home/sara/myagv_ros2/install/myagv_ros2_debug/bin'
[8.677s] Level 1:colcon.colcon_core.environment:checking '/home/sara/myagv_ros2/install/myagv_ros2_debug/lib/pkgconfig/myagv_ros2_debug.pc'
[8.679s] Level 1:colcon.colcon_core.environment:checking '/home/sara/myagv_ros2/install/myagv_ros2_debug/lib/python3.10/site-packages'
[8.680s] Level 1:colcon.colcon_core.shell:create_environment_hook('myagv_ros2_debug', 'pythonpath')
[8.681s] INFO:colcon.colcon_core.shell:Creating environment hook '/home/sara/myagv_ros2/install/myagv_ros2_debug/share/myagv_ros2_debug/hook/pythonpath.ps1'
[8.682s] DEBUG:colcon.colcon_core.event_handler.log_command:Invoked command in '/home/sara/myagv_ros2/src/myagv_ros2_debug' returned '0': PYTHONPATH=/home/sara/myagv_ros2/build/myagv_ros2_debug/prefix_override:/usr/lib/python3/dist-packages/colcon_core/task/python/colcon_distutils_commands:/home/sara/myagv_ros2/install/myagv_ros2_debug/lib/python3.10/site-packages:${PYTHONPATH} /usr/bin/python3 -W ignore:setup.py install is deprecated setup.py egg_info --egg-base ../../build/myagv_ros2_debug build --build-base /home/sara/myagv_ros2/build/myagv_ros2_debug/build install --record /home/sara/myagv_ros2/build/myagv_ros2_debug/install.log --single-version-externally-managed install_data
[8.685s] INFO:colcon.colcon_core.shell:Creating environment descriptor '/home/sara/myagv_ros2/install/myagv_ros2_debug/share/myagv_ros2_debug/hook/pythonpath.dsv'
[8.688s] INFO:colcon.colcon_core.shell:Creating environment hook '/home/sara/myagv_ros2/install/myagv_ros2_debug/share/myagv_ros2_debug/hook/pythonpath.sh'
[8.692s] Level 1:colcon.colcon_core.environment:checking '/home/sara/myagv_ros2/install/myagv_ros2_debug/bin'
[8.692s] Level 1:colcon.colcon_core.environment:create_environment_scripts_only(myagv_ros2_debug)
[8.693s] INFO:colcon.colcon_core.shell:Creating package script '/home/sara/myagv_ros2/install/myagv_ros2_debug/share/myagv_ros2_debug/package.ps1'
[8.696s] INFO:colcon.colcon_core.shell:Creating package descriptor '/home/sara/myagv_ros2/install/myagv_ros2_debug/share/myagv_ros2_debug/package.dsv'
[8.698s] INFO:colcon.colcon_core.shell:Creating package script '/home/sara/myagv_ros2/install/myagv_ros2_debug/share/myagv_ros2_debug/package.sh'
[8.701s] INFO:colcon.colcon_core.shell:Creating package script '/home/sara/myagv_ros2/install/myagv_ros2_debug/share/myagv_ros2_debug/package.bash'
[8.703s] INFO:colcon.colcon_core.shell:Creating package script '/home/sara/myagv_ros2/install/myagv_ros2_debug/share/myagv_ros2_debug/package.zsh'
[8.705s] Level 1:colcon.colcon_core.environment:create_file_with_runtime_dependencies(/home/sara/myagv_ros2/install/myagv_ros2_debug/share/colcon-core/packages/myagv_ros2_debug)
[8.710s] Level 1:colcon.colcon_core.environment:checking '/home/sara/myagv_ros2/install/myagv_ros2_odometry' for CMake module files
[8.713s] DEBUG:colcon.colcon_core.event_handler.log_command:Invoked command in '/home/sara/myagv_ros2/src/myagv_ros2_odometry' returned '0': PYTHONPATH=/home/sara/myagv_ros2/build/myagv_ros2_odometry/prefix_override:/usr/lib/python3/dist-packages/colcon_core/task/python/colcon_distutils_commands:/home/sara/myagv_ros2/install/myagv_ros2_odometry/lib/python3.10/site-packages:${PYTHONPATH} /usr/bin/python3 -W ignore:setup.py install is deprecated setup.py egg_info --egg-base ../../build/myagv_ros2_odometry build --build-base /home/sara/myagv_ros2/build/myagv_ros2_odometry/build install --record /home/sara/myagv_ros2/build/myagv_ros2_odometry/install.log --single-version-externally-managed install_data
[8.715s] Level 1:colcon.colcon_core.environment:checking '/home/sara/myagv_ros2/install/myagv_ros2_odometry' for CMake config files
[8.719s] Level 1:colcon.colcon_core.environment:checking '/home/sara/myagv_ros2/install/myagv_ros2_odometry/lib'
[8.720s] Level 1:colcon.colcon_core.environment:checking '/home/sara/myagv_ros2/install/myagv_ros2_odometry/bin'
[8.721s] Level 1:colcon.colcon_core.environment:checking '/home/sara/myagv_ros2/install/myagv_ros2_odometry/lib/pkgconfig/myagv_ros2_odometry.pc'
[8.723s] Level 1:colcon.colcon_core.environment:checking '/home/sara/myagv_ros2/install/myagv_ros2_odometry/lib/python3.10/site-packages'
[8.724s] Level 1:colcon.colcon_core.shell:create_environment_hook('myagv_ros2_odometry', 'pythonpath')
[8.725s] INFO:colcon.colcon_core.shell:Creating environment hook '/home/sara/myagv_ros2/install/myagv_ros2_odometry/share/myagv_ros2_odometry/hook/pythonpath.ps1'
[8.730s] INFO:colcon.colcon_core.shell:Creating environment descriptor '/home/sara/myagv_ros2/install/myagv_ros2_odometry/share/myagv_ros2_odometry/hook/pythonpath.dsv'
[8.734s] INFO:colcon.colcon_core.shell:Creating environment hook '/home/sara/myagv_ros2/install/myagv_ros2_odometry/share/myagv_ros2_odometry/hook/pythonpath.sh'
[8.740s] Level 1:colcon.colcon_core.environment:checking '/home/sara/myagv_ros2/install/myagv_ros2_odometry/bin'
[8.740s] Level 1:colcon.colcon_core.environment:create_environment_scripts_only(myagv_ros2_odometry)
[8.743s] INFO:colcon.colcon_core.shell:Creating package script '/home/sara/myagv_ros2/install/myagv_ros2_odometry/share/myagv_ros2_odometry/package.ps1'
[8.747s] INFO:colcon.colcon_core.shell:Creating package descriptor '/home/sara/myagv_ros2/install/myagv_ros2_odometry/share/myagv_ros2_odometry/package.dsv'
[8.751s] INFO:colcon.colcon_core.shell:Creating package script '/home/sara/myagv_ros2/install/myagv_ros2_odometry/share/myagv_ros2_odometry/package.sh'
[8.756s] INFO:colcon.colcon_core.shell:Creating package script '/home/sara/myagv_ros2/install/myagv_ros2_odometry/share/myagv_ros2_odometry/package.bash'
[8.762s] INFO:colcon.colcon_core.shell:Creating package script '/home/sara/myagv_ros2/install/myagv_ros2_odometry/share/myagv_ros2_odometry/package.zsh'
[8.766s] Level 1:colcon.colcon_core.environment:create_file_with_runtime_dependencies(/home/sara/myagv_ros2/install/myagv_ros2_odometry/share/colcon-core/packages/myagv_ros2_odometry)
[8.872s] DEBUG:colcon.colcon_core.event_handler.log_command:Invoking command in '/home/sara/myagv_ros2/src/myagv_ros2_ydlidar': PYTHONPATH=/home/sara/myagv_ros2/build/myagv_ros2_ydlidar/prefix_override:/usr/lib/python3/dist-packages/colcon_core/task/python/colcon_distutils_commands:/home/sara/myagv_ros2/install/myagv_ros2_ydlidar/lib/python3.10/site-packages:${PYTHONPATH} /usr/bin/python3 -W ignore:setup.py install is deprecated setup.py egg_info --egg-base ../../build/myagv_ros2_ydlidar build --build-base /home/sara/myagv_ros2/build/myagv_ros2_ydlidar/build install --record /home/sara/myagv_ros2/build/myagv_ros2_ydlidar/install.log --single-version-externally-managed install_data
[10.197s] Level 1:colcon.colcon_core.environment:checking '/home/sara/myagv_ros2/install/myagv_ros2_ydlidar' for CMake module files
[10.199s] DEBUG:colcon.colcon_core.event_handler.log_command:Invoked command in '/home/sara/myagv_ros2/src/myagv_ros2_ydlidar' returned '0': PYTHONPATH=/home/sara/myagv_ros2/build/myagv_ros2_ydlidar/prefix_override:/usr/lib/python3/dist-packages/colcon_core/task/python/colcon_distutils_commands:/home/sara/myagv_ros2/install/myagv_ros2_ydlidar/lib/python3.10/site-packages:${PYTHONPATH} /usr/bin/python3 -W ignore:setup.py install is deprecated setup.py egg_info --egg-base ../../build/myagv_ros2_ydlidar build --build-base /home/sara/myagv_ros2/build/myagv_ros2_ydlidar/build install --record /home/sara/myagv_ros2/build/myagv_ros2_ydlidar/install.log --single-version-externally-managed install_data
[10.200s] Level 1:colcon.colcon_core.environment:checking '/home/sara/myagv_ros2/install/myagv_ros2_ydlidar' for CMake config files
[10.204s] Level 1:colcon.colcon_core.environment:checking '/home/sara/myagv_ros2/install/myagv_ros2_ydlidar/lib'
[10.204s] Level 1:colcon.colcon_core.environment:checking '/home/sara/myagv_ros2/install/myagv_ros2_ydlidar/bin'
[10.205s] Level 1:colcon.colcon_core.environment:checking '/home/sara/myagv_ros2/install/myagv_ros2_ydlidar/lib/pkgconfig/myagv_ros2_ydlidar.pc'
[10.205s] Level 1:colcon.colcon_core.environment:checking '/home/sara/myagv_ros2/install/myagv_ros2_ydlidar/lib/python3.10/site-packages'
[10.206s] Level 1:colcon.colcon_core.shell:create_environment_hook('myagv_ros2_ydlidar', 'pythonpath')
[10.207s] INFO:colcon.colcon_core.shell:Creating environment hook '/home/sara/myagv_ros2/install/myagv_ros2_ydlidar/share/myagv_ros2_ydlidar/hook/pythonpath.ps1'
[10.209s] INFO:colcon.colcon_core.shell:Creating environment descriptor '/home/sara/myagv_ros2/install/myagv_ros2_ydlidar/share/myagv_ros2_ydlidar/hook/pythonpath.dsv'
[10.211s] INFO:colcon.colcon_core.shell:Creating environment hook '/home/sara/myagv_ros2/install/myagv_ros2_ydlidar/share/myagv_ros2_ydlidar/hook/pythonpath.sh'
[10.214s] Level 1:colcon.colcon_core.environment:checking '/home/sara/myagv_ros2/install/myagv_ros2_ydlidar/bin'
[10.214s] Level 1:colcon.colcon_core.environment:create_environment_scripts_only(myagv_ros2_ydlidar)
[10.215s] INFO:colcon.colcon_core.shell:Creating package script '/home/sara/myagv_ros2/install/myagv_ros2_ydlidar/share/myagv_ros2_ydlidar/package.ps1'
[10.218s] INFO:colcon.colcon_core.shell:Creating package descriptor '/home/sara/myagv_ros2/install/myagv_ros2_ydlidar/share/myagv_ros2_ydlidar/package.dsv'
[10.220s] INFO:colcon.colcon_core.shell:Creating package script '/home/sara/myagv_ros2/install/myagv_ros2_ydlidar/share/myagv_ros2_ydlidar/package.sh'
[10.222s] INFO:colcon.colcon_core.shell:Creating package script '/home/sara/myagv_ros2/install/myagv_ros2_ydlidar/share/myagv_ros2_ydlidar/package.bash'
[10.224s] INFO:colcon.colcon_core.shell:Creating package script '/home/sara/myagv_ros2/install/myagv_ros2_ydlidar/share/myagv_ros2_ydlidar/package.zsh'
[10.226s] Level 1:colcon.colcon_core.environment:create_file_with_runtime_dependencies(/home/sara/myagv_ros2/install/myagv_ros2_ydlidar/share/colcon-core/packages/myagv_ros2_ydlidar)
[10.227s] DEBUG:colcon.colcon_parallel_executor.executor.parallel:closing loop
[10.228s] DEBUG:colcon.colcon_parallel_executor.executor.parallel:loop closed
[10.229s] DEBUG:colcon.colcon_parallel_executor.executor.parallel:run_until_complete finished with '0'
[10.229s] DEBUG:colcon.colcon_core.event_reactor:joining thread
[10.251s] INFO:colcon.colcon_core.plugin_system:Skipping extension 'colcon_notification.desktop_notification.terminal_notifier': Not used on non-Darwin systems
[10.251s] INFO:colcon.colcon_core.plugin_system:Skipping extension 'colcon_notification.desktop_notification.win32': Not used on non-Windows systems
[10.252s] INFO:colcon.colcon_notification.desktop_notification:Sending desktop notification using 'notify2'
[10.278s] DEBUG:colcon.colcon_core.event_reactor:joined thread
[10.279s] INFO:colcon.colcon_core.shell:Creating prefix script '/home/sara/myagv_ros2/install/local_setup.ps1'
[10.283s] INFO:colcon.colcon_core.shell:Creating prefix util module '/home/sara/myagv_ros2/install/_local_setup_util_ps1.py'
[10.289s] INFO:colcon.colcon_core.shell:Creating prefix chain script '/home/sara/myagv_ros2/install/setup.ps1'
[10.295s] INFO:colcon.colcon_core.shell:Creating prefix script '/home/sara/myagv_ros2/install/local_setup.sh'
[10.298s] INFO:colcon.colcon_core.shell:Creating prefix util module '/home/sara/myagv_ros2/install/_local_setup_util_sh.py'
[10.300s] INFO:colcon.colcon_core.shell:Creating prefix chain script '/home/sara/myagv_ros2/install/setup.sh'
[10.306s] INFO:colcon.colcon_core.shell:Creating prefix script '/home/sara/myagv_ros2/install/local_setup.bash'
[10.308s] INFO:colcon.colcon_core.shell:Creating prefix chain script '/home/sara/myagv_ros2/install/setup.bash'
[10.314s] INFO:colcon.colcon_core.shell:Creating prefix script '/home/sara/myagv_ros2/install/local_setup.zsh'
[10.317s] INFO:colcon.colcon_core.shell:Creating prefix chain script '/home/sara/myagv_ros2/install/setup.zsh'
