[4.270s] Invoking command in '/home/sara/myagv_ros2/src/myagv_ros2_ydlidar': PYTHONPATH=/home/sara/myagv_ros2/build/myagv_ros2_ydlidar/prefix_override:/usr/lib/python3/dist-packages/colcon_core/task/python/colcon_distutils_commands:/home/sara/myagv_ros2/install/myagv_ros2_ydlidar/lib/python3.10/site-packages:${PYTHONPATH} /usr/bin/python3 -W ignore:setup.py install is deprecated setup.py egg_info --egg-base ../../build/myagv_ros2_ydlidar build --build-base /home/sara/myagv_ros2/build/myagv_ros2_ydlidar/build install --record /home/sara/myagv_ros2/build/myagv_ros2_ydlidar/install.log --single-version-externally-managed install_data
[5.377s] running egg_info
[5.380s] writing ../../build/myagv_ros2_ydlidar/myagv_ros2_ydlidar.egg-info/PKG-INFO
[5.381s] writing dependency_links to ../../build/myagv_ros2_ydlidar/myagv_ros2_ydlidar.egg-info/dependency_links.txt
[5.382s] writing entry points to ../../build/myagv_ros2_ydlidar/myagv_ros2_ydlidar.egg-info/entry_points.txt
[5.383s] writing requirements to ../../build/myagv_ros2_ydlidar/myagv_ros2_ydlidar.egg-info/requires.txt
[5.383s] writing top-level names to ../../build/myagv_ros2_ydlidar/myagv_ros2_ydlidar.egg-info/top_level.txt
[5.391s] reading manifest file '../../build/myagv_ros2_ydlidar/myagv_ros2_ydlidar.egg-info/SOURCES.txt'
[5.393s] adding license file 'LICENSE'
[5.395s] writing manifest file '../../build/myagv_ros2_ydlidar/myagv_ros2_ydlidar.egg-info/SOURCES.txt'
[5.396s] running build
[5.396s] running build_py
[5.398s] running install
[5.399s] running install_lib
[5.406s] running install_data
[5.406s] running install_egg_info
[5.413s] removing '/home/sara/myagv_ros2/install/myagv_ros2_ydlidar/lib/python3.10/site-packages/myagv_ros2_ydlidar-0.0.0-py3.10.egg-info' (and everything under it)
[5.415s] Copying ../../build/myagv_ros2_ydlidar/myagv_ros2_ydlidar.egg-info to /home/sara/myagv_ros2/install/myagv_ros2_ydlidar/lib/python3.10/site-packages/myagv_ros2_ydlidar-0.0.0-py3.10.egg-info
[5.420s] running install_scripts
[5.503s] writing list of installed files to '/home/sara/myagv_ros2/build/myagv_ros2_ydlidar/install.log'
[5.636s] Invoked command in '/home/sara/myagv_ros2/src/myagv_ros2_ydlidar' returned '0': PYTHONPATH=/home/sara/myagv_ros2/build/myagv_ros2_ydlidar/prefix_override:/usr/lib/python3/dist-packages/colcon_core/task/python/colcon_distutils_commands:/home/sara/myagv_ros2/install/myagv_ros2_ydlidar/lib/python3.10/site-packages:${PYTHONPATH} /usr/bin/python3 -W ignore:setup.py install is deprecated setup.py egg_info --egg-base ../../build/myagv_ros2_ydlidar build --build-base /home/sara/myagv_ros2/build/myagv_ros2_ydlidar/build install --record /home/sara/myagv_ros2/build/myagv_ros2_ydlidar/install.log --single-version-externally-managed install_data
