[5.260s] Invoking command in '/home/sara/myagv_ros2/src/myagv_ros2_odometry': PYTHONPATH=/home/sara/myagv_ros2/build/myagv_ros2_odometry/prefix_override:/usr/lib/python3/dist-packages/colcon_core/task/python/colcon_distutils_commands:/home/sara/myagv_ros2/install/myagv_ros2_odometry/lib/python3.10/site-packages:${PYTHONPATH} /usr/bin/python3 -W ignore:setup.py install is deprecated setup.py egg_info --egg-base ../../build/myagv_ros2_odometry build --build-base /home/sara/myagv_ros2/build/myagv_ros2_odometry/build install --record /home/sara/myagv_ros2/build/myagv_ros2_odometry/install.log --single-version-externally-managed install_data
[7.037s] running egg_info
[7.043s] writing ../../build/myagv_ros2_odometry/myagv_ros2_odometry.egg-info/PKG-INFO
[7.048s] writing dependency_links to ../../build/myagv_ros2_odometry/myagv_ros2_odometry.egg-info/dependency_links.txt
[7.049s] writing entry points to ../../build/myagv_ros2_odometry/myagv_ros2_odometry.egg-info/entry_points.txt
[7.049s] writing requirements to ../../build/myagv_ros2_odometry/myagv_ros2_odometry.egg-info/requires.txt
[7.051s] writing top-level names to ../../build/myagv_ros2_odometry/myagv_ros2_odometry.egg-info/top_level.txt
[7.059s] reading manifest file '../../build/myagv_ros2_odometry/myagv_ros2_odometry.egg-info/SOURCES.txt'
[7.060s] adding license file 'LICENSE'
[7.064s] writing manifest file '../../build/myagv_ros2_odometry/myagv_ros2_odometry.egg-info/SOURCES.txt'
[7.066s] running build
[7.067s] running build_py
[7.070s] running install
[7.071s] running install_lib
[7.082s] running install_data
[7.083s] running install_egg_info
[7.093s] removing '/home/sara/myagv_ros2/install/myagv_ros2_odometry/lib/python3.10/site-packages/myagv_ros2_odometry-0.0.0-py3.10.egg-info' (and everything under it)
[7.096s] Copying ../../build/myagv_ros2_odometry/myagv_ros2_odometry.egg-info to /home/sara/myagv_ros2/install/myagv_ros2_odometry/lib/python3.10/site-packages/myagv_ros2_odometry-0.0.0-py3.10.egg-info
[7.105s] running install_scripts
[7.229s] Installing myagv_bringup script to /home/sara/myagv_ros2/install/myagv_ros2_odometry/lib/myagv_ros2_odometry
[7.231s] Installing myagv_encoder script to /home/sara/myagv_ros2/install/myagv_ros2_odometry/lib/myagv_ros2_odometry
[7.234s] Installing myagv_odom script to /home/sara/myagv_ros2/install/myagv_ros2_odometry/lib/myagv_ros2_odometry
[7.236s] Installing myagv_odometry script to /home/sara/myagv_ros2/install/myagv_ros2_odometry/lib/myagv_ros2_odometry
[7.240s] writing list of installed files to '/home/sara/myagv_ros2/build/myagv_ros2_odometry/install.log'
[7.509s] Invoked command in '/home/sara/myagv_ros2/src/myagv_ros2_odometry' returned '0': PYTHONPATH=/home/sara/myagv_ros2/build/myagv_ros2_odometry/prefix_override:/usr/lib/python3/dist-packages/colcon_core/task/python/colcon_distutils_commands:/home/sara/myagv_ros2/install/myagv_ros2_odometry/lib/python3.10/site-packages:${PYTHONPATH} /usr/bin/python3 -W ignore:setup.py install is deprecated setup.py egg_info --egg-base ../../build/myagv_ros2_odometry build --build-base /home/sara/myagv_ros2/build/myagv_ros2_odometry/build install --record /home/sara/myagv_ros2/build/myagv_ros2_odometry/install.log --single-version-externally-managed install_data
