[1.320s] Invoking command in '/home/sara/myagv_ros2/build/myagv_ros2_odom': CMAKE_PREFIX_PATH=${CMAKE_PREFIX_PATH}:/home/sara/myagv_ros2/install/myagv_ros2_ydlidar:/home/sara/myagv_ros2/install/myagv_ros2_odometry:/home/sara/myagv_ros2/install/myagv_ros2_debug:/opt/ros/humble /usr/bin/cmake --build /home/sara/myagv_ros2/build/myagv_ros2_odom -- -j4 -l4
[2.597s] [100%] Built target myagv_odom
[2.626s] Invoked command in '/home/sara/myagv_ros2/build/myagv_ros2_odom' returned '0': CMAKE_PREFIX_PATH=${CMAKE_PREFIX_PATH}:/home/sara/myagv_ros2/install/myagv_ros2_ydlidar:/home/sara/myagv_ros2/install/myagv_ros2_odometry:/home/sara/myagv_ros2/install/myagv_ros2_debug:/opt/ros/humble /usr/bin/cmake --build /home/sara/myagv_ros2/build/myagv_ros2_odom -- -j4 -l4
[2.863s] Invoking command in '/home/sara/myagv_ros2/build/myagv_ros2_odom': CMAKE_PREFIX_PATH=${CMAKE_PREFIX_PATH}:/home/sara/myagv_ros2/install/myagv_ros2_ydlidar:/home/sara/myagv_ros2/install/myagv_ros2_odometry:/home/sara/myagv_ros2/install/myagv_ros2_debug:/opt/ros/humble /usr/bin/cmake --install /home/sara/myagv_ros2/build/myagv_ros2_odom
[2.899s] -- Install configuration: ""
[2.901s] -- Up-to-date: /home/sara/myagv_ros2/install/myagv_ros2_odom/lib/myagv_ros2_odom/myagv_odom
[2.903s] -- Up-to-date: /home/sara/myagv_ros2/install/myagv_ros2_odom/include/
[2.904s] -- Up-to-date: /home/sara/myagv_ros2/install/myagv_ros2_odom/include//myagv_ros2_odom
[2.905s] -- Up-to-date: /home/sara/myagv_ros2/install/myagv_ros2_odom/include//myagv_ros2_odom/myagv_odom.hpp
[2.906s] -- Up-to-date: /home/sara/myagv_ros2/install/myagv_ros2_odom/share/ament_index/resource_index/package_run_dependencies/myagv_ros2_odom
[2.907s] -- Up-to-date: /home/sara/myagv_ros2/install/myagv_ros2_odom/share/ament_index/resource_index/parent_prefix_path/myagv_ros2_odom
[2.908s] -- Up-to-date: /home/sara/myagv_ros2/install/myagv_ros2_odom/share/myagv_ros2_odom/environment/ament_prefix_path.sh
[2.909s] -- Up-to-date: /home/sara/myagv_ros2/install/myagv_ros2_odom/share/myagv_ros2_odom/environment/ament_prefix_path.dsv
[2.910s] -- Up-to-date: /home/sara/myagv_ros2/install/myagv_ros2_odom/share/myagv_ros2_odom/environment/path.sh
[2.910s] -- Up-to-date: /home/sara/myagv_ros2/install/myagv_ros2_odom/share/myagv_ros2_odom/environment/path.dsv
[2.911s] -- Up-to-date: /home/sara/myagv_ros2/install/myagv_ros2_odom/share/myagv_ros2_odom/local_setup.bash
[2.914s] -- Up-to-date: /home/sara/myagv_ros2/install/myagv_ros2_odom/share/myagv_ros2_odom/local_setup.sh
[2.914s] -- Up-to-date: /home/sara/myagv_ros2/install/myagv_ros2_odom/share/myagv_ros2_odom/local_setup.zsh
[2.915s] -- Up-to-date: /home/sara/myagv_ros2/install/myagv_ros2_odom/share/myagv_ros2_odom/local_setup.dsv
[2.916s] -- Installing: /home/sara/myagv_ros2/install/myagv_ros2_odom/share/myagv_ros2_odom/package.dsv
[2.917s] -- Up-to-date: /home/sara/myagv_ros2/install/myagv_ros2_odom/share/ament_index/resource_index/packages/myagv_ros2_odom
[2.919s] -- Up-to-date: /home/sara/myagv_ros2/install/myagv_ros2_odom/share/myagv_ros2_odom/cmake/myagv_ros2_odomConfig.cmake
[2.934s] -- Up-to-date: /home/sara/myagv_ros2/install/myagv_ros2_odom/share/myagv_ros2_odom/cmake/myagv_ros2_odomConfig-version.cmake
[2.934s] -- Up-to-date: /home/sara/myagv_ros2/install/myagv_ros2_odom/share/myagv_ros2_odom/package.xml
[2.935s] Invoked command in '/home/sara/myagv_ros2/build/myagv_ros2_odom' returned '0': CMAKE_PREFIX_PATH=${CMAKE_PREFIX_PATH}:/home/sara/myagv_ros2/install/myagv_ros2_ydlidar:/home/sara/myagv_ros2/install/myagv_ros2_odometry:/home/sara/myagv_ros2/install/myagv_ros2_debug:/opt/ros/humble /usr/bin/cmake --install /home/sara/myagv_ros2/build/myagv_ros2_odom
