[1.311s] Invoking command in '/home/sara/myagv_ros2/build/myagv_ros2_odom': CMAKE_PREFIX_PATH=${CMAKE_PREFIX_PATH}:/home/sara/myagv_ros2/install/myagv_ros2_ydlidar:/home/sara/myagv_ros2/install/myagv_ros2_odometry:/home/sara/myagv_ros2/install/myagv_ros2_debug:/opt/ros/humble /usr/bin/cmake --build /home/sara/myagv_ros2/build/myagv_ros2_odom -- -j4 -l4
[2.649s] [100%] Built target myagv_odom
[2.677s] Invoked command in '/home/sara/myagv_ros2/build/myagv_ros2_odom' returned '0': CMAKE_PREFIX_PATH=${CMAKE_PREFIX_PATH}:/home/sara/myagv_ros2/install/myagv_ros2_ydlidar:/home/sara/myagv_ros2/install/myagv_ros2_odometry:/home/sara/myagv_ros2/install/myagv_ros2_debug:/opt/ros/humble /usr/bin/cmake --build /home/sara/myagv_ros2/build/myagv_ros2_odom -- -j4 -l4
[2.917s] Invoking command in '/home/sara/myagv_ros2/build/myagv_ros2_odom': CMAKE_PREFIX_PATH=${CMAKE_PREFIX_PATH}:/home/sara/myagv_ros2/install/myagv_ros2_ydlidar:/home/sara/myagv_ros2/install/myagv_ros2_odometry:/home/sara/myagv_ros2/install/myagv_ros2_debug:/opt/ros/humble /usr/bin/cmake --install /home/sara/myagv_ros2/build/myagv_ros2_odom
[2.962s] -- Install configuration: ""
[2.969s] -- Up-to-date: /home/sara/myagv_ros2/install/myagv_ros2_odom/lib/myagv_ros2_odom/myagv_odom
[2.973s] -- Up-to-date: /home/sara/myagv_ros2/install/myagv_ros2_odom/include/
[2.977s] -- Up-to-date: /home/sara/myagv_ros2/install/myagv_ros2_odom/include//myagv_ros2_odom
[2.980s] -- Up-to-date: /home/sara/myagv_ros2/install/myagv_ros2_odom/include//myagv_ros2_odom/myagv_odom.hpp
[2.982s] -- Up-to-date: /home/sara/myagv_ros2/install/myagv_ros2_odom/share/ament_index/resource_index/package_run_dependencies/myagv_ros2_odom
[2.984s] -- Up-to-date: /home/sara/myagv_ros2/install/myagv_ros2_odom/share/ament_index/resource_index/parent_prefix_path/myagv_ros2_odom
[2.994s] -- Up-to-date: /home/sara/myagv_ros2/install/myagv_ros2_odom/share/myagv_ros2_odom/environment/ament_prefix_path.sh
[2.995s] -- Up-to-date: /home/sara/myagv_ros2/install/myagv_ros2_odom/share/myagv_ros2_odom/environment/ament_prefix_path.dsv
[2.996s] -- Up-to-date: /home/sara/myagv_ros2/install/myagv_ros2_odom/share/myagv_ros2_odom/environment/path.sh
[2.999s] -- Up-to-date: /home/sara/myagv_ros2/install/myagv_ros2_odom/share/myagv_ros2_odom/environment/path.dsv
[3.000s] -- Up-to-date: /home/sara/myagv_ros2/install/myagv_ros2_odom/share/myagv_ros2_odom/local_setup.bash
[3.000s] -- Up-to-date: /home/sara/myagv_ros2/install/myagv_ros2_odom/share/myagv_ros2_odom/local_setup.sh
[3.001s] -- Up-to-date: /home/sara/myagv_ros2/install/myagv_ros2_odom/share/myagv_ros2_odom/local_setup.zsh
[3.001s] -- Up-to-date: /home/sara/myagv_ros2/install/myagv_ros2_odom/share/myagv_ros2_odom/local_setup.dsv
[3.002s] -- Installing: /home/sara/myagv_ros2/install/myagv_ros2_odom/share/myagv_ros2_odom/package.dsv
[3.002s] -- Up-to-date: /home/sara/myagv_ros2/install/myagv_ros2_odom/share/ament_index/resource_index/packages/myagv_ros2_odom
[3.003s] -- Up-to-date: /home/sara/myagv_ros2/install/myagv_ros2_odom/share/myagv_ros2_odom/cmake/myagv_ros2_odomConfig.cmake
[3.003s] -- Up-to-date: /home/sara/myagv_ros2/install/myagv_ros2_odom/share/myagv_ros2_odom/cmake/myagv_ros2_odomConfig-version.cmake
[3.004s] -- Up-to-date: /home/sara/myagv_ros2/install/myagv_ros2_odom/share/myagv_ros2_odom/package.xml
[3.016s] Invoked command in '/home/sara/myagv_ros2/build/myagv_ros2_odom' returned '0': CMAKE_PREFIX_PATH=${CMAKE_PREFIX_PATH}:/home/sara/myagv_ros2/install/myagv_ros2_ydlidar:/home/sara/myagv_ros2/install/myagv_ros2_odometry:/home/sara/myagv_ros2/install/myagv_ros2_debug:/opt/ros/humble /usr/bin/cmake --install /home/sara/myagv_ros2/build/myagv_ros2_odom
