[1.400s] Invoking command in '/home/sara/myagv_ros2/build/myagv_ros2_urdf': CMAKE_PREFIX_PATH=${CMAKE_PREFIX_PATH}:/home/sara/myagv_ros2/install/myagv_ros2_ydlidar:/home/sara/myagv_ros2/install/myagv_ros2_odometry:/opt/ros/humble /usr/bin/cmake --build /home/sara/myagv_ros2/build/myagv_ros2_urdf -- -j4 -l4
[2.648s] Invoked command in '/home/sara/myagv_ros2/build/myagv_ros2_urdf' returned '0': CMAKE_PREFIX_PATH=${CMAKE_PREFIX_PATH}:/home/sara/myagv_ros2/install/myagv_ros2_ydlidar:/home/sara/myagv_ros2/install/myagv_ros2_odometry:/opt/ros/humble /usr/bin/cmake --build /home/sara/myagv_ros2/build/myagv_ros2_urdf -- -j4 -l4
[2.843s] Invoking command in '/home/sara/myagv_ros2/build/myagv_ros2_urdf': CMAKE_PREFIX_PATH=${CMAKE_PREFIX_PATH}:/home/sara/myagv_ros2/install/myagv_ros2_ydlidar:/home/sara/myagv_ros2/install/myagv_ros2_odometry:/opt/ros/humble /usr/bin/cmake --install /home/sara/myagv_ros2/build/myagv_ros2_urdf
[2.890s] -- Install configuration: ""
[2.891s] -- Up-to-date: /home/sara/myagv_ros2/install/myagv_ros2_urdf/share/ament_index/resource_index/package_run_dependencies/myagv_ros2_urdf
[2.892s] -- Up-to-date: /home/sara/myagv_ros2/install/myagv_ros2_urdf/share/ament_index/resource_index/parent_prefix_path/myagv_ros2_urdf
[2.895s] -- Up-to-date: /home/sara/myagv_ros2/install/myagv_ros2_urdf/share/myagv_ros2_urdf/environment/ament_prefix_path.sh
[2.897s] -- Up-to-date: /home/sara/myagv_ros2/install/myagv_ros2_urdf/share/myagv_ros2_urdf/environment/ament_prefix_path.dsv
[2.899s] -- Up-to-date: /home/sara/myagv_ros2/install/myagv_ros2_urdf/share/myagv_ros2_urdf/environment/path.sh
[2.901s] -- Up-to-date: /home/sara/myagv_ros2/install/myagv_ros2_urdf/share/myagv_ros2_urdf/environment/path.dsv
[2.903s] -- Up-to-date: /home/sara/myagv_ros2/install/myagv_ros2_urdf/share/myagv_ros2_urdf/local_setup.bash
[2.905s] -- Up-to-date: /home/sara/myagv_ros2/install/myagv_ros2_urdf/share/myagv_ros2_urdf/local_setup.sh
[2.907s] -- Up-to-date: /home/sara/myagv_ros2/install/myagv_ros2_urdf/share/myagv_ros2_urdf/local_setup.zsh
[2.909s] -- Up-to-date: /home/sara/myagv_ros2/install/myagv_ros2_urdf/share/myagv_ros2_urdf/local_setup.dsv
[2.910s] -- Installing: /home/sara/myagv_ros2/install/myagv_ros2_urdf/share/myagv_ros2_urdf/package.dsv
[2.916s] -- Up-to-date: /home/sara/myagv_ros2/install/myagv_ros2_urdf/share/ament_index/resource_index/packages/myagv_ros2_urdf
[2.918s] -- Up-to-date: /home/sara/myagv_ros2/install/myagv_ros2_urdf/share/myagv_ros2_urdf/cmake/myagv_ros2_urdfConfig.cmake
[2.919s] -- Up-to-date: /home/sara/myagv_ros2/install/myagv_ros2_urdf/share/myagv_ros2_urdf/cmake/myagv_ros2_urdfConfig-version.cmake
[2.920s] -- Up-to-date: /home/sara/myagv_ros2/install/myagv_ros2_urdf/share/myagv_ros2_urdf/package.xml
[2.931s] Invoked command in '/home/sara/myagv_ros2/build/myagv_ros2_urdf' returned '0': CMAKE_PREFIX_PATH=${CMAKE_PREFIX_PATH}:/home/sara/myagv_ros2/install/myagv_ros2_ydlidar:/home/sara/myagv_ros2/install/myagv_ros2_odometry:/opt/ros/humble /usr/bin/cmake --install /home/sara/myagv_ros2/build/myagv_ros2_urdf
