[0.465s] DEBUG:colcon:Command line arguments: ['/usr/bin/colcon', 'build']
[0.466s] DEBUG:colcon:Parsed command line arguments: Namespace(log_base=None, log_level=None, verb_name='build', build_base='build', install_base='install', merge_install=False, symlink_install=False, test_result_base=None, continue_on_error=False, executor='parallel', parallel_workers=4, event_handlers=None, ignore_user_meta=False, metas=['./colcon.meta'], base_paths=['.'], packages_ignore=None, packages_ignore_regex=None, paths=None, packages_up_to=None, packages_up_to_regex=None, packages_above=None, packages_above_and_dependencies=None, packages_above_depth=None, packages_select_by_dep=None, packages_skip_by_dep=None, packages_skip_up_to=None, packages_select_build_failed=False, packages_skip_build_finished=False, packages_select_test_failures=False, packages_skip_test_passed=False, packages_select=None, packages_skip=None, packages_select_regex=None, packages_skip_regex=None, packages_start=None, packages_end=None, allow_overriding=[], cmake_args=None, cmake_target=None, cmake_target_skip_unavailable=False, cmake_clean_cache=False, cmake_clean_first=False, cmake_force_configure=False, ament_cmake_args=None, catkin_cmake_args=None, catkin_skip_building_tests=False, mixin_files=None, mixin=None, verb_parser=<colcon_mixin.mixin.mixin_argument.MixinArgumentDecorator object at 0xffff8850df30>, verb_extension=<colcon_core.verb.build.BuildVerb object at 0xffff8863a530>, main=<bound method BuildVerb.main of <colcon_core.verb.build.BuildVerb object at 0xffff8863a530>>, mixin_verb=('build',))
[1.297s] Level 1:colcon.colcon_core.package_discovery:discover_packages(colcon_meta) check parameters
[1.298s] Level 1:colcon.colcon_core.package_discovery:discover_packages(recursive) check parameters
[1.298s] Level 1:colcon.colcon_core.package_discovery:discover_packages(ignore) check parameters
[1.298s] Level 1:colcon.colcon_core.package_discovery:discover_packages(path) check parameters
[1.298s] Level 1:colcon.colcon_core.package_discovery:discover_packages(colcon_meta) discover
[1.298s] Level 1:colcon.colcon_core.package_discovery:discover_packages(recursive) discover
[1.298s] INFO:colcon.colcon_core.package_discovery:Crawling recursively for packages in '/home/sara/myagv_ros2'
[1.299s] Level 1:colcon.colcon_core.package_identification:_identify(.) by extensions ['ignore', 'ignore_ament_install']
[1.299s] Level 1:colcon.colcon_core.package_identification:_identify(.) by extension 'ignore'
[1.299s] Level 1:colcon.colcon_core.package_identification:_identify(.) by extension 'ignore_ament_install'
[1.300s] Level 1:colcon.colcon_core.package_identification:_identify(.) by extensions ['colcon_pkg']
[1.300s] Level 1:colcon.colcon_core.package_identification:_identify(.) by extension 'colcon_pkg'
[1.300s] Level 1:colcon.colcon_core.package_identification:_identify(.) by extensions ['colcon_meta']
[1.300s] Level 1:colcon.colcon_core.package_identification:_identify(.) by extension 'colcon_meta'
[1.300s] Level 1:colcon.colcon_core.package_identification:_identify(.) by extensions ['ros']
[1.300s] Level 1:colcon.colcon_core.package_identification:_identify(.) by extension 'ros'
[1.346s] Level 1:colcon.colcon_core.package_identification:_identify(.) by extensions ['cmake', 'python']
[1.346s] Level 1:colcon.colcon_core.package_identification:_identify(.) by extension 'cmake'
[1.346s] Level 1:colcon.colcon_core.package_identification:_identify(.) by extension 'python'
[1.346s] Level 1:colcon.colcon_core.package_identification:_identify(.) by extensions ['python_setup_py']
[1.346s] Level 1:colcon.colcon_core.package_identification:_identify(.) by extension 'python_setup_py'
[1.347s] Level 1:colcon.colcon_core.package_identification:_identify(build) by extensions ['ignore', 'ignore_ament_install']
[1.347s] Level 1:colcon.colcon_core.package_identification:_identify(build) by extension 'ignore'
[1.348s] Level 1:colcon.colcon_core.package_identification:_identify(build) ignored
[1.348s] Level 1:colcon.colcon_core.package_identification:_identify(install) by extensions ['ignore', 'ignore_ament_install']
[1.349s] Level 1:colcon.colcon_core.package_identification:_identify(install) by extension 'ignore'
[1.349s] Level 1:colcon.colcon_core.package_identification:_identify(install) ignored
[1.351s] Level 1:colcon.colcon_core.package_identification:_identify(log) by extensions ['ignore', 'ignore_ament_install']
[1.351s] Level 1:colcon.colcon_core.package_identification:_identify(log) by extension 'ignore'
[1.351s] Level 1:colcon.colcon_core.package_identification:_identify(log) ignored
[1.352s] Level 1:colcon.colcon_core.package_identification:_identify(src) by extensions ['ignore', 'ignore_ament_install']
[1.352s] Level 1:colcon.colcon_core.package_identification:_identify(src) by extension 'ignore'
[1.352s] Level 1:colcon.colcon_core.package_identification:_identify(src) by extension 'ignore_ament_install'
[1.352s] Level 1:colcon.colcon_core.package_identification:_identify(src) by extensions ['colcon_pkg']
[1.353s] Level 1:colcon.colcon_core.package_identification:_identify(src) by extension 'colcon_pkg'
[1.353s] Level 1:colcon.colcon_core.package_identification:_identify(src) by extensions ['colcon_meta']
[1.353s] Level 1:colcon.colcon_core.package_identification:_identify(src) by extension 'colcon_meta'
[1.353s] Level 1:colcon.colcon_core.package_identification:_identify(src) by extensions ['ros']
[1.353s] Level 1:colcon.colcon_core.package_identification:_identify(src) by extension 'ros'
[1.354s] Level 1:colcon.colcon_core.package_identification:_identify(src) by extensions ['cmake', 'python']
[1.354s] Level 1:colcon.colcon_core.package_identification:_identify(src) by extension 'cmake'
[1.354s] Level 1:colcon.colcon_core.package_identification:_identify(src) by extension 'python'
[1.354s] Level 1:colcon.colcon_core.package_identification:_identify(src) by extensions ['python_setup_py']
[1.354s] Level 1:colcon.colcon_core.package_identification:_identify(src) by extension 'python_setup_py'
[1.355s] Level 1:colcon.colcon_core.package_identification:_identify(src/myagv_ros2_debug) by extensions ['ignore', 'ignore_ament_install']
[1.355s] Level 1:colcon.colcon_core.package_identification:_identify(src/myagv_ros2_debug) by extension 'ignore'
[1.355s] Level 1:colcon.colcon_core.package_identification:_identify(src/myagv_ros2_debug) by extension 'ignore_ament_install'
[1.355s] Level 1:colcon.colcon_core.package_identification:_identify(src/myagv_ros2_debug) by extensions ['colcon_pkg']
[1.355s] Level 1:colcon.colcon_core.package_identification:_identify(src/myagv_ros2_debug) by extension 'colcon_pkg'
[1.356s] Level 1:colcon.colcon_core.package_identification:_identify(src/myagv_ros2_debug) by extensions ['colcon_meta']
[1.356s] Level 1:colcon.colcon_core.package_identification:_identify(src/myagv_ros2_debug) by extension 'colcon_meta'
[1.356s] Level 1:colcon.colcon_core.package_identification:_identify(src/myagv_ros2_debug) by extensions ['ros']
[1.356s] Level 1:colcon.colcon_core.package_identification:_identify(src/myagv_ros2_debug) by extension 'ros'
[1.364s] DEBUG:colcon.colcon_core.package_identification:Package 'src/myagv_ros2_debug' with type 'ros.ament_python' and name 'myagv_ros2_debug'
[1.365s] Level 1:colcon.colcon_core.package_identification:_identify(src/myagv_ros2_odom) by extensions ['ignore', 'ignore_ament_install']
[1.365s] Level 1:colcon.colcon_core.package_identification:_identify(src/myagv_ros2_odom) by extension 'ignore'
[1.365s] Level 1:colcon.colcon_core.package_identification:_identify(src/myagv_ros2_odom) by extension 'ignore_ament_install'
[1.365s] Level 1:colcon.colcon_core.package_identification:_identify(src/myagv_ros2_odom) by extensions ['colcon_pkg']
[1.366s] Level 1:colcon.colcon_core.package_identification:_identify(src/myagv_ros2_odom) by extension 'colcon_pkg'
[1.366s] Level 1:colcon.colcon_core.package_identification:_identify(src/myagv_ros2_odom) by extensions ['colcon_meta']
[1.366s] Level 1:colcon.colcon_core.package_identification:_identify(src/myagv_ros2_odom) by extension 'colcon_meta'
[1.366s] Level 1:colcon.colcon_core.package_identification:_identify(src/myagv_ros2_odom) by extensions ['ros']
[1.366s] Level 1:colcon.colcon_core.package_identification:_identify(src/myagv_ros2_odom) by extension 'ros'
[1.371s] DEBUG:colcon.colcon_core.package_identification:Package 'src/myagv_ros2_odom' with type 'ros.ament_cmake' and name 'myagv_ros2_odom'
[1.371s] Level 1:colcon.colcon_core.package_identification:_identify(src/myagv_ros2_odometry) by extensions ['ignore', 'ignore_ament_install']
[1.372s] Level 1:colcon.colcon_core.package_identification:_identify(src/myagv_ros2_odometry) by extension 'ignore'
[1.372s] Level 1:colcon.colcon_core.package_identification:_identify(src/myagv_ros2_odometry) by extension 'ignore_ament_install'
[1.372s] Level 1:colcon.colcon_core.package_identification:_identify(src/myagv_ros2_odometry) by extensions ['colcon_pkg']
[1.372s] Level 1:colcon.colcon_core.package_identification:_identify(src/myagv_ros2_odometry) by extension 'colcon_pkg'
[1.373s] Level 1:colcon.colcon_core.package_identification:_identify(src/myagv_ros2_odometry) by extensions ['colcon_meta']
[1.373s] Level 1:colcon.colcon_core.package_identification:_identify(src/myagv_ros2_odometry) by extension 'colcon_meta'
[1.373s] Level 1:colcon.colcon_core.package_identification:_identify(src/myagv_ros2_odometry) by extensions ['ros']
[1.373s] Level 1:colcon.colcon_core.package_identification:_identify(src/myagv_ros2_odometry) by extension 'ros'
[1.375s] DEBUG:colcon.colcon_core.package_identification:Package 'src/myagv_ros2_odometry' with type 'ros.ament_python' and name 'myagv_ros2_odometry'
[1.376s] Level 1:colcon.colcon_core.package_identification:_identify(src/myagv_ros2_urdf) by extensions ['ignore', 'ignore_ament_install']
[1.376s] Level 1:colcon.colcon_core.package_identification:_identify(src/myagv_ros2_urdf) by extension 'ignore'
[1.376s] Level 1:colcon.colcon_core.package_identification:_identify(src/myagv_ros2_urdf) by extension 'ignore_ament_install'
[1.376s] Level 1:colcon.colcon_core.package_identification:_identify(src/myagv_ros2_urdf) by extensions ['colcon_pkg']
[1.376s] Level 1:colcon.colcon_core.package_identification:_identify(src/myagv_ros2_urdf) by extension 'colcon_pkg'
[1.377s] Level 1:colcon.colcon_core.package_identification:_identify(src/myagv_ros2_urdf) by extensions ['colcon_meta']
[1.377s] Level 1:colcon.colcon_core.package_identification:_identify(src/myagv_ros2_urdf) by extension 'colcon_meta'
[1.377s] Level 1:colcon.colcon_core.package_identification:_identify(src/myagv_ros2_urdf) by extensions ['ros']
[1.377s] Level 1:colcon.colcon_core.package_identification:_identify(src/myagv_ros2_urdf) by extension 'ros'
[1.379s] DEBUG:colcon.colcon_core.package_identification:Package 'src/myagv_ros2_urdf' with type 'ros.ament_cmake' and name 'myagv_ros2_urdf'
[1.380s] Level 1:colcon.colcon_core.package_identification:_identify(src/myagv_ros2_ydlidar) by extensions ['ignore', 'ignore_ament_install']
[1.380s] Level 1:colcon.colcon_core.package_identification:_identify(src/myagv_ros2_ydlidar) by extension 'ignore'
[1.380s] Level 1:colcon.colcon_core.package_identification:_identify(src/myagv_ros2_ydlidar) by extension 'ignore_ament_install'
[1.381s] Level 1:colcon.colcon_core.package_identification:_identify(src/myagv_ros2_ydlidar) by extensions ['colcon_pkg']
[1.381s] Level 1:colcon.colcon_core.package_identification:_identify(src/myagv_ros2_ydlidar) by extension 'colcon_pkg'
[1.381s] Level 1:colcon.colcon_core.package_identification:_identify(src/myagv_ros2_ydlidar) by extensions ['colcon_meta']
[1.381s] Level 1:colcon.colcon_core.package_identification:_identify(src/myagv_ros2_ydlidar) by extension 'colcon_meta'
[1.381s] Level 1:colcon.colcon_core.package_identification:_identify(src/myagv_ros2_ydlidar) by extensions ['ros']
[1.381s] Level 1:colcon.colcon_core.package_identification:_identify(src/myagv_ros2_ydlidar) by extension 'ros'
[1.383s] DEBUG:colcon.colcon_core.package_identification:Package 'src/myagv_ros2_ydlidar' with type 'ros.ament_python' and name 'myagv_ros2_ydlidar'
[1.384s] Level 1:colcon.colcon_core.package_identification:_identify(src/ydlidar_ros2_driver) by extensions ['ignore', 'ignore_ament_install']
[1.384s] Level 1:colcon.colcon_core.package_identification:_identify(src/ydlidar_ros2_driver) by extension 'ignore'
[1.385s] Level 1:colcon.colcon_core.package_identification:_identify(src/ydlidar_ros2_driver) by extension 'ignore_ament_install'
[1.385s] Level 1:colcon.colcon_core.package_identification:_identify(src/ydlidar_ros2_driver) by extensions ['colcon_pkg']
[1.385s] Level 1:colcon.colcon_core.package_identification:_identify(src/ydlidar_ros2_driver) by extension 'colcon_pkg'
[1.385s] Level 1:colcon.colcon_core.package_identification:_identify(src/ydlidar_ros2_driver) by extensions ['colcon_meta']
[1.385s] Level 1:colcon.colcon_core.package_identification:_identify(src/ydlidar_ros2_driver) by extension 'colcon_meta'
[1.385s] Level 1:colcon.colcon_core.package_identification:_identify(src/ydlidar_ros2_driver) by extensions ['ros']
[1.385s] Level 1:colcon.colcon_core.package_identification:_identify(src/ydlidar_ros2_driver) by extension 'ros'
[1.388s] DEBUG:colcon.colcon_core.package_identification:Package 'src/ydlidar_ros2_driver' with type 'ros.ament_cmake' and name 'ydlidar_ros2_driver'
[1.388s] Level 1:colcon.colcon_core.package_discovery:discover_packages(recursive) using defaults
[1.388s] Level 1:colcon.colcon_core.package_discovery:discover_packages(ignore) discover
[1.389s] Level 1:colcon.colcon_core.package_discovery:discover_packages(ignore) using defaults
[1.389s] Level 1:colcon.colcon_core.package_discovery:discover_packages(path) discover
[1.389s] Level 1:colcon.colcon_core.package_discovery:discover_packages(path) using defaults
[1.507s] Level 1:colcon.colcon_core.package_discovery:discover_packages(prefix_path) check parameters
[1.507s] Level 1:colcon.colcon_core.package_discovery:discover_packages(prefix_path) discover
[1.517s] DEBUG:colcon.colcon_installed_package_information.package_discovery:Found 6 installed packages in /home/sara/myagv_ros2/install
[1.526s] DEBUG:colcon.colcon_installed_package_information.package_discovery:Found 271 installed packages in /opt/ros/humble
[1.532s] Level 1:colcon.colcon_core.package_discovery:discover_packages(prefix_path) using defaults
[1.692s] Level 5:colcon.colcon_core.verb:set package 'myagv_ros2_debug' build argument 'cmake_args' from command line to 'None'
[1.692s] Level 5:colcon.colcon_core.verb:set package 'myagv_ros2_debug' build argument 'cmake_target' from command line to 'None'
[1.692s] Level 5:colcon.colcon_core.verb:set package 'myagv_ros2_debug' build argument 'cmake_target_skip_unavailable' from command line to 'False'
[1.692s] Level 5:colcon.colcon_core.verb:set package 'myagv_ros2_debug' build argument 'cmake_clean_cache' from command line to 'False'
[1.692s] Level 5:colcon.colcon_core.verb:set package 'myagv_ros2_debug' build argument 'cmake_clean_first' from command line to 'False'
[1.692s] Level 5:colcon.colcon_core.verb:set package 'myagv_ros2_debug' build argument 'cmake_force_configure' from command line to 'False'
[1.692s] Level 5:colcon.colcon_core.verb:set package 'myagv_ros2_debug' build argument 'ament_cmake_args' from command line to 'None'
[1.692s] Level 5:colcon.colcon_core.verb:set package 'myagv_ros2_debug' build argument 'catkin_cmake_args' from command line to 'None'
[1.693s] Level 5:colcon.colcon_core.verb:set package 'myagv_ros2_debug' build argument 'catkin_skip_building_tests' from command line to 'False'
[1.693s] DEBUG:colcon.colcon_core.verb:Building package 'myagv_ros2_debug' with the following arguments: {'ament_cmake_args': None, 'build_base': '/home/sara/myagv_ros2/build/myagv_ros2_debug', 'catkin_cmake_args': None, 'catkin_skip_building_tests': False, 'cmake_args': None, 'cmake_clean_cache': False, 'cmake_clean_first': False, 'cmake_force_configure': False, 'cmake_target': None, 'cmake_target_skip_unavailable': False, 'install_base': '/home/sara/myagv_ros2/install/myagv_ros2_debug', 'merge_install': False, 'path': '/home/sara/myagv_ros2/src/myagv_ros2_debug', 'symlink_install': False, 'test_result_base': None}
[1.694s] Level 5:colcon.colcon_core.verb:set package 'myagv_ros2_odom' build argument 'cmake_args' from command line to 'None'
[1.694s] Level 5:colcon.colcon_core.verb:set package 'myagv_ros2_odom' build argument 'cmake_target' from command line to 'None'
[1.695s] Level 5:colcon.colcon_core.verb:set package 'myagv_ros2_odom' build argument 'cmake_target_skip_unavailable' from command line to 'False'
[1.695s] Level 5:colcon.colcon_core.verb:set package 'myagv_ros2_odom' build argument 'cmake_clean_cache' from command line to 'False'
[1.695s] Level 5:colcon.colcon_core.verb:set package 'myagv_ros2_odom' build argument 'cmake_clean_first' from command line to 'False'
[1.695s] Level 5:colcon.colcon_core.verb:set package 'myagv_ros2_odom' build argument 'cmake_force_configure' from command line to 'False'
[1.695s] Level 5:colcon.colcon_core.verb:set package 'myagv_ros2_odom' build argument 'ament_cmake_args' from command line to 'None'
[1.695s] Level 5:colcon.colcon_core.verb:set package 'myagv_ros2_odom' build argument 'catkin_cmake_args' from command line to 'None'
[1.695s] Level 5:colcon.colcon_core.verb:set package 'myagv_ros2_odom' build argument 'catkin_skip_building_tests' from command line to 'False'
[1.695s] DEBUG:colcon.colcon_core.verb:Building package 'myagv_ros2_odom' with the following arguments: {'ament_cmake_args': None, 'build_base': '/home/sara/myagv_ros2/build/myagv_ros2_odom', 'catkin_cmake_args': None, 'catkin_skip_building_tests': False, 'cmake_args': None, 'cmake_clean_cache': False, 'cmake_clean_first': False, 'cmake_force_configure': False, 'cmake_target': None, 'cmake_target_skip_unavailable': False, 'install_base': '/home/sara/myagv_ros2/install/myagv_ros2_odom', 'merge_install': False, 'path': '/home/sara/myagv_ros2/src/myagv_ros2_odom', 'symlink_install': False, 'test_result_base': None}
[1.697s] Level 5:colcon.colcon_core.verb:set package 'myagv_ros2_odometry' build argument 'cmake_args' from command line to 'None'
[1.697s] Level 5:colcon.colcon_core.verb:set package 'myagv_ros2_odometry' build argument 'cmake_target' from command line to 'None'
[1.697s] Level 5:colcon.colcon_core.verb:set package 'myagv_ros2_odometry' build argument 'cmake_target_skip_unavailable' from command line to 'False'
[1.697s] Level 5:colcon.colcon_core.verb:set package 'myagv_ros2_odometry' build argument 'cmake_clean_cache' from command line to 'False'
[1.697s] Level 5:colcon.colcon_core.verb:set package 'myagv_ros2_odometry' build argument 'cmake_clean_first' from command line to 'False'
[1.697s] Level 5:colcon.colcon_core.verb:set package 'myagv_ros2_odometry' build argument 'cmake_force_configure' from command line to 'False'
[1.697s] Level 5:colcon.colcon_core.verb:set package 'myagv_ros2_odometry' build argument 'ament_cmake_args' from command line to 'None'
[1.697s] Level 5:colcon.colcon_core.verb:set package 'myagv_ros2_odometry' build argument 'catkin_cmake_args' from command line to 'None'
[1.697s] Level 5:colcon.colcon_core.verb:set package 'myagv_ros2_odometry' build argument 'catkin_skip_building_tests' from command line to 'False'
[1.698s] DEBUG:colcon.colcon_core.verb:Building package 'myagv_ros2_odometry' with the following arguments: {'ament_cmake_args': None, 'build_base': '/home/sara/myagv_ros2/build/myagv_ros2_odometry', 'catkin_cmake_args': None, 'catkin_skip_building_tests': False, 'cmake_args': None, 'cmake_clean_cache': False, 'cmake_clean_first': False, 'cmake_force_configure': False, 'cmake_target': None, 'cmake_target_skip_unavailable': False, 'install_base': '/home/sara/myagv_ros2/install/myagv_ros2_odometry', 'merge_install': False, 'path': '/home/sara/myagv_ros2/src/myagv_ros2_odometry', 'symlink_install': False, 'test_result_base': None}
[1.699s] Level 5:colcon.colcon_core.verb:set package 'myagv_ros2_urdf' build argument 'cmake_args' from command line to 'None'
[1.699s] Level 5:colcon.colcon_core.verb:set package 'myagv_ros2_urdf' build argument 'cmake_target' from command line to 'None'
[1.699s] Level 5:colcon.colcon_core.verb:set package 'myagv_ros2_urdf' build argument 'cmake_target_skip_unavailable' from command line to 'False'
[1.699s] Level 5:colcon.colcon_core.verb:set package 'myagv_ros2_urdf' build argument 'cmake_clean_cache' from command line to 'False'
[1.699s] Level 5:colcon.colcon_core.verb:set package 'myagv_ros2_urdf' build argument 'cmake_clean_first' from command line to 'False'
[1.700s] Level 5:colcon.colcon_core.verb:set package 'myagv_ros2_urdf' build argument 'cmake_force_configure' from command line to 'False'
[1.700s] Level 5:colcon.colcon_core.verb:set package 'myagv_ros2_urdf' build argument 'ament_cmake_args' from command line to 'None'
[1.700s] Level 5:colcon.colcon_core.verb:set package 'myagv_ros2_urdf' build argument 'catkin_cmake_args' from command line to 'None'
[1.700s] Level 5:colcon.colcon_core.verb:set package 'myagv_ros2_urdf' build argument 'catkin_skip_building_tests' from command line to 'False'
[1.700s] DEBUG:colcon.colcon_core.verb:Building package 'myagv_ros2_urdf' with the following arguments: {'ament_cmake_args': None, 'build_base': '/home/sara/myagv_ros2/build/myagv_ros2_urdf', 'catkin_cmake_args': None, 'catkin_skip_building_tests': False, 'cmake_args': None, 'cmake_clean_cache': False, 'cmake_clean_first': False, 'cmake_force_configure': False, 'cmake_target': None, 'cmake_target_skip_unavailable': False, 'install_base': '/home/sara/myagv_ros2/install/myagv_ros2_urdf', 'merge_install': False, 'path': '/home/sara/myagv_ros2/src/myagv_ros2_urdf', 'symlink_install': False, 'test_result_base': None}
[1.701s] Level 5:colcon.colcon_core.verb:set package 'myagv_ros2_ydlidar' build argument 'cmake_args' from command line to 'None'
[1.702s] Level 5:colcon.colcon_core.verb:set package 'myagv_ros2_ydlidar' build argument 'cmake_target' from command line to 'None'
[1.702s] Level 5:colcon.colcon_core.verb:set package 'myagv_ros2_ydlidar' build argument 'cmake_target_skip_unavailable' from command line to 'False'
[1.702s] Level 5:colcon.colcon_core.verb:set package 'myagv_ros2_ydlidar' build argument 'cmake_clean_cache' from command line to 'False'
[1.702s] Level 5:colcon.colcon_core.verb:set package 'myagv_ros2_ydlidar' build argument 'cmake_clean_first' from command line to 'False'
[1.702s] Level 5:colcon.colcon_core.verb:set package 'myagv_ros2_ydlidar' build argument 'cmake_force_configure' from command line to 'False'
[1.702s] Level 5:colcon.colcon_core.verb:set package 'myagv_ros2_ydlidar' build argument 'ament_cmake_args' from command line to 'None'
[1.702s] Level 5:colcon.colcon_core.verb:set package 'myagv_ros2_ydlidar' build argument 'catkin_cmake_args' from command line to 'None'
[1.702s] Level 5:colcon.colcon_core.verb:set package 'myagv_ros2_ydlidar' build argument 'catkin_skip_building_tests' from command line to 'False'
[1.702s] DEBUG:colcon.colcon_core.verb:Building package 'myagv_ros2_ydlidar' with the following arguments: {'ament_cmake_args': None, 'build_base': '/home/sara/myagv_ros2/build/myagv_ros2_ydlidar', 'catkin_cmake_args': None, 'catkin_skip_building_tests': False, 'cmake_args': None, 'cmake_clean_cache': False, 'cmake_clean_first': False, 'cmake_force_configure': False, 'cmake_target': None, 'cmake_target_skip_unavailable': False, 'install_base': '/home/sara/myagv_ros2/install/myagv_ros2_ydlidar', 'merge_install': False, 'path': '/home/sara/myagv_ros2/src/myagv_ros2_ydlidar', 'symlink_install': False, 'test_result_base': None}
[1.704s] Level 5:colcon.colcon_core.verb:set package 'ydlidar_ros2_driver' build argument 'cmake_args' from command line to 'None'
[1.704s] Level 5:colcon.colcon_core.verb:set package 'ydlidar_ros2_driver' build argument 'cmake_target' from command line to 'None'
[1.704s] Level 5:colcon.colcon_core.verb:set package 'ydlidar_ros2_driver' build argument 'cmake_target_skip_unavailable' from command line to 'False'
[1.704s] Level 5:colcon.colcon_core.verb:set package 'ydlidar_ros2_driver' build argument 'cmake_clean_cache' from command line to 'False'
[1.704s] Level 5:colcon.colcon_core.verb:set package 'ydlidar_ros2_driver' build argument 'cmake_clean_first' from command line to 'False'
[1.704s] Level 5:colcon.colcon_core.verb:set package 'ydlidar_ros2_driver' build argument 'cmake_force_configure' from command line to 'False'
[1.704s] Level 5:colcon.colcon_core.verb:set package 'ydlidar_ros2_driver' build argument 'ament_cmake_args' from command line to 'None'
[1.705s] Level 5:colcon.colcon_core.verb:set package 'ydlidar_ros2_driver' build argument 'catkin_cmake_args' from command line to 'None'
[1.705s] Level 5:colcon.colcon_core.verb:set package 'ydlidar_ros2_driver' build argument 'catkin_skip_building_tests' from command line to 'False'
[1.705s] DEBUG:colcon.colcon_core.verb:Building package 'ydlidar_ros2_driver' with the following arguments: {'ament_cmake_args': None, 'build_base': '/home/sara/myagv_ros2/build/ydlidar_ros2_driver', 'catkin_cmake_args': None, 'catkin_skip_building_tests': False, 'cmake_args': None, 'cmake_clean_cache': False, 'cmake_clean_first': False, 'cmake_force_configure': False, 'cmake_target': None, 'cmake_target_skip_unavailable': False, 'install_base': '/home/sara/myagv_ros2/install/ydlidar_ros2_driver', 'merge_install': False, 'path': '/home/sara/myagv_ros2/src/ydlidar_ros2_driver', 'symlink_install': False, 'test_result_base': None}
[1.705s] INFO:colcon.colcon_core.executor:Executing jobs using 'parallel' executor
[1.708s] DEBUG:colcon.colcon_parallel_executor.executor.parallel:run_until_complete
[1.709s] INFO:colcon.colcon_ros.task.ament_python.build:Building ROS package in '/home/sara/myagv_ros2/src/myagv_ros2_debug' with build type 'ament_python'
[1.710s] Level 1:colcon.colcon_core.shell:create_environment_hook('myagv_ros2_debug', 'ament_prefix_path')
[1.719s] INFO:colcon.colcon_core.plugin_system:Skipping extension 'colcon_core.shell.bat': Not used on non-Windows systems
[1.721s] INFO:colcon.colcon_core.shell:Creating environment hook '/home/sara/myagv_ros2/install/myagv_ros2_debug/share/myagv_ros2_debug/hook/ament_prefix_path.ps1'
[1.726s] INFO:colcon.colcon_core.shell:Creating environment descriptor '/home/sara/myagv_ros2/install/myagv_ros2_debug/share/myagv_ros2_debug/hook/ament_prefix_path.dsv'
[1.728s] INFO:colcon.colcon_core.shell:Creating environment hook '/home/sara/myagv_ros2/install/myagv_ros2_debug/share/myagv_ros2_debug/hook/ament_prefix_path.sh'
[1.732s] INFO:colcon.colcon_core.shell:Skip shell extension 'powershell' for command environment: Not usable outside of PowerShell
[1.732s] DEBUG:colcon.colcon_core.shell:Skip shell extension 'dsv' for command environment
[1.753s] INFO:colcon.colcon_ros.task.ament_cmake.build:Building ROS package in '/home/sara/myagv_ros2/src/myagv_ros2_odom' with build type 'ament_cmake'
[1.754s] INFO:colcon.colcon_cmake.task.cmake.build:Building CMake package in '/home/sara/myagv_ros2/src/myagv_ros2_odom'
[1.755s] INFO:colcon.colcon_core.shell:Skip shell extension 'powershell' for command environment: Not usable outside of PowerShell
[1.756s] DEBUG:colcon.colcon_core.shell:Skip shell extension 'dsv' for command environment
[1.778s] INFO:colcon.colcon_ros.task.ament_python.build:Building ROS package in '/home/sara/myagv_ros2/src/myagv_ros2_odometry' with build type 'ament_python'
[1.778s] Level 1:colcon.colcon_core.shell:create_environment_hook('myagv_ros2_odometry', 'ament_prefix_path')
[1.780s] INFO:colcon.colcon_core.shell:Creating environment hook '/home/sara/myagv_ros2/install/myagv_ros2_odometry/share/myagv_ros2_odometry/hook/ament_prefix_path.ps1'
[1.784s] INFO:colcon.colcon_core.shell:Creating environment descriptor '/home/sara/myagv_ros2/install/myagv_ros2_odometry/share/myagv_ros2_odometry/hook/ament_prefix_path.dsv'
[1.786s] INFO:colcon.colcon_core.shell:Creating environment hook '/home/sara/myagv_ros2/install/myagv_ros2_odometry/share/myagv_ros2_odometry/hook/ament_prefix_path.sh'
[1.790s] INFO:colcon.colcon_core.shell:Skip shell extension 'powershell' for command environment: Not usable outside of PowerShell
[1.790s] DEBUG:colcon.colcon_core.shell:Skip shell extension 'dsv' for command environment
[1.812s] INFO:colcon.colcon_ros.task.ament_cmake.build:Building ROS package in '/home/sara/myagv_ros2/src/myagv_ros2_urdf' with build type 'ament_cmake'
[1.812s] INFO:colcon.colcon_cmake.task.cmake.build:Building CMake package in '/home/sara/myagv_ros2/src/myagv_ros2_urdf'
[1.814s] INFO:colcon.colcon_core.shell:Skip shell extension 'powershell' for command environment: Not usable outside of PowerShell
[1.814s] DEBUG:colcon.colcon_core.shell:Skip shell extension 'dsv' for command environment
[3.019s] INFO:colcon.colcon_core.task.python.build:Building Python package in '/home/sara/myagv_ros2/src/myagv_ros2_debug'
[3.020s] INFO:colcon.colcon_core.shell:Skip shell extension 'powershell' for command environment: Not usable outside of PowerShell
[3.020s] DEBUG:colcon.colcon_core.shell:Skip shell extension 'dsv' for command environment
[3.054s] DEBUG:colcon.colcon_core.event_handler.log_command:Invoking command in '/home/sara/myagv_ros2/build/myagv_ros2_odom': CMAKE_PREFIX_PATH=${CMAKE_PREFIX_PATH}:/home/sara/myagv_ros2/install/myagv_ros2_ydlidar:/home/sara/myagv_ros2/install/myagv_ros2_odometry:/home/sara/myagv_ros2/install/myagv_ros2_debug:/opt/ros/humble /usr/bin/cmake --build /home/sara/myagv_ros2/build/myagv_ros2_odom -- -j4 -l4
[4.314s] INFO:colcon.colcon_core.task.python.build:Building Python package in '/home/sara/myagv_ros2/src/myagv_ros2_odometry'
[4.315s] INFO:colcon.colcon_core.shell:Skip shell extension 'powershell' for command environment: Not usable outside of PowerShell
[4.315s] DEBUG:colcon.colcon_core.shell:Skip shell extension 'dsv' for command environment
[4.346s] DEBUG:colcon.colcon_core.event_handler.log_command:Invoked command in '/home/sara/myagv_ros2/build/myagv_ros2_odom' returned '0': CMAKE_PREFIX_PATH=${CMAKE_PREFIX_PATH}:/home/sara/myagv_ros2/install/myagv_ros2_ydlidar:/home/sara/myagv_ros2/install/myagv_ros2_odometry:/home/sara/myagv_ros2/install/myagv_ros2_debug:/opt/ros/humble /usr/bin/cmake --build /home/sara/myagv_ros2/build/myagv_ros2_odom -- -j4 -l4
[4.370s] DEBUG:colcon.colcon_core.event_handler.log_command:Invoking command in '/home/sara/myagv_ros2/build/myagv_ros2_urdf': CMAKE_PREFIX_PATH=${CMAKE_PREFIX_PATH}:/home/sara/myagv_ros2/install/myagv_ros2_ydlidar:/home/sara/myagv_ros2/install/myagv_ros2_odometry:/home/sara/myagv_ros2/install/myagv_ros2_debug:/opt/ros/humble /usr/bin/cmake --build /home/sara/myagv_ros2/build/myagv_ros2_urdf -- -j4 -l4
[4.575s] DEBUG:colcon.colcon_core.event_handler.log_command:Invoking command in '/home/sara/myagv_ros2/build/myagv_ros2_odom': CMAKE_PREFIX_PATH=${CMAKE_PREFIX_PATH}:/home/sara/myagv_ros2/install/myagv_ros2_ydlidar:/home/sara/myagv_ros2/install/myagv_ros2_odometry:/home/sara/myagv_ros2/install/myagv_ros2_debug:/opt/ros/humble /usr/bin/cmake --install /home/sara/myagv_ros2/build/myagv_ros2_odom
[4.593s] DEBUG:colcon.colcon_core.event_handler.log_command:Invoked command in '/home/sara/myagv_ros2/build/myagv_ros2_urdf' returned '0': CMAKE_PREFIX_PATH=${CMAKE_PREFIX_PATH}:/home/sara/myagv_ros2/install/myagv_ros2_ydlidar:/home/sara/myagv_ros2/install/myagv_ros2_odometry:/home/sara/myagv_ros2/install/myagv_ros2_debug:/opt/ros/humble /usr/bin/cmake --build /home/sara/myagv_ros2/build/myagv_ros2_urdf -- -j4 -l4
[4.664s] Level 1:colcon.colcon_core.environment:create_environment_scripts_only(myagv_ros2_odom)
[4.667s] DEBUG:colcon.colcon_core.event_handler.log_command:Invoked command in '/home/sara/myagv_ros2/build/myagv_ros2_odom' returned '0': CMAKE_PREFIX_PATH=${CMAKE_PREFIX_PATH}:/home/sara/myagv_ros2/install/myagv_ros2_ydlidar:/home/sara/myagv_ros2/install/myagv_ros2_odometry:/home/sara/myagv_ros2/install/myagv_ros2_debug:/opt/ros/humble /usr/bin/cmake --install /home/sara/myagv_ros2/build/myagv_ros2_odom
[4.695s] Level 1:colcon.colcon_core.environment:checking '/home/sara/myagv_ros2/install/myagv_ros2_odom' for CMake module files
[4.699s] Level 1:colcon.colcon_core.environment:checking '/home/sara/myagv_ros2/install/myagv_ros2_odom' for CMake config files
[4.704s] Level 1:colcon.colcon_core.shell:create_environment_hook('myagv_ros2_odom', 'cmake_prefix_path')
[4.705s] INFO:colcon.colcon_core.shell:Creating environment hook '/home/sara/myagv_ros2/install/myagv_ros2_odom/share/myagv_ros2_odom/hook/cmake_prefix_path.ps1'
[4.708s] INFO:colcon.colcon_core.shell:Creating environment descriptor '/home/sara/myagv_ros2/install/myagv_ros2_odom/share/myagv_ros2_odom/hook/cmake_prefix_path.dsv'
[4.712s] INFO:colcon.colcon_core.shell:Creating environment hook '/home/sara/myagv_ros2/install/myagv_ros2_odom/share/myagv_ros2_odom/hook/cmake_prefix_path.sh'
[4.716s] Level 1:colcon.colcon_core.environment:checking '/home/sara/myagv_ros2/install/myagv_ros2_odom/lib'
[4.718s] Level 1:colcon.colcon_core.environment:checking '/home/sara/myagv_ros2/install/myagv_ros2_odom/bin'
[4.718s] Level 1:colcon.colcon_core.environment:checking '/home/sara/myagv_ros2/install/myagv_ros2_odom/lib/pkgconfig/myagv_ros2_odom.pc'
[4.719s] Level 1:colcon.colcon_core.environment:checking '/home/sara/myagv_ros2/install/myagv_ros2_odom/lib/python3.10/site-packages'
[4.721s] Level 1:colcon.colcon_core.environment:checking '/home/sara/myagv_ros2/install/myagv_ros2_odom/bin'
[4.722s] INFO:colcon.colcon_core.shell:Creating package script '/home/sara/myagv_ros2/install/myagv_ros2_odom/share/myagv_ros2_odom/package.ps1'
[4.731s] INFO:colcon.colcon_core.shell:Creating package descriptor '/home/sara/myagv_ros2/install/myagv_ros2_odom/share/myagv_ros2_odom/package.dsv'
[4.735s] INFO:colcon.colcon_core.shell:Creating package script '/home/sara/myagv_ros2/install/myagv_ros2_odom/share/myagv_ros2_odom/package.sh'
[4.742s] INFO:colcon.colcon_core.shell:Creating package script '/home/sara/myagv_ros2/install/myagv_ros2_odom/share/myagv_ros2_odom/package.bash'
[4.749s] INFO:colcon.colcon_core.shell:Creating package script '/home/sara/myagv_ros2/install/myagv_ros2_odom/share/myagv_ros2_odom/package.zsh'
[4.755s] Level 1:colcon.colcon_core.environment:create_file_with_runtime_dependencies(/home/sara/myagv_ros2/install/myagv_ros2_odom/share/colcon-core/packages/myagv_ros2_odom)
[4.770s] DEBUG:colcon.colcon_core.event_handler.log_command:Invoking command in '/home/sara/myagv_ros2/build/myagv_ros2_urdf': CMAKE_PREFIX_PATH=${CMAKE_PREFIX_PATH}:/home/sara/myagv_ros2/install/myagv_ros2_ydlidar:/home/sara/myagv_ros2/install/myagv_ros2_odometry:/home/sara/myagv_ros2/install/myagv_ros2_debug:/opt/ros/humble /usr/bin/cmake --install /home/sara/myagv_ros2/build/myagv_ros2_urdf
[4.848s] Level 1:colcon.colcon_core.environment:create_environment_scripts_only(myagv_ros2_urdf)
[4.849s] Level 1:colcon.colcon_core.environment:checking '/home/sara/myagv_ros2/install/myagv_ros2_urdf' for CMake module files
[4.852s] Level 1:colcon.colcon_core.environment:checking '/home/sara/myagv_ros2/install/myagv_ros2_urdf' for CMake config files
[4.854s] DEBUG:colcon.colcon_core.event_handler.log_command:Invoked command in '/home/sara/myagv_ros2/build/myagv_ros2_urdf' returned '0': CMAKE_PREFIX_PATH=${CMAKE_PREFIX_PATH}:/home/sara/myagv_ros2/install/myagv_ros2_ydlidar:/home/sara/myagv_ros2/install/myagv_ros2_odometry:/home/sara/myagv_ros2/install/myagv_ros2_debug:/opt/ros/humble /usr/bin/cmake --install /home/sara/myagv_ros2/build/myagv_ros2_urdf
[4.857s] Level 1:colcon.colcon_core.shell:create_environment_hook('myagv_ros2_urdf', 'cmake_prefix_path')
[4.858s] INFO:colcon.colcon_core.shell:Creating environment hook '/home/sara/myagv_ros2/install/myagv_ros2_urdf/share/myagv_ros2_urdf/hook/cmake_prefix_path.ps1'
[4.862s] INFO:colcon.colcon_core.shell:Creating environment descriptor '/home/sara/myagv_ros2/install/myagv_ros2_urdf/share/myagv_ros2_urdf/hook/cmake_prefix_path.dsv'
[4.865s] INFO:colcon.colcon_core.shell:Creating environment hook '/home/sara/myagv_ros2/install/myagv_ros2_urdf/share/myagv_ros2_urdf/hook/cmake_prefix_path.sh'
[4.870s] Level 1:colcon.colcon_core.environment:checking '/home/sara/myagv_ros2/install/myagv_ros2_urdf/bin'
[4.871s] Level 1:colcon.colcon_core.environment:checking '/home/sara/myagv_ros2/install/myagv_ros2_urdf/lib/pkgconfig/myagv_ros2_urdf.pc'
[4.872s] Level 1:colcon.colcon_core.environment:checking '/home/sara/myagv_ros2/install/myagv_ros2_urdf/lib/python3.10/site-packages'
[4.874s] Level 1:colcon.colcon_core.environment:checking '/home/sara/myagv_ros2/install/myagv_ros2_urdf/bin'
[4.875s] INFO:colcon.colcon_core.shell:Creating package script '/home/sara/myagv_ros2/install/myagv_ros2_urdf/share/myagv_ros2_urdf/package.ps1'
[4.879s] INFO:colcon.colcon_core.shell:Creating package descriptor '/home/sara/myagv_ros2/install/myagv_ros2_urdf/share/myagv_ros2_urdf/package.dsv'
[4.884s] INFO:colcon.colcon_core.shell:Creating package script '/home/sara/myagv_ros2/install/myagv_ros2_urdf/share/myagv_ros2_urdf/package.sh'
[4.888s] INFO:colcon.colcon_core.shell:Creating package script '/home/sara/myagv_ros2/install/myagv_ros2_urdf/share/myagv_ros2_urdf/package.bash'
[4.891s] INFO:colcon.colcon_core.shell:Creating package script '/home/sara/myagv_ros2/install/myagv_ros2_urdf/share/myagv_ros2_urdf/package.zsh'
[4.894s] Level 1:colcon.colcon_core.environment:create_file_with_runtime_dependencies(/home/sara/myagv_ros2/install/myagv_ros2_urdf/share/colcon-core/packages/myagv_ros2_urdf)
[4.959s] Level 1:colcon.colcon_core.environment:create_environment_scripts_only(myagv_ros2_odom)
[4.960s] Level 1:colcon.colcon_core.environment:checking '/home/sara/myagv_ros2/install/myagv_ros2_odom' for CMake module files
[4.964s] Level 1:colcon.colcon_core.environment:checking '/home/sara/myagv_ros2/install/myagv_ros2_odom' for CMake config files
[4.967s] Level 1:colcon.colcon_core.shell:create_environment_hook('myagv_ros2_odom', 'cmake_prefix_path')
[4.968s] INFO:colcon.colcon_core.shell:Creating environment hook '/home/sara/myagv_ros2/install/myagv_ros2_odom/share/myagv_ros2_odom/hook/cmake_prefix_path.ps1'
[4.971s] INFO:colcon.colcon_core.shell:Creating environment descriptor '/home/sara/myagv_ros2/install/myagv_ros2_odom/share/myagv_ros2_odom/hook/cmake_prefix_path.dsv'
[4.973s] INFO:colcon.colcon_core.shell:Creating environment hook '/home/sara/myagv_ros2/install/myagv_ros2_odom/share/myagv_ros2_odom/hook/cmake_prefix_path.sh'
[4.978s] Level 1:colcon.colcon_core.environment:checking '/home/sara/myagv_ros2/install/myagv_ros2_odom/lib'
[4.979s] Level 1:colcon.colcon_core.environment:checking '/home/sara/myagv_ros2/install/myagv_ros2_odom/bin'
[4.979s] Level 1:colcon.colcon_core.environment:checking '/home/sara/myagv_ros2/install/myagv_ros2_odom/lib/pkgconfig/myagv_ros2_odom.pc'
[4.980s] Level 1:colcon.colcon_core.environment:checking '/home/sara/myagv_ros2/install/myagv_ros2_odom/lib/python3.10/site-packages'
[4.982s] Level 1:colcon.colcon_core.environment:checking '/home/sara/myagv_ros2/install/myagv_ros2_odom/bin'
[4.983s] INFO:colcon.colcon_core.shell:Creating package script '/home/sara/myagv_ros2/install/myagv_ros2_odom/share/myagv_ros2_odom/package.ps1'
[4.987s] INFO:colcon.colcon_core.shell:Creating package descriptor '/home/sara/myagv_ros2/install/myagv_ros2_odom/share/myagv_ros2_odom/package.dsv'
[4.990s] INFO:colcon.colcon_core.shell:Creating package script '/home/sara/myagv_ros2/install/myagv_ros2_odom/share/myagv_ros2_odom/package.sh'
[4.993s] INFO:colcon.colcon_core.shell:Creating package script '/home/sara/myagv_ros2/install/myagv_ros2_odom/share/myagv_ros2_odom/package.bash'
[4.997s] INFO:colcon.colcon_core.shell:Creating package script '/home/sara/myagv_ros2/install/myagv_ros2_odom/share/myagv_ros2_odom/package.zsh'
[4.999s] Level 1:colcon.colcon_core.environment:create_file_with_runtime_dependencies(/home/sara/myagv_ros2/install/myagv_ros2_odom/share/colcon-core/packages/myagv_ros2_odom)
[5.002s] INFO:colcon.colcon_ros.task.ament_python.build:Building ROS package in '/home/sara/myagv_ros2/src/myagv_ros2_ydlidar' with build type 'ament_python'
[5.003s] Level 1:colcon.colcon_core.shell:create_environment_hook('myagv_ros2_ydlidar', 'ament_prefix_path')
[5.005s] INFO:colcon.colcon_core.shell:Creating environment hook '/home/sara/myagv_ros2/install/myagv_ros2_ydlidar/share/myagv_ros2_ydlidar/hook/ament_prefix_path.ps1'
[5.011s] INFO:colcon.colcon_core.shell:Creating environment descriptor '/home/sara/myagv_ros2/install/myagv_ros2_ydlidar/share/myagv_ros2_ydlidar/hook/ament_prefix_path.dsv'
[5.015s] INFO:colcon.colcon_core.shell:Creating environment hook '/home/sara/myagv_ros2/install/myagv_ros2_ydlidar/share/myagv_ros2_ydlidar/hook/ament_prefix_path.sh'
[5.019s] INFO:colcon.colcon_core.shell:Skip shell extension 'powershell' for command environment: Not usable outside of PowerShell
[5.019s] DEBUG:colcon.colcon_core.shell:Skip shell extension 'dsv' for command environment
[5.047s] Level 1:colcon.colcon_core.environment:create_environment_scripts_only(myagv_ros2_urdf)
[5.048s] Level 1:colcon.colcon_core.environment:checking '/home/sara/myagv_ros2/install/myagv_ros2_urdf' for CMake module files
[5.051s] Level 1:colcon.colcon_core.environment:checking '/home/sara/myagv_ros2/install/myagv_ros2_urdf' for CMake config files
[5.053s] Level 1:colcon.colcon_core.shell:create_environment_hook('myagv_ros2_urdf', 'cmake_prefix_path')
[5.054s] INFO:colcon.colcon_core.shell:Creating environment hook '/home/sara/myagv_ros2/install/myagv_ros2_urdf/share/myagv_ros2_urdf/hook/cmake_prefix_path.ps1'
[5.056s] INFO:colcon.colcon_core.shell:Creating environment descriptor '/home/sara/myagv_ros2/install/myagv_ros2_urdf/share/myagv_ros2_urdf/hook/cmake_prefix_path.dsv'
[5.059s] INFO:colcon.colcon_core.shell:Creating environment hook '/home/sara/myagv_ros2/install/myagv_ros2_urdf/share/myagv_ros2_urdf/hook/cmake_prefix_path.sh'
[5.063s] Level 1:colcon.colcon_core.environment:checking '/home/sara/myagv_ros2/install/myagv_ros2_urdf/bin'
[5.063s] Level 1:colcon.colcon_core.environment:checking '/home/sara/myagv_ros2/install/myagv_ros2_urdf/lib/pkgconfig/myagv_ros2_urdf.pc'
[5.064s] Level 1:colcon.colcon_core.environment:checking '/home/sara/myagv_ros2/install/myagv_ros2_urdf/lib/python3.10/site-packages'
[5.065s] Level 1:colcon.colcon_core.environment:checking '/home/sara/myagv_ros2/install/myagv_ros2_urdf/bin'
[5.067s] INFO:colcon.colcon_core.shell:Creating package script '/home/sara/myagv_ros2/install/myagv_ros2_urdf/share/myagv_ros2_urdf/package.ps1'
[5.070s] INFO:colcon.colcon_core.shell:Creating package descriptor '/home/sara/myagv_ros2/install/myagv_ros2_urdf/share/myagv_ros2_urdf/package.dsv'
[5.073s] INFO:colcon.colcon_core.shell:Creating package script '/home/sara/myagv_ros2/install/myagv_ros2_urdf/share/myagv_ros2_urdf/package.sh'
[5.076s] INFO:colcon.colcon_core.shell:Creating package script '/home/sara/myagv_ros2/install/myagv_ros2_urdf/share/myagv_ros2_urdf/package.bash'
[5.079s] INFO:colcon.colcon_core.shell:Creating package script '/home/sara/myagv_ros2/install/myagv_ros2_urdf/share/myagv_ros2_urdf/package.zsh'
[5.082s] Level 1:colcon.colcon_core.environment:create_file_with_runtime_dependencies(/home/sara/myagv_ros2/install/myagv_ros2_urdf/share/colcon-core/packages/myagv_ros2_urdf)
[5.086s] INFO:colcon.colcon_ros.task.ament_cmake.build:Building ROS package in '/home/sara/myagv_ros2/src/ydlidar_ros2_driver' with build type 'ament_cmake'
[5.086s] INFO:colcon.colcon_cmake.task.cmake.build:Building CMake package in '/home/sara/myagv_ros2/src/ydlidar_ros2_driver'
[5.088s] INFO:colcon.colcon_core.shell:Skip shell extension 'powershell' for command environment: Not usable outside of PowerShell
[5.088s] DEBUG:colcon.colcon_core.shell:Skip shell extension 'dsv' for command environment
[6.808s] INFO:colcon.colcon_core.task.python.build:Building Python package in '/home/sara/myagv_ros2/src/myagv_ros2_ydlidar'
[6.809s] INFO:colcon.colcon_core.shell:Skip shell extension 'powershell' for command environment: Not usable outside of PowerShell
[6.809s] DEBUG:colcon.colcon_core.shell:Skip shell extension 'dsv' for command environment
[6.862s] DEBUG:colcon.colcon_core.event_handler.log_command:Invoking command in '/home/sara/myagv_ros2/build/ydlidar_ros2_driver': CMAKE_PREFIX_PATH=${CMAKE_PREFIX_PATH}:/home/sara/myagv_ros2/install/myagv_ros2_ydlidar:/home/sara/myagv_ros2/install/myagv_ros2_odometry:/home/sara/myagv_ros2/install/myagv_ros2_debug:/opt/ros/humble /usr/bin/cmake --build /home/sara/myagv_ros2/build/ydlidar_ros2_driver -- -j4 -l4
[6.875s] DEBUG:colcon.colcon_core.event_handler.log_command:Invoking command in '/home/sara/myagv_ros2/src/myagv_ros2_odometry': PYTHONPATH=/home/sara/myagv_ros2/build/myagv_ros2_odometry/prefix_override:/usr/lib/python3/dist-packages/colcon_core/task/python/colcon_distutils_commands:/home/sara/myagv_ros2/install/myagv_ros2_odometry/lib/python3.10/site-packages:${PYTHONPATH} /usr/bin/python3 -W ignore:setup.py install is deprecated setup.py egg_info --egg-base ../../build/myagv_ros2_odometry build --build-base /home/sara/myagv_ros2/build/myagv_ros2_odometry/build install --record /home/sara/myagv_ros2/build/myagv_ros2_odometry/install.log --single-version-externally-managed install_data
[6.880s] DEBUG:colcon.colcon_core.event_handler.log_command:Invoking command in '/home/sara/myagv_ros2/src/myagv_ros2_debug': PYTHONPATH=/home/sara/myagv_ros2/build/myagv_ros2_debug/prefix_override:/usr/lib/python3/dist-packages/colcon_core/task/python/colcon_distutils_commands:/home/sara/myagv_ros2/install/myagv_ros2_debug/lib/python3.10/site-packages:${PYTHONPATH} /usr/bin/python3 -W ignore:setup.py install is deprecated setup.py egg_info --egg-base ../../build/myagv_ros2_debug build --build-base /home/sara/myagv_ros2/build/myagv_ros2_debug/build install --record /home/sara/myagv_ros2/build/myagv_ros2_debug/install.log --single-version-externally-managed install_data
[7.379s] DEBUG:colcon.colcon_core.event_handler.log_command:Invoked command in '/home/sara/myagv_ros2/build/ydlidar_ros2_driver' returned '0': CMAKE_PREFIX_PATH=${CMAKE_PREFIX_PATH}:/home/sara/myagv_ros2/install/myagv_ros2_ydlidar:/home/sara/myagv_ros2/install/myagv_ros2_odometry:/home/sara/myagv_ros2/install/myagv_ros2_debug:/opt/ros/humble /usr/bin/cmake --build /home/sara/myagv_ros2/build/ydlidar_ros2_driver -- -j4 -l4
[7.570s] DEBUG:colcon.colcon_core.event_handler.log_command:Invoking command in '/home/sara/myagv_ros2/build/ydlidar_ros2_driver': CMAKE_PREFIX_PATH=${CMAKE_PREFIX_PATH}:/home/sara/myagv_ros2/install/myagv_ros2_ydlidar:/home/sara/myagv_ros2/install/myagv_ros2_odometry:/home/sara/myagv_ros2/install/myagv_ros2_debug:/opt/ros/humble /usr/bin/cmake --install /home/sara/myagv_ros2/build/ydlidar_ros2_driver
[7.784s] Level 1:colcon.colcon_core.environment:create_environment_scripts_only(ydlidar_ros2_driver)
[7.786s] Level 1:colcon.colcon_core.environment:checking '/home/sara/myagv_ros2/install/ydlidar_ros2_driver' for CMake module files
[7.790s] Level 1:colcon.colcon_core.environment:checking '/home/sara/myagv_ros2/install/ydlidar_ros2_driver' for CMake config files
[7.794s] DEBUG:colcon.colcon_core.event_handler.log_command:Invoked command in '/home/sara/myagv_ros2/build/ydlidar_ros2_driver' returned '0': CMAKE_PREFIX_PATH=${CMAKE_PREFIX_PATH}:/home/sara/myagv_ros2/install/myagv_ros2_ydlidar:/home/sara/myagv_ros2/install/myagv_ros2_odometry:/home/sara/myagv_ros2/install/myagv_ros2_debug:/opt/ros/humble /usr/bin/cmake --install /home/sara/myagv_ros2/build/ydlidar_ros2_driver
[7.800s] Level 1:colcon.colcon_core.shell:create_environment_hook('ydlidar_ros2_driver', 'cmake_prefix_path')
[7.802s] INFO:colcon.colcon_core.shell:Creating environment hook '/home/sara/myagv_ros2/install/ydlidar_ros2_driver/share/ydlidar_ros2_driver/hook/cmake_prefix_path.ps1'
[7.805s] INFO:colcon.colcon_core.shell:Creating environment descriptor '/home/sara/myagv_ros2/install/ydlidar_ros2_driver/share/ydlidar_ros2_driver/hook/cmake_prefix_path.dsv'
[7.808s] INFO:colcon.colcon_core.shell:Creating environment hook '/home/sara/myagv_ros2/install/ydlidar_ros2_driver/share/ydlidar_ros2_driver/hook/cmake_prefix_path.sh'
[7.812s] Level 1:colcon.colcon_core.environment:checking '/home/sara/myagv_ros2/install/ydlidar_ros2_driver/lib'
[7.813s] Level 1:colcon.colcon_core.environment:checking '/home/sara/myagv_ros2/install/ydlidar_ros2_driver/bin'
[7.814s] Level 1:colcon.colcon_core.environment:checking '/home/sara/myagv_ros2/install/ydlidar_ros2_driver/lib/pkgconfig/ydlidar_ros2_driver.pc'
[7.815s] Level 1:colcon.colcon_core.environment:checking '/home/sara/myagv_ros2/install/ydlidar_ros2_driver/lib/python3.10/site-packages'
[7.817s] Level 1:colcon.colcon_core.environment:checking '/home/sara/myagv_ros2/install/ydlidar_ros2_driver/bin'
[7.818s] INFO:colcon.colcon_core.shell:Creating package script '/home/sara/myagv_ros2/install/ydlidar_ros2_driver/share/ydlidar_ros2_driver/package.ps1'
[7.822s] INFO:colcon.colcon_core.shell:Creating package descriptor '/home/sara/myagv_ros2/install/ydlidar_ros2_driver/share/ydlidar_ros2_driver/package.dsv'
[7.825s] INFO:colcon.colcon_core.shell:Creating package script '/home/sara/myagv_ros2/install/ydlidar_ros2_driver/share/ydlidar_ros2_driver/package.sh'
[7.828s] INFO:colcon.colcon_core.shell:Creating package script '/home/sara/myagv_ros2/install/ydlidar_ros2_driver/share/ydlidar_ros2_driver/package.bash'
[7.831s] INFO:colcon.colcon_core.shell:Creating package script '/home/sara/myagv_ros2/install/ydlidar_ros2_driver/share/ydlidar_ros2_driver/package.zsh'
[7.834s] Level 1:colcon.colcon_core.environment:create_file_with_runtime_dependencies(/home/sara/myagv_ros2/install/ydlidar_ros2_driver/share/colcon-core/packages/ydlidar_ros2_driver)
[8.004s] Level 1:colcon.colcon_core.environment:create_environment_scripts_only(ydlidar_ros2_driver)
[8.005s] Level 1:colcon.colcon_core.environment:checking '/home/sara/myagv_ros2/install/ydlidar_ros2_driver' for CMake module files
[8.009s] Level 1:colcon.colcon_core.environment:checking '/home/sara/myagv_ros2/install/ydlidar_ros2_driver' for CMake config files
[8.014s] Level 1:colcon.colcon_core.shell:create_environment_hook('ydlidar_ros2_driver', 'cmake_prefix_path')
[8.015s] INFO:colcon.colcon_core.shell:Creating environment hook '/home/sara/myagv_ros2/install/ydlidar_ros2_driver/share/ydlidar_ros2_driver/hook/cmake_prefix_path.ps1'
[8.018s] INFO:colcon.colcon_core.shell:Creating environment descriptor '/home/sara/myagv_ros2/install/ydlidar_ros2_driver/share/ydlidar_ros2_driver/hook/cmake_prefix_path.dsv'
[8.021s] INFO:colcon.colcon_core.shell:Creating environment hook '/home/sara/myagv_ros2/install/ydlidar_ros2_driver/share/ydlidar_ros2_driver/hook/cmake_prefix_path.sh'
[8.025s] Level 1:colcon.colcon_core.environment:checking '/home/sara/myagv_ros2/install/ydlidar_ros2_driver/lib'
[8.025s] Level 1:colcon.colcon_core.environment:checking '/home/sara/myagv_ros2/install/ydlidar_ros2_driver/bin'
[8.026s] Level 1:colcon.colcon_core.environment:checking '/home/sara/myagv_ros2/install/ydlidar_ros2_driver/lib/pkgconfig/ydlidar_ros2_driver.pc'
[8.027s] Level 1:colcon.colcon_core.environment:checking '/home/sara/myagv_ros2/install/ydlidar_ros2_driver/lib/python3.10/site-packages'
[8.028s] Level 1:colcon.colcon_core.environment:checking '/home/sara/myagv_ros2/install/ydlidar_ros2_driver/bin'
[8.030s] INFO:colcon.colcon_core.shell:Creating package script '/home/sara/myagv_ros2/install/ydlidar_ros2_driver/share/ydlidar_ros2_driver/package.ps1'
[8.034s] INFO:colcon.colcon_core.shell:Creating package descriptor '/home/sara/myagv_ros2/install/ydlidar_ros2_driver/share/ydlidar_ros2_driver/package.dsv'
[8.037s] INFO:colcon.colcon_core.shell:Creating package script '/home/sara/myagv_ros2/install/ydlidar_ros2_driver/share/ydlidar_ros2_driver/package.sh'
[8.040s] INFO:colcon.colcon_core.shell:Creating package script '/home/sara/myagv_ros2/install/ydlidar_ros2_driver/share/ydlidar_ros2_driver/package.bash'
[8.043s] INFO:colcon.colcon_core.shell:Creating package script '/home/sara/myagv_ros2/install/ydlidar_ros2_driver/share/ydlidar_ros2_driver/package.zsh'
[8.046s] Level 1:colcon.colcon_core.environment:create_file_with_runtime_dependencies(/home/sara/myagv_ros2/install/ydlidar_ros2_driver/share/colcon-core/packages/ydlidar_ros2_driver)
[8.883s] Level 1:colcon.colcon_core.environment:checking '/home/sara/myagv_ros2/install/myagv_ros2_debug' for CMake module files
[8.887s] Level 1:colcon.colcon_core.environment:checking '/home/sara/myagv_ros2/install/myagv_ros2_debug' for CMake config files
[8.894s] DEBUG:colcon.colcon_core.event_handler.log_command:Invoked command in '/home/sara/myagv_ros2/src/myagv_ros2_debug' returned '0': PYTHONPATH=/home/sara/myagv_ros2/build/myagv_ros2_debug/prefix_override:/usr/lib/python3/dist-packages/colcon_core/task/python/colcon_distutils_commands:/home/sara/myagv_ros2/install/myagv_ros2_debug/lib/python3.10/site-packages:${PYTHONPATH} /usr/bin/python3 -W ignore:setup.py install is deprecated setup.py egg_info --egg-base ../../build/myagv_ros2_debug build --build-base /home/sara/myagv_ros2/build/myagv_ros2_debug/build install --record /home/sara/myagv_ros2/build/myagv_ros2_debug/install.log --single-version-externally-managed install_data
[8.897s] Level 1:colcon.colcon_core.environment:checking '/home/sara/myagv_ros2/install/myagv_ros2_debug/lib'
[8.898s] Level 1:colcon.colcon_core.environment:checking '/home/sara/myagv_ros2/install/myagv_ros2_debug/bin'
[8.899s] Level 1:colcon.colcon_core.environment:checking '/home/sara/myagv_ros2/install/myagv_ros2_debug/lib/pkgconfig/myagv_ros2_debug.pc'
[8.900s] Level 1:colcon.colcon_core.environment:checking '/home/sara/myagv_ros2/install/myagv_ros2_debug/lib/python3.10/site-packages'
[8.901s] Level 1:colcon.colcon_core.shell:create_environment_hook('myagv_ros2_debug', 'pythonpath')
[8.903s] INFO:colcon.colcon_core.shell:Creating environment hook '/home/sara/myagv_ros2/install/myagv_ros2_debug/share/myagv_ros2_debug/hook/pythonpath.ps1'
[8.911s] INFO:colcon.colcon_core.shell:Creating environment descriptor '/home/sara/myagv_ros2/install/myagv_ros2_debug/share/myagv_ros2_debug/hook/pythonpath.dsv'
[8.918s] INFO:colcon.colcon_core.shell:Creating environment hook '/home/sara/myagv_ros2/install/myagv_ros2_debug/share/myagv_ros2_debug/hook/pythonpath.sh'
[8.927s] Level 1:colcon.colcon_core.environment:checking '/home/sara/myagv_ros2/install/myagv_ros2_debug/bin'
[8.928s] Level 1:colcon.colcon_core.environment:create_environment_scripts_only(myagv_ros2_debug)
[8.931s] INFO:colcon.colcon_core.shell:Creating package script '/home/sara/myagv_ros2/install/myagv_ros2_debug/share/myagv_ros2_debug/package.ps1'
[8.938s] INFO:colcon.colcon_core.shell:Creating package descriptor '/home/sara/myagv_ros2/install/myagv_ros2_debug/share/myagv_ros2_debug/package.dsv'
[8.942s] INFO:colcon.colcon_core.shell:Creating package script '/home/sara/myagv_ros2/install/myagv_ros2_debug/share/myagv_ros2_debug/package.sh'
[8.947s] INFO:colcon.colcon_core.shell:Creating package script '/home/sara/myagv_ros2/install/myagv_ros2_debug/share/myagv_ros2_debug/package.bash'
[8.951s] INFO:colcon.colcon_core.shell:Creating package script '/home/sara/myagv_ros2/install/myagv_ros2_debug/share/myagv_ros2_debug/package.zsh'
[8.955s] Level 1:colcon.colcon_core.environment:create_file_with_runtime_dependencies(/home/sara/myagv_ros2/install/myagv_ros2_debug/share/colcon-core/packages/myagv_ros2_debug)
[8.965s] Level 1:colcon.colcon_core.environment:checking '/home/sara/myagv_ros2/install/myagv_ros2_odometry' for CMake module files
[8.970s] DEBUG:colcon.colcon_core.event_handler.log_command:Invoked command in '/home/sara/myagv_ros2/src/myagv_ros2_odometry' returned '0': PYTHONPATH=/home/sara/myagv_ros2/build/myagv_ros2_odometry/prefix_override:/usr/lib/python3/dist-packages/colcon_core/task/python/colcon_distutils_commands:/home/sara/myagv_ros2/install/myagv_ros2_odometry/lib/python3.10/site-packages:${PYTHONPATH} /usr/bin/python3 -W ignore:setup.py install is deprecated setup.py egg_info --egg-base ../../build/myagv_ros2_odometry build --build-base /home/sara/myagv_ros2/build/myagv_ros2_odometry/build install --record /home/sara/myagv_ros2/build/myagv_ros2_odometry/install.log --single-version-externally-managed install_data
[8.974s] Level 1:colcon.colcon_core.environment:checking '/home/sara/myagv_ros2/install/myagv_ros2_odometry' for CMake config files
[8.982s] Level 1:colcon.colcon_core.environment:checking '/home/sara/myagv_ros2/install/myagv_ros2_odometry/lib'
[8.983s] Level 1:colcon.colcon_core.environment:checking '/home/sara/myagv_ros2/install/myagv_ros2_odometry/bin'
[8.984s] Level 1:colcon.colcon_core.environment:checking '/home/sara/myagv_ros2/install/myagv_ros2_odometry/lib/pkgconfig/myagv_ros2_odometry.pc'
[8.986s] Level 1:colcon.colcon_core.environment:checking '/home/sara/myagv_ros2/install/myagv_ros2_odometry/lib/python3.10/site-packages'
[8.987s] Level 1:colcon.colcon_core.shell:create_environment_hook('myagv_ros2_odometry', 'pythonpath')
[8.988s] INFO:colcon.colcon_core.shell:Creating environment hook '/home/sara/myagv_ros2/install/myagv_ros2_odometry/share/myagv_ros2_odometry/hook/pythonpath.ps1'
[8.992s] INFO:colcon.colcon_core.shell:Creating environment descriptor '/home/sara/myagv_ros2/install/myagv_ros2_odometry/share/myagv_ros2_odometry/hook/pythonpath.dsv'
[8.995s] INFO:colcon.colcon_core.shell:Creating environment hook '/home/sara/myagv_ros2/install/myagv_ros2_odometry/share/myagv_ros2_odometry/hook/pythonpath.sh'
[9.000s] Level 1:colcon.colcon_core.environment:checking '/home/sara/myagv_ros2/install/myagv_ros2_odometry/bin'
[9.000s] Level 1:colcon.colcon_core.environment:create_environment_scripts_only(myagv_ros2_odometry)
[9.002s] INFO:colcon.colcon_core.shell:Creating package script '/home/sara/myagv_ros2/install/myagv_ros2_odometry/share/myagv_ros2_odometry/package.ps1'
[9.006s] INFO:colcon.colcon_core.shell:Creating package descriptor '/home/sara/myagv_ros2/install/myagv_ros2_odometry/share/myagv_ros2_odometry/package.dsv'
[9.011s] INFO:colcon.colcon_core.shell:Creating package script '/home/sara/myagv_ros2/install/myagv_ros2_odometry/share/myagv_ros2_odometry/package.sh'
[9.015s] INFO:colcon.colcon_core.shell:Creating package script '/home/sara/myagv_ros2/install/myagv_ros2_odometry/share/myagv_ros2_odometry/package.bash'
[9.018s] INFO:colcon.colcon_core.shell:Creating package script '/home/sara/myagv_ros2/install/myagv_ros2_odometry/share/myagv_ros2_odometry/package.zsh'
[9.023s] Level 1:colcon.colcon_core.environment:create_file_with_runtime_dependencies(/home/sara/myagv_ros2/install/myagv_ros2_odometry/share/colcon-core/packages/myagv_ros2_odometry)
[9.076s] DEBUG:colcon.colcon_core.event_handler.log_command:Invoking command in '/home/sara/myagv_ros2/src/myagv_ros2_ydlidar': PYTHONPATH=/home/sara/myagv_ros2/build/myagv_ros2_ydlidar/prefix_override:/usr/lib/python3/dist-packages/colcon_core/task/python/colcon_distutils_commands:/home/sara/myagv_ros2/install/myagv_ros2_ydlidar/lib/python3.10/site-packages:${PYTHONPATH} /usr/bin/python3 -W ignore:setup.py install is deprecated setup.py egg_info --egg-base ../../build/myagv_ros2_ydlidar build --build-base /home/sara/myagv_ros2/build/myagv_ros2_ydlidar/build install --record /home/sara/myagv_ros2/build/myagv_ros2_ydlidar/install.log --single-version-externally-managed install_data
[10.400s] Level 1:colcon.colcon_core.environment:checking '/home/sara/myagv_ros2/install/myagv_ros2_ydlidar' for CMake module files
[10.402s] DEBUG:colcon.colcon_core.event_handler.log_command:Invoked command in '/home/sara/myagv_ros2/src/myagv_ros2_ydlidar' returned '0': PYTHONPATH=/home/sara/myagv_ros2/build/myagv_ros2_ydlidar/prefix_override:/usr/lib/python3/dist-packages/colcon_core/task/python/colcon_distutils_commands:/home/sara/myagv_ros2/install/myagv_ros2_ydlidar/lib/python3.10/site-packages:${PYTHONPATH} /usr/bin/python3 -W ignore:setup.py install is deprecated setup.py egg_info --egg-base ../../build/myagv_ros2_ydlidar build --build-base /home/sara/myagv_ros2/build/myagv_ros2_ydlidar/build install --record /home/sara/myagv_ros2/build/myagv_ros2_ydlidar/install.log --single-version-externally-managed install_data
[10.403s] Level 1:colcon.colcon_core.environment:checking '/home/sara/myagv_ros2/install/myagv_ros2_ydlidar' for CMake config files
[10.407s] Level 1:colcon.colcon_core.environment:checking '/home/sara/myagv_ros2/install/myagv_ros2_ydlidar/lib'
[10.407s] Level 1:colcon.colcon_core.environment:checking '/home/sara/myagv_ros2/install/myagv_ros2_ydlidar/bin'
[10.408s] Level 1:colcon.colcon_core.environment:checking '/home/sara/myagv_ros2/install/myagv_ros2_ydlidar/lib/pkgconfig/myagv_ros2_ydlidar.pc'
[10.409s] Level 1:colcon.colcon_core.environment:checking '/home/sara/myagv_ros2/install/myagv_ros2_ydlidar/lib/python3.10/site-packages'
[10.409s] Level 1:colcon.colcon_core.shell:create_environment_hook('myagv_ros2_ydlidar', 'pythonpath')
[10.410s] INFO:colcon.colcon_core.shell:Creating environment hook '/home/sara/myagv_ros2/install/myagv_ros2_ydlidar/share/myagv_ros2_ydlidar/hook/pythonpath.ps1'
[10.413s] INFO:colcon.colcon_core.shell:Creating environment descriptor '/home/sara/myagv_ros2/install/myagv_ros2_ydlidar/share/myagv_ros2_ydlidar/hook/pythonpath.dsv'
[10.416s] INFO:colcon.colcon_core.shell:Creating environment hook '/home/sara/myagv_ros2/install/myagv_ros2_ydlidar/share/myagv_ros2_ydlidar/hook/pythonpath.sh'
[10.420s] Level 1:colcon.colcon_core.environment:checking '/home/sara/myagv_ros2/install/myagv_ros2_ydlidar/bin'
[10.420s] Level 1:colcon.colcon_core.environment:create_environment_scripts_only(myagv_ros2_ydlidar)
[10.421s] INFO:colcon.colcon_core.shell:Creating package script '/home/sara/myagv_ros2/install/myagv_ros2_ydlidar/share/myagv_ros2_ydlidar/package.ps1'
[10.424s] INFO:colcon.colcon_core.shell:Creating package descriptor '/home/sara/myagv_ros2/install/myagv_ros2_ydlidar/share/myagv_ros2_ydlidar/package.dsv'
[10.426s] INFO:colcon.colcon_core.shell:Creating package script '/home/sara/myagv_ros2/install/myagv_ros2_ydlidar/share/myagv_ros2_ydlidar/package.sh'
[10.428s] INFO:colcon.colcon_core.shell:Creating package script '/home/sara/myagv_ros2/install/myagv_ros2_ydlidar/share/myagv_ros2_ydlidar/package.bash'
[10.430s] INFO:colcon.colcon_core.shell:Creating package script '/home/sara/myagv_ros2/install/myagv_ros2_ydlidar/share/myagv_ros2_ydlidar/package.zsh'
[10.431s] Level 1:colcon.colcon_core.environment:create_file_with_runtime_dependencies(/home/sara/myagv_ros2/install/myagv_ros2_ydlidar/share/colcon-core/packages/myagv_ros2_ydlidar)
[10.432s] DEBUG:colcon.colcon_parallel_executor.executor.parallel:closing loop
[10.433s] DEBUG:colcon.colcon_parallel_executor.executor.parallel:loop closed
[10.434s] DEBUG:colcon.colcon_parallel_executor.executor.parallel:run_until_complete finished with '0'
[10.434s] DEBUG:colcon.colcon_core.event_reactor:joining thread
[10.457s] INFO:colcon.colcon_core.plugin_system:Skipping extension 'colcon_notification.desktop_notification.terminal_notifier': Not used on non-Darwin systems
[10.457s] INFO:colcon.colcon_core.plugin_system:Skipping extension 'colcon_notification.desktop_notification.win32': Not used on non-Windows systems
[10.457s] INFO:colcon.colcon_notification.desktop_notification:Sending desktop notification using 'notify2'
[10.484s] DEBUG:colcon.colcon_core.event_reactor:joined thread
[10.485s] INFO:colcon.colcon_core.shell:Creating prefix script '/home/sara/myagv_ros2/install/local_setup.ps1'
[10.489s] INFO:colcon.colcon_core.shell:Creating prefix util module '/home/sara/myagv_ros2/install/_local_setup_util_ps1.py'
[10.497s] INFO:colcon.colcon_core.shell:Creating prefix chain script '/home/sara/myagv_ros2/install/setup.ps1'
[10.504s] INFO:colcon.colcon_core.shell:Creating prefix script '/home/sara/myagv_ros2/install/local_setup.sh'
[10.506s] INFO:colcon.colcon_core.shell:Creating prefix util module '/home/sara/myagv_ros2/install/_local_setup_util_sh.py'
[10.509s] INFO:colcon.colcon_core.shell:Creating prefix chain script '/home/sara/myagv_ros2/install/setup.sh'
[10.515s] INFO:colcon.colcon_core.shell:Creating prefix script '/home/sara/myagv_ros2/install/local_setup.bash'
[10.518s] INFO:colcon.colcon_core.shell:Creating prefix chain script '/home/sara/myagv_ros2/install/setup.bash'
[10.524s] INFO:colcon.colcon_core.shell:Creating prefix script '/home/sara/myagv_ros2/install/local_setup.zsh'
[10.526s] INFO:colcon.colcon_core.shell:Creating prefix chain script '/home/sara/myagv_ros2/install/setup.zsh'
