[0.770s] DEBUG:colcon:Command line arguments: ['/usr/bin/colcon', 'build']
[0.771s] DEBUG:colcon:Parsed command line arguments: Namespace(log_base=None, log_level=None, verb_name='build', build_base='build', install_base='install', merge_install=False, symlink_install=False, test_result_base=None, continue_on_error=False, executor='parallel', parallel_workers=4, event_handlers=None, ignore_user_meta=False, metas=['./colcon.meta'], base_paths=['.'], packages_ignore=None, packages_ignore_regex=None, paths=None, packages_up_to=None, packages_up_to_regex=None, packages_above=None, packages_above_and_dependencies=None, packages_above_depth=None, packages_select_by_dep=None, packages_skip_by_dep=None, packages_skip_up_to=None, packages_select_build_failed=False, packages_skip_build_finished=False, packages_select_test_failures=False, packages_skip_test_passed=False, packages_select=None, packages_skip=None, packages_select_regex=None, packages_skip_regex=None, packages_start=None, packages_end=None, allow_overriding=[], cmake_args=None, cmake_target=None, cmake_target_skip_unavailable=False, cmake_clean_cache=False, cmake_clean_first=False, cmake_force_configure=False, ament_cmake_args=None, catkin_cmake_args=None, catkin_skip_building_tests=False, mixin_files=None, mixin=None, verb_parser=<colcon_mixin.mixin.mixin_argument.MixinArgumentDecorator object at 0xffff842bdf00>, verb_extension=<colcon_core.verb.build.BuildVerb object at 0xffff843ea500>, main=<bound method BuildVerb.main of <colcon_core.verb.build.BuildVerb object at 0xffff843ea500>>, mixin_verb=('build',))
[2.154s] Level 1:colcon.colcon_core.package_discovery:discover_packages(colcon_meta) check parameters
[2.154s] Level 1:colcon.colcon_core.package_discovery:discover_packages(recursive) check parameters
[2.154s] Level 1:colcon.colcon_core.package_discovery:discover_packages(ignore) check parameters
[2.155s] Level 1:colcon.colcon_core.package_discovery:discover_packages(path) check parameters
[2.155s] Level 1:colcon.colcon_core.package_discovery:discover_packages(colcon_meta) discover
[2.155s] Level 1:colcon.colcon_core.package_discovery:discover_packages(recursive) discover
[2.155s] INFO:colcon.colcon_core.package_discovery:Crawling recursively for packages in '/home/sara/myagv_ros2'
[2.156s] Level 1:colcon.colcon_core.package_identification:_identify(.) by extensions ['ignore', 'ignore_ament_install']
[2.156s] Level 1:colcon.colcon_core.package_identification:_identify(.) by extension 'ignore'
[2.157s] Level 1:colcon.colcon_core.package_identification:_identify(.) by extension 'ignore_ament_install'
[2.157s] Level 1:colcon.colcon_core.package_identification:_identify(.) by extensions ['colcon_pkg']
[2.157s] Level 1:colcon.colcon_core.package_identification:_identify(.) by extension 'colcon_pkg'
[2.157s] Level 1:colcon.colcon_core.package_identification:_identify(.) by extensions ['colcon_meta']
[2.158s] Level 1:colcon.colcon_core.package_identification:_identify(.) by extension 'colcon_meta'
[2.158s] Level 1:colcon.colcon_core.package_identification:_identify(.) by extensions ['ros']
[2.158s] Level 1:colcon.colcon_core.package_identification:_identify(.) by extension 'ros'
[2.230s] Level 1:colcon.colcon_core.package_identification:_identify(.) by extensions ['cmake', 'python']
[2.230s] Level 1:colcon.colcon_core.package_identification:_identify(.) by extension 'cmake'
[2.230s] Level 1:colcon.colcon_core.package_identification:_identify(.) by extension 'python'
[2.230s] Level 1:colcon.colcon_core.package_identification:_identify(.) by extensions ['python_setup_py']
[2.231s] Level 1:colcon.colcon_core.package_identification:_identify(.) by extension 'python_setup_py'
[2.231s] Level 1:colcon.colcon_core.package_identification:_identify(build) by extensions ['ignore', 'ignore_ament_install']
[2.231s] Level 1:colcon.colcon_core.package_identification:_identify(build) by extension 'ignore'
[2.232s] Level 1:colcon.colcon_core.package_identification:_identify(build) ignored
[2.233s] Level 1:colcon.colcon_core.package_identification:_identify(install) by extensions ['ignore', 'ignore_ament_install']
[2.234s] Level 1:colcon.colcon_core.package_identification:_identify(install) by extension 'ignore'
[2.234s] Level 1:colcon.colcon_core.package_identification:_identify(install) ignored
[2.235s] Level 1:colcon.colcon_core.package_identification:_identify(log) by extensions ['ignore', 'ignore_ament_install']
[2.236s] Level 1:colcon.colcon_core.package_identification:_identify(log) by extension 'ignore'
[2.236s] Level 1:colcon.colcon_core.package_identification:_identify(log) ignored
[2.236s] Level 1:colcon.colcon_core.package_identification:_identify(src) by extensions ['ignore', 'ignore_ament_install']
[2.236s] Level 1:colcon.colcon_core.package_identification:_identify(src) by extension 'ignore'
[2.237s] Level 1:colcon.colcon_core.package_identification:_identify(src) by extension 'ignore_ament_install'
[2.237s] Level 1:colcon.colcon_core.package_identification:_identify(src) by extensions ['colcon_pkg']
[2.237s] Level 1:colcon.colcon_core.package_identification:_identify(src) by extension 'colcon_pkg'
[2.237s] Level 1:colcon.colcon_core.package_identification:_identify(src) by extensions ['colcon_meta']
[2.237s] Level 1:colcon.colcon_core.package_identification:_identify(src) by extension 'colcon_meta'
[2.237s] Level 1:colcon.colcon_core.package_identification:_identify(src) by extensions ['ros']
[2.238s] Level 1:colcon.colcon_core.package_identification:_identify(src) by extension 'ros'
[2.238s] Level 1:colcon.colcon_core.package_identification:_identify(src) by extensions ['cmake', 'python']
[2.238s] Level 1:colcon.colcon_core.package_identification:_identify(src) by extension 'cmake'
[2.238s] Level 1:colcon.colcon_core.package_identification:_identify(src) by extension 'python'
[2.238s] Level 1:colcon.colcon_core.package_identification:_identify(src) by extensions ['python_setup_py']
[2.238s] Level 1:colcon.colcon_core.package_identification:_identify(src) by extension 'python_setup_py'
[2.239s] Level 1:colcon.colcon_core.package_identification:_identify(src/myagv_ros2_debug) by extensions ['ignore', 'ignore_ament_install']
[2.239s] Level 1:colcon.colcon_core.package_identification:_identify(src/myagv_ros2_debug) by extension 'ignore'
[2.239s] Level 1:colcon.colcon_core.package_identification:_identify(src/myagv_ros2_debug) by extension 'ignore_ament_install'
[2.240s] Level 1:colcon.colcon_core.package_identification:_identify(src/myagv_ros2_debug) by extensions ['colcon_pkg']
[2.240s] Level 1:colcon.colcon_core.package_identification:_identify(src/myagv_ros2_debug) by extension 'colcon_pkg'
[2.240s] Level 1:colcon.colcon_core.package_identification:_identify(src/myagv_ros2_debug) by extensions ['colcon_meta']
[2.240s] Level 1:colcon.colcon_core.package_identification:_identify(src/myagv_ros2_debug) by extension 'colcon_meta'
[2.240s] Level 1:colcon.colcon_core.package_identification:_identify(src/myagv_ros2_debug) by extensions ['ros']
[2.240s] Level 1:colcon.colcon_core.package_identification:_identify(src/myagv_ros2_debug) by extension 'ros'
[2.253s] DEBUG:colcon.colcon_core.package_identification:Package 'src/myagv_ros2_debug' with type 'ros.ament_python' and name 'myagv_ros2_debug'
[2.254s] Level 1:colcon.colcon_core.package_identification:_identify(src/myagv_ros2_odom) by extensions ['ignore', 'ignore_ament_install']
[2.255s] Level 1:colcon.colcon_core.package_identification:_identify(src/myagv_ros2_odom) by extension 'ignore'
[2.255s] Level 1:colcon.colcon_core.package_identification:_identify(src/myagv_ros2_odom) by extension 'ignore_ament_install'
[2.255s] Level 1:colcon.colcon_core.package_identification:_identify(src/myagv_ros2_odom) by extensions ['colcon_pkg']
[2.256s] Level 1:colcon.colcon_core.package_identification:_identify(src/myagv_ros2_odom) by extension 'colcon_pkg'
[2.256s] Level 1:colcon.colcon_core.package_identification:_identify(src/myagv_ros2_odom) by extensions ['colcon_meta']
[2.256s] Level 1:colcon.colcon_core.package_identification:_identify(src/myagv_ros2_odom) by extension 'colcon_meta'
[2.256s] Level 1:colcon.colcon_core.package_identification:_identify(src/myagv_ros2_odom) by extensions ['ros']
[2.257s] Level 1:colcon.colcon_core.package_identification:_identify(src/myagv_ros2_odom) by extension 'ros'
[2.263s] DEBUG:colcon.colcon_core.package_identification:Package 'src/myagv_ros2_odom' with type 'ros.ament_cmake' and name 'myagv_ros2_odom'
[2.265s] Level 1:colcon.colcon_core.package_identification:_identify(src/myagv_ros2_odometry) by extensions ['ignore', 'ignore_ament_install']
[2.265s] Level 1:colcon.colcon_core.package_identification:_identify(src/myagv_ros2_odometry) by extension 'ignore'
[2.266s] Level 1:colcon.colcon_core.package_identification:_identify(src/myagv_ros2_odometry) by extension 'ignore_ament_install'
[2.266s] Level 1:colcon.colcon_core.package_identification:_identify(src/myagv_ros2_odometry) by extensions ['colcon_pkg']
[2.266s] Level 1:colcon.colcon_core.package_identification:_identify(src/myagv_ros2_odometry) by extension 'colcon_pkg'
[2.266s] Level 1:colcon.colcon_core.package_identification:_identify(src/myagv_ros2_odometry) by extensions ['colcon_meta']
[2.266s] Level 1:colcon.colcon_core.package_identification:_identify(src/myagv_ros2_odometry) by extension 'colcon_meta'
[2.267s] Level 1:colcon.colcon_core.package_identification:_identify(src/myagv_ros2_odometry) by extensions ['ros']
[2.267s] Level 1:colcon.colcon_core.package_identification:_identify(src/myagv_ros2_odometry) by extension 'ros'
[2.269s] DEBUG:colcon.colcon_core.package_identification:Package 'src/myagv_ros2_odometry' with type 'ros.ament_python' and name 'myagv_ros2_odometry'
[2.270s] Level 1:colcon.colcon_core.package_identification:_identify(src/myagv_ros2_urdf) by extensions ['ignore', 'ignore_ament_install']
[2.271s] Level 1:colcon.colcon_core.package_identification:_identify(src/myagv_ros2_urdf) by extension 'ignore'
[2.271s] Level 1:colcon.colcon_core.package_identification:_identify(src/myagv_ros2_urdf) by extension 'ignore_ament_install'
[2.271s] Level 1:colcon.colcon_core.package_identification:_identify(src/myagv_ros2_urdf) by extensions ['colcon_pkg']
[2.271s] Level 1:colcon.colcon_core.package_identification:_identify(src/myagv_ros2_urdf) by extension 'colcon_pkg'
[2.272s] Level 1:colcon.colcon_core.package_identification:_identify(src/myagv_ros2_urdf) by extensions ['colcon_meta']
[2.272s] Level 1:colcon.colcon_core.package_identification:_identify(src/myagv_ros2_urdf) by extension 'colcon_meta'
[2.272s] Level 1:colcon.colcon_core.package_identification:_identify(src/myagv_ros2_urdf) by extensions ['ros']
[2.272s] Level 1:colcon.colcon_core.package_identification:_identify(src/myagv_ros2_urdf) by extension 'ros'
[2.275s] DEBUG:colcon.colcon_core.package_identification:Package 'src/myagv_ros2_urdf' with type 'ros.ament_cmake' and name 'myagv_ros2_urdf'
[2.276s] Level 1:colcon.colcon_core.package_identification:_identify(src/myagv_ros2_ydlidar) by extensions ['ignore', 'ignore_ament_install']
[2.276s] Level 1:colcon.colcon_core.package_identification:_identify(src/myagv_ros2_ydlidar) by extension 'ignore'
[2.277s] Level 1:colcon.colcon_core.package_identification:_identify(src/myagv_ros2_ydlidar) by extension 'ignore_ament_install'
[2.277s] Level 1:colcon.colcon_core.package_identification:_identify(src/myagv_ros2_ydlidar) by extensions ['colcon_pkg']
[2.277s] Level 1:colcon.colcon_core.package_identification:_identify(src/myagv_ros2_ydlidar) by extension 'colcon_pkg'
[2.277s] Level 1:colcon.colcon_core.package_identification:_identify(src/myagv_ros2_ydlidar) by extensions ['colcon_meta']
[2.277s] Level 1:colcon.colcon_core.package_identification:_identify(src/myagv_ros2_ydlidar) by extension 'colcon_meta'
[2.278s] Level 1:colcon.colcon_core.package_identification:_identify(src/myagv_ros2_ydlidar) by extensions ['ros']
[2.278s] Level 1:colcon.colcon_core.package_identification:_identify(src/myagv_ros2_ydlidar) by extension 'ros'
[2.281s] DEBUG:colcon.colcon_core.package_identification:Package 'src/myagv_ros2_ydlidar' with type 'ros.ament_python' and name 'myagv_ros2_ydlidar'
[2.282s] Level 1:colcon.colcon_core.package_identification:_identify(src/ydlidar_ros2_driver) by extensions ['ignore', 'ignore_ament_install']
[2.282s] Level 1:colcon.colcon_core.package_identification:_identify(src/ydlidar_ros2_driver) by extension 'ignore'
[2.283s] Level 1:colcon.colcon_core.package_identification:_identify(src/ydlidar_ros2_driver) by extension 'ignore_ament_install'
[2.283s] Level 1:colcon.colcon_core.package_identification:_identify(src/ydlidar_ros2_driver) by extensions ['colcon_pkg']
[2.283s] Level 1:colcon.colcon_core.package_identification:_identify(src/ydlidar_ros2_driver) by extension 'colcon_pkg'
[2.283s] Level 1:colcon.colcon_core.package_identification:_identify(src/ydlidar_ros2_driver) by extensions ['colcon_meta']
[2.283s] Level 1:colcon.colcon_core.package_identification:_identify(src/ydlidar_ros2_driver) by extension 'colcon_meta'
[2.284s] Level 1:colcon.colcon_core.package_identification:_identify(src/ydlidar_ros2_driver) by extensions ['ros']
[2.284s] Level 1:colcon.colcon_core.package_identification:_identify(src/ydlidar_ros2_driver) by extension 'ros'
[2.287s] DEBUG:colcon.colcon_core.package_identification:Package 'src/ydlidar_ros2_driver' with type 'ros.ament_cmake' and name 'ydlidar_ros2_driver'
[2.287s] Level 1:colcon.colcon_core.package_discovery:discover_packages(recursive) using defaults
[2.287s] Level 1:colcon.colcon_core.package_discovery:discover_packages(ignore) discover
[2.287s] Level 1:colcon.colcon_core.package_discovery:discover_packages(ignore) using defaults
[2.288s] Level 1:colcon.colcon_core.package_discovery:discover_packages(path) discover
[2.288s] Level 1:colcon.colcon_core.package_discovery:discover_packages(path) using defaults
[2.478s] Level 1:colcon.colcon_core.package_discovery:discover_packages(prefix_path) check parameters
[2.478s] Level 1:colcon.colcon_core.package_discovery:discover_packages(prefix_path) discover
[2.497s] DEBUG:colcon.colcon_installed_package_information.package_discovery:Found 6 installed packages in /home/sara/myagv_ros2/install
[2.510s] DEBUG:colcon.colcon_installed_package_information.package_discovery:Found 271 installed packages in /opt/ros/humble
[2.517s] Level 1:colcon.colcon_core.package_discovery:discover_packages(prefix_path) using defaults
[2.808s] Level 5:colcon.colcon_core.verb:set package 'myagv_ros2_debug' build argument 'cmake_args' from command line to 'None'
[2.809s] Level 5:colcon.colcon_core.verb:set package 'myagv_ros2_debug' build argument 'cmake_target' from command line to 'None'
[2.809s] Level 5:colcon.colcon_core.verb:set package 'myagv_ros2_debug' build argument 'cmake_target_skip_unavailable' from command line to 'False'
[2.809s] Level 5:colcon.colcon_core.verb:set package 'myagv_ros2_debug' build argument 'cmake_clean_cache' from command line to 'False'
[2.809s] Level 5:colcon.colcon_core.verb:set package 'myagv_ros2_debug' build argument 'cmake_clean_first' from command line to 'False'
[2.809s] Level 5:colcon.colcon_core.verb:set package 'myagv_ros2_debug' build argument 'cmake_force_configure' from command line to 'False'
[2.809s] Level 5:colcon.colcon_core.verb:set package 'myagv_ros2_debug' build argument 'ament_cmake_args' from command line to 'None'
[2.809s] Level 5:colcon.colcon_core.verb:set package 'myagv_ros2_debug' build argument 'catkin_cmake_args' from command line to 'None'
[2.809s] Level 5:colcon.colcon_core.verb:set package 'myagv_ros2_debug' build argument 'catkin_skip_building_tests' from command line to 'False'
[2.809s] DEBUG:colcon.colcon_core.verb:Building package 'myagv_ros2_debug' with the following arguments: {'ament_cmake_args': None, 'build_base': '/home/sara/myagv_ros2/build/myagv_ros2_debug', 'catkin_cmake_args': None, 'catkin_skip_building_tests': False, 'cmake_args': None, 'cmake_clean_cache': False, 'cmake_clean_first': False, 'cmake_force_configure': False, 'cmake_target': None, 'cmake_target_skip_unavailable': False, 'install_base': '/home/sara/myagv_ros2/install/myagv_ros2_debug', 'merge_install': False, 'path': '/home/sara/myagv_ros2/src/myagv_ros2_debug', 'symlink_install': False, 'test_result_base': None}
[2.811s] Level 5:colcon.colcon_core.verb:set package 'myagv_ros2_odom' build argument 'cmake_args' from command line to 'None'
[2.811s] Level 5:colcon.colcon_core.verb:set package 'myagv_ros2_odom' build argument 'cmake_target' from command line to 'None'
[2.811s] Level 5:colcon.colcon_core.verb:set package 'myagv_ros2_odom' build argument 'cmake_target_skip_unavailable' from command line to 'False'
[2.811s] Level 5:colcon.colcon_core.verb:set package 'myagv_ros2_odom' build argument 'cmake_clean_cache' from command line to 'False'
[2.811s] Level 5:colcon.colcon_core.verb:set package 'myagv_ros2_odom' build argument 'cmake_clean_first' from command line to 'False'
[2.811s] Level 5:colcon.colcon_core.verb:set package 'myagv_ros2_odom' build argument 'cmake_force_configure' from command line to 'False'
[2.812s] Level 5:colcon.colcon_core.verb:set package 'myagv_ros2_odom' build argument 'ament_cmake_args' from command line to 'None'
[2.812s] Level 5:colcon.colcon_core.verb:set package 'myagv_ros2_odom' build argument 'catkin_cmake_args' from command line to 'None'
[2.812s] Level 5:colcon.colcon_core.verb:set package 'myagv_ros2_odom' build argument 'catkin_skip_building_tests' from command line to 'False'
[2.812s] DEBUG:colcon.colcon_core.verb:Building package 'myagv_ros2_odom' with the following arguments: {'ament_cmake_args': None, 'build_base': '/home/sara/myagv_ros2/build/myagv_ros2_odom', 'catkin_cmake_args': None, 'catkin_skip_building_tests': False, 'cmake_args': None, 'cmake_clean_cache': False, 'cmake_clean_first': False, 'cmake_force_configure': False, 'cmake_target': None, 'cmake_target_skip_unavailable': False, 'install_base': '/home/sara/myagv_ros2/install/myagv_ros2_odom', 'merge_install': False, 'path': '/home/sara/myagv_ros2/src/myagv_ros2_odom', 'symlink_install': False, 'test_result_base': None}
[2.813s] Level 5:colcon.colcon_core.verb:set package 'myagv_ros2_odometry' build argument 'cmake_args' from command line to 'None'
[2.813s] Level 5:colcon.colcon_core.verb:set package 'myagv_ros2_odometry' build argument 'cmake_target' from command line to 'None'
[2.814s] Level 5:colcon.colcon_core.verb:set package 'myagv_ros2_odometry' build argument 'cmake_target_skip_unavailable' from command line to 'False'
[2.814s] Level 5:colcon.colcon_core.verb:set package 'myagv_ros2_odometry' build argument 'cmake_clean_cache' from command line to 'False'
[2.814s] Level 5:colcon.colcon_core.verb:set package 'myagv_ros2_odometry' build argument 'cmake_clean_first' from command line to 'False'
[2.814s] Level 5:colcon.colcon_core.verb:set package 'myagv_ros2_odometry' build argument 'cmake_force_configure' from command line to 'False'
[2.814s] Level 5:colcon.colcon_core.verb:set package 'myagv_ros2_odometry' build argument 'ament_cmake_args' from command line to 'None'
[2.814s] Level 5:colcon.colcon_core.verb:set package 'myagv_ros2_odometry' build argument 'catkin_cmake_args' from command line to 'None'
[2.814s] Level 5:colcon.colcon_core.verb:set package 'myagv_ros2_odometry' build argument 'catkin_skip_building_tests' from command line to 'False'
[2.814s] DEBUG:colcon.colcon_core.verb:Building package 'myagv_ros2_odometry' with the following arguments: {'ament_cmake_args': None, 'build_base': '/home/sara/myagv_ros2/build/myagv_ros2_odometry', 'catkin_cmake_args': None, 'catkin_skip_building_tests': False, 'cmake_args': None, 'cmake_clean_cache': False, 'cmake_clean_first': False, 'cmake_force_configure': False, 'cmake_target': None, 'cmake_target_skip_unavailable': False, 'install_base': '/home/sara/myagv_ros2/install/myagv_ros2_odometry', 'merge_install': False, 'path': '/home/sara/myagv_ros2/src/myagv_ros2_odometry', 'symlink_install': False, 'test_result_base': None}
[2.816s] Level 5:colcon.colcon_core.verb:set package 'myagv_ros2_urdf' build argument 'cmake_args' from command line to 'None'
[2.816s] Level 5:colcon.colcon_core.verb:set package 'myagv_ros2_urdf' build argument 'cmake_target' from command line to 'None'
[2.816s] Level 5:colcon.colcon_core.verb:set package 'myagv_ros2_urdf' build argument 'cmake_target_skip_unavailable' from command line to 'False'
[2.816s] Level 5:colcon.colcon_core.verb:set package 'myagv_ros2_urdf' build argument 'cmake_clean_cache' from command line to 'False'
[2.816s] Level 5:colcon.colcon_core.verb:set package 'myagv_ros2_urdf' build argument 'cmake_clean_first' from command line to 'False'
[2.816s] Level 5:colcon.colcon_core.verb:set package 'myagv_ros2_urdf' build argument 'cmake_force_configure' from command line to 'False'
[2.816s] Level 5:colcon.colcon_core.verb:set package 'myagv_ros2_urdf' build argument 'ament_cmake_args' from command line to 'None'
[2.816s] Level 5:colcon.colcon_core.verb:set package 'myagv_ros2_urdf' build argument 'catkin_cmake_args' from command line to 'None'
[2.817s] Level 5:colcon.colcon_core.verb:set package 'myagv_ros2_urdf' build argument 'catkin_skip_building_tests' from command line to 'False'
[2.817s] DEBUG:colcon.colcon_core.verb:Building package 'myagv_ros2_urdf' with the following arguments: {'ament_cmake_args': None, 'build_base': '/home/sara/myagv_ros2/build/myagv_ros2_urdf', 'catkin_cmake_args': None, 'catkin_skip_building_tests': False, 'cmake_args': None, 'cmake_clean_cache': False, 'cmake_clean_first': False, 'cmake_force_configure': False, 'cmake_target': None, 'cmake_target_skip_unavailable': False, 'install_base': '/home/sara/myagv_ros2/install/myagv_ros2_urdf', 'merge_install': False, 'path': '/home/sara/myagv_ros2/src/myagv_ros2_urdf', 'symlink_install': False, 'test_result_base': None}
[2.818s] Level 5:colcon.colcon_core.verb:set package 'myagv_ros2_ydlidar' build argument 'cmake_args' from command line to 'None'
[2.818s] Level 5:colcon.colcon_core.verb:set package 'myagv_ros2_ydlidar' build argument 'cmake_target' from command line to 'None'
[2.818s] Level 5:colcon.colcon_core.verb:set package 'myagv_ros2_ydlidar' build argument 'cmake_target_skip_unavailable' from command line to 'False'
[2.818s] Level 5:colcon.colcon_core.verb:set package 'myagv_ros2_ydlidar' build argument 'cmake_clean_cache' from command line to 'False'
[2.819s] Level 5:colcon.colcon_core.verb:set package 'myagv_ros2_ydlidar' build argument 'cmake_clean_first' from command line to 'False'
[2.819s] Level 5:colcon.colcon_core.verb:set package 'myagv_ros2_ydlidar' build argument 'cmake_force_configure' from command line to 'False'
[2.819s] Level 5:colcon.colcon_core.verb:set package 'myagv_ros2_ydlidar' build argument 'ament_cmake_args' from command line to 'None'
[2.819s] Level 5:colcon.colcon_core.verb:set package 'myagv_ros2_ydlidar' build argument 'catkin_cmake_args' from command line to 'None'
[2.819s] Level 5:colcon.colcon_core.verb:set package 'myagv_ros2_ydlidar' build argument 'catkin_skip_building_tests' from command line to 'False'
[2.819s] DEBUG:colcon.colcon_core.verb:Building package 'myagv_ros2_ydlidar' with the following arguments: {'ament_cmake_args': None, 'build_base': '/home/sara/myagv_ros2/build/myagv_ros2_ydlidar', 'catkin_cmake_args': None, 'catkin_skip_building_tests': False, 'cmake_args': None, 'cmake_clean_cache': False, 'cmake_clean_first': False, 'cmake_force_configure': False, 'cmake_target': None, 'cmake_target_skip_unavailable': False, 'install_base': '/home/sara/myagv_ros2/install/myagv_ros2_ydlidar', 'merge_install': False, 'path': '/home/sara/myagv_ros2/src/myagv_ros2_ydlidar', 'symlink_install': False, 'test_result_base': None}
[2.820s] Level 5:colcon.colcon_core.verb:set package 'ydlidar_ros2_driver' build argument 'cmake_args' from command line to 'None'
[2.821s] Level 5:colcon.colcon_core.verb:set package 'ydlidar_ros2_driver' build argument 'cmake_target' from command line to 'None'
[2.821s] Level 5:colcon.colcon_core.verb:set package 'ydlidar_ros2_driver' build argument 'cmake_target_skip_unavailable' from command line to 'False'
[2.821s] Level 5:colcon.colcon_core.verb:set package 'ydlidar_ros2_driver' build argument 'cmake_clean_cache' from command line to 'False'
[2.821s] Level 5:colcon.colcon_core.verb:set package 'ydlidar_ros2_driver' build argument 'cmake_clean_first' from command line to 'False'
[2.821s] Level 5:colcon.colcon_core.verb:set package 'ydlidar_ros2_driver' build argument 'cmake_force_configure' from command line to 'False'
[2.821s] Level 5:colcon.colcon_core.verb:set package 'ydlidar_ros2_driver' build argument 'ament_cmake_args' from command line to 'None'
[2.821s] Level 5:colcon.colcon_core.verb:set package 'ydlidar_ros2_driver' build argument 'catkin_cmake_args' from command line to 'None'
[2.821s] Level 5:colcon.colcon_core.verb:set package 'ydlidar_ros2_driver' build argument 'catkin_skip_building_tests' from command line to 'False'
[2.821s] DEBUG:colcon.colcon_core.verb:Building package 'ydlidar_ros2_driver' with the following arguments: {'ament_cmake_args': None, 'build_base': '/home/sara/myagv_ros2/build/ydlidar_ros2_driver', 'catkin_cmake_args': None, 'catkin_skip_building_tests': False, 'cmake_args': None, 'cmake_clean_cache': False, 'cmake_clean_first': False, 'cmake_force_configure': False, 'cmake_target': None, 'cmake_target_skip_unavailable': False, 'install_base': '/home/sara/myagv_ros2/install/ydlidar_ros2_driver', 'merge_install': False, 'path': '/home/sara/myagv_ros2/src/ydlidar_ros2_driver', 'symlink_install': False, 'test_result_base': None}
[2.822s] INFO:colcon.colcon_core.executor:Executing jobs using 'parallel' executor
[2.825s] DEBUG:colcon.colcon_parallel_executor.executor.parallel:run_until_complete
[2.826s] INFO:colcon.colcon_ros.task.ament_python.build:Building ROS package in '/home/sara/myagv_ros2/src/myagv_ros2_debug' with build type 'ament_python'
[2.828s] Level 1:colcon.colcon_core.shell:create_environment_hook('myagv_ros2_debug', 'ament_prefix_path')
[2.848s] INFO:colcon.colcon_core.plugin_system:Skipping extension 'colcon_core.shell.bat': Not used on non-Windows systems
[2.850s] INFO:colcon.colcon_core.shell:Creating environment hook '/home/sara/myagv_ros2/install/myagv_ros2_debug/share/myagv_ros2_debug/hook/ament_prefix_path.ps1'
[2.855s] INFO:colcon.colcon_core.shell:Creating environment descriptor '/home/sara/myagv_ros2/install/myagv_ros2_debug/share/myagv_ros2_debug/hook/ament_prefix_path.dsv'
[2.858s] INFO:colcon.colcon_core.shell:Creating environment hook '/home/sara/myagv_ros2/install/myagv_ros2_debug/share/myagv_ros2_debug/hook/ament_prefix_path.sh'
[2.863s] INFO:colcon.colcon_core.shell:Skip shell extension 'powershell' for command environment: Not usable outside of PowerShell
[2.863s] DEBUG:colcon.colcon_core.shell:Skip shell extension 'dsv' for command environment
[2.885s] INFO:colcon.colcon_ros.task.ament_cmake.build:Building ROS package in '/home/sara/myagv_ros2/src/myagv_ros2_odom' with build type 'ament_cmake'
[2.886s] INFO:colcon.colcon_cmake.task.cmake.build:Building CMake package in '/home/sara/myagv_ros2/src/myagv_ros2_odom'
[2.887s] INFO:colcon.colcon_core.shell:Skip shell extension 'powershell' for command environment: Not usable outside of PowerShell
[2.888s] DEBUG:colcon.colcon_core.shell:Skip shell extension 'dsv' for command environment
[2.910s] INFO:colcon.colcon_ros.task.ament_python.build:Building ROS package in '/home/sara/myagv_ros2/src/myagv_ros2_odometry' with build type 'ament_python'
[2.911s] Level 1:colcon.colcon_core.shell:create_environment_hook('myagv_ros2_odometry', 'ament_prefix_path')
[2.912s] INFO:colcon.colcon_core.shell:Creating environment hook '/home/sara/myagv_ros2/install/myagv_ros2_odometry/share/myagv_ros2_odometry/hook/ament_prefix_path.ps1'
[2.916s] INFO:colcon.colcon_core.shell:Creating environment descriptor '/home/sara/myagv_ros2/install/myagv_ros2_odometry/share/myagv_ros2_odometry/hook/ament_prefix_path.dsv'
[2.918s] INFO:colcon.colcon_core.shell:Creating environment hook '/home/sara/myagv_ros2/install/myagv_ros2_odometry/share/myagv_ros2_odometry/hook/ament_prefix_path.sh'
[2.921s] INFO:colcon.colcon_core.shell:Skip shell extension 'powershell' for command environment: Not usable outside of PowerShell
[2.922s] DEBUG:colcon.colcon_core.shell:Skip shell extension 'dsv' for command environment
[2.946s] INFO:colcon.colcon_ros.task.ament_cmake.build:Building ROS package in '/home/sara/myagv_ros2/src/myagv_ros2_urdf' with build type 'ament_cmake'
[2.947s] INFO:colcon.colcon_cmake.task.cmake.build:Building CMake package in '/home/sara/myagv_ros2/src/myagv_ros2_urdf'
[2.948s] INFO:colcon.colcon_core.shell:Skip shell extension 'powershell' for command environment: Not usable outside of PowerShell
[2.948s] DEBUG:colcon.colcon_core.shell:Skip shell extension 'dsv' for command environment
[4.172s] INFO:colcon.colcon_core.task.python.build:Building Python package in '/home/sara/myagv_ros2/src/myagv_ros2_debug'
[4.173s] INFO:colcon.colcon_core.shell:Skip shell extension 'powershell' for command environment: Not usable outside of PowerShell
[4.173s] DEBUG:colcon.colcon_core.shell:Skip shell extension 'dsv' for command environment
[4.205s] DEBUG:colcon.colcon_core.event_handler.log_command:Invoking command in '/home/sara/myagv_ros2/build/myagv_ros2_odom': CMAKE_PREFIX_PATH=${CMAKE_PREFIX_PATH}:/home/sara/myagv_ros2/install/myagv_ros2_ydlidar:/home/sara/myagv_ros2/install/myagv_ros2_odometry:/home/sara/myagv_ros2/install/myagv_ros2_debug:/opt/ros/humble /usr/bin/cmake --build /home/sara/myagv_ros2/build/myagv_ros2_odom -- -j4 -l4
[5.504s] INFO:colcon.colcon_core.task.python.build:Building Python package in '/home/sara/myagv_ros2/src/myagv_ros2_odometry'
[5.505s] INFO:colcon.colcon_core.shell:Skip shell extension 'powershell' for command environment: Not usable outside of PowerShell
[5.505s] DEBUG:colcon.colcon_core.shell:Skip shell extension 'dsv' for command environment
[5.554s] DEBUG:colcon.colcon_core.event_handler.log_command:Invoking command in '/home/sara/myagv_ros2/build/myagv_ros2_urdf': CMAKE_PREFIX_PATH=${CMAKE_PREFIX_PATH}:/home/sara/myagv_ros2/install/myagv_ros2_ydlidar:/home/sara/myagv_ros2/install/myagv_ros2_odometry:/home/sara/myagv_ros2/install/myagv_ros2_debug:/opt/ros/humble /usr/bin/cmake --build /home/sara/myagv_ros2/build/myagv_ros2_urdf -- -j4 -l4
[5.557s] DEBUG:colcon.colcon_core.event_handler.log_command:Invoked command in '/home/sara/myagv_ros2/build/myagv_ros2_odom' returned '0': CMAKE_PREFIX_PATH=${CMAKE_PREFIX_PATH}:/home/sara/myagv_ros2/install/myagv_ros2_ydlidar:/home/sara/myagv_ros2/install/myagv_ros2_odometry:/home/sara/myagv_ros2/install/myagv_ros2_debug:/opt/ros/humble /usr/bin/cmake --build /home/sara/myagv_ros2/build/myagv_ros2_odom -- -j4 -l4
[5.789s] DEBUG:colcon.colcon_core.event_handler.log_command:Invoking command in '/home/sara/myagv_ros2/build/myagv_ros2_odom': CMAKE_PREFIX_PATH=${CMAKE_PREFIX_PATH}:/home/sara/myagv_ros2/install/myagv_ros2_ydlidar:/home/sara/myagv_ros2/install/myagv_ros2_odometry:/home/sara/myagv_ros2/install/myagv_ros2_debug:/opt/ros/humble /usr/bin/cmake --install /home/sara/myagv_ros2/build/myagv_ros2_odom
[5.791s] DEBUG:colcon.colcon_core.event_handler.log_command:Invoked command in '/home/sara/myagv_ros2/build/myagv_ros2_urdf' returned '0': CMAKE_PREFIX_PATH=${CMAKE_PREFIX_PATH}:/home/sara/myagv_ros2/install/myagv_ros2_ydlidar:/home/sara/myagv_ros2/install/myagv_ros2_odometry:/home/sara/myagv_ros2/install/myagv_ros2_debug:/opt/ros/humble /usr/bin/cmake --build /home/sara/myagv_ros2/build/myagv_ros2_urdf -- -j4 -l4
[5.889s] Level 1:colcon.colcon_core.environment:create_environment_scripts_only(myagv_ros2_odom)
[5.893s] DEBUG:colcon.colcon_core.event_handler.log_command:Invoked command in '/home/sara/myagv_ros2/build/myagv_ros2_odom' returned '0': CMAKE_PREFIX_PATH=${CMAKE_PREFIX_PATH}:/home/sara/myagv_ros2/install/myagv_ros2_ydlidar:/home/sara/myagv_ros2/install/myagv_ros2_odometry:/home/sara/myagv_ros2/install/myagv_ros2_debug:/opt/ros/humble /usr/bin/cmake --install /home/sara/myagv_ros2/build/myagv_ros2_odom
[5.921s] Level 1:colcon.colcon_core.environment:checking '/home/sara/myagv_ros2/install/myagv_ros2_odom' for CMake module files
[5.926s] Level 1:colcon.colcon_core.environment:checking '/home/sara/myagv_ros2/install/myagv_ros2_odom' for CMake config files
[5.933s] Level 1:colcon.colcon_core.shell:create_environment_hook('myagv_ros2_odom', 'cmake_prefix_path')
[5.935s] INFO:colcon.colcon_core.shell:Creating environment hook '/home/sara/myagv_ros2/install/myagv_ros2_odom/share/myagv_ros2_odom/hook/cmake_prefix_path.ps1'
[5.938s] INFO:colcon.colcon_core.shell:Creating environment descriptor '/home/sara/myagv_ros2/install/myagv_ros2_odom/share/myagv_ros2_odom/hook/cmake_prefix_path.dsv'
[5.941s] INFO:colcon.colcon_core.shell:Creating environment hook '/home/sara/myagv_ros2/install/myagv_ros2_odom/share/myagv_ros2_odom/hook/cmake_prefix_path.sh'
[5.947s] Level 1:colcon.colcon_core.environment:checking '/home/sara/myagv_ros2/install/myagv_ros2_odom/lib'
[5.948s] Level 1:colcon.colcon_core.environment:checking '/home/sara/myagv_ros2/install/myagv_ros2_odom/bin'
[5.949s] Level 1:colcon.colcon_core.environment:checking '/home/sara/myagv_ros2/install/myagv_ros2_odom/lib/pkgconfig/myagv_ros2_odom.pc'
[5.950s] Level 1:colcon.colcon_core.environment:checking '/home/sara/myagv_ros2/install/myagv_ros2_odom/lib/python3.10/site-packages'
[5.951s] Level 1:colcon.colcon_core.environment:checking '/home/sara/myagv_ros2/install/myagv_ros2_odom/bin'
[5.953s] INFO:colcon.colcon_core.shell:Creating package script '/home/sara/myagv_ros2/install/myagv_ros2_odom/share/myagv_ros2_odom/package.ps1'
[5.961s] INFO:colcon.colcon_core.shell:Creating package descriptor '/home/sara/myagv_ros2/install/myagv_ros2_odom/share/myagv_ros2_odom/package.dsv'
[5.967s] INFO:colcon.colcon_core.shell:Creating package script '/home/sara/myagv_ros2/install/myagv_ros2_odom/share/myagv_ros2_odom/package.sh'
[5.971s] INFO:colcon.colcon_core.shell:Creating package script '/home/sara/myagv_ros2/install/myagv_ros2_odom/share/myagv_ros2_odom/package.bash'
[5.978s] INFO:colcon.colcon_core.shell:Creating package script '/home/sara/myagv_ros2/install/myagv_ros2_odom/share/myagv_ros2_odom/package.zsh'
[5.983s] Level 1:colcon.colcon_core.environment:create_file_with_runtime_dependencies(/home/sara/myagv_ros2/install/myagv_ros2_odom/share/colcon-core/packages/myagv_ros2_odom)
[6.001s] DEBUG:colcon.colcon_core.event_handler.log_command:Invoking command in '/home/sara/myagv_ros2/build/myagv_ros2_urdf': CMAKE_PREFIX_PATH=${CMAKE_PREFIX_PATH}:/home/sara/myagv_ros2/install/myagv_ros2_ydlidar:/home/sara/myagv_ros2/install/myagv_ros2_odometry:/home/sara/myagv_ros2/install/myagv_ros2_debug:/opt/ros/humble /usr/bin/cmake --install /home/sara/myagv_ros2/build/myagv_ros2_urdf
[6.072s] Level 1:colcon.colcon_core.environment:create_environment_scripts_only(myagv_ros2_urdf)
[6.073s] Level 1:colcon.colcon_core.environment:checking '/home/sara/myagv_ros2/install/myagv_ros2_urdf' for CMake module files
[6.076s] DEBUG:colcon.colcon_core.event_handler.log_command:Invoked command in '/home/sara/myagv_ros2/build/myagv_ros2_urdf' returned '0': CMAKE_PREFIX_PATH=${CMAKE_PREFIX_PATH}:/home/sara/myagv_ros2/install/myagv_ros2_ydlidar:/home/sara/myagv_ros2/install/myagv_ros2_odometry:/home/sara/myagv_ros2/install/myagv_ros2_debug:/opt/ros/humble /usr/bin/cmake --install /home/sara/myagv_ros2/build/myagv_ros2_urdf
[6.080s] Level 1:colcon.colcon_core.environment:checking '/home/sara/myagv_ros2/install/myagv_ros2_urdf' for CMake config files
[6.084s] Level 1:colcon.colcon_core.shell:create_environment_hook('myagv_ros2_urdf', 'cmake_prefix_path')
[6.086s] INFO:colcon.colcon_core.shell:Creating environment hook '/home/sara/myagv_ros2/install/myagv_ros2_urdf/share/myagv_ros2_urdf/hook/cmake_prefix_path.ps1'
[6.089s] INFO:colcon.colcon_core.shell:Creating environment descriptor '/home/sara/myagv_ros2/install/myagv_ros2_urdf/share/myagv_ros2_urdf/hook/cmake_prefix_path.dsv'
[6.092s] INFO:colcon.colcon_core.shell:Creating environment hook '/home/sara/myagv_ros2/install/myagv_ros2_urdf/share/myagv_ros2_urdf/hook/cmake_prefix_path.sh'
[6.096s] Level 1:colcon.colcon_core.environment:checking '/home/sara/myagv_ros2/install/myagv_ros2_urdf/bin'
[6.097s] Level 1:colcon.colcon_core.environment:checking '/home/sara/myagv_ros2/install/myagv_ros2_urdf/lib/pkgconfig/myagv_ros2_urdf.pc'
[6.098s] Level 1:colcon.colcon_core.environment:checking '/home/sara/myagv_ros2/install/myagv_ros2_urdf/lib/python3.10/site-packages'
[6.099s] Level 1:colcon.colcon_core.environment:checking '/home/sara/myagv_ros2/install/myagv_ros2_urdf/bin'
[6.101s] INFO:colcon.colcon_core.shell:Creating package script '/home/sara/myagv_ros2/install/myagv_ros2_urdf/share/myagv_ros2_urdf/package.ps1'
[6.104s] INFO:colcon.colcon_core.shell:Creating package descriptor '/home/sara/myagv_ros2/install/myagv_ros2_urdf/share/myagv_ros2_urdf/package.dsv'
[6.107s] INFO:colcon.colcon_core.shell:Creating package script '/home/sara/myagv_ros2/install/myagv_ros2_urdf/share/myagv_ros2_urdf/package.sh'
[6.112s] INFO:colcon.colcon_core.shell:Creating package script '/home/sara/myagv_ros2/install/myagv_ros2_urdf/share/myagv_ros2_urdf/package.bash'
[6.115s] INFO:colcon.colcon_core.shell:Creating package script '/home/sara/myagv_ros2/install/myagv_ros2_urdf/share/myagv_ros2_urdf/package.zsh'
[6.118s] Level 1:colcon.colcon_core.environment:create_file_with_runtime_dependencies(/home/sara/myagv_ros2/install/myagv_ros2_urdf/share/colcon-core/packages/myagv_ros2_urdf)
[6.175s] Level 1:colcon.colcon_core.environment:create_environment_scripts_only(myagv_ros2_odom)
[6.177s] Level 1:colcon.colcon_core.environment:checking '/home/sara/myagv_ros2/install/myagv_ros2_odom' for CMake module files
[6.180s] Level 1:colcon.colcon_core.environment:checking '/home/sara/myagv_ros2/install/myagv_ros2_odom' for CMake config files
[6.183s] Level 1:colcon.colcon_core.shell:create_environment_hook('myagv_ros2_odom', 'cmake_prefix_path')
[6.184s] INFO:colcon.colcon_core.shell:Creating environment hook '/home/sara/myagv_ros2/install/myagv_ros2_odom/share/myagv_ros2_odom/hook/cmake_prefix_path.ps1'
[6.186s] INFO:colcon.colcon_core.shell:Creating environment descriptor '/home/sara/myagv_ros2/install/myagv_ros2_odom/share/myagv_ros2_odom/hook/cmake_prefix_path.dsv'
[6.189s] INFO:colcon.colcon_core.shell:Creating environment hook '/home/sara/myagv_ros2/install/myagv_ros2_odom/share/myagv_ros2_odom/hook/cmake_prefix_path.sh'
[6.194s] Level 1:colcon.colcon_core.environment:checking '/home/sara/myagv_ros2/install/myagv_ros2_odom/lib'
[6.194s] Level 1:colcon.colcon_core.environment:checking '/home/sara/myagv_ros2/install/myagv_ros2_odom/bin'
[6.195s] Level 1:colcon.colcon_core.environment:checking '/home/sara/myagv_ros2/install/myagv_ros2_odom/lib/pkgconfig/myagv_ros2_odom.pc'
[6.196s] Level 1:colcon.colcon_core.environment:checking '/home/sara/myagv_ros2/install/myagv_ros2_odom/lib/python3.10/site-packages'
[6.197s] Level 1:colcon.colcon_core.environment:checking '/home/sara/myagv_ros2/install/myagv_ros2_odom/bin'
[6.199s] INFO:colcon.colcon_core.shell:Creating package script '/home/sara/myagv_ros2/install/myagv_ros2_odom/share/myagv_ros2_odom/package.ps1'
[6.202s] INFO:colcon.colcon_core.shell:Creating package descriptor '/home/sara/myagv_ros2/install/myagv_ros2_odom/share/myagv_ros2_odom/package.dsv'
[6.205s] INFO:colcon.colcon_core.shell:Creating package script '/home/sara/myagv_ros2/install/myagv_ros2_odom/share/myagv_ros2_odom/package.sh'
[6.208s] INFO:colcon.colcon_core.shell:Creating package script '/home/sara/myagv_ros2/install/myagv_ros2_odom/share/myagv_ros2_odom/package.bash'
[6.211s] INFO:colcon.colcon_core.shell:Creating package script '/home/sara/myagv_ros2/install/myagv_ros2_odom/share/myagv_ros2_odom/package.zsh'
[6.214s] Level 1:colcon.colcon_core.environment:create_file_with_runtime_dependencies(/home/sara/myagv_ros2/install/myagv_ros2_odom/share/colcon-core/packages/myagv_ros2_odom)
[6.220s] INFO:colcon.colcon_ros.task.ament_python.build:Building ROS package in '/home/sara/myagv_ros2/src/myagv_ros2_ydlidar' with build type 'ament_python'
[6.221s] Level 1:colcon.colcon_core.shell:create_environment_hook('myagv_ros2_ydlidar', 'ament_prefix_path')
[6.223s] INFO:colcon.colcon_core.shell:Creating environment hook '/home/sara/myagv_ros2/install/myagv_ros2_ydlidar/share/myagv_ros2_ydlidar/hook/ament_prefix_path.ps1'
[6.227s] INFO:colcon.colcon_core.shell:Creating environment descriptor '/home/sara/myagv_ros2/install/myagv_ros2_ydlidar/share/myagv_ros2_ydlidar/hook/ament_prefix_path.dsv'
[6.229s] INFO:colcon.colcon_core.shell:Creating environment hook '/home/sara/myagv_ros2/install/myagv_ros2_ydlidar/share/myagv_ros2_ydlidar/hook/ament_prefix_path.sh'
[6.233s] INFO:colcon.colcon_core.shell:Skip shell extension 'powershell' for command environment: Not usable outside of PowerShell
[6.233s] DEBUG:colcon.colcon_core.shell:Skip shell extension 'dsv' for command environment
[6.262s] Level 1:colcon.colcon_core.environment:create_environment_scripts_only(myagv_ros2_urdf)
[6.263s] Level 1:colcon.colcon_core.environment:checking '/home/sara/myagv_ros2/install/myagv_ros2_urdf' for CMake module files
[6.267s] Level 1:colcon.colcon_core.environment:checking '/home/sara/myagv_ros2/install/myagv_ros2_urdf' for CMake config files
[6.268s] Level 1:colcon.colcon_core.shell:create_environment_hook('myagv_ros2_urdf', 'cmake_prefix_path')
[6.270s] INFO:colcon.colcon_core.shell:Creating environment hook '/home/sara/myagv_ros2/install/myagv_ros2_urdf/share/myagv_ros2_urdf/hook/cmake_prefix_path.ps1'
[6.272s] INFO:colcon.colcon_core.shell:Creating environment descriptor '/home/sara/myagv_ros2/install/myagv_ros2_urdf/share/myagv_ros2_urdf/hook/cmake_prefix_path.dsv'
[6.275s] INFO:colcon.colcon_core.shell:Creating environment hook '/home/sara/myagv_ros2/install/myagv_ros2_urdf/share/myagv_ros2_urdf/hook/cmake_prefix_path.sh'
[6.279s] Level 1:colcon.colcon_core.environment:checking '/home/sara/myagv_ros2/install/myagv_ros2_urdf/bin'
[6.279s] Level 1:colcon.colcon_core.environment:checking '/home/sara/myagv_ros2/install/myagv_ros2_urdf/lib/pkgconfig/myagv_ros2_urdf.pc'
[6.280s] Level 1:colcon.colcon_core.environment:checking '/home/sara/myagv_ros2/install/myagv_ros2_urdf/lib/python3.10/site-packages'
[6.282s] Level 1:colcon.colcon_core.environment:checking '/home/sara/myagv_ros2/install/myagv_ros2_urdf/bin'
[6.283s] INFO:colcon.colcon_core.shell:Creating package script '/home/sara/myagv_ros2/install/myagv_ros2_urdf/share/myagv_ros2_urdf/package.ps1'
[6.286s] INFO:colcon.colcon_core.shell:Creating package descriptor '/home/sara/myagv_ros2/install/myagv_ros2_urdf/share/myagv_ros2_urdf/package.dsv'
[6.289s] INFO:colcon.colcon_core.shell:Creating package script '/home/sara/myagv_ros2/install/myagv_ros2_urdf/share/myagv_ros2_urdf/package.sh'
[6.292s] INFO:colcon.colcon_core.shell:Creating package script '/home/sara/myagv_ros2/install/myagv_ros2_urdf/share/myagv_ros2_urdf/package.bash'
[6.295s] INFO:colcon.colcon_core.shell:Creating package script '/home/sara/myagv_ros2/install/myagv_ros2_urdf/share/myagv_ros2_urdf/package.zsh'
[6.298s] Level 1:colcon.colcon_core.environment:create_file_with_runtime_dependencies(/home/sara/myagv_ros2/install/myagv_ros2_urdf/share/colcon-core/packages/myagv_ros2_urdf)
[6.302s] INFO:colcon.colcon_ros.task.ament_cmake.build:Building ROS package in '/home/sara/myagv_ros2/src/ydlidar_ros2_driver' with build type 'ament_cmake'
[6.302s] INFO:colcon.colcon_cmake.task.cmake.build:Building CMake package in '/home/sara/myagv_ros2/src/ydlidar_ros2_driver'
[6.303s] INFO:colcon.colcon_core.shell:Skip shell extension 'powershell' for command environment: Not usable outside of PowerShell
[6.304s] DEBUG:colcon.colcon_core.shell:Skip shell extension 'dsv' for command environment
[8.042s] INFO:colcon.colcon_core.task.python.build:Building Python package in '/home/sara/myagv_ros2/src/myagv_ros2_ydlidar'
[8.043s] INFO:colcon.colcon_core.shell:Skip shell extension 'powershell' for command environment: Not usable outside of PowerShell
[8.043s] DEBUG:colcon.colcon_core.shell:Skip shell extension 'dsv' for command environment
[8.099s] DEBUG:colcon.colcon_core.event_handler.log_command:Invoking command in '/home/sara/myagv_ros2/build/ydlidar_ros2_driver': CMAKE_PREFIX_PATH=${CMAKE_PREFIX_PATH}:/home/sara/myagv_ros2/install/myagv_ros2_ydlidar:/home/sara/myagv_ros2/install/myagv_ros2_odometry:/home/sara/myagv_ros2/install/myagv_ros2_debug:/opt/ros/humble /usr/bin/cmake --build /home/sara/myagv_ros2/build/ydlidar_ros2_driver -- -j4 -l4
[8.117s] DEBUG:colcon.colcon_core.event_handler.log_command:Invoking command in '/home/sara/myagv_ros2/src/myagv_ros2_odometry': PYTHONPATH=/home/sara/myagv_ros2/build/myagv_ros2_odometry/prefix_override:/usr/lib/python3/dist-packages/colcon_core/task/python/colcon_distutils_commands:/home/sara/myagv_ros2/install/myagv_ros2_odometry/lib/python3.10/site-packages:${PYTHONPATH} /usr/bin/python3 -W ignore:setup.py install is deprecated setup.py egg_info --egg-base ../../build/myagv_ros2_odometry build --build-base /home/sara/myagv_ros2/build/myagv_ros2_odometry/build install --record /home/sara/myagv_ros2/build/myagv_ros2_odometry/install.log --single-version-externally-managed install_data
[8.120s] DEBUG:colcon.colcon_core.event_handler.log_command:Invoking command in '/home/sara/myagv_ros2/src/myagv_ros2_debug': PYTHONPATH=/home/sara/myagv_ros2/build/myagv_ros2_debug/prefix_override:/usr/lib/python3/dist-packages/colcon_core/task/python/colcon_distutils_commands:/home/sara/myagv_ros2/install/myagv_ros2_debug/lib/python3.10/site-packages:${PYTHONPATH} /usr/bin/python3 -W ignore:setup.py install is deprecated setup.py egg_info --egg-base ../../build/myagv_ros2_debug build --build-base /home/sara/myagv_ros2/build/myagv_ros2_debug/build install --record /home/sara/myagv_ros2/build/myagv_ros2_debug/install.log --single-version-externally-managed install_data
[8.583s] DEBUG:colcon.colcon_core.event_handler.log_command:Invoked command in '/home/sara/myagv_ros2/build/ydlidar_ros2_driver' returned '0': CMAKE_PREFIX_PATH=${CMAKE_PREFIX_PATH}:/home/sara/myagv_ros2/install/myagv_ros2_ydlidar:/home/sara/myagv_ros2/install/myagv_ros2_odometry:/home/sara/myagv_ros2/install/myagv_ros2_debug:/opt/ros/humble /usr/bin/cmake --build /home/sara/myagv_ros2/build/ydlidar_ros2_driver -- -j4 -l4
[8.779s] DEBUG:colcon.colcon_core.event_handler.log_command:Invoking command in '/home/sara/myagv_ros2/build/ydlidar_ros2_driver': CMAKE_PREFIX_PATH=${CMAKE_PREFIX_PATH}:/home/sara/myagv_ros2/install/myagv_ros2_ydlidar:/home/sara/myagv_ros2/install/myagv_ros2_odometry:/home/sara/myagv_ros2/install/myagv_ros2_debug:/opt/ros/humble /usr/bin/cmake --install /home/sara/myagv_ros2/build/ydlidar_ros2_driver
[8.971s] Level 1:colcon.colcon_core.environment:create_environment_scripts_only(ydlidar_ros2_driver)
[8.973s] Level 1:colcon.colcon_core.environment:checking '/home/sara/myagv_ros2/install/ydlidar_ros2_driver' for CMake module files
[8.977s] Level 1:colcon.colcon_core.environment:checking '/home/sara/myagv_ros2/install/ydlidar_ros2_driver' for CMake config files
[8.980s] DEBUG:colcon.colcon_core.event_handler.log_command:Invoked command in '/home/sara/myagv_ros2/build/ydlidar_ros2_driver' returned '0': CMAKE_PREFIX_PATH=${CMAKE_PREFIX_PATH}:/home/sara/myagv_ros2/install/myagv_ros2_ydlidar:/home/sara/myagv_ros2/install/myagv_ros2_odometry:/home/sara/myagv_ros2/install/myagv_ros2_debug:/opt/ros/humble /usr/bin/cmake --install /home/sara/myagv_ros2/build/ydlidar_ros2_driver
[8.987s] Level 1:colcon.colcon_core.shell:create_environment_hook('ydlidar_ros2_driver', 'cmake_prefix_path')
[8.988s] INFO:colcon.colcon_core.shell:Creating environment hook '/home/sara/myagv_ros2/install/ydlidar_ros2_driver/share/ydlidar_ros2_driver/hook/cmake_prefix_path.ps1'
[8.991s] INFO:colcon.colcon_core.shell:Creating environment descriptor '/home/sara/myagv_ros2/install/ydlidar_ros2_driver/share/ydlidar_ros2_driver/hook/cmake_prefix_path.dsv'
[8.994s] INFO:colcon.colcon_core.shell:Creating environment hook '/home/sara/myagv_ros2/install/ydlidar_ros2_driver/share/ydlidar_ros2_driver/hook/cmake_prefix_path.sh'
[8.999s] Level 1:colcon.colcon_core.environment:checking '/home/sara/myagv_ros2/install/ydlidar_ros2_driver/lib'
[8.999s] Level 1:colcon.colcon_core.environment:checking '/home/sara/myagv_ros2/install/ydlidar_ros2_driver/bin'
[9.000s] Level 1:colcon.colcon_core.environment:checking '/home/sara/myagv_ros2/install/ydlidar_ros2_driver/lib/pkgconfig/ydlidar_ros2_driver.pc'
[9.001s] Level 1:colcon.colcon_core.environment:checking '/home/sara/myagv_ros2/install/ydlidar_ros2_driver/lib/python3.10/site-packages'
[9.003s] Level 1:colcon.colcon_core.environment:checking '/home/sara/myagv_ros2/install/ydlidar_ros2_driver/bin'
[9.004s] INFO:colcon.colcon_core.shell:Creating package script '/home/sara/myagv_ros2/install/ydlidar_ros2_driver/share/ydlidar_ros2_driver/package.ps1'
[9.008s] INFO:colcon.colcon_core.shell:Creating package descriptor '/home/sara/myagv_ros2/install/ydlidar_ros2_driver/share/ydlidar_ros2_driver/package.dsv'
[9.012s] INFO:colcon.colcon_core.shell:Creating package script '/home/sara/myagv_ros2/install/ydlidar_ros2_driver/share/ydlidar_ros2_driver/package.sh'
[9.015s] INFO:colcon.colcon_core.shell:Creating package script '/home/sara/myagv_ros2/install/ydlidar_ros2_driver/share/ydlidar_ros2_driver/package.bash'
[9.019s] INFO:colcon.colcon_core.shell:Creating package script '/home/sara/myagv_ros2/install/ydlidar_ros2_driver/share/ydlidar_ros2_driver/package.zsh'
[9.021s] Level 1:colcon.colcon_core.environment:create_file_with_runtime_dependencies(/home/sara/myagv_ros2/install/ydlidar_ros2_driver/share/colcon-core/packages/ydlidar_ros2_driver)
[9.198s] Level 1:colcon.colcon_core.environment:create_environment_scripts_only(ydlidar_ros2_driver)
[9.199s] Level 1:colcon.colcon_core.environment:checking '/home/sara/myagv_ros2/install/ydlidar_ros2_driver' for CMake module files
[9.203s] Level 1:colcon.colcon_core.environment:checking '/home/sara/myagv_ros2/install/ydlidar_ros2_driver' for CMake config files
[9.207s] Level 1:colcon.colcon_core.shell:create_environment_hook('ydlidar_ros2_driver', 'cmake_prefix_path')
[9.208s] INFO:colcon.colcon_core.shell:Creating environment hook '/home/sara/myagv_ros2/install/ydlidar_ros2_driver/share/ydlidar_ros2_driver/hook/cmake_prefix_path.ps1'
[9.211s] INFO:colcon.colcon_core.shell:Creating environment descriptor '/home/sara/myagv_ros2/install/ydlidar_ros2_driver/share/ydlidar_ros2_driver/hook/cmake_prefix_path.dsv'
[9.215s] INFO:colcon.colcon_core.shell:Creating environment hook '/home/sara/myagv_ros2/install/ydlidar_ros2_driver/share/ydlidar_ros2_driver/hook/cmake_prefix_path.sh'
[9.219s] Level 1:colcon.colcon_core.environment:checking '/home/sara/myagv_ros2/install/ydlidar_ros2_driver/lib'
[9.219s] Level 1:colcon.colcon_core.environment:checking '/home/sara/myagv_ros2/install/ydlidar_ros2_driver/bin'
[9.220s] Level 1:colcon.colcon_core.environment:checking '/home/sara/myagv_ros2/install/ydlidar_ros2_driver/lib/pkgconfig/ydlidar_ros2_driver.pc'
[9.221s] Level 1:colcon.colcon_core.environment:checking '/home/sara/myagv_ros2/install/ydlidar_ros2_driver/lib/python3.10/site-packages'
[9.222s] Level 1:colcon.colcon_core.environment:checking '/home/sara/myagv_ros2/install/ydlidar_ros2_driver/bin'
[9.224s] INFO:colcon.colcon_core.shell:Creating package script '/home/sara/myagv_ros2/install/ydlidar_ros2_driver/share/ydlidar_ros2_driver/package.ps1'
[9.227s] INFO:colcon.colcon_core.shell:Creating package descriptor '/home/sara/myagv_ros2/install/ydlidar_ros2_driver/share/ydlidar_ros2_driver/package.dsv'
[9.230s] INFO:colcon.colcon_core.shell:Creating package script '/home/sara/myagv_ros2/install/ydlidar_ros2_driver/share/ydlidar_ros2_driver/package.sh'
[9.233s] INFO:colcon.colcon_core.shell:Creating package script '/home/sara/myagv_ros2/install/ydlidar_ros2_driver/share/ydlidar_ros2_driver/package.bash'
[9.236s] INFO:colcon.colcon_core.shell:Creating package script '/home/sara/myagv_ros2/install/ydlidar_ros2_driver/share/ydlidar_ros2_driver/package.zsh'
[9.239s] Level 1:colcon.colcon_core.environment:create_file_with_runtime_dependencies(/home/sara/myagv_ros2/install/ydlidar_ros2_driver/share/colcon-core/packages/ydlidar_ros2_driver)
[10.182s] Level 1:colcon.colcon_core.environment:checking '/home/sara/myagv_ros2/install/myagv_ros2_odometry' for CMake module files
[10.184s] DEBUG:colcon.colcon_core.event_handler.log_command:Invoked command in '/home/sara/myagv_ros2/src/myagv_ros2_odometry' returned '0': PYTHONPATH=/home/sara/myagv_ros2/build/myagv_ros2_odometry/prefix_override:/usr/lib/python3/dist-packages/colcon_core/task/python/colcon_distutils_commands:/home/sara/myagv_ros2/install/myagv_ros2_odometry/lib/python3.10/site-packages:${PYTHONPATH} /usr/bin/python3 -W ignore:setup.py install is deprecated setup.py egg_info --egg-base ../../build/myagv_ros2_odometry build --build-base /home/sara/myagv_ros2/build/myagv_ros2_odometry/build install --record /home/sara/myagv_ros2/build/myagv_ros2_odometry/install.log --single-version-externally-managed install_data
[10.190s] Level 1:colcon.colcon_core.environment:checking '/home/sara/myagv_ros2/install/myagv_ros2_odometry' for CMake config files
[10.195s] Level 1:colcon.colcon_core.environment:checking '/home/sara/myagv_ros2/install/myagv_ros2_odometry/lib'
[10.196s] Level 1:colcon.colcon_core.environment:checking '/home/sara/myagv_ros2/install/myagv_ros2_odometry/bin'
[10.196s] Level 1:colcon.colcon_core.environment:checking '/home/sara/myagv_ros2/install/myagv_ros2_odometry/lib/pkgconfig/myagv_ros2_odometry.pc'
[10.197s] Level 1:colcon.colcon_core.environment:checking '/home/sara/myagv_ros2/install/myagv_ros2_odometry/lib/python3.10/site-packages'
[10.198s] Level 1:colcon.colcon_core.shell:create_environment_hook('myagv_ros2_odometry', 'pythonpath')
[10.199s] INFO:colcon.colcon_core.shell:Creating environment hook '/home/sara/myagv_ros2/install/myagv_ros2_odometry/share/myagv_ros2_odometry/hook/pythonpath.ps1'
[10.201s] INFO:colcon.colcon_core.shell:Creating environment descriptor '/home/sara/myagv_ros2/install/myagv_ros2_odometry/share/myagv_ros2_odometry/hook/pythonpath.dsv'
[10.203s] INFO:colcon.colcon_core.shell:Creating environment hook '/home/sara/myagv_ros2/install/myagv_ros2_odometry/share/myagv_ros2_odometry/hook/pythonpath.sh'
[10.206s] Level 1:colcon.colcon_core.environment:checking '/home/sara/myagv_ros2/install/myagv_ros2_odometry/bin'
[10.207s] Level 1:colcon.colcon_core.environment:create_environment_scripts_only(myagv_ros2_odometry)
[10.208s] INFO:colcon.colcon_core.shell:Creating package script '/home/sara/myagv_ros2/install/myagv_ros2_odometry/share/myagv_ros2_odometry/package.ps1'
[10.210s] INFO:colcon.colcon_core.shell:Creating package descriptor '/home/sara/myagv_ros2/install/myagv_ros2_odometry/share/myagv_ros2_odometry/package.dsv'
[10.213s] INFO:colcon.colcon_core.shell:Creating package script '/home/sara/myagv_ros2/install/myagv_ros2_odometry/share/myagv_ros2_odometry/package.sh'
[10.216s] INFO:colcon.colcon_core.shell:Creating package script '/home/sara/myagv_ros2/install/myagv_ros2_odometry/share/myagv_ros2_odometry/package.bash'
[10.219s] INFO:colcon.colcon_core.shell:Creating package script '/home/sara/myagv_ros2/install/myagv_ros2_odometry/share/myagv_ros2_odometry/package.zsh'
[10.224s] Level 1:colcon.colcon_core.environment:create_file_with_runtime_dependencies(/home/sara/myagv_ros2/install/myagv_ros2_odometry/share/colcon-core/packages/myagv_ros2_odometry)
[10.235s] Level 1:colcon.colcon_core.environment:checking '/home/sara/myagv_ros2/install/myagv_ros2_debug' for CMake module files
[10.239s] DEBUG:colcon.colcon_core.event_handler.log_command:Invoked command in '/home/sara/myagv_ros2/src/myagv_ros2_debug' returned '0': PYTHONPATH=/home/sara/myagv_ros2/build/myagv_ros2_debug/prefix_override:/usr/lib/python3/dist-packages/colcon_core/task/python/colcon_distutils_commands:/home/sara/myagv_ros2/install/myagv_ros2_debug/lib/python3.10/site-packages:${PYTHONPATH} /usr/bin/python3 -W ignore:setup.py install is deprecated setup.py egg_info --egg-base ../../build/myagv_ros2_debug build --build-base /home/sara/myagv_ros2/build/myagv_ros2_debug/build install --record /home/sara/myagv_ros2/build/myagv_ros2_debug/install.log --single-version-externally-managed install_data
[10.244s] Level 1:colcon.colcon_core.environment:checking '/home/sara/myagv_ros2/install/myagv_ros2_debug' for CMake config files
[10.252s] Level 1:colcon.colcon_core.environment:checking '/home/sara/myagv_ros2/install/myagv_ros2_debug/lib'
[10.253s] Level 1:colcon.colcon_core.environment:checking '/home/sara/myagv_ros2/install/myagv_ros2_debug/bin'
[10.254s] Level 1:colcon.colcon_core.environment:checking '/home/sara/myagv_ros2/install/myagv_ros2_debug/lib/pkgconfig/myagv_ros2_debug.pc'
[10.257s] Level 1:colcon.colcon_core.environment:checking '/home/sara/myagv_ros2/install/myagv_ros2_debug/lib/python3.10/site-packages'
[10.257s] Level 1:colcon.colcon_core.shell:create_environment_hook('myagv_ros2_debug', 'pythonpath')
[10.259s] INFO:colcon.colcon_core.shell:Creating environment hook '/home/sara/myagv_ros2/install/myagv_ros2_debug/share/myagv_ros2_debug/hook/pythonpath.ps1'
[10.264s] INFO:colcon.colcon_core.shell:Creating environment descriptor '/home/sara/myagv_ros2/install/myagv_ros2_debug/share/myagv_ros2_debug/hook/pythonpath.dsv'
[10.268s] INFO:colcon.colcon_core.shell:Creating environment hook '/home/sara/myagv_ros2/install/myagv_ros2_debug/share/myagv_ros2_debug/hook/pythonpath.sh'
[10.273s] Level 1:colcon.colcon_core.environment:checking '/home/sara/myagv_ros2/install/myagv_ros2_debug/bin'
[10.274s] Level 1:colcon.colcon_core.environment:create_environment_scripts_only(myagv_ros2_debug)
[10.276s] INFO:colcon.colcon_core.shell:Creating package script '/home/sara/myagv_ros2/install/myagv_ros2_debug/share/myagv_ros2_debug/package.ps1'
[10.280s] INFO:colcon.colcon_core.shell:Creating package descriptor '/home/sara/myagv_ros2/install/myagv_ros2_debug/share/myagv_ros2_debug/package.dsv'
[10.284s] INFO:colcon.colcon_core.shell:Creating package script '/home/sara/myagv_ros2/install/myagv_ros2_debug/share/myagv_ros2_debug/package.sh'
[10.289s] INFO:colcon.colcon_core.shell:Creating package script '/home/sara/myagv_ros2/install/myagv_ros2_debug/share/myagv_ros2_debug/package.bash'
[10.293s] INFO:colcon.colcon_core.shell:Creating package script '/home/sara/myagv_ros2/install/myagv_ros2_debug/share/myagv_ros2_debug/package.zsh'
[10.296s] Level 1:colcon.colcon_core.environment:create_file_with_runtime_dependencies(/home/sara/myagv_ros2/install/myagv_ros2_debug/share/colcon-core/packages/myagv_ros2_debug)
[10.377s] DEBUG:colcon.colcon_core.event_handler.log_command:Invoking command in '/home/sara/myagv_ros2/src/myagv_ros2_ydlidar': PYTHONPATH=/home/sara/myagv_ros2/build/myagv_ros2_ydlidar/prefix_override:/usr/lib/python3/dist-packages/colcon_core/task/python/colcon_distutils_commands:/home/sara/myagv_ros2/install/myagv_ros2_ydlidar/lib/python3.10/site-packages:${PYTHONPATH} /usr/bin/python3 -W ignore:setup.py install is deprecated setup.py egg_info --egg-base ../../build/myagv_ros2_ydlidar build --build-base /home/sara/myagv_ros2/build/myagv_ros2_ydlidar/build install --record /home/sara/myagv_ros2/build/myagv_ros2_ydlidar/install.log --single-version-externally-managed install_data
[11.723s] Level 1:colcon.colcon_core.environment:checking '/home/sara/myagv_ros2/install/myagv_ros2_ydlidar' for CMake module files
[11.724s] DEBUG:colcon.colcon_core.event_handler.log_command:Invoked command in '/home/sara/myagv_ros2/src/myagv_ros2_ydlidar' returned '0': PYTHONPATH=/home/sara/myagv_ros2/build/myagv_ros2_ydlidar/prefix_override:/usr/lib/python3/dist-packages/colcon_core/task/python/colcon_distutils_commands:/home/sara/myagv_ros2/install/myagv_ros2_ydlidar/lib/python3.10/site-packages:${PYTHONPATH} /usr/bin/python3 -W ignore:setup.py install is deprecated setup.py egg_info --egg-base ../../build/myagv_ros2_ydlidar build --build-base /home/sara/myagv_ros2/build/myagv_ros2_ydlidar/build install --record /home/sara/myagv_ros2/build/myagv_ros2_ydlidar/install.log --single-version-externally-managed install_data
[11.728s] Level 1:colcon.colcon_core.environment:checking '/home/sara/myagv_ros2/install/myagv_ros2_ydlidar' for CMake config files
[11.734s] Level 1:colcon.colcon_core.environment:checking '/home/sara/myagv_ros2/install/myagv_ros2_ydlidar/lib'
[11.735s] Level 1:colcon.colcon_core.environment:checking '/home/sara/myagv_ros2/install/myagv_ros2_ydlidar/bin'
[11.735s] Level 1:colcon.colcon_core.environment:checking '/home/sara/myagv_ros2/install/myagv_ros2_ydlidar/lib/pkgconfig/myagv_ros2_ydlidar.pc'
[11.736s] Level 1:colcon.colcon_core.environment:checking '/home/sara/myagv_ros2/install/myagv_ros2_ydlidar/lib/python3.10/site-packages'
[11.737s] Level 1:colcon.colcon_core.shell:create_environment_hook('myagv_ros2_ydlidar', 'pythonpath')
[11.738s] INFO:colcon.colcon_core.shell:Creating environment hook '/home/sara/myagv_ros2/install/myagv_ros2_ydlidar/share/myagv_ros2_ydlidar/hook/pythonpath.ps1'
[11.741s] INFO:colcon.colcon_core.shell:Creating environment descriptor '/home/sara/myagv_ros2/install/myagv_ros2_ydlidar/share/myagv_ros2_ydlidar/hook/pythonpath.dsv'
[11.743s] INFO:colcon.colcon_core.shell:Creating environment hook '/home/sara/myagv_ros2/install/myagv_ros2_ydlidar/share/myagv_ros2_ydlidar/hook/pythonpath.sh'
[11.745s] Level 1:colcon.colcon_core.environment:checking '/home/sara/myagv_ros2/install/myagv_ros2_ydlidar/bin'
[11.746s] Level 1:colcon.colcon_core.environment:create_environment_scripts_only(myagv_ros2_ydlidar)
[11.747s] INFO:colcon.colcon_core.shell:Creating package script '/home/sara/myagv_ros2/install/myagv_ros2_ydlidar/share/myagv_ros2_ydlidar/package.ps1'
[11.750s] INFO:colcon.colcon_core.shell:Creating package descriptor '/home/sara/myagv_ros2/install/myagv_ros2_ydlidar/share/myagv_ros2_ydlidar/package.dsv'
[11.752s] INFO:colcon.colcon_core.shell:Creating package script '/home/sara/myagv_ros2/install/myagv_ros2_ydlidar/share/myagv_ros2_ydlidar/package.sh'
[11.754s] INFO:colcon.colcon_core.shell:Creating package script '/home/sara/myagv_ros2/install/myagv_ros2_ydlidar/share/myagv_ros2_ydlidar/package.bash'
[11.756s] INFO:colcon.colcon_core.shell:Creating package script '/home/sara/myagv_ros2/install/myagv_ros2_ydlidar/share/myagv_ros2_ydlidar/package.zsh'
[11.758s] Level 1:colcon.colcon_core.environment:create_file_with_runtime_dependencies(/home/sara/myagv_ros2/install/myagv_ros2_ydlidar/share/colcon-core/packages/myagv_ros2_ydlidar)
[11.759s] DEBUG:colcon.colcon_parallel_executor.executor.parallel:closing loop
[11.760s] DEBUG:colcon.colcon_parallel_executor.executor.parallel:loop closed
[11.761s] DEBUG:colcon.colcon_parallel_executor.executor.parallel:run_until_complete finished with '0'
[11.761s] DEBUG:colcon.colcon_core.event_reactor:joining thread
[11.792s] INFO:colcon.colcon_core.plugin_system:Skipping extension 'colcon_notification.desktop_notification.terminal_notifier': Not used on non-Darwin systems
[11.793s] INFO:colcon.colcon_core.plugin_system:Skipping extension 'colcon_notification.desktop_notification.win32': Not used on non-Windows systems
[11.793s] INFO:colcon.colcon_notification.desktop_notification:Sending desktop notification using 'notify2'
[12.935s] DEBUG:colcon.colcon_core.event_reactor:joined thread
[12.936s] INFO:colcon.colcon_core.shell:Creating prefix script '/home/sara/myagv_ros2/install/local_setup.ps1'
[12.944s] INFO:colcon.colcon_core.shell:Creating prefix util module '/home/sara/myagv_ros2/install/_local_setup_util_ps1.py'
[12.954s] INFO:colcon.colcon_core.shell:Creating prefix chain script '/home/sara/myagv_ros2/install/setup.ps1'
[12.962s] INFO:colcon.colcon_core.shell:Creating prefix script '/home/sara/myagv_ros2/install/local_setup.sh'
[12.968s] INFO:colcon.colcon_core.shell:Creating prefix util module '/home/sara/myagv_ros2/install/_local_setup_util_sh.py'
[12.972s] INFO:colcon.colcon_core.shell:Creating prefix chain script '/home/sara/myagv_ros2/install/setup.sh'
[12.979s] INFO:colcon.colcon_core.shell:Creating prefix script '/home/sara/myagv_ros2/install/local_setup.bash'
[12.982s] INFO:colcon.colcon_core.shell:Creating prefix chain script '/home/sara/myagv_ros2/install/setup.bash'
[12.989s] INFO:colcon.colcon_core.shell:Creating prefix script '/home/sara/myagv_ros2/install/local_setup.zsh'
[12.992s] INFO:colcon.colcon_core.shell:Creating prefix chain script '/home/sara/myagv_ros2/install/setup.zsh'
