[4.962s] Invoking command in '/home/sara/myagv_ros2/src/myagv_ros2_odometry': PYTHONPATH=/home/sara/myagv_ros2/build/myagv_ros2_odometry/prefix_override:/usr/lib/python3/dist-packages/colcon_core/task/python/colcon_distutils_commands:/home/sara/myagv_ros2/install/myagv_ros2_odometry/lib/python3.10/site-packages:${PYTHONPATH} /usr/bin/python3 -W ignore:setup.py install is deprecated setup.py egg_info --egg-base ../../build/myagv_ros2_odometry build --build-base /home/sara/myagv_ros2/build/myagv_ros2_odometry/build install --record /home/sara/myagv_ros2/build/myagv_ros2_odometry/install.log --single-version-externally-managed install_data
[6.576s] running egg_info
[6.579s] writing ../../build/myagv_ros2_odometry/myagv_ros2_odometry.egg-info/PKG-INFO
[6.581s] writing dependency_links to ../../build/myagv_ros2_odometry/myagv_ros2_odometry.egg-info/dependency_links.txt
[6.582s] writing entry points to ../../build/myagv_ros2_odometry/myagv_ros2_odometry.egg-info/entry_points.txt
[6.583s] writing requirements to ../../build/myagv_ros2_odometry/myagv_ros2_odometry.egg-info/requires.txt
[6.584s] writing top-level names to ../../build/myagv_ros2_odometry/myagv_ros2_odometry.egg-info/top_level.txt
[6.594s] reading manifest file '../../build/myagv_ros2_odometry/myagv_ros2_odometry.egg-info/SOURCES.txt'
[6.595s] adding license file 'LICENSE'
[6.599s] writing manifest file '../../build/myagv_ros2_odometry/myagv_ros2_odometry.egg-info/SOURCES.txt'
[6.600s] running build
[6.600s] running build_py
[6.603s] running install
[6.604s] running install_lib
[6.613s] running install_data
[6.616s] running install_egg_info
[6.624s] removing '/home/sara/myagv_ros2/install/myagv_ros2_odometry/lib/python3.10/site-packages/myagv_ros2_odometry-0.0.0-py3.10.egg-info' (and everything under it)
[6.627s] Copying ../../build/myagv_ros2_odometry/myagv_ros2_odometry.egg-info to /home/sara/myagv_ros2/install/myagv_ros2_odometry/lib/python3.10/site-packages/myagv_ros2_odometry-0.0.0-py3.10.egg-info
[6.634s] running install_scripts
[6.744s] Installing myagv_bringup script to /home/sara/myagv_ros2/install/myagv_ros2_odometry/lib/myagv_ros2_odometry
[6.746s] Installing myagv_encoder script to /home/sara/myagv_ros2/install/myagv_ros2_odometry/lib/myagv_ros2_odometry
[6.747s] Installing myagv_odom script to /home/sara/myagv_ros2/install/myagv_ros2_odometry/lib/myagv_ros2_odometry
[6.748s] Installing myagv_odometry script to /home/sara/myagv_ros2/install/myagv_ros2_odometry/lib/myagv_ros2_odometry
[6.751s] writing list of installed files to '/home/sara/myagv_ros2/build/myagv_ros2_odometry/install.log'
[6.961s] Invoked command in '/home/sara/myagv_ros2/src/myagv_ros2_odometry' returned '0': PYTHONPATH=/home/sara/myagv_ros2/build/myagv_ros2_odometry/prefix_override:/usr/lib/python3/dist-packages/colcon_core/task/python/colcon_distutils_commands:/home/sara/myagv_ros2/install/myagv_ros2_odometry/lib/python3.10/site-packages:${PYTHONPATH} /usr/bin/python3 -W ignore:setup.py install is deprecated setup.py egg_info --egg-base ../../build/myagv_ros2_odometry build --build-base /home/sara/myagv_ros2/build/myagv_ros2_odometry/build install --record /home/sara/myagv_ros2/build/myagv_ros2_odometry/install.log --single-version-externally-managed install_data
