[1.751s] Invoking command in '/home/sara/myagv_ros2/build/ydlidar_ros2_driver': CMAKE_PREFIX_PATH=${CMAKE_PREFIX_PATH}:/home/sara/myagv_ros2/install/myagv_ros2_ydlidar:/home/sara/myagv_ros2/install/myagv_ros2_odometry:/home/sara/myagv_ros2/install/myagv_ros2_debug:/opt/ros/humble /usr/bin/cmake --build /home/sara/myagv_ros2/build/ydlidar_ros2_driver -- -j4 -l4
[2.051s] [ 50%] Built target ydlidar_ros2_driver_client
[2.119s] [100%] Built target ydlidar_ros2_driver_node
[2.184s] Invoked command in '/home/sara/myagv_ros2/build/ydlidar_ros2_driver' returned '0': CMAKE_PREFIX_PATH=${CMAKE_PREFIX_PATH}:/home/sara/myagv_ros2/install/myagv_ros2_ydlidar:/home/sara/myagv_ros2/install/myagv_ros2_odometry:/home/sara/myagv_ros2/install/myagv_ros2_debug:/opt/ros/humble /usr/bin/cmake --build /home/sara/myagv_ros2/build/ydlidar_ros2_driver -- -j4 -l4
[2.367s] Invoking command in '/home/sara/myagv_ros2/build/ydlidar_ros2_driver': CMAKE_PREFIX_PATH=${CMAKE_PREFIX_PATH}:/home/sara/myagv_ros2/install/myagv_ros2_ydlidar:/home/sara/myagv_ros2/install/myagv_ros2_odometry:/home/sara/myagv_ros2/install/myagv_ros2_debug:/opt/ros/humble /usr/bin/cmake --install /home/sara/myagv_ros2/build/ydlidar_ros2_driver
[2.406s] -- Install configuration: ""
[2.408s] -- Execute custom install script
[2.410s] -- Up-to-date symlink: /home/sara/myagv_ros2/install/ydlidar_ros2_driver/lib/ydlidar_ros2_driver/ydlidar_ros2_driver_node
[2.411s] -- Up-to-date symlink: /home/sara/myagv_ros2/install/ydlidar_ros2_driver/lib/ydlidar_ros2_driver/ydlidar_ros2_driver_client
[2.414s] -- Up-to-date symlink: /home/sara/myagv_ros2/install/ydlidar_ros2_driver/share/ydlidar_ros2_driver/launch/ydlidar.py
[2.415s] -- Up-to-date symlink: /home/sara/myagv_ros2/install/ydlidar_ros2_driver/share/ydlidar_ros2_driver/launch/ydlidar_launch.py
[2.416s] -- Up-to-date symlink: /home/sara/myagv_ros2/install/ydlidar_ros2_driver/share/ydlidar_ros2_driver/launch/ydlidar_launch_view.py
[2.418s] -- Up-to-date symlink: /home/sara/myagv_ros2/install/ydlidar_ros2_driver/share/ydlidar_ros2_driver/params/G1.yaml
[2.419s] -- Up-to-date symlink: /home/sara/myagv_ros2/install/ydlidar_ros2_driver/share/ydlidar_ros2_driver/params/G2.yaml
[2.420s] -- Up-to-date symlink: /home/sara/myagv_ros2/install/ydlidar_ros2_driver/share/ydlidar_ros2_driver/params/G6.yaml
[2.421s] -- Up-to-date symlink: /home/sara/myagv_ros2/install/ydlidar_ros2_driver/share/ydlidar_ros2_driver/params/GS2.yaml
[2.422s] -- Up-to-date symlink: /home/sara/myagv_ros2/install/ydlidar_ros2_driver/share/ydlidar_ros2_driver/params/TEA.yaml
[2.423s] -- Up-to-date symlink: /home/sara/myagv_ros2/install/ydlidar_ros2_driver/share/ydlidar_ros2_driver/params/TG.yaml
[2.424s] -- Up-to-date symlink: /home/sara/myagv_ros2/install/ydlidar_ros2_driver/share/ydlidar_ros2_driver/params/TminiPro.yaml
[2.425s] -- Up-to-date symlink: /home/sara/myagv_ros2/install/ydlidar_ros2_driver/share/ydlidar_ros2_driver/params/X2.yaml
[2.426s] -- Up-to-date symlink: /home/sara/myagv_ros2/install/ydlidar_ros2_driver/share/ydlidar_ros2_driver/params/X4-Pro.yaml
[2.427s] -- Up-to-date symlink: /home/sara/myagv_ros2/install/ydlidar_ros2_driver/share/ydlidar_ros2_driver/params/X4.yaml
[2.428s] -- Up-to-date symlink: /home/sara/myagv_ros2/install/ydlidar_ros2_driver/share/ydlidar_ros2_driver/params/ydlidar.yaml
[2.429s] -- Up-to-date symlink: /home/sara/myagv_ros2/install/ydlidar_ros2_driver/share/ydlidar_ros2_driver/startup/initenv.sh
[2.431s] -- Up-to-date symlink: /home/sara/myagv_ros2/install/ydlidar_ros2_driver/share/ydlidar_ros2_driver/config/ydlidar.rviz
[2.433s] -- Up-to-date symlink: /home/sara/myagv_ros2/install/ydlidar_ros2_driver/share/ament_index/resource_index/package_run_dependencies/ydlidar_ros2_driver
[2.434s] -- Up-to-date symlink: /home/sara/myagv_ros2/install/ydlidar_ros2_driver/share/ament_index/resource_index/parent_prefix_path/ydlidar_ros2_driver
[2.435s] -- Up-to-date symlink: /home/sara/myagv_ros2/install/ydlidar_ros2_driver/share/ydlidar_ros2_driver/environment/ament_prefix_path.sh
[2.437s] -- Up-to-date symlink: /home/sara/myagv_ros2/install/ydlidar_ros2_driver/share/ydlidar_ros2_driver/environment/ament_prefix_path.dsv
[2.438s] -- Up-to-date symlink: /home/sara/myagv_ros2/install/ydlidar_ros2_driver/share/ydlidar_ros2_driver/environment/path.sh
[2.440s] -- Up-to-date symlink: /home/sara/myagv_ros2/install/ydlidar_ros2_driver/share/ydlidar_ros2_driver/environment/path.dsv
[2.442s] -- Up-to-date symlink: /home/sara/myagv_ros2/install/ydlidar_ros2_driver/share/ydlidar_ros2_driver/local_setup.bash
[2.443s] -- Up-to-date symlink: /home/sara/myagv_ros2/install/ydlidar_ros2_driver/share/ydlidar_ros2_driver/local_setup.sh
[2.445s] -- Up-to-date symlink: /home/sara/myagv_ros2/install/ydlidar_ros2_driver/share/ydlidar_ros2_driver/local_setup.zsh
[2.445s] -- Up-to-date symlink: /home/sara/myagv_ros2/install/ydlidar_ros2_driver/share/ydlidar_ros2_driver/local_setup.dsv
[2.446s] -- Symlinking: /home/sara/myagv_ros2/install/ydlidar_ros2_driver/share/ydlidar_ros2_driver/package.dsv
[2.488s] -- Up-to-date symlink: /home/sara/myagv_ros2/install/ydlidar_ros2_driver/share/ament_index/resource_index/packages/ydlidar_ros2_driver
[2.491s] -- Up-to-date symlink: /home/sara/myagv_ros2/install/ydlidar_ros2_driver/share/ydlidar_ros2_driver/cmake/ydlidar_ros2_driverConfig.cmake
[2.493s] -- Up-to-date symlink: /home/sara/myagv_ros2/install/ydlidar_ros2_driver/share/ydlidar_ros2_driver/cmake/ydlidar_ros2_driverConfig-version.cmake
[2.496s] -- Up-to-date symlink: /home/sara/myagv_ros2/install/ydlidar_ros2_driver/share/ydlidar_ros2_driver/package.xml
[2.507s] Invoked command in '/home/sara/myagv_ros2/build/ydlidar_ros2_driver' returned '0': CMAKE_PREFIX_PATH=${CMAKE_PREFIX_PATH}:/home/sara/myagv_ros2/install/myagv_ros2_ydlidar:/home/sara/myagv_ros2/install/myagv_ros2_odometry:/home/sara/myagv_ros2/install/myagv_ros2_debug:/opt/ros/humble /usr/bin/cmake --install /home/sara/myagv_ros2/build/ydlidar_ros2_driver
