[1.282s] Invoking command in '/home/sara/myagv_ros2/build/ydlidar_ros2_driver': CMAKE_PREFIX_PATH=${CMAKE_PREFIX_PATH}:/home/sara/myagv_ros2/install/myagv_ros2_ydlidar:/opt/ros/humble /usr/bin/cmake --build /home/sara/myagv_ros2/build/ydlidar_ros2_driver -- -j4 -l4
[1.548s] [ 50%] Built target ydlidar_ros2_driver_node
[1.551s] [100%] Built target ydlidar_ros2_driver_client
[1.596s] Invoked command in '/home/sara/myagv_ros2/build/ydlidar_ros2_driver' returned '0': CMAKE_PREFIX_PATH=${CMAKE_PREFIX_PATH}:/home/sara/myagv_ros2/install/myagv_ros2_ydlidar:/opt/ros/humble /usr/bin/cmake --build /home/sara/myagv_ros2/build/ydlidar_ros2_driver -- -j4 -l4
[1.790s] Invoking command in '/home/sara/myagv_ros2/build/ydlidar_ros2_driver': CMAKE_PREFIX_PATH=${CMAKE_PREFIX_PATH}:/home/sara/myagv_ros2/install/myagv_ros2_ydlidar:/opt/ros/humble /usr/bin/cmake --install /home/sara/myagv_ros2/build/ydlidar_ros2_driver
[1.818s] -- Install configuration: ""
[1.820s] -- Execute custom install script
[1.822s] -- Up-to-date symlink: /home/sara/myagv_ros2/install/ydlidar_ros2_driver/lib/ydlidar_ros2_driver/ydlidar_ros2_driver_node
[1.823s] -- Up-to-date symlink: /home/sara/myagv_ros2/install/ydlidar_ros2_driver/lib/ydlidar_ros2_driver/ydlidar_ros2_driver_client
[1.825s] -- Up-to-date symlink: /home/sara/myagv_ros2/install/ydlidar_ros2_driver/share/ydlidar_ros2_driver/launch/ydlidar.py
[1.826s] -- Up-to-date symlink: /home/sara/myagv_ros2/install/ydlidar_ros2_driver/share/ydlidar_ros2_driver/launch/ydlidar_launch.py
[1.827s] -- Up-to-date symlink: /home/sara/myagv_ros2/install/ydlidar_ros2_driver/share/ydlidar_ros2_driver/launch/ydlidar_launch_view.py
[1.828s] -- Up-to-date symlink: /home/sara/myagv_ros2/install/ydlidar_ros2_driver/share/ydlidar_ros2_driver/params/G1.yaml
[1.829s] -- Up-to-date symlink: /home/sara/myagv_ros2/install/ydlidar_ros2_driver/share/ydlidar_ros2_driver/params/G2.yaml
[1.830s] -- Up-to-date symlink: /home/sara/myagv_ros2/install/ydlidar_ros2_driver/share/ydlidar_ros2_driver/params/G6.yaml
[1.831s] -- Up-to-date symlink: /home/sara/myagv_ros2/install/ydlidar_ros2_driver/share/ydlidar_ros2_driver/params/GS2.yaml
[1.832s] -- Up-to-date symlink: /home/sara/myagv_ros2/install/ydlidar_ros2_driver/share/ydlidar_ros2_driver/params/TEA.yaml
[1.832s] -- Up-to-date symlink: /home/sara/myagv_ros2/install/ydlidar_ros2_driver/share/ydlidar_ros2_driver/params/TG.yaml
[1.833s] -- Up-to-date symlink: /home/sara/myagv_ros2/install/ydlidar_ros2_driver/share/ydlidar_ros2_driver/params/TminiPro.yaml
[1.834s] -- Up-to-date symlink: /home/sara/myagv_ros2/install/ydlidar_ros2_driver/share/ydlidar_ros2_driver/params/X2.yaml
[1.835s] -- Up-to-date symlink: /home/sara/myagv_ros2/install/ydlidar_ros2_driver/share/ydlidar_ros2_driver/params/X4-Pro.yaml
[1.836s] -- Up-to-date symlink: /home/sara/myagv_ros2/install/ydlidar_ros2_driver/share/ydlidar_ros2_driver/params/X4.yaml
[1.836s] -- Up-to-date symlink: /home/sara/myagv_ros2/install/ydlidar_ros2_driver/share/ydlidar_ros2_driver/params/ydlidar.yaml
[1.838s] -- Up-to-date symlink: /home/sara/myagv_ros2/install/ydlidar_ros2_driver/share/ydlidar_ros2_driver/startup/initenv.sh
[1.839s] -- Up-to-date symlink: /home/sara/myagv_ros2/install/ydlidar_ros2_driver/share/ydlidar_ros2_driver/config/ydlidar.rviz
[1.840s] -- Up-to-date symlink: /home/sara/myagv_ros2/install/ydlidar_ros2_driver/share/ament_index/resource_index/package_run_dependencies/ydlidar_ros2_driver
[1.842s] -- Up-to-date symlink: /home/sara/myagv_ros2/install/ydlidar_ros2_driver/share/ament_index/resource_index/parent_prefix_path/ydlidar_ros2_driver
[1.843s] -- Up-to-date symlink: /home/sara/myagv_ros2/install/ydlidar_ros2_driver/share/ydlidar_ros2_driver/environment/ament_prefix_path.sh
[1.844s] -- Up-to-date symlink: /home/sara/myagv_ros2/install/ydlidar_ros2_driver/share/ydlidar_ros2_driver/environment/ament_prefix_path.dsv
[1.845s] -- Up-to-date symlink: /home/sara/myagv_ros2/install/ydlidar_ros2_driver/share/ydlidar_ros2_driver/environment/path.sh
[1.846s] -- Up-to-date symlink: /home/sara/myagv_ros2/install/ydlidar_ros2_driver/share/ydlidar_ros2_driver/environment/path.dsv
[1.847s] -- Up-to-date symlink: /home/sara/myagv_ros2/install/ydlidar_ros2_driver/share/ydlidar_ros2_driver/local_setup.bash
[1.848s] -- Up-to-date symlink: /home/sara/myagv_ros2/install/ydlidar_ros2_driver/share/ydlidar_ros2_driver/local_setup.sh
[1.849s] -- Up-to-date symlink: /home/sara/myagv_ros2/install/ydlidar_ros2_driver/share/ydlidar_ros2_driver/local_setup.zsh
[1.850s] -- Up-to-date symlink: /home/sara/myagv_ros2/install/ydlidar_ros2_driver/share/ydlidar_ros2_driver/local_setup.dsv
[1.851s] -- Symlinking: /home/sara/myagv_ros2/install/ydlidar_ros2_driver/share/ydlidar_ros2_driver/package.dsv
[1.886s] -- Up-to-date symlink: /home/sara/myagv_ros2/install/ydlidar_ros2_driver/share/ament_index/resource_index/packages/ydlidar_ros2_driver
[1.887s] -- Up-to-date symlink: /home/sara/myagv_ros2/install/ydlidar_ros2_driver/share/ydlidar_ros2_driver/cmake/ydlidar_ros2_driverConfig.cmake
[1.888s] -- Up-to-date symlink: /home/sara/myagv_ros2/install/ydlidar_ros2_driver/share/ydlidar_ros2_driver/cmake/ydlidar_ros2_driverConfig-version.cmake
[1.889s] -- Up-to-date symlink: /home/sara/myagv_ros2/install/ydlidar_ros2_driver/share/ydlidar_ros2_driver/package.xml
[1.897s] Invoked command in '/home/sara/myagv_ros2/build/ydlidar_ros2_driver' returned '0': CMAKE_PREFIX_PATH=${CMAKE_PREFIX_PATH}:/home/sara/myagv_ros2/install/myagv_ros2_ydlidar:/opt/ros/humble /usr/bin/cmake --install /home/sara/myagv_ros2/build/ydlidar_ros2_driver
