[0.460s] DEBUG:colcon:Command line arguments: ['/usr/bin/colcon', 'build']
[0.460s] DEBUG:colcon:Parsed command line arguments: Namespace(log_base=None, log_level=None, verb_name='build', build_base='build', install_base='install', merge_install=False, symlink_install=False, test_result_base=None, continue_on_error=False, executor='parallel', parallel_workers=4, event_handlers=None, ignore_user_meta=False, metas=['./colcon.meta'], base_paths=['.'], packages_ignore=None, packages_ignore_regex=None, paths=None, packages_up_to=None, packages_up_to_regex=None, packages_above=None, packages_above_and_dependencies=None, packages_above_depth=None, packages_select_by_dep=None, packages_skip_by_dep=None, packages_skip_up_to=None, packages_select_build_failed=False, packages_skip_build_finished=False, packages_select_test_failures=False, packages_skip_test_passed=False, packages_select=None, packages_skip=None, packages_select_regex=None, packages_skip_regex=None, packages_start=None, packages_end=None, allow_overriding=[], cmake_args=None, cmake_target=None, cmake_target_skip_unavailable=False, cmake_clean_cache=False, cmake_clean_first=False, cmake_force_configure=False, ament_cmake_args=None, catkin_cmake_args=None, catkin_skip_building_tests=False, mixin_files=None, mixin=None, verb_parser=<colcon_mixin.mixin.mixin_argument.MixinArgumentDecorator object at 0xffffb0f6df00>, verb_extension=<colcon_core.verb.build.BuildVerb object at 0xffffb109a500>, main=<bound method BuildVerb.main of <colcon_core.verb.build.BuildVerb object at 0xffffb109a500>>, mixin_verb=('build',))
[1.286s] Level 1:colcon.colcon_core.package_discovery:discover_packages(colcon_meta) check parameters
[1.286s] Level 1:colcon.colcon_core.package_discovery:discover_packages(recursive) check parameters
[1.286s] Level 1:colcon.colcon_core.package_discovery:discover_packages(ignore) check parameters
[1.286s] Level 1:colcon.colcon_core.package_discovery:discover_packages(path) check parameters
[1.286s] Level 1:colcon.colcon_core.package_discovery:discover_packages(colcon_meta) discover
[1.287s] Level 1:colcon.colcon_core.package_discovery:discover_packages(recursive) discover
[1.287s] INFO:colcon.colcon_core.package_discovery:Crawling recursively for packages in '/home/sara/myagv_ros2'
[1.287s] Level 1:colcon.colcon_core.package_identification:_identify(.) by extensions ['ignore', 'ignore_ament_install']
[1.288s] Level 1:colcon.colcon_core.package_identification:_identify(.) by extension 'ignore'
[1.288s] Level 1:colcon.colcon_core.package_identification:_identify(.) by extension 'ignore_ament_install'
[1.288s] Level 1:colcon.colcon_core.package_identification:_identify(.) by extensions ['colcon_pkg']
[1.288s] Level 1:colcon.colcon_core.package_identification:_identify(.) by extension 'colcon_pkg'
[1.288s] Level 1:colcon.colcon_core.package_identification:_identify(.) by extensions ['colcon_meta']
[1.288s] Level 1:colcon.colcon_core.package_identification:_identify(.) by extension 'colcon_meta'
[1.289s] Level 1:colcon.colcon_core.package_identification:_identify(.) by extensions ['ros']
[1.289s] Level 1:colcon.colcon_core.package_identification:_identify(.) by extension 'ros'
[1.334s] Level 1:colcon.colcon_core.package_identification:_identify(.) by extensions ['cmake', 'python']
[1.335s] Level 1:colcon.colcon_core.package_identification:_identify(.) by extension 'cmake'
[1.335s] Level 1:colcon.colcon_core.package_identification:_identify(.) by extension 'python'
[1.335s] Level 1:colcon.colcon_core.package_identification:_identify(.) by extensions ['python_setup_py']
[1.335s] Level 1:colcon.colcon_core.package_identification:_identify(.) by extension 'python_setup_py'
[1.336s] Level 1:colcon.colcon_core.package_identification:_identify(build) by extensions ['ignore', 'ignore_ament_install']
[1.336s] Level 1:colcon.colcon_core.package_identification:_identify(build) by extension 'ignore'
[1.336s] Level 1:colcon.colcon_core.package_identification:_identify(build) ignored
[1.337s] Level 1:colcon.colcon_core.package_identification:_identify(install) by extensions ['ignore', 'ignore_ament_install']
[1.337s] Level 1:colcon.colcon_core.package_identification:_identify(install) by extension 'ignore'
[1.337s] Level 1:colcon.colcon_core.package_identification:_identify(install) ignored
[1.339s] Level 1:colcon.colcon_core.package_identification:_identify(log) by extensions ['ignore', 'ignore_ament_install']
[1.339s] Level 1:colcon.colcon_core.package_identification:_identify(log) by extension 'ignore'
[1.339s] Level 1:colcon.colcon_core.package_identification:_identify(log) ignored
[1.340s] Level 1:colcon.colcon_core.package_identification:_identify(src) by extensions ['ignore', 'ignore_ament_install']
[1.340s] Level 1:colcon.colcon_core.package_identification:_identify(src) by extension 'ignore'
[1.340s] Level 1:colcon.colcon_core.package_identification:_identify(src) by extension 'ignore_ament_install'
[1.340s] Level 1:colcon.colcon_core.package_identification:_identify(src) by extensions ['colcon_pkg']
[1.341s] Level 1:colcon.colcon_core.package_identification:_identify(src) by extension 'colcon_pkg'
[1.341s] Level 1:colcon.colcon_core.package_identification:_identify(src) by extensions ['colcon_meta']
[1.341s] Level 1:colcon.colcon_core.package_identification:_identify(src) by extension 'colcon_meta'
[1.341s] Level 1:colcon.colcon_core.package_identification:_identify(src) by extensions ['ros']
[1.341s] Level 1:colcon.colcon_core.package_identification:_identify(src) by extension 'ros'
[1.341s] Level 1:colcon.colcon_core.package_identification:_identify(src) by extensions ['cmake', 'python']
[1.342s] Level 1:colcon.colcon_core.package_identification:_identify(src) by extension 'cmake'
[1.342s] Level 1:colcon.colcon_core.package_identification:_identify(src) by extension 'python'
[1.342s] Level 1:colcon.colcon_core.package_identification:_identify(src) by extensions ['python_setup_py']
[1.342s] Level 1:colcon.colcon_core.package_identification:_identify(src) by extension 'python_setup_py'
[1.342s] Level 1:colcon.colcon_core.package_identification:_identify(src/myagv_ros2_debug) by extensions ['ignore', 'ignore_ament_install']
[1.343s] Level 1:colcon.colcon_core.package_identification:_identify(src/myagv_ros2_debug) by extension 'ignore'
[1.343s] Level 1:colcon.colcon_core.package_identification:_identify(src/myagv_ros2_debug) by extension 'ignore_ament_install'
[1.343s] Level 1:colcon.colcon_core.package_identification:_identify(src/myagv_ros2_debug) by extensions ['colcon_pkg']
[1.343s] Level 1:colcon.colcon_core.package_identification:_identify(src/myagv_ros2_debug) by extension 'colcon_pkg'
[1.343s] Level 1:colcon.colcon_core.package_identification:_identify(src/myagv_ros2_debug) by extensions ['colcon_meta']
[1.343s] Level 1:colcon.colcon_core.package_identification:_identify(src/myagv_ros2_debug) by extension 'colcon_meta'
[1.344s] Level 1:colcon.colcon_core.package_identification:_identify(src/myagv_ros2_debug) by extensions ['ros']
[1.344s] Level 1:colcon.colcon_core.package_identification:_identify(src/myagv_ros2_debug) by extension 'ros'
[1.352s] DEBUG:colcon.colcon_core.package_identification:Package 'src/myagv_ros2_debug' with type 'ros.ament_python' and name 'myagv_ros2_debug'
[1.352s] Level 1:colcon.colcon_core.package_identification:_identify(src/myagv_ros2_odom) by extensions ['ignore', 'ignore_ament_install']
[1.353s] Level 1:colcon.colcon_core.package_identification:_identify(src/myagv_ros2_odom) by extension 'ignore'
[1.353s] Level 1:colcon.colcon_core.package_identification:_identify(src/myagv_ros2_odom) by extension 'ignore_ament_install'
[1.353s] Level 1:colcon.colcon_core.package_identification:_identify(src/myagv_ros2_odom) by extensions ['colcon_pkg']
[1.353s] Level 1:colcon.colcon_core.package_identification:_identify(src/myagv_ros2_odom) by extension 'colcon_pkg'
[1.353s] Level 1:colcon.colcon_core.package_identification:_identify(src/myagv_ros2_odom) by extensions ['colcon_meta']
[1.354s] Level 1:colcon.colcon_core.package_identification:_identify(src/myagv_ros2_odom) by extension 'colcon_meta'
[1.354s] Level 1:colcon.colcon_core.package_identification:_identify(src/myagv_ros2_odom) by extensions ['ros']
[1.354s] Level 1:colcon.colcon_core.package_identification:_identify(src/myagv_ros2_odom) by extension 'ros'
[1.359s] DEBUG:colcon.colcon_core.package_identification:Package 'src/myagv_ros2_odom' with type 'ros.ament_cmake' and name 'myagv_ros2_odom'
[1.359s] Level 1:colcon.colcon_core.package_identification:_identify(src/myagv_ros2_odometry) by extensions ['ignore', 'ignore_ament_install']
[1.360s] Level 1:colcon.colcon_core.package_identification:_identify(src/myagv_ros2_odometry) by extension 'ignore'
[1.360s] Level 1:colcon.colcon_core.package_identification:_identify(src/myagv_ros2_odometry) by extension 'ignore_ament_install'
[1.360s] Level 1:colcon.colcon_core.package_identification:_identify(src/myagv_ros2_odometry) by extensions ['colcon_pkg']
[1.360s] Level 1:colcon.colcon_core.package_identification:_identify(src/myagv_ros2_odometry) by extension 'colcon_pkg'
[1.361s] Level 1:colcon.colcon_core.package_identification:_identify(src/myagv_ros2_odometry) by extensions ['colcon_meta']
[1.361s] Level 1:colcon.colcon_core.package_identification:_identify(src/myagv_ros2_odometry) by extension 'colcon_meta'
[1.361s] Level 1:colcon.colcon_core.package_identification:_identify(src/myagv_ros2_odometry) by extensions ['ros']
[1.361s] Level 1:colcon.colcon_core.package_identification:_identify(src/myagv_ros2_odometry) by extension 'ros'
[1.363s] DEBUG:colcon.colcon_core.package_identification:Package 'src/myagv_ros2_odometry' with type 'ros.ament_python' and name 'myagv_ros2_odometry'
[1.364s] Level 1:colcon.colcon_core.package_identification:_identify(src/myagv_ros2_urdf) by extensions ['ignore', 'ignore_ament_install']
[1.364s] Level 1:colcon.colcon_core.package_identification:_identify(src/myagv_ros2_urdf) by extension 'ignore'
[1.364s] Level 1:colcon.colcon_core.package_identification:_identify(src/myagv_ros2_urdf) by extension 'ignore_ament_install'
[1.364s] Level 1:colcon.colcon_core.package_identification:_identify(src/myagv_ros2_urdf) by extensions ['colcon_pkg']
[1.364s] Level 1:colcon.colcon_core.package_identification:_identify(src/myagv_ros2_urdf) by extension 'colcon_pkg'
[1.365s] Level 1:colcon.colcon_core.package_identification:_identify(src/myagv_ros2_urdf) by extensions ['colcon_meta']
[1.365s] Level 1:colcon.colcon_core.package_identification:_identify(src/myagv_ros2_urdf) by extension 'colcon_meta'
[1.365s] Level 1:colcon.colcon_core.package_identification:_identify(src/myagv_ros2_urdf) by extensions ['ros']
[1.365s] Level 1:colcon.colcon_core.package_identification:_identify(src/myagv_ros2_urdf) by extension 'ros'
[1.367s] DEBUG:colcon.colcon_core.package_identification:Package 'src/myagv_ros2_urdf' with type 'ros.ament_cmake' and name 'myagv_ros2_urdf'
[1.368s] Level 1:colcon.colcon_core.package_identification:_identify(src/myagv_ros2_ydlidar) by extensions ['ignore', 'ignore_ament_install']
[1.368s] Level 1:colcon.colcon_core.package_identification:_identify(src/myagv_ros2_ydlidar) by extension 'ignore'
[1.368s] Level 1:colcon.colcon_core.package_identification:_identify(src/myagv_ros2_ydlidar) by extension 'ignore_ament_install'
[1.368s] Level 1:colcon.colcon_core.package_identification:_identify(src/myagv_ros2_ydlidar) by extensions ['colcon_pkg']
[1.369s] Level 1:colcon.colcon_core.package_identification:_identify(src/myagv_ros2_ydlidar) by extension 'colcon_pkg'
[1.369s] Level 1:colcon.colcon_core.package_identification:_identify(src/myagv_ros2_ydlidar) by extensions ['colcon_meta']
[1.369s] Level 1:colcon.colcon_core.package_identification:_identify(src/myagv_ros2_ydlidar) by extension 'colcon_meta'
[1.369s] Level 1:colcon.colcon_core.package_identification:_identify(src/myagv_ros2_ydlidar) by extensions ['ros']
[1.369s] Level 1:colcon.colcon_core.package_identification:_identify(src/myagv_ros2_ydlidar) by extension 'ros'
[1.371s] DEBUG:colcon.colcon_core.package_identification:Package 'src/myagv_ros2_ydlidar' with type 'ros.ament_python' and name 'myagv_ros2_ydlidar'
[1.372s] Level 1:colcon.colcon_core.package_identification:_identify(src/ydlidar_ros2_driver) by extensions ['ignore', 'ignore_ament_install']
[1.372s] Level 1:colcon.colcon_core.package_identification:_identify(src/ydlidar_ros2_driver) by extension 'ignore'
[1.372s] Level 1:colcon.colcon_core.package_identification:_identify(src/ydlidar_ros2_driver) by extension 'ignore_ament_install'
[1.373s] Level 1:colcon.colcon_core.package_identification:_identify(src/ydlidar_ros2_driver) by extensions ['colcon_pkg']
[1.373s] Level 1:colcon.colcon_core.package_identification:_identify(src/ydlidar_ros2_driver) by extension 'colcon_pkg'
[1.373s] Level 1:colcon.colcon_core.package_identification:_identify(src/ydlidar_ros2_driver) by extensions ['colcon_meta']
[1.373s] Level 1:colcon.colcon_core.package_identification:_identify(src/ydlidar_ros2_driver) by extension 'colcon_meta'
[1.373s] Level 1:colcon.colcon_core.package_identification:_identify(src/ydlidar_ros2_driver) by extensions ['ros']
[1.373s] Level 1:colcon.colcon_core.package_identification:_identify(src/ydlidar_ros2_driver) by extension 'ros'
[1.376s] DEBUG:colcon.colcon_core.package_identification:Package 'src/ydlidar_ros2_driver' with type 'ros.ament_cmake' and name 'ydlidar_ros2_driver'
[1.376s] Level 1:colcon.colcon_core.package_discovery:discover_packages(recursive) using defaults
[1.376s] Level 1:colcon.colcon_core.package_discovery:discover_packages(ignore) discover
[1.376s] Level 1:colcon.colcon_core.package_discovery:discover_packages(ignore) using defaults
[1.376s] Level 1:colcon.colcon_core.package_discovery:discover_packages(path) discover
[1.376s] Level 1:colcon.colcon_core.package_discovery:discover_packages(path) using defaults
[1.497s] Level 1:colcon.colcon_core.package_discovery:discover_packages(prefix_path) check parameters
[1.497s] Level 1:colcon.colcon_core.package_discovery:discover_packages(prefix_path) discover
[1.507s] DEBUG:colcon.colcon_installed_package_information.package_discovery:Found 6 installed packages in /home/sara/myagv_ros2/install
[1.516s] DEBUG:colcon.colcon_installed_package_information.package_discovery:Found 271 installed packages in /opt/ros/humble
[1.522s] Level 1:colcon.colcon_core.package_discovery:discover_packages(prefix_path) using defaults
[1.682s] Level 5:colcon.colcon_core.verb:set package 'myagv_ros2_debug' build argument 'cmake_args' from command line to 'None'
[1.683s] Level 5:colcon.colcon_core.verb:set package 'myagv_ros2_debug' build argument 'cmake_target' from command line to 'None'
[1.683s] Level 5:colcon.colcon_core.verb:set package 'myagv_ros2_debug' build argument 'cmake_target_skip_unavailable' from command line to 'False'
[1.683s] Level 5:colcon.colcon_core.verb:set package 'myagv_ros2_debug' build argument 'cmake_clean_cache' from command line to 'False'
[1.683s] Level 5:colcon.colcon_core.verb:set package 'myagv_ros2_debug' build argument 'cmake_clean_first' from command line to 'False'
[1.683s] Level 5:colcon.colcon_core.verb:set package 'myagv_ros2_debug' build argument 'cmake_force_configure' from command line to 'False'
[1.683s] Level 5:colcon.colcon_core.verb:set package 'myagv_ros2_debug' build argument 'ament_cmake_args' from command line to 'None'
[1.683s] Level 5:colcon.colcon_core.verb:set package 'myagv_ros2_debug' build argument 'catkin_cmake_args' from command line to 'None'
[1.683s] Level 5:colcon.colcon_core.verb:set package 'myagv_ros2_debug' build argument 'catkin_skip_building_tests' from command line to 'False'
[1.684s] DEBUG:colcon.colcon_core.verb:Building package 'myagv_ros2_debug' with the following arguments: {'ament_cmake_args': None, 'build_base': '/home/sara/myagv_ros2/build/myagv_ros2_debug', 'catkin_cmake_args': None, 'catkin_skip_building_tests': False, 'cmake_args': None, 'cmake_clean_cache': False, 'cmake_clean_first': False, 'cmake_force_configure': False, 'cmake_target': None, 'cmake_target_skip_unavailable': False, 'install_base': '/home/sara/myagv_ros2/install/myagv_ros2_debug', 'merge_install': False, 'path': '/home/sara/myagv_ros2/src/myagv_ros2_debug', 'symlink_install': False, 'test_result_base': None}
[1.685s] Level 5:colcon.colcon_core.verb:set package 'myagv_ros2_odom' build argument 'cmake_args' from command line to 'None'
[1.685s] Level 5:colcon.colcon_core.verb:set package 'myagv_ros2_odom' build argument 'cmake_target' from command line to 'None'
[1.685s] Level 5:colcon.colcon_core.verb:set package 'myagv_ros2_odom' build argument 'cmake_target_skip_unavailable' from command line to 'False'
[1.685s] Level 5:colcon.colcon_core.verb:set package 'myagv_ros2_odom' build argument 'cmake_clean_cache' from command line to 'False'
[1.686s] Level 5:colcon.colcon_core.verb:set package 'myagv_ros2_odom' build argument 'cmake_clean_first' from command line to 'False'
[1.686s] Level 5:colcon.colcon_core.verb:set package 'myagv_ros2_odom' build argument 'cmake_force_configure' from command line to 'False'
[1.686s] Level 5:colcon.colcon_core.verb:set package 'myagv_ros2_odom' build argument 'ament_cmake_args' from command line to 'None'
[1.686s] Level 5:colcon.colcon_core.verb:set package 'myagv_ros2_odom' build argument 'catkin_cmake_args' from command line to 'None'
[1.686s] Level 5:colcon.colcon_core.verb:set package 'myagv_ros2_odom' build argument 'catkin_skip_building_tests' from command line to 'False'
[1.686s] DEBUG:colcon.colcon_core.verb:Building package 'myagv_ros2_odom' with the following arguments: {'ament_cmake_args': None, 'build_base': '/home/sara/myagv_ros2/build/myagv_ros2_odom', 'catkin_cmake_args': None, 'catkin_skip_building_tests': False, 'cmake_args': None, 'cmake_clean_cache': False, 'cmake_clean_first': False, 'cmake_force_configure': False, 'cmake_target': None, 'cmake_target_skip_unavailable': False, 'install_base': '/home/sara/myagv_ros2/install/myagv_ros2_odom', 'merge_install': False, 'path': '/home/sara/myagv_ros2/src/myagv_ros2_odom', 'symlink_install': False, 'test_result_base': None}
[1.687s] Level 5:colcon.colcon_core.verb:set package 'myagv_ros2_odometry' build argument 'cmake_args' from command line to 'None'
[1.688s] Level 5:colcon.colcon_core.verb:set package 'myagv_ros2_odometry' build argument 'cmake_target' from command line to 'None'
[1.688s] Level 5:colcon.colcon_core.verb:set package 'myagv_ros2_odometry' build argument 'cmake_target_skip_unavailable' from command line to 'False'
[1.688s] Level 5:colcon.colcon_core.verb:set package 'myagv_ros2_odometry' build argument 'cmake_clean_cache' from command line to 'False'
[1.688s] Level 5:colcon.colcon_core.verb:set package 'myagv_ros2_odometry' build argument 'cmake_clean_first' from command line to 'False'
[1.688s] Level 5:colcon.colcon_core.verb:set package 'myagv_ros2_odometry' build argument 'cmake_force_configure' from command line to 'False'
[1.688s] Level 5:colcon.colcon_core.verb:set package 'myagv_ros2_odometry' build argument 'ament_cmake_args' from command line to 'None'
[1.688s] Level 5:colcon.colcon_core.verb:set package 'myagv_ros2_odometry' build argument 'catkin_cmake_args' from command line to 'None'
[1.688s] Level 5:colcon.colcon_core.verb:set package 'myagv_ros2_odometry' build argument 'catkin_skip_building_tests' from command line to 'False'
[1.688s] DEBUG:colcon.colcon_core.verb:Building package 'myagv_ros2_odometry' with the following arguments: {'ament_cmake_args': None, 'build_base': '/home/sara/myagv_ros2/build/myagv_ros2_odometry', 'catkin_cmake_args': None, 'catkin_skip_building_tests': False, 'cmake_args': None, 'cmake_clean_cache': False, 'cmake_clean_first': False, 'cmake_force_configure': False, 'cmake_target': None, 'cmake_target_skip_unavailable': False, 'install_base': '/home/sara/myagv_ros2/install/myagv_ros2_odometry', 'merge_install': False, 'path': '/home/sara/myagv_ros2/src/myagv_ros2_odometry', 'symlink_install': False, 'test_result_base': None}
[1.690s] Level 5:colcon.colcon_core.verb:set package 'myagv_ros2_urdf' build argument 'cmake_args' from command line to 'None'
[1.690s] Level 5:colcon.colcon_core.verb:set package 'myagv_ros2_urdf' build argument 'cmake_target' from command line to 'None'
[1.690s] Level 5:colcon.colcon_core.verb:set package 'myagv_ros2_urdf' build argument 'cmake_target_skip_unavailable' from command line to 'False'
[1.690s] Level 5:colcon.colcon_core.verb:set package 'myagv_ros2_urdf' build argument 'cmake_clean_cache' from command line to 'False'
[1.690s] Level 5:colcon.colcon_core.verb:set package 'myagv_ros2_urdf' build argument 'cmake_clean_first' from command line to 'False'
[1.690s] Level 5:colcon.colcon_core.verb:set package 'myagv_ros2_urdf' build argument 'cmake_force_configure' from command line to 'False'
[1.690s] Level 5:colcon.colcon_core.verb:set package 'myagv_ros2_urdf' build argument 'ament_cmake_args' from command line to 'None'
[1.690s] Level 5:colcon.colcon_core.verb:set package 'myagv_ros2_urdf' build argument 'catkin_cmake_args' from command line to 'None'
[1.691s] Level 5:colcon.colcon_core.verb:set package 'myagv_ros2_urdf' build argument 'catkin_skip_building_tests' from command line to 'False'
[1.691s] DEBUG:colcon.colcon_core.verb:Building package 'myagv_ros2_urdf' with the following arguments: {'ament_cmake_args': None, 'build_base': '/home/sara/myagv_ros2/build/myagv_ros2_urdf', 'catkin_cmake_args': None, 'catkin_skip_building_tests': False, 'cmake_args': None, 'cmake_clean_cache': False, 'cmake_clean_first': False, 'cmake_force_configure': False, 'cmake_target': None, 'cmake_target_skip_unavailable': False, 'install_base': '/home/sara/myagv_ros2/install/myagv_ros2_urdf', 'merge_install': False, 'path': '/home/sara/myagv_ros2/src/myagv_ros2_urdf', 'symlink_install': False, 'test_result_base': None}
[1.692s] Level 5:colcon.colcon_core.verb:set package 'myagv_ros2_ydlidar' build argument 'cmake_args' from command line to 'None'
[1.692s] Level 5:colcon.colcon_core.verb:set package 'myagv_ros2_ydlidar' build argument 'cmake_target' from command line to 'None'
[1.692s] Level 5:colcon.colcon_core.verb:set package 'myagv_ros2_ydlidar' build argument 'cmake_target_skip_unavailable' from command line to 'False'
[1.693s] Level 5:colcon.colcon_core.verb:set package 'myagv_ros2_ydlidar' build argument 'cmake_clean_cache' from command line to 'False'
[1.693s] Level 5:colcon.colcon_core.verb:set package 'myagv_ros2_ydlidar' build argument 'cmake_clean_first' from command line to 'False'
[1.693s] Level 5:colcon.colcon_core.verb:set package 'myagv_ros2_ydlidar' build argument 'cmake_force_configure' from command line to 'False'
[1.693s] Level 5:colcon.colcon_core.verb:set package 'myagv_ros2_ydlidar' build argument 'ament_cmake_args' from command line to 'None'
[1.693s] Level 5:colcon.colcon_core.verb:set package 'myagv_ros2_ydlidar' build argument 'catkin_cmake_args' from command line to 'None'
[1.693s] Level 5:colcon.colcon_core.verb:set package 'myagv_ros2_ydlidar' build argument 'catkin_skip_building_tests' from command line to 'False'
[1.693s] DEBUG:colcon.colcon_core.verb:Building package 'myagv_ros2_ydlidar' with the following arguments: {'ament_cmake_args': None, 'build_base': '/home/sara/myagv_ros2/build/myagv_ros2_ydlidar', 'catkin_cmake_args': None, 'catkin_skip_building_tests': False, 'cmake_args': None, 'cmake_clean_cache': False, 'cmake_clean_first': False, 'cmake_force_configure': False, 'cmake_target': None, 'cmake_target_skip_unavailable': False, 'install_base': '/home/sara/myagv_ros2/install/myagv_ros2_ydlidar', 'merge_install': False, 'path': '/home/sara/myagv_ros2/src/myagv_ros2_ydlidar', 'symlink_install': False, 'test_result_base': None}
[1.694s] Level 5:colcon.colcon_core.verb:set package 'ydlidar_ros2_driver' build argument 'cmake_args' from command line to 'None'
[1.695s] Level 5:colcon.colcon_core.verb:set package 'ydlidar_ros2_driver' build argument 'cmake_target' from command line to 'None'
[1.695s] Level 5:colcon.colcon_core.verb:set package 'ydlidar_ros2_driver' build argument 'cmake_target_skip_unavailable' from command line to 'False'
[1.695s] Level 5:colcon.colcon_core.verb:set package 'ydlidar_ros2_driver' build argument 'cmake_clean_cache' from command line to 'False'
[1.695s] Level 5:colcon.colcon_core.verb:set package 'ydlidar_ros2_driver' build argument 'cmake_clean_first' from command line to 'False'
[1.695s] Level 5:colcon.colcon_core.verb:set package 'ydlidar_ros2_driver' build argument 'cmake_force_configure' from command line to 'False'
[1.695s] Level 5:colcon.colcon_core.verb:set package 'ydlidar_ros2_driver' build argument 'ament_cmake_args' from command line to 'None'
[1.695s] Level 5:colcon.colcon_core.verb:set package 'ydlidar_ros2_driver' build argument 'catkin_cmake_args' from command line to 'None'
[1.695s] Level 5:colcon.colcon_core.verb:set package 'ydlidar_ros2_driver' build argument 'catkin_skip_building_tests' from command line to 'False'
[1.695s] DEBUG:colcon.colcon_core.verb:Building package 'ydlidar_ros2_driver' with the following arguments: {'ament_cmake_args': None, 'build_base': '/home/sara/myagv_ros2/build/ydlidar_ros2_driver', 'catkin_cmake_args': None, 'catkin_skip_building_tests': False, 'cmake_args': None, 'cmake_clean_cache': False, 'cmake_clean_first': False, 'cmake_force_configure': False, 'cmake_target': None, 'cmake_target_skip_unavailable': False, 'install_base': '/home/sara/myagv_ros2/install/ydlidar_ros2_driver', 'merge_install': False, 'path': '/home/sara/myagv_ros2/src/ydlidar_ros2_driver', 'symlink_install': False, 'test_result_base': None}
[1.696s] INFO:colcon.colcon_core.executor:Executing jobs using 'parallel' executor
[1.699s] DEBUG:colcon.colcon_parallel_executor.executor.parallel:run_until_complete
[1.700s] INFO:colcon.colcon_ros.task.ament_python.build:Building ROS package in '/home/sara/myagv_ros2/src/myagv_ros2_debug' with build type 'ament_python'
[1.701s] Level 1:colcon.colcon_core.shell:create_environment_hook('myagv_ros2_debug', 'ament_prefix_path')
[1.710s] INFO:colcon.colcon_core.plugin_system:Skipping extension 'colcon_core.shell.bat': Not used on non-Windows systems
[1.712s] INFO:colcon.colcon_core.shell:Creating environment hook '/home/sara/myagv_ros2/install/myagv_ros2_debug/share/myagv_ros2_debug/hook/ament_prefix_path.ps1'
[1.715s] INFO:colcon.colcon_core.shell:Creating environment descriptor '/home/sara/myagv_ros2/install/myagv_ros2_debug/share/myagv_ros2_debug/hook/ament_prefix_path.dsv'
[1.717s] INFO:colcon.colcon_core.shell:Creating environment hook '/home/sara/myagv_ros2/install/myagv_ros2_debug/share/myagv_ros2_debug/hook/ament_prefix_path.sh'
[1.720s] INFO:colcon.colcon_core.shell:Skip shell extension 'powershell' for command environment: Not usable outside of PowerShell
[1.721s] DEBUG:colcon.colcon_core.shell:Skip shell extension 'dsv' for command environment
[1.739s] INFO:colcon.colcon_ros.task.ament_cmake.build:Building ROS package in '/home/sara/myagv_ros2/src/myagv_ros2_odom' with build type 'ament_cmake'
[1.740s] INFO:colcon.colcon_cmake.task.cmake.build:Building CMake package in '/home/sara/myagv_ros2/src/myagv_ros2_odom'
[1.741s] INFO:colcon.colcon_core.shell:Skip shell extension 'powershell' for command environment: Not usable outside of PowerShell
[1.742s] DEBUG:colcon.colcon_core.shell:Skip shell extension 'dsv' for command environment
[1.762s] INFO:colcon.colcon_ros.task.ament_python.build:Building ROS package in '/home/sara/myagv_ros2/src/myagv_ros2_odometry' with build type 'ament_python'
[1.763s] Level 1:colcon.colcon_core.shell:create_environment_hook('myagv_ros2_odometry', 'ament_prefix_path')
[1.764s] INFO:colcon.colcon_core.shell:Creating environment hook '/home/sara/myagv_ros2/install/myagv_ros2_odometry/share/myagv_ros2_odometry/hook/ament_prefix_path.ps1'
[1.767s] INFO:colcon.colcon_core.shell:Creating environment descriptor '/home/sara/myagv_ros2/install/myagv_ros2_odometry/share/myagv_ros2_odometry/hook/ament_prefix_path.dsv'
[1.769s] INFO:colcon.colcon_core.shell:Creating environment hook '/home/sara/myagv_ros2/install/myagv_ros2_odometry/share/myagv_ros2_odometry/hook/ament_prefix_path.sh'
[1.772s] INFO:colcon.colcon_core.shell:Skip shell extension 'powershell' for command environment: Not usable outside of PowerShell
[1.772s] DEBUG:colcon.colcon_core.shell:Skip shell extension 'dsv' for command environment
[1.792s] INFO:colcon.colcon_ros.task.ament_cmake.build:Building ROS package in '/home/sara/myagv_ros2/src/myagv_ros2_urdf' with build type 'ament_cmake'
[1.793s] INFO:colcon.colcon_cmake.task.cmake.build:Building CMake package in '/home/sara/myagv_ros2/src/myagv_ros2_urdf'
[1.794s] INFO:colcon.colcon_core.shell:Skip shell extension 'powershell' for command environment: Not usable outside of PowerShell
[1.794s] DEBUG:colcon.colcon_core.shell:Skip shell extension 'dsv' for command environment
[2.997s] INFO:colcon.colcon_core.task.python.build:Building Python package in '/home/sara/myagv_ros2/src/myagv_ros2_debug'
[2.998s] INFO:colcon.colcon_core.shell:Skip shell extension 'powershell' for command environment: Not usable outside of PowerShell
[2.998s] DEBUG:colcon.colcon_core.shell:Skip shell extension 'dsv' for command environment
[3.030s] DEBUG:colcon.colcon_core.event_handler.log_command:Invoking command in '/home/sara/myagv_ros2/build/myagv_ros2_odom': CMAKE_PREFIX_PATH=${CMAKE_PREFIX_PATH}:/home/sara/myagv_ros2/install/myagv_ros2_ydlidar:/home/sara/myagv_ros2/install/myagv_ros2_odometry:/home/sara/myagv_ros2/install/myagv_ros2_debug:/opt/ros/humble /usr/bin/cmake --build /home/sara/myagv_ros2/build/myagv_ros2_odom -- -j4 -l4
[4.259s] INFO:colcon.colcon_core.task.python.build:Building Python package in '/home/sara/myagv_ros2/src/myagv_ros2_odometry'
[4.260s] INFO:colcon.colcon_core.shell:Skip shell extension 'powershell' for command environment: Not usable outside of PowerShell
[4.260s] DEBUG:colcon.colcon_core.shell:Skip shell extension 'dsv' for command environment
[4.290s] DEBUG:colcon.colcon_core.event_handler.log_command:Invoked command in '/home/sara/myagv_ros2/build/myagv_ros2_odom' returned '0': CMAKE_PREFIX_PATH=${CMAKE_PREFIX_PATH}:/home/sara/myagv_ros2/install/myagv_ros2_ydlidar:/home/sara/myagv_ros2/install/myagv_ros2_odometry:/home/sara/myagv_ros2/install/myagv_ros2_debug:/opt/ros/humble /usr/bin/cmake --build /home/sara/myagv_ros2/build/myagv_ros2_odom -- -j4 -l4
[4.312s] DEBUG:colcon.colcon_core.event_handler.log_command:Invoking command in '/home/sara/myagv_ros2/build/myagv_ros2_urdf': CMAKE_PREFIX_PATH=${CMAKE_PREFIX_PATH}:/home/sara/myagv_ros2/install/myagv_ros2_ydlidar:/home/sara/myagv_ros2/install/myagv_ros2_odometry:/home/sara/myagv_ros2/install/myagv_ros2_debug:/opt/ros/humble /usr/bin/cmake --build /home/sara/myagv_ros2/build/myagv_ros2_urdf -- -j4 -l4
[4.519s] DEBUG:colcon.colcon_core.event_handler.log_command:Invoking command in '/home/sara/myagv_ros2/build/myagv_ros2_odom': CMAKE_PREFIX_PATH=${CMAKE_PREFIX_PATH}:/home/sara/myagv_ros2/install/myagv_ros2_ydlidar:/home/sara/myagv_ros2/install/myagv_ros2_odometry:/home/sara/myagv_ros2/install/myagv_ros2_debug:/opt/ros/humble /usr/bin/cmake --install /home/sara/myagv_ros2/build/myagv_ros2_odom
[4.552s] DEBUG:colcon.colcon_core.event_handler.log_command:Invoked command in '/home/sara/myagv_ros2/build/myagv_ros2_urdf' returned '0': CMAKE_PREFIX_PATH=${CMAKE_PREFIX_PATH}:/home/sara/myagv_ros2/install/myagv_ros2_ydlidar:/home/sara/myagv_ros2/install/myagv_ros2_odometry:/home/sara/myagv_ros2/install/myagv_ros2_debug:/opt/ros/humble /usr/bin/cmake --build /home/sara/myagv_ros2/build/myagv_ros2_urdf -- -j4 -l4
[4.581s] Level 1:colcon.colcon_core.environment:create_environment_scripts_only(myagv_ros2_odom)
[4.594s] DEBUG:colcon.colcon_core.event_handler.log_command:Invoked command in '/home/sara/myagv_ros2/build/myagv_ros2_odom' returned '0': CMAKE_PREFIX_PATH=${CMAKE_PREFIX_PATH}:/home/sara/myagv_ros2/install/myagv_ros2_ydlidar:/home/sara/myagv_ros2/install/myagv_ros2_odometry:/home/sara/myagv_ros2/install/myagv_ros2_debug:/opt/ros/humble /usr/bin/cmake --install /home/sara/myagv_ros2/build/myagv_ros2_odom
[4.603s] Level 1:colcon.colcon_core.environment:checking '/home/sara/myagv_ros2/install/myagv_ros2_odom' for CMake module files
[4.607s] Level 1:colcon.colcon_core.environment:checking '/home/sara/myagv_ros2/install/myagv_ros2_odom' for CMake config files
[4.610s] Level 1:colcon.colcon_core.shell:create_environment_hook('myagv_ros2_odom', 'cmake_prefix_path')
[4.612s] INFO:colcon.colcon_core.shell:Creating environment hook '/home/sara/myagv_ros2/install/myagv_ros2_odom/share/myagv_ros2_odom/hook/cmake_prefix_path.ps1'
[4.615s] INFO:colcon.colcon_core.shell:Creating environment descriptor '/home/sara/myagv_ros2/install/myagv_ros2_odom/share/myagv_ros2_odom/hook/cmake_prefix_path.dsv'
[4.618s] INFO:colcon.colcon_core.shell:Creating environment hook '/home/sara/myagv_ros2/install/myagv_ros2_odom/share/myagv_ros2_odom/hook/cmake_prefix_path.sh'
[4.623s] Level 1:colcon.colcon_core.environment:checking '/home/sara/myagv_ros2/install/myagv_ros2_odom/lib'
[4.625s] Level 1:colcon.colcon_core.environment:checking '/home/sara/myagv_ros2/install/myagv_ros2_odom/bin'
[4.625s] Level 1:colcon.colcon_core.environment:checking '/home/sara/myagv_ros2/install/myagv_ros2_odom/lib/pkgconfig/myagv_ros2_odom.pc'
[4.626s] Level 1:colcon.colcon_core.environment:checking '/home/sara/myagv_ros2/install/myagv_ros2_odom/lib/python3.10/site-packages'
[4.628s] Level 1:colcon.colcon_core.environment:checking '/home/sara/myagv_ros2/install/myagv_ros2_odom/bin'
[4.629s] INFO:colcon.colcon_core.shell:Creating package script '/home/sara/myagv_ros2/install/myagv_ros2_odom/share/myagv_ros2_odom/package.ps1'
[4.634s] INFO:colcon.colcon_core.shell:Creating package descriptor '/home/sara/myagv_ros2/install/myagv_ros2_odom/share/myagv_ros2_odom/package.dsv'
[4.638s] INFO:colcon.colcon_core.shell:Creating package script '/home/sara/myagv_ros2/install/myagv_ros2_odom/share/myagv_ros2_odom/package.sh'
[4.642s] INFO:colcon.colcon_core.shell:Creating package script '/home/sara/myagv_ros2/install/myagv_ros2_odom/share/myagv_ros2_odom/package.bash'
[4.648s] INFO:colcon.colcon_core.shell:Creating package script '/home/sara/myagv_ros2/install/myagv_ros2_odom/share/myagv_ros2_odom/package.zsh'
[4.652s] Level 1:colcon.colcon_core.environment:create_file_with_runtime_dependencies(/home/sara/myagv_ros2/install/myagv_ros2_odom/share/colcon-core/packages/myagv_ros2_odom)
[4.739s] DEBUG:colcon.colcon_core.event_handler.log_command:Invoking command in '/home/sara/myagv_ros2/build/myagv_ros2_urdf': CMAKE_PREFIX_PATH=${CMAKE_PREFIX_PATH}:/home/sara/myagv_ros2/install/myagv_ros2_ydlidar:/home/sara/myagv_ros2/install/myagv_ros2_odometry:/home/sara/myagv_ros2/install/myagv_ros2_debug:/opt/ros/humble /usr/bin/cmake --install /home/sara/myagv_ros2/build/myagv_ros2_urdf
[4.796s] Level 1:colcon.colcon_core.environment:create_environment_scripts_only(myagv_ros2_urdf)
[4.798s] Level 1:colcon.colcon_core.environment:checking '/home/sara/myagv_ros2/install/myagv_ros2_urdf' for CMake module files
[4.800s] DEBUG:colcon.colcon_core.event_handler.log_command:Invoked command in '/home/sara/myagv_ros2/build/myagv_ros2_urdf' returned '0': CMAKE_PREFIX_PATH=${CMAKE_PREFIX_PATH}:/home/sara/myagv_ros2/install/myagv_ros2_ydlidar:/home/sara/myagv_ros2/install/myagv_ros2_odometry:/home/sara/myagv_ros2/install/myagv_ros2_debug:/opt/ros/humble /usr/bin/cmake --install /home/sara/myagv_ros2/build/myagv_ros2_urdf
[4.802s] Level 1:colcon.colcon_core.environment:checking '/home/sara/myagv_ros2/install/myagv_ros2_urdf' for CMake config files
[4.804s] Level 1:colcon.colcon_core.shell:create_environment_hook('myagv_ros2_urdf', 'cmake_prefix_path')
[4.805s] INFO:colcon.colcon_core.shell:Creating environment hook '/home/sara/myagv_ros2/install/myagv_ros2_urdf/share/myagv_ros2_urdf/hook/cmake_prefix_path.ps1'
[4.808s] INFO:colcon.colcon_core.shell:Creating environment descriptor '/home/sara/myagv_ros2/install/myagv_ros2_urdf/share/myagv_ros2_urdf/hook/cmake_prefix_path.dsv'
[4.811s] INFO:colcon.colcon_core.shell:Creating environment hook '/home/sara/myagv_ros2/install/myagv_ros2_urdf/share/myagv_ros2_urdf/hook/cmake_prefix_path.sh'
[4.815s] Level 1:colcon.colcon_core.environment:checking '/home/sara/myagv_ros2/install/myagv_ros2_urdf/bin'
[4.816s] Level 1:colcon.colcon_core.environment:checking '/home/sara/myagv_ros2/install/myagv_ros2_urdf/lib/pkgconfig/myagv_ros2_urdf.pc'
[4.817s] Level 1:colcon.colcon_core.environment:checking '/home/sara/myagv_ros2/install/myagv_ros2_urdf/lib/python3.10/site-packages'
[4.819s] Level 1:colcon.colcon_core.environment:checking '/home/sara/myagv_ros2/install/myagv_ros2_urdf/bin'
[4.821s] INFO:colcon.colcon_core.shell:Creating package script '/home/sara/myagv_ros2/install/myagv_ros2_urdf/share/myagv_ros2_urdf/package.ps1'
[4.826s] INFO:colcon.colcon_core.shell:Creating package descriptor '/home/sara/myagv_ros2/install/myagv_ros2_urdf/share/myagv_ros2_urdf/package.dsv'
[4.834s] INFO:colcon.colcon_core.shell:Creating package script '/home/sara/myagv_ros2/install/myagv_ros2_urdf/share/myagv_ros2_urdf/package.sh'
[4.838s] INFO:colcon.colcon_core.shell:Creating package script '/home/sara/myagv_ros2/install/myagv_ros2_urdf/share/myagv_ros2_urdf/package.bash'
[4.841s] INFO:colcon.colcon_core.shell:Creating package script '/home/sara/myagv_ros2/install/myagv_ros2_urdf/share/myagv_ros2_urdf/package.zsh'
[4.844s] Level 1:colcon.colcon_core.environment:create_file_with_runtime_dependencies(/home/sara/myagv_ros2/install/myagv_ros2_urdf/share/colcon-core/packages/myagv_ros2_urdf)
[4.853s] Level 1:colcon.colcon_core.environment:create_environment_scripts_only(myagv_ros2_odom)
[4.854s] Level 1:colcon.colcon_core.environment:checking '/home/sara/myagv_ros2/install/myagv_ros2_odom' for CMake module files
[4.857s] Level 1:colcon.colcon_core.environment:checking '/home/sara/myagv_ros2/install/myagv_ros2_odom' for CMake config files
[4.862s] Level 1:colcon.colcon_core.shell:create_environment_hook('myagv_ros2_odom', 'cmake_prefix_path')
[4.863s] INFO:colcon.colcon_core.shell:Creating environment hook '/home/sara/myagv_ros2/install/myagv_ros2_odom/share/myagv_ros2_odom/hook/cmake_prefix_path.ps1'
[4.867s] INFO:colcon.colcon_core.shell:Creating environment descriptor '/home/sara/myagv_ros2/install/myagv_ros2_odom/share/myagv_ros2_odom/hook/cmake_prefix_path.dsv'
[4.871s] INFO:colcon.colcon_core.shell:Creating environment hook '/home/sara/myagv_ros2/install/myagv_ros2_odom/share/myagv_ros2_odom/hook/cmake_prefix_path.sh'
[4.875s] Level 1:colcon.colcon_core.environment:checking '/home/sara/myagv_ros2/install/myagv_ros2_odom/lib'
[4.876s] Level 1:colcon.colcon_core.environment:checking '/home/sara/myagv_ros2/install/myagv_ros2_odom/bin'
[4.877s] Level 1:colcon.colcon_core.environment:checking '/home/sara/myagv_ros2/install/myagv_ros2_odom/lib/pkgconfig/myagv_ros2_odom.pc'
[4.878s] Level 1:colcon.colcon_core.environment:checking '/home/sara/myagv_ros2/install/myagv_ros2_odom/lib/python3.10/site-packages'
[4.880s] Level 1:colcon.colcon_core.environment:checking '/home/sara/myagv_ros2/install/myagv_ros2_odom/bin'
[4.882s] INFO:colcon.colcon_core.shell:Creating package script '/home/sara/myagv_ros2/install/myagv_ros2_odom/share/myagv_ros2_odom/package.ps1'
[4.887s] INFO:colcon.colcon_core.shell:Creating package descriptor '/home/sara/myagv_ros2/install/myagv_ros2_odom/share/myagv_ros2_odom/package.dsv'
[4.891s] INFO:colcon.colcon_core.shell:Creating package script '/home/sara/myagv_ros2/install/myagv_ros2_odom/share/myagv_ros2_odom/package.sh'
[4.894s] INFO:colcon.colcon_core.shell:Creating package script '/home/sara/myagv_ros2/install/myagv_ros2_odom/share/myagv_ros2_odom/package.bash'
[4.897s] INFO:colcon.colcon_core.shell:Creating package script '/home/sara/myagv_ros2/install/myagv_ros2_odom/share/myagv_ros2_odom/package.zsh'
[4.900s] Level 1:colcon.colcon_core.environment:create_file_with_runtime_dependencies(/home/sara/myagv_ros2/install/myagv_ros2_odom/share/colcon-core/packages/myagv_ros2_odom)
[4.903s] INFO:colcon.colcon_ros.task.ament_python.build:Building ROS package in '/home/sara/myagv_ros2/src/myagv_ros2_ydlidar' with build type 'ament_python'
[4.904s] Level 1:colcon.colcon_core.shell:create_environment_hook('myagv_ros2_ydlidar', 'ament_prefix_path')
[4.906s] INFO:colcon.colcon_core.shell:Creating environment hook '/home/sara/myagv_ros2/install/myagv_ros2_ydlidar/share/myagv_ros2_ydlidar/hook/ament_prefix_path.ps1'
[4.909s] INFO:colcon.colcon_core.shell:Creating environment descriptor '/home/sara/myagv_ros2/install/myagv_ros2_ydlidar/share/myagv_ros2_ydlidar/hook/ament_prefix_path.dsv'
[4.913s] INFO:colcon.colcon_core.shell:Creating environment hook '/home/sara/myagv_ros2/install/myagv_ros2_ydlidar/share/myagv_ros2_ydlidar/hook/ament_prefix_path.sh'
[4.918s] INFO:colcon.colcon_core.shell:Skip shell extension 'powershell' for command environment: Not usable outside of PowerShell
[4.918s] DEBUG:colcon.colcon_core.shell:Skip shell extension 'dsv' for command environment
[6.674s] INFO:colcon.colcon_core.task.python.build:Building Python package in '/home/sara/myagv_ros2/src/myagv_ros2_ydlidar'
[6.675s] INFO:colcon.colcon_core.shell:Skip shell extension 'powershell' for command environment: Not usable outside of PowerShell
[6.675s] DEBUG:colcon.colcon_core.shell:Skip shell extension 'dsv' for command environment
[6.699s] Level 1:colcon.colcon_core.environment:create_environment_scripts_only(myagv_ros2_urdf)
[6.700s] Level 1:colcon.colcon_core.environment:checking '/home/sara/myagv_ros2/install/myagv_ros2_urdf' for CMake module files
[6.703s] Level 1:colcon.colcon_core.environment:checking '/home/sara/myagv_ros2/install/myagv_ros2_urdf' for CMake config files
[6.705s] Level 1:colcon.colcon_core.shell:create_environment_hook('myagv_ros2_urdf', 'cmake_prefix_path')
[6.706s] INFO:colcon.colcon_core.shell:Creating environment hook '/home/sara/myagv_ros2/install/myagv_ros2_urdf/share/myagv_ros2_urdf/hook/cmake_prefix_path.ps1'
[6.708s] INFO:colcon.colcon_core.shell:Creating environment descriptor '/home/sara/myagv_ros2/install/myagv_ros2_urdf/share/myagv_ros2_urdf/hook/cmake_prefix_path.dsv'
[6.710s] INFO:colcon.colcon_core.shell:Creating environment hook '/home/sara/myagv_ros2/install/myagv_ros2_urdf/share/myagv_ros2_urdf/hook/cmake_prefix_path.sh'
[6.713s] Level 1:colcon.colcon_core.environment:checking '/home/sara/myagv_ros2/install/myagv_ros2_urdf/bin'
[6.713s] Level 1:colcon.colcon_core.environment:checking '/home/sara/myagv_ros2/install/myagv_ros2_urdf/lib/pkgconfig/myagv_ros2_urdf.pc'
[6.714s] Level 1:colcon.colcon_core.environment:checking '/home/sara/myagv_ros2/install/myagv_ros2_urdf/lib/python3.10/site-packages'
[6.715s] Level 1:colcon.colcon_core.environment:checking '/home/sara/myagv_ros2/install/myagv_ros2_urdf/bin'
[6.716s] INFO:colcon.colcon_core.shell:Creating package script '/home/sara/myagv_ros2/install/myagv_ros2_urdf/share/myagv_ros2_urdf/package.ps1'
[6.719s] INFO:colcon.colcon_core.shell:Creating package descriptor '/home/sara/myagv_ros2/install/myagv_ros2_urdf/share/myagv_ros2_urdf/package.dsv'
[6.721s] INFO:colcon.colcon_core.shell:Creating package script '/home/sara/myagv_ros2/install/myagv_ros2_urdf/share/myagv_ros2_urdf/package.sh'
[6.723s] INFO:colcon.colcon_core.shell:Creating package script '/home/sara/myagv_ros2/install/myagv_ros2_urdf/share/myagv_ros2_urdf/package.bash'
[6.725s] INFO:colcon.colcon_core.shell:Creating package script '/home/sara/myagv_ros2/install/myagv_ros2_urdf/share/myagv_ros2_urdf/package.zsh'
[6.727s] Level 1:colcon.colcon_core.environment:create_file_with_runtime_dependencies(/home/sara/myagv_ros2/install/myagv_ros2_urdf/share/colcon-core/packages/myagv_ros2_urdf)
[6.747s] DEBUG:colcon.colcon_core.event_handler.log_command:Invoking command in '/home/sara/myagv_ros2/src/myagv_ros2_debug': PYTHONPATH=/home/sara/myagv_ros2/build/myagv_ros2_debug/prefix_override:/usr/lib/python3/dist-packages/colcon_core/task/python/colcon_distutils_commands:/home/sara/myagv_ros2/install/myagv_ros2_debug/lib/python3.10/site-packages:${PYTHONPATH} /usr/bin/python3 -W ignore:setup.py install is deprecated setup.py egg_info --egg-base ../../build/myagv_ros2_debug build --build-base /home/sara/myagv_ros2/build/myagv_ros2_debug/build install --record /home/sara/myagv_ros2/build/myagv_ros2_debug/install.log --single-version-externally-managed install_data
[6.752s] DEBUG:colcon.colcon_core.event_handler.log_command:Invoking command in '/home/sara/myagv_ros2/src/myagv_ros2_odometry': PYTHONPATH=/home/sara/myagv_ros2/build/myagv_ros2_odometry/prefix_override:/usr/lib/python3/dist-packages/colcon_core/task/python/colcon_distutils_commands:/home/sara/myagv_ros2/install/myagv_ros2_odometry/lib/python3.10/site-packages:${PYTHONPATH} /usr/bin/python3 -W ignore:setup.py install is deprecated setup.py egg_info --egg-base ../../build/myagv_ros2_odometry build --build-base /home/sara/myagv_ros2/build/myagv_ros2_odometry/build install --record /home/sara/myagv_ros2/build/myagv_ros2_odometry/install.log --single-version-externally-managed install_data
[6.755s] INFO:colcon.colcon_ros.task.ament_cmake.build:Building ROS package in '/home/sara/myagv_ros2/src/ydlidar_ros2_driver' with build type 'ament_cmake'
[6.755s] INFO:colcon.colcon_cmake.task.cmake.build:Building CMake package in '/home/sara/myagv_ros2/src/ydlidar_ros2_driver'
[6.757s] INFO:colcon.colcon_core.shell:Skip shell extension 'powershell' for command environment: Not usable outside of PowerShell
[6.758s] DEBUG:colcon.colcon_core.shell:Skip shell extension 'dsv' for command environment
[6.815s] DEBUG:colcon.colcon_core.event_handler.log_command:Invoking command in '/home/sara/myagv_ros2/build/ydlidar_ros2_driver': CMAKE_PREFIX_PATH=${CMAKE_PREFIX_PATH}:/home/sara/myagv_ros2/install/myagv_ros2_ydlidar:/home/sara/myagv_ros2/install/myagv_ros2_odometry:/home/sara/myagv_ros2/install/myagv_ros2_debug:/opt/ros/humble /usr/bin/cmake --build /home/sara/myagv_ros2/build/ydlidar_ros2_driver -- -j4 -l4
[7.316s] DEBUG:colcon.colcon_core.event_handler.log_command:Invoked command in '/home/sara/myagv_ros2/build/ydlidar_ros2_driver' returned '0': CMAKE_PREFIX_PATH=${CMAKE_PREFIX_PATH}:/home/sara/myagv_ros2/install/myagv_ros2_ydlidar:/home/sara/myagv_ros2/install/myagv_ros2_odometry:/home/sara/myagv_ros2/install/myagv_ros2_debug:/opt/ros/humble /usr/bin/cmake --build /home/sara/myagv_ros2/build/ydlidar_ros2_driver -- -j4 -l4
[7.501s] DEBUG:colcon.colcon_core.event_handler.log_command:Invoking command in '/home/sara/myagv_ros2/build/ydlidar_ros2_driver': CMAKE_PREFIX_PATH=${CMAKE_PREFIX_PATH}:/home/sara/myagv_ros2/install/myagv_ros2_ydlidar:/home/sara/myagv_ros2/install/myagv_ros2_odometry:/home/sara/myagv_ros2/install/myagv_ros2_debug:/opt/ros/humble /usr/bin/cmake --install /home/sara/myagv_ros2/build/ydlidar_ros2_driver
[7.686s] Level 1:colcon.colcon_core.environment:create_environment_scripts_only(ydlidar_ros2_driver)
[7.687s] Level 1:colcon.colcon_core.environment:checking '/home/sara/myagv_ros2/install/ydlidar_ros2_driver' for CMake module files
[7.692s] Level 1:colcon.colcon_core.environment:checking '/home/sara/myagv_ros2/install/ydlidar_ros2_driver' for CMake config files
[7.698s] DEBUG:colcon.colcon_core.event_handler.log_command:Invoked command in '/home/sara/myagv_ros2/build/ydlidar_ros2_driver' returned '0': CMAKE_PREFIX_PATH=${CMAKE_PREFIX_PATH}:/home/sara/myagv_ros2/install/myagv_ros2_ydlidar:/home/sara/myagv_ros2/install/myagv_ros2_odometry:/home/sara/myagv_ros2/install/myagv_ros2_debug:/opt/ros/humble /usr/bin/cmake --install /home/sara/myagv_ros2/build/ydlidar_ros2_driver
[7.699s] Level 1:colcon.colcon_core.shell:create_environment_hook('ydlidar_ros2_driver', 'cmake_prefix_path')
[7.700s] INFO:colcon.colcon_core.shell:Creating environment hook '/home/sara/myagv_ros2/install/ydlidar_ros2_driver/share/ydlidar_ros2_driver/hook/cmake_prefix_path.ps1'
[7.703s] INFO:colcon.colcon_core.shell:Creating environment descriptor '/home/sara/myagv_ros2/install/ydlidar_ros2_driver/share/ydlidar_ros2_driver/hook/cmake_prefix_path.dsv'
[7.706s] INFO:colcon.colcon_core.shell:Creating environment hook '/home/sara/myagv_ros2/install/ydlidar_ros2_driver/share/ydlidar_ros2_driver/hook/cmake_prefix_path.sh'
[7.710s] Level 1:colcon.colcon_core.environment:checking '/home/sara/myagv_ros2/install/ydlidar_ros2_driver/lib'
[7.711s] Level 1:colcon.colcon_core.environment:checking '/home/sara/myagv_ros2/install/ydlidar_ros2_driver/bin'
[7.712s] Level 1:colcon.colcon_core.environment:checking '/home/sara/myagv_ros2/install/ydlidar_ros2_driver/lib/pkgconfig/ydlidar_ros2_driver.pc'
[7.714s] Level 1:colcon.colcon_core.environment:checking '/home/sara/myagv_ros2/install/ydlidar_ros2_driver/lib/python3.10/site-packages'
[7.715s] Level 1:colcon.colcon_core.environment:checking '/home/sara/myagv_ros2/install/ydlidar_ros2_driver/bin'
[7.717s] INFO:colcon.colcon_core.shell:Creating package script '/home/sara/myagv_ros2/install/ydlidar_ros2_driver/share/ydlidar_ros2_driver/package.ps1'
[7.720s] INFO:colcon.colcon_core.shell:Creating package descriptor '/home/sara/myagv_ros2/install/ydlidar_ros2_driver/share/ydlidar_ros2_driver/package.dsv'
[7.723s] INFO:colcon.colcon_core.shell:Creating package script '/home/sara/myagv_ros2/install/ydlidar_ros2_driver/share/ydlidar_ros2_driver/package.sh'
[7.726s] INFO:colcon.colcon_core.shell:Creating package script '/home/sara/myagv_ros2/install/ydlidar_ros2_driver/share/ydlidar_ros2_driver/package.bash'
[7.729s] INFO:colcon.colcon_core.shell:Creating package script '/home/sara/myagv_ros2/install/ydlidar_ros2_driver/share/ydlidar_ros2_driver/package.zsh'
[7.732s] Level 1:colcon.colcon_core.environment:create_file_with_runtime_dependencies(/home/sara/myagv_ros2/install/ydlidar_ros2_driver/share/colcon-core/packages/ydlidar_ros2_driver)
[7.902s] Level 1:colcon.colcon_core.environment:create_environment_scripts_only(ydlidar_ros2_driver)
[7.903s] Level 1:colcon.colcon_core.environment:checking '/home/sara/myagv_ros2/install/ydlidar_ros2_driver' for CMake module files
[7.907s] Level 1:colcon.colcon_core.environment:checking '/home/sara/myagv_ros2/install/ydlidar_ros2_driver' for CMake config files
[7.911s] Level 1:colcon.colcon_core.shell:create_environment_hook('ydlidar_ros2_driver', 'cmake_prefix_path')
[7.913s] INFO:colcon.colcon_core.shell:Creating environment hook '/home/sara/myagv_ros2/install/ydlidar_ros2_driver/share/ydlidar_ros2_driver/hook/cmake_prefix_path.ps1'
[7.915s] INFO:colcon.colcon_core.shell:Creating environment descriptor '/home/sara/myagv_ros2/install/ydlidar_ros2_driver/share/ydlidar_ros2_driver/hook/cmake_prefix_path.dsv'
[7.918s] INFO:colcon.colcon_core.shell:Creating environment hook '/home/sara/myagv_ros2/install/ydlidar_ros2_driver/share/ydlidar_ros2_driver/hook/cmake_prefix_path.sh'
[7.922s] Level 1:colcon.colcon_core.environment:checking '/home/sara/myagv_ros2/install/ydlidar_ros2_driver/lib'
[7.922s] Level 1:colcon.colcon_core.environment:checking '/home/sara/myagv_ros2/install/ydlidar_ros2_driver/bin'
[7.923s] Level 1:colcon.colcon_core.environment:checking '/home/sara/myagv_ros2/install/ydlidar_ros2_driver/lib/pkgconfig/ydlidar_ros2_driver.pc'
[7.924s] Level 1:colcon.colcon_core.environment:checking '/home/sara/myagv_ros2/install/ydlidar_ros2_driver/lib/python3.10/site-packages'
[7.926s] Level 1:colcon.colcon_core.environment:checking '/home/sara/myagv_ros2/install/ydlidar_ros2_driver/bin'
[7.927s] INFO:colcon.colcon_core.shell:Creating package script '/home/sara/myagv_ros2/install/ydlidar_ros2_driver/share/ydlidar_ros2_driver/package.ps1'
[7.931s] INFO:colcon.colcon_core.shell:Creating package descriptor '/home/sara/myagv_ros2/install/ydlidar_ros2_driver/share/ydlidar_ros2_driver/package.dsv'
[7.934s] INFO:colcon.colcon_core.shell:Creating package script '/home/sara/myagv_ros2/install/ydlidar_ros2_driver/share/ydlidar_ros2_driver/package.sh'
[7.937s] INFO:colcon.colcon_core.shell:Creating package script '/home/sara/myagv_ros2/install/ydlidar_ros2_driver/share/ydlidar_ros2_driver/package.bash'
[7.940s] INFO:colcon.colcon_core.shell:Creating package script '/home/sara/myagv_ros2/install/ydlidar_ros2_driver/share/ydlidar_ros2_driver/package.zsh'
[7.943s] Level 1:colcon.colcon_core.environment:create_file_with_runtime_dependencies(/home/sara/myagv_ros2/install/ydlidar_ros2_driver/share/colcon-core/packages/ydlidar_ros2_driver)
[8.767s] Level 1:colcon.colcon_core.environment:checking '/home/sara/myagv_ros2/install/myagv_ros2_odometry' for CMake module files
[8.772s] Level 1:colcon.colcon_core.environment:checking '/home/sara/myagv_ros2/install/myagv_ros2_odometry' for CMake config files
[8.778s] DEBUG:colcon.colcon_core.event_handler.log_command:Invoked command in '/home/sara/myagv_ros2/src/myagv_ros2_odometry' returned '0': PYTHONPATH=/home/sara/myagv_ros2/build/myagv_ros2_odometry/prefix_override:/usr/lib/python3/dist-packages/colcon_core/task/python/colcon_distutils_commands:/home/sara/myagv_ros2/install/myagv_ros2_odometry/lib/python3.10/site-packages:${PYTHONPATH} /usr/bin/python3 -W ignore:setup.py install is deprecated setup.py egg_info --egg-base ../../build/myagv_ros2_odometry build --build-base /home/sara/myagv_ros2/build/myagv_ros2_odometry/build install --record /home/sara/myagv_ros2/build/myagv_ros2_odometry/install.log --single-version-externally-managed install_data
[8.782s] Level 1:colcon.colcon_core.environment:checking '/home/sara/myagv_ros2/install/myagv_ros2_odometry/lib'
[8.783s] Level 1:colcon.colcon_core.environment:checking '/home/sara/myagv_ros2/install/myagv_ros2_odometry/bin'
[8.783s] Level 1:colcon.colcon_core.environment:checking '/home/sara/myagv_ros2/install/myagv_ros2_odometry/lib/pkgconfig/myagv_ros2_odometry.pc'
[8.785s] Level 1:colcon.colcon_core.environment:checking '/home/sara/myagv_ros2/install/myagv_ros2_odometry/lib/python3.10/site-packages'
[8.786s] Level 1:colcon.colcon_core.shell:create_environment_hook('myagv_ros2_odometry', 'pythonpath')
[8.787s] INFO:colcon.colcon_core.shell:Creating environment hook '/home/sara/myagv_ros2/install/myagv_ros2_odometry/share/myagv_ros2_odometry/hook/pythonpath.ps1'
[8.791s] INFO:colcon.colcon_core.shell:Creating environment descriptor '/home/sara/myagv_ros2/install/myagv_ros2_odometry/share/myagv_ros2_odometry/hook/pythonpath.dsv'
[8.796s] INFO:colcon.colcon_core.shell:Creating environment hook '/home/sara/myagv_ros2/install/myagv_ros2_odometry/share/myagv_ros2_odometry/hook/pythonpath.sh'
[8.801s] Level 1:colcon.colcon_core.environment:checking '/home/sara/myagv_ros2/install/myagv_ros2_odometry/bin'
[8.802s] Level 1:colcon.colcon_core.environment:create_environment_scripts_only(myagv_ros2_odometry)
[8.804s] INFO:colcon.colcon_core.shell:Creating package script '/home/sara/myagv_ros2/install/myagv_ros2_odometry/share/myagv_ros2_odometry/package.ps1'
[8.807s] INFO:colcon.colcon_core.shell:Creating package descriptor '/home/sara/myagv_ros2/install/myagv_ros2_odometry/share/myagv_ros2_odometry/package.dsv'
[8.810s] INFO:colcon.colcon_core.shell:Creating package script '/home/sara/myagv_ros2/install/myagv_ros2_odometry/share/myagv_ros2_odometry/package.sh'
[8.813s] INFO:colcon.colcon_core.shell:Creating package script '/home/sara/myagv_ros2/install/myagv_ros2_odometry/share/myagv_ros2_odometry/package.bash'
[8.815s] INFO:colcon.colcon_core.shell:Creating package script '/home/sara/myagv_ros2/install/myagv_ros2_odometry/share/myagv_ros2_odometry/package.zsh'
[8.817s] Level 1:colcon.colcon_core.environment:create_file_with_runtime_dependencies(/home/sara/myagv_ros2/install/myagv_ros2_odometry/share/colcon-core/packages/myagv_ros2_odometry)
[8.822s] Level 1:colcon.colcon_core.environment:checking '/home/sara/myagv_ros2/install/myagv_ros2_debug' for CMake module files
[8.825s] DEBUG:colcon.colcon_core.event_handler.log_command:Invoked command in '/home/sara/myagv_ros2/src/myagv_ros2_debug' returned '0': PYTHONPATH=/home/sara/myagv_ros2/build/myagv_ros2_debug/prefix_override:/usr/lib/python3/dist-packages/colcon_core/task/python/colcon_distutils_commands:/home/sara/myagv_ros2/install/myagv_ros2_debug/lib/python3.10/site-packages:${PYTHONPATH} /usr/bin/python3 -W ignore:setup.py install is deprecated setup.py egg_info --egg-base ../../build/myagv_ros2_debug build --build-base /home/sara/myagv_ros2/build/myagv_ros2_debug/build install --record /home/sara/myagv_ros2/build/myagv_ros2_debug/install.log --single-version-externally-managed install_data
[8.826s] Level 1:colcon.colcon_core.environment:checking '/home/sara/myagv_ros2/install/myagv_ros2_debug' for CMake config files
[8.830s] Level 1:colcon.colcon_core.environment:checking '/home/sara/myagv_ros2/install/myagv_ros2_debug/lib'
[8.831s] Level 1:colcon.colcon_core.environment:checking '/home/sara/myagv_ros2/install/myagv_ros2_debug/bin'
[8.831s] Level 1:colcon.colcon_core.environment:checking '/home/sara/myagv_ros2/install/myagv_ros2_debug/lib/pkgconfig/myagv_ros2_debug.pc'
[8.832s] Level 1:colcon.colcon_core.environment:checking '/home/sara/myagv_ros2/install/myagv_ros2_debug/lib/python3.10/site-packages'
[8.833s] Level 1:colcon.colcon_core.shell:create_environment_hook('myagv_ros2_debug', 'pythonpath')
[8.833s] INFO:colcon.colcon_core.shell:Creating environment hook '/home/sara/myagv_ros2/install/myagv_ros2_debug/share/myagv_ros2_debug/hook/pythonpath.ps1'
[8.836s] INFO:colcon.colcon_core.shell:Creating environment descriptor '/home/sara/myagv_ros2/install/myagv_ros2_debug/share/myagv_ros2_debug/hook/pythonpath.dsv'
[8.838s] INFO:colcon.colcon_core.shell:Creating environment hook '/home/sara/myagv_ros2/install/myagv_ros2_debug/share/myagv_ros2_debug/hook/pythonpath.sh'
[8.842s] Level 1:colcon.colcon_core.environment:checking '/home/sara/myagv_ros2/install/myagv_ros2_debug/bin'
[8.843s] Level 1:colcon.colcon_core.environment:create_environment_scripts_only(myagv_ros2_debug)
[8.844s] INFO:colcon.colcon_core.shell:Creating package script '/home/sara/myagv_ros2/install/myagv_ros2_debug/share/myagv_ros2_debug/package.ps1'
[8.847s] INFO:colcon.colcon_core.shell:Creating package descriptor '/home/sara/myagv_ros2/install/myagv_ros2_debug/share/myagv_ros2_debug/package.dsv'
[8.849s] INFO:colcon.colcon_core.shell:Creating package script '/home/sara/myagv_ros2/install/myagv_ros2_debug/share/myagv_ros2_debug/package.sh'
[8.852s] INFO:colcon.colcon_core.shell:Creating package script '/home/sara/myagv_ros2/install/myagv_ros2_debug/share/myagv_ros2_debug/package.bash'
[8.854s] INFO:colcon.colcon_core.shell:Creating package script '/home/sara/myagv_ros2/install/myagv_ros2_debug/share/myagv_ros2_debug/package.zsh'
[8.856s] Level 1:colcon.colcon_core.environment:create_file_with_runtime_dependencies(/home/sara/myagv_ros2/install/myagv_ros2_debug/share/colcon-core/packages/myagv_ros2_debug)
[9.023s] DEBUG:colcon.colcon_core.event_handler.log_command:Invoking command in '/home/sara/myagv_ros2/src/myagv_ros2_ydlidar': PYTHONPATH=/home/sara/myagv_ros2/build/myagv_ros2_ydlidar/prefix_override:/usr/lib/python3/dist-packages/colcon_core/task/python/colcon_distutils_commands:/home/sara/myagv_ros2/install/myagv_ros2_ydlidar/lib/python3.10/site-packages:${PYTHONPATH} /usr/bin/python3 -W ignore:setup.py install is deprecated setup.py egg_info --egg-base ../../build/myagv_ros2_ydlidar build --build-base /home/sara/myagv_ros2/build/myagv_ros2_ydlidar/build install --record /home/sara/myagv_ros2/build/myagv_ros2_ydlidar/install.log --single-version-externally-managed install_data
[10.351s] Level 1:colcon.colcon_core.environment:checking '/home/sara/myagv_ros2/install/myagv_ros2_ydlidar' for CMake module files
[10.353s] DEBUG:colcon.colcon_core.event_handler.log_command:Invoked command in '/home/sara/myagv_ros2/src/myagv_ros2_ydlidar' returned '0': PYTHONPATH=/home/sara/myagv_ros2/build/myagv_ros2_ydlidar/prefix_override:/usr/lib/python3/dist-packages/colcon_core/task/python/colcon_distutils_commands:/home/sara/myagv_ros2/install/myagv_ros2_ydlidar/lib/python3.10/site-packages:${PYTHONPATH} /usr/bin/python3 -W ignore:setup.py install is deprecated setup.py egg_info --egg-base ../../build/myagv_ros2_ydlidar build --build-base /home/sara/myagv_ros2/build/myagv_ros2_ydlidar/build install --record /home/sara/myagv_ros2/build/myagv_ros2_ydlidar/install.log --single-version-externally-managed install_data
[10.354s] Level 1:colcon.colcon_core.environment:checking '/home/sara/myagv_ros2/install/myagv_ros2_ydlidar' for CMake config files
[10.357s] Level 1:colcon.colcon_core.environment:checking '/home/sara/myagv_ros2/install/myagv_ros2_ydlidar/lib'
[10.358s] Level 1:colcon.colcon_core.environment:checking '/home/sara/myagv_ros2/install/myagv_ros2_ydlidar/bin'
[10.358s] Level 1:colcon.colcon_core.environment:checking '/home/sara/myagv_ros2/install/myagv_ros2_ydlidar/lib/pkgconfig/myagv_ros2_ydlidar.pc'
[10.359s] Level 1:colcon.colcon_core.environment:checking '/home/sara/myagv_ros2/install/myagv_ros2_ydlidar/lib/python3.10/site-packages'
[10.359s] Level 1:colcon.colcon_core.shell:create_environment_hook('myagv_ros2_ydlidar', 'pythonpath')
[10.360s] INFO:colcon.colcon_core.shell:Creating environment hook '/home/sara/myagv_ros2/install/myagv_ros2_ydlidar/share/myagv_ros2_ydlidar/hook/pythonpath.ps1'
[10.362s] INFO:colcon.colcon_core.shell:Creating environment descriptor '/home/sara/myagv_ros2/install/myagv_ros2_ydlidar/share/myagv_ros2_ydlidar/hook/pythonpath.dsv'
[10.364s] INFO:colcon.colcon_core.shell:Creating environment hook '/home/sara/myagv_ros2/install/myagv_ros2_ydlidar/share/myagv_ros2_ydlidar/hook/pythonpath.sh'
[10.367s] Level 1:colcon.colcon_core.environment:checking '/home/sara/myagv_ros2/install/myagv_ros2_ydlidar/bin'
[10.367s] Level 1:colcon.colcon_core.environment:create_environment_scripts_only(myagv_ros2_ydlidar)
[10.368s] INFO:colcon.colcon_core.shell:Creating package script '/home/sara/myagv_ros2/install/myagv_ros2_ydlidar/share/myagv_ros2_ydlidar/package.ps1'
[10.371s] INFO:colcon.colcon_core.shell:Creating package descriptor '/home/sara/myagv_ros2/install/myagv_ros2_ydlidar/share/myagv_ros2_ydlidar/package.dsv'
[10.374s] INFO:colcon.colcon_core.shell:Creating package script '/home/sara/myagv_ros2/install/myagv_ros2_ydlidar/share/myagv_ros2_ydlidar/package.sh'
[10.376s] INFO:colcon.colcon_core.shell:Creating package script '/home/sara/myagv_ros2/install/myagv_ros2_ydlidar/share/myagv_ros2_ydlidar/package.bash'
[10.378s] INFO:colcon.colcon_core.shell:Creating package script '/home/sara/myagv_ros2/install/myagv_ros2_ydlidar/share/myagv_ros2_ydlidar/package.zsh'
[10.379s] Level 1:colcon.colcon_core.environment:create_file_with_runtime_dependencies(/home/sara/myagv_ros2/install/myagv_ros2_ydlidar/share/colcon-core/packages/myagv_ros2_ydlidar)
[10.380s] DEBUG:colcon.colcon_parallel_executor.executor.parallel:closing loop
[10.382s] DEBUG:colcon.colcon_parallel_executor.executor.parallel:loop closed
[10.382s] DEBUG:colcon.colcon_parallel_executor.executor.parallel:run_until_complete finished with '0'
[10.383s] DEBUG:colcon.colcon_core.event_reactor:joining thread
[10.403s] INFO:colcon.colcon_core.plugin_system:Skipping extension 'colcon_notification.desktop_notification.terminal_notifier': Not used on non-Darwin systems
[10.404s] INFO:colcon.colcon_core.plugin_system:Skipping extension 'colcon_notification.desktop_notification.win32': Not used on non-Windows systems
[10.404s] INFO:colcon.colcon_notification.desktop_notification:Sending desktop notification using 'notify2'
[10.838s] DEBUG:colcon.colcon_core.event_reactor:joined thread
[10.840s] INFO:colcon.colcon_core.shell:Creating prefix script '/home/sara/myagv_ros2/install/local_setup.ps1'
[10.845s] INFO:colcon.colcon_core.shell:Creating prefix util module '/home/sara/myagv_ros2/install/_local_setup_util_ps1.py'
[10.852s] INFO:colcon.colcon_core.shell:Creating prefix chain script '/home/sara/myagv_ros2/install/setup.ps1'
[10.859s] INFO:colcon.colcon_core.shell:Creating prefix script '/home/sara/myagv_ros2/install/local_setup.sh'
[10.862s] INFO:colcon.colcon_core.shell:Creating prefix util module '/home/sara/myagv_ros2/install/_local_setup_util_sh.py'
[10.865s] INFO:colcon.colcon_core.shell:Creating prefix chain script '/home/sara/myagv_ros2/install/setup.sh'
[10.871s] INFO:colcon.colcon_core.shell:Creating prefix script '/home/sara/myagv_ros2/install/local_setup.bash'
[10.873s] INFO:colcon.colcon_core.shell:Creating prefix chain script '/home/sara/myagv_ros2/install/setup.bash'
[10.879s] INFO:colcon.colcon_core.shell:Creating prefix script '/home/sara/myagv_ros2/install/local_setup.zsh'
[10.882s] INFO:colcon.colcon_core.shell:Creating prefix chain script '/home/sara/myagv_ros2/install/setup.zsh'
