/home/sara/myagv_ros2/install/myagv_ros2_odometry/lib/python3.10/site-packages/myagv_ros2_odometry/myagvodomfix.py
/home/sara/myagv_ros2/install/myagv_ros2_odometry/lib/python3.10/site-packages/myagv_ros2_odometry/myagvimupublish.py
/home/sara/myagv_ros2/install/myagv_ros2_odometry/lib/python3.10/site-packages/myagv_ros2_odometry/myagvodom.py
/home/sara/myagv_ros2/install/myagv_ros2_odometry/lib/python3.10/site-packages/myagv_ros2_odometry/myagv_bringup.py
/home/sara/myagv_ros2/install/myagv_ros2_odometry/lib/python3.10/site-packages/myagv_ros2_odometry/__init__.py
/home/sara/myagv_ros2/install/myagv_ros2_odometry/lib/python3.10/site-packages/myagv_ros2_odometry/myagvencoderpublish.py
/home/sara/myagv_ros2/install/myagv_ros2_odometry/lib/python3.10/site-packages/myagv_ros2_odometry/__pycache__/myagvodomfix.cpython-310.pyc
/home/sara/myagv_ros2/install/myagv_ros2_odometry/lib/python3.10/site-packages/myagv_ros2_odometry/__pycache__/myagvimupublish.cpython-310.pyc
/home/sara/myagv_ros2/install/myagv_ros2_odometry/lib/python3.10/site-packages/myagv_ros2_odometry/__pycache__/myagvodom.cpython-310.pyc
/home/sara/myagv_ros2/install/myagv_ros2_odometry/lib/python3.10/site-packages/myagv_ros2_odometry/__pycache__/myagv_bringup.cpython-310.pyc
/home/sara/myagv_ros2/install/myagv_ros2_odometry/lib/python3.10/site-packages/myagv_ros2_odometry/__pycache__/__init__.cpython-310.pyc
/home/sara/myagv_ros2/install/myagv_ros2_odometry/lib/python3.10/site-packages/myagv_ros2_odometry/__pycache__/myagvencoderpublish.cpython-310.pyc
/home/sara/myagv_ros2/install/myagv_ros2_odometry/share/ament_index/resource_index/packages/myagv_ros2_odometry
/home/sara/myagv_ros2/install/myagv_ros2_odometry/share/myagv_ros2_odometry/package.xml
/home/sara/myagv_ros2/install/myagv_ros2_odometry/share/myagv_ros2_odometry/launch/myagv_active_ros2.launch.py
/home/sara/myagv_ros2/install/myagv_ros2_odometry/lib/python3.10/site-packages/myagv_ros2_odometry-0.0.0-py3.10.egg-info/SOURCES.txt
/home/sara/myagv_ros2/install/myagv_ros2_odometry/lib/python3.10/site-packages/myagv_ros2_odometry-0.0.0-py3.10.egg-info/top_level.txt
/home/sara/myagv_ros2/install/myagv_ros2_odometry/lib/python3.10/site-packages/myagv_ros2_odometry-0.0.0-py3.10.egg-info/PKG-INFO
/home/sara/myagv_ros2/install/myagv_ros2_odometry/lib/python3.10/site-packages/myagv_ros2_odometry-0.0.0-py3.10.egg-info/zip-safe
/home/sara/myagv_ros2/install/myagv_ros2_odometry/lib/python3.10/site-packages/myagv_ros2_odometry-0.0.0-py3.10.egg-info/requires.txt
/home/sara/myagv_ros2/install/myagv_ros2_odometry/lib/python3.10/site-packages/myagv_ros2_odometry-0.0.0-py3.10.egg-info/entry_points.txt
/home/sara/myagv_ros2/install/myagv_ros2_odometry/lib/python3.10/site-packages/myagv_ros2_odometry-0.0.0-py3.10.egg-info/dependency_links.txt
/home/sara/myagv_ros2/install/myagv_ros2_odometry/lib/myagv_ros2_odometry/myagv_bringup
/home/sara/myagv_ros2/install/myagv_ros2_odometry/lib/myagv_ros2_odometry/myagv_encoder
/home/sara/myagv_ros2/install/myagv_ros2_odometry/lib/myagv_ros2_odometry/myagv_imu
/home/sara/myagv_ros2/install/myagv_ros2_odometry/lib/myagv_ros2_odometry/myagv_odom
/home/sara/myagv_ros2/install/myagv_ros2_odometry/lib/myagv_ros2_odometry/myagv_odometry
