[1.742s] Invoking command in '/home/sara/myagv_ros2/build/ydlidar_ros2_driver': CMAKE_PREFIX_PATH=${CMAKE_PREFIX_PATH}:/home/sara/myagv_ros2/install/myagv_ros2_ydlidar:/home/sara/myagv_ros2/install/myagv_ros2_odometry:/home/sara/myagv_ros2/install/myagv_ros2_debug:/opt/ros/humble /usr/bin/cmake --build /home/sara/myagv_ros2/build/ydlidar_ros2_driver -- -j4 -l4
[2.133s] [ 50%] Built target ydlidar_ros2_driver_node
[2.163s] [100%] Built target ydlidar_ros2_driver_client
[2.223s] Invoked command in '/home/sara/myagv_ros2/build/ydlidar_ros2_driver' returned '0': CMAKE_PREFIX_PATH=${CMAKE_PREFIX_PATH}:/home/sara/myagv_ros2/install/myagv_ros2_ydlidar:/home/sara/myagv_ros2/install/myagv_ros2_odometry:/home/sara/myagv_ros2/install/myagv_ros2_debug:/opt/ros/humble /usr/bin/cmake --build /home/sara/myagv_ros2/build/ydlidar_ros2_driver -- -j4 -l4
[2.417s] Invoking command in '/home/sara/myagv_ros2/build/ydlidar_ros2_driver': CMAKE_PREFIX_PATH=${CMAKE_PREFIX_PATH}:/home/sara/myagv_ros2/install/myagv_ros2_ydlidar:/home/sara/myagv_ros2/install/myagv_ros2_odometry:/home/sara/myagv_ros2/install/myagv_ros2_debug:/opt/ros/humble /usr/bin/cmake --install /home/sara/myagv_ros2/build/ydlidar_ros2_driver
[2.453s] -- Install configuration: ""
[2.455s] -- Execute custom install script
[2.457s] -- Up-to-date symlink: /home/sara/myagv_ros2/install/ydlidar_ros2_driver/lib/ydlidar_ros2_driver/ydlidar_ros2_driver_node
[2.458s] -- Up-to-date symlink: /home/sara/myagv_ros2/install/ydlidar_ros2_driver/lib/ydlidar_ros2_driver/ydlidar_ros2_driver_client
[2.461s] -- Up-to-date symlink: /home/sara/myagv_ros2/install/ydlidar_ros2_driver/share/ydlidar_ros2_driver/launch/ydlidar.py
[2.462s] -- Up-to-date symlink: /home/sara/myagv_ros2/install/ydlidar_ros2_driver/share/ydlidar_ros2_driver/launch/ydlidar_launch.py
[2.464s] -- Up-to-date symlink: /home/sara/myagv_ros2/install/ydlidar_ros2_driver/share/ydlidar_ros2_driver/launch/ydlidar_launch_view.py
[2.465s] -- Up-to-date symlink: /home/sara/myagv_ros2/install/ydlidar_ros2_driver/share/ydlidar_ros2_driver/params/G1.yaml
[2.466s] -- Up-to-date symlink: /home/sara/myagv_ros2/install/ydlidar_ros2_driver/share/ydlidar_ros2_driver/params/G2.yaml
[2.467s] -- Up-to-date symlink: /home/sara/myagv_ros2/install/ydlidar_ros2_driver/share/ydlidar_ros2_driver/params/G6.yaml
[2.468s] -- Up-to-date symlink: /home/sara/myagv_ros2/install/ydlidar_ros2_driver/share/ydlidar_ros2_driver/params/GS2.yaml
[2.469s] -- Up-to-date symlink: /home/sara/myagv_ros2/install/ydlidar_ros2_driver/share/ydlidar_ros2_driver/params/TEA.yaml
[2.470s] -- Up-to-date symlink: /home/sara/myagv_ros2/install/ydlidar_ros2_driver/share/ydlidar_ros2_driver/params/TG.yaml
[2.470s] -- Up-to-date symlink: /home/sara/myagv_ros2/install/ydlidar_ros2_driver/share/ydlidar_ros2_driver/params/TminiPro.yaml
[2.471s] -- Up-to-date symlink: /home/sara/myagv_ros2/install/ydlidar_ros2_driver/share/ydlidar_ros2_driver/params/X2.yaml
[2.472s] -- Up-to-date symlink: /home/sara/myagv_ros2/install/ydlidar_ros2_driver/share/ydlidar_ros2_driver/params/X4-Pro.yaml
[2.473s] -- Up-to-date symlink: /home/sara/myagv_ros2/install/ydlidar_ros2_driver/share/ydlidar_ros2_driver/params/X4.yaml
[2.474s] -- Up-to-date symlink: /home/sara/myagv_ros2/install/ydlidar_ros2_driver/share/ydlidar_ros2_driver/params/ydlidar.yaml
[2.476s] -- Up-to-date symlink: /home/sara/myagv_ros2/install/ydlidar_ros2_driver/share/ydlidar_ros2_driver/startup/initenv.sh
[2.478s] -- Up-to-date symlink: /home/sara/myagv_ros2/install/ydlidar_ros2_driver/share/ydlidar_ros2_driver/config/ydlidar.rviz
[2.479s] -- Up-to-date symlink: /home/sara/myagv_ros2/install/ydlidar_ros2_driver/share/ament_index/resource_index/package_run_dependencies/ydlidar_ros2_driver
[2.481s] -- Up-to-date symlink: /home/sara/myagv_ros2/install/ydlidar_ros2_driver/share/ament_index/resource_index/parent_prefix_path/ydlidar_ros2_driver
[2.484s] -- Up-to-date symlink: /home/sara/myagv_ros2/install/ydlidar_ros2_driver/share/ydlidar_ros2_driver/environment/ament_prefix_path.sh
[2.486s] -- Up-to-date symlink: /home/sara/myagv_ros2/install/ydlidar_ros2_driver/share/ydlidar_ros2_driver/environment/ament_prefix_path.dsv
[2.486s] -- Up-to-date symlink: /home/sara/myagv_ros2/install/ydlidar_ros2_driver/share/ydlidar_ros2_driver/environment/path.sh
[2.489s] -- Up-to-date symlink: /home/sara/myagv_ros2/install/ydlidar_ros2_driver/share/ydlidar_ros2_driver/environment/path.dsv
[2.491s] -- Up-to-date symlink: /home/sara/myagv_ros2/install/ydlidar_ros2_driver/share/ydlidar_ros2_driver/local_setup.bash
[2.492s] -- Up-to-date symlink: /home/sara/myagv_ros2/install/ydlidar_ros2_driver/share/ydlidar_ros2_driver/local_setup.sh
[2.493s] -- Up-to-date symlink: /home/sara/myagv_ros2/install/ydlidar_ros2_driver/share/ydlidar_ros2_driver/local_setup.zsh
[2.493s] -- Up-to-date symlink: /home/sara/myagv_ros2/install/ydlidar_ros2_driver/share/ydlidar_ros2_driver/local_setup.dsv
[2.494s] -- Symlinking: /home/sara/myagv_ros2/install/ydlidar_ros2_driver/share/ydlidar_ros2_driver/package.dsv
[2.532s] -- Up-to-date symlink: /home/sara/myagv_ros2/install/ydlidar_ros2_driver/share/ament_index/resource_index/packages/ydlidar_ros2_driver
[2.533s] -- Up-to-date symlink: /home/sara/myagv_ros2/install/ydlidar_ros2_driver/share/ydlidar_ros2_driver/cmake/ydlidar_ros2_driverConfig.cmake
[2.534s] -- Up-to-date symlink: /home/sara/myagv_ros2/install/ydlidar_ros2_driver/share/ydlidar_ros2_driver/cmake/ydlidar_ros2_driverConfig-version.cmake
[2.536s] -- Up-to-date symlink: /home/sara/myagv_ros2/install/ydlidar_ros2_driver/share/ydlidar_ros2_driver/package.xml
[2.553s] Invoked command in '/home/sara/myagv_ros2/build/ydlidar_ros2_driver' returned '0': CMAKE_PREFIX_PATH=${CMAKE_PREFIX_PATH}:/home/sara/myagv_ros2/install/myagv_ros2_ydlidar:/home/sara/myagv_ros2/install/myagv_ros2_odometry:/home/sara/myagv_ros2/install/myagv_ros2_debug:/opt/ros/humble /usr/bin/cmake --install /home/sara/myagv_ros2/build/ydlidar_ros2_driver
