[4.997s] Invoking command in '/home/sara/myagv_ros2/src/myagv_ros2_odometry': PYTHONPATH=/home/sara/myagv_ros2/build/myagv_ros2_odometry/prefix_override:/usr/lib/python3/dist-packages/colcon_core/task/python/colcon_distutils_commands:/home/sara/myagv_ros2/install/myagv_ros2_odometry/lib/python3.10/site-packages:${PYTHONPATH} /usr/bin/python3 -W ignore:setup.py install is deprecated setup.py egg_info --egg-base ../../build/myagv_ros2_odometry build --build-base /home/sara/myagv_ros2/build/myagv_ros2_odometry/build install --record /home/sara/myagv_ros2/build/myagv_ros2_odometry/install.log --single-version-externally-managed install_data
[6.574s] running egg_info
[6.577s] writing ../../build/myagv_ros2_odometry/myagv_ros2_odometry.egg-info/PKG-INFO
[6.578s] writing dependency_links to ../../build/myagv_ros2_odometry/myagv_ros2_odometry.egg-info/dependency_links.txt
[6.579s] writing entry points to ../../build/myagv_ros2_odometry/myagv_ros2_odometry.egg-info/entry_points.txt
[6.580s] writing requirements to ../../build/myagv_ros2_odometry/myagv_ros2_odometry.egg-info/requires.txt
[6.581s] writing top-level names to ../../build/myagv_ros2_odometry/myagv_ros2_odometry.egg-info/top_level.txt
[6.590s] reading manifest file '../../build/myagv_ros2_odometry/myagv_ros2_odometry.egg-info/SOURCES.txt'
[6.592s] adding license file 'LICENSE'
[6.595s] writing manifest file '../../build/myagv_ros2_odometry/myagv_ros2_odometry.egg-info/SOURCES.txt'
[6.596s] running build
[6.597s] running build_py
[6.598s] copying myagv_ros2_odometry/myagv_bringup.py -> /home/sara/myagv_ros2/build/myagv_ros2_odometry/build/lib/myagv_ros2_odometry
[6.601s] running install
[6.602s] running install_lib
[6.608s] copying /home/sara/myagv_ros2/build/myagv_ros2_odometry/build/lib/myagv_ros2_odometry/myagv_bringup.py -> /home/sara/myagv_ros2/install/myagv_ros2_odometry/lib/python3.10/site-packages/myagv_ros2_odometry
[6.613s] byte-compiling /home/sara/myagv_ros2/install/myagv_ros2_odometry/lib/python3.10/site-packages/myagv_ros2_odometry/myagv_bringup.py to myagv_bringup.cpython-310.pyc
[6.641s]   File "/home/sara/myagv_ros2/install/myagv_ros2_odometry/lib/python3.10/site-packages/myagv_ros2_odometry/myagv_bringup.py", line 685
[6.642s]     ) self.smooth_velocity(self.vtheta_window, vtheta)
[6.642s]       ^^^^
[6.643s] SyntaxError: invalid syntax
[6.643s] 
[6.644s] running install_data
[6.644s] running install_egg_info
[6.651s] removing '/home/sara/myagv_ros2/install/myagv_ros2_odometry/lib/python3.10/site-packages/myagv_ros2_odometry-0.0.0-py3.10.egg-info' (and everything under it)
[6.654s] Copying ../../build/myagv_ros2_odometry/myagv_ros2_odometry.egg-info to /home/sara/myagv_ros2/install/myagv_ros2_odometry/lib/python3.10/site-packages/myagv_ros2_odometry-0.0.0-py3.10.egg-info
[6.663s] running install_scripts
[6.773s] Installing myagv_bringup script to /home/sara/myagv_ros2/install/myagv_ros2_odometry/lib/myagv_ros2_odometry
[6.775s] Installing myagv_encoder script to /home/sara/myagv_ros2/install/myagv_ros2_odometry/lib/myagv_ros2_odometry
[6.776s] Installing myagv_imu script to /home/sara/myagv_ros2/install/myagv_ros2_odometry/lib/myagv_ros2_odometry
[6.777s] Installing myagv_odom script to /home/sara/myagv_ros2/install/myagv_ros2_odometry/lib/myagv_ros2_odometry
[6.778s] Installing myagv_odometry script to /home/sara/myagv_ros2/install/myagv_ros2_odometry/lib/myagv_ros2_odometry
[6.781s] writing list of installed files to '/home/sara/myagv_ros2/build/myagv_ros2_odometry/install.log'
[6.984s] Invoked command in '/home/sara/myagv_ros2/src/myagv_ros2_odometry' returned '0': PYTHONPATH=/home/sara/myagv_ros2/build/myagv_ros2_odometry/prefix_override:/usr/lib/python3/dist-packages/colcon_core/task/python/colcon_distutils_commands:/home/sara/myagv_ros2/install/myagv_ros2_odometry/lib/python3.10/site-packages:${PYTHONPATH} /usr/bin/python3 -W ignore:setup.py install is deprecated setup.py egg_info --egg-base ../../build/myagv_ros2_odometry build --build-base /home/sara/myagv_ros2/build/myagv_ros2_odometry/build install --record /home/sara/myagv_ros2/build/myagv_ros2_odometry/install.log --single-version-externally-managed install_data
