[1.743s] Invoking command in '/home/sara/myagv_ros2/build/ydlidar_ros2_driver': CMAKE_PREFIX_PATH=${CMAKE_PREFIX_PATH}:/home/sara/myagv_ros2/install/myagv_ros2_ydlidar:/home/sara/myagv_ros2/install/myagv_ros2_odometry:/home/sara/myagv_ros2/install/myagv_ros2_debug:/opt/ros/humble /usr/bin/cmake --build /home/sara/myagv_ros2/build/ydlidar_ros2_driver -- -j4 -l4
[2.076s] [ 50%] Built target ydlidar_ros2_driver_client
[2.123s] [100%] Built target ydlidar_ros2_driver_node
[2.184s] Invoked command in '/home/sara/myagv_ros2/build/ydlidar_ros2_driver' returned '0': CMAKE_PREFIX_PATH=${CMAKE_PREFIX_PATH}:/home/sara/myagv_ros2/install/myagv_ros2_ydlidar:/home/sara/myagv_ros2/install/myagv_ros2_odometry:/home/sara/myagv_ros2/install/myagv_ros2_debug:/opt/ros/humble /usr/bin/cmake --build /home/sara/myagv_ros2/build/ydlidar_ros2_driver -- -j4 -l4
[2.382s] Invoking command in '/home/sara/myagv_ros2/build/ydlidar_ros2_driver': CMAKE_PREFIX_PATH=${CMAKE_PREFIX_PATH}:/home/sara/myagv_ros2/install/myagv_ros2_ydlidar:/home/sara/myagv_ros2/install/myagv_ros2_odometry:/home/sara/myagv_ros2/install/myagv_ros2_debug:/opt/ros/humble /usr/bin/cmake --install /home/sara/myagv_ros2/build/ydlidar_ros2_driver
[2.419s] -- Install configuration: ""
[2.422s] -- Execute custom install script
[2.425s] -- Up-to-date symlink: /home/sara/myagv_ros2/install/ydlidar_ros2_driver/lib/ydlidar_ros2_driver/ydlidar_ros2_driver_node
[2.428s] -- Up-to-date symlink: /home/sara/myagv_ros2/install/ydlidar_ros2_driver/lib/ydlidar_ros2_driver/ydlidar_ros2_driver_client
[2.431s] -- Up-to-date symlink: /home/sara/myagv_ros2/install/ydlidar_ros2_driver/share/ydlidar_ros2_driver/launch/ydlidar.py
[2.434s] -- Up-to-date symlink: /home/sara/myagv_ros2/install/ydlidar_ros2_driver/share/ydlidar_ros2_driver/launch/ydlidar_launch.py
[2.436s] -- Up-to-date symlink: /home/sara/myagv_ros2/install/ydlidar_ros2_driver/share/ydlidar_ros2_driver/launch/ydlidar_launch_view.py
[2.439s] -- Up-to-date symlink: /home/sara/myagv_ros2/install/ydlidar_ros2_driver/share/ydlidar_ros2_driver/params/G1.yaml
[2.441s] -- Up-to-date symlink: /home/sara/myagv_ros2/install/ydlidar_ros2_driver/share/ydlidar_ros2_driver/params/G2.yaml
[2.443s] -- Up-to-date symlink: /home/sara/myagv_ros2/install/ydlidar_ros2_driver/share/ydlidar_ros2_driver/params/G6.yaml
[2.446s] -- Up-to-date symlink: /home/sara/myagv_ros2/install/ydlidar_ros2_driver/share/ydlidar_ros2_driver/params/GS2.yaml
[2.448s] -- Up-to-date symlink: /home/sara/myagv_ros2/install/ydlidar_ros2_driver/share/ydlidar_ros2_driver/params/TEA.yaml
[2.452s] -- Up-to-date symlink: /home/sara/myagv_ros2/install/ydlidar_ros2_driver/share/ydlidar_ros2_driver/params/TG.yaml
[2.454s] -- Up-to-date symlink: /home/sara/myagv_ros2/install/ydlidar_ros2_driver/share/ydlidar_ros2_driver/params/TminiPro.yaml
[2.456s] -- Up-to-date symlink: /home/sara/myagv_ros2/install/ydlidar_ros2_driver/share/ydlidar_ros2_driver/params/X2.yaml
[2.458s] -- Up-to-date symlink: /home/sara/myagv_ros2/install/ydlidar_ros2_driver/share/ydlidar_ros2_driver/params/X4-Pro.yaml
[2.460s] -- Up-to-date symlink: /home/sara/myagv_ros2/install/ydlidar_ros2_driver/share/ydlidar_ros2_driver/params/X4.yaml
[2.462s] -- Up-to-date symlink: /home/sara/myagv_ros2/install/ydlidar_ros2_driver/share/ydlidar_ros2_driver/params/ydlidar.yaml
[2.465s] -- Up-to-date symlink: /home/sara/myagv_ros2/install/ydlidar_ros2_driver/share/ydlidar_ros2_driver/startup/initenv.sh
[2.467s] -- Up-to-date symlink: /home/sara/myagv_ros2/install/ydlidar_ros2_driver/share/ydlidar_ros2_driver/config/ydlidar.rviz
[2.470s] -- Up-to-date symlink: /home/sara/myagv_ros2/install/ydlidar_ros2_driver/share/ament_index/resource_index/package_run_dependencies/ydlidar_ros2_driver
[2.473s] -- Up-to-date symlink: /home/sara/myagv_ros2/install/ydlidar_ros2_driver/share/ament_index/resource_index/parent_prefix_path/ydlidar_ros2_driver
[2.475s] -- Up-to-date symlink: /home/sara/myagv_ros2/install/ydlidar_ros2_driver/share/ydlidar_ros2_driver/environment/ament_prefix_path.sh
[2.478s] -- Up-to-date symlink: /home/sara/myagv_ros2/install/ydlidar_ros2_driver/share/ydlidar_ros2_driver/environment/ament_prefix_path.dsv
[2.480s] -- Up-to-date symlink: /home/sara/myagv_ros2/install/ydlidar_ros2_driver/share/ydlidar_ros2_driver/environment/path.sh
[2.483s] -- Up-to-date symlink: /home/sara/myagv_ros2/install/ydlidar_ros2_driver/share/ydlidar_ros2_driver/environment/path.dsv
[2.485s] -- Up-to-date symlink: /home/sara/myagv_ros2/install/ydlidar_ros2_driver/share/ydlidar_ros2_driver/local_setup.bash
[2.487s] -- Up-to-date symlink: /home/sara/myagv_ros2/install/ydlidar_ros2_driver/share/ydlidar_ros2_driver/local_setup.sh
[2.490s] -- Up-to-date symlink: /home/sara/myagv_ros2/install/ydlidar_ros2_driver/share/ydlidar_ros2_driver/local_setup.zsh
[2.492s] -- Up-to-date symlink: /home/sara/myagv_ros2/install/ydlidar_ros2_driver/share/ydlidar_ros2_driver/local_setup.dsv
[2.494s] -- Symlinking: /home/sara/myagv_ros2/install/ydlidar_ros2_driver/share/ydlidar_ros2_driver/package.dsv
[2.535s] -- Up-to-date symlink: /home/sara/myagv_ros2/install/ydlidar_ros2_driver/share/ament_index/resource_index/packages/ydlidar_ros2_driver
[2.537s] -- Up-to-date symlink: /home/sara/myagv_ros2/install/ydlidar_ros2_driver/share/ydlidar_ros2_driver/cmake/ydlidar_ros2_driverConfig.cmake
[2.539s] -- Up-to-date symlink: /home/sara/myagv_ros2/install/ydlidar_ros2_driver/share/ydlidar_ros2_driver/cmake/ydlidar_ros2_driverConfig-version.cmake
[2.542s] -- Up-to-date symlink: /home/sara/myagv_ros2/install/ydlidar_ros2_driver/share/ydlidar_ros2_driver/package.xml
[2.562s] Invoked command in '/home/sara/myagv_ros2/build/ydlidar_ros2_driver' returned '0': CMAKE_PREFIX_PATH=${CMAKE_PREFIX_PATH}:/home/sara/myagv_ros2/install/myagv_ros2_ydlidar:/home/sara/myagv_ros2/install/myagv_ros2_odometry:/home/sara/myagv_ros2/install/myagv_ros2_debug:/opt/ros/humble /usr/bin/cmake --install /home/sara/myagv_ros2/build/ydlidar_ros2_driver
